[2025-10-25T21:40:54.478+0000] {processor.py:186} INFO - Started process (PID=33666) to work on /Users/komidoveneymissiamenou/Documents/Master 1 DIT/DataEnge/spark_airflow/dags/dag_monitoring_data.py
[2025-10-25T21:40:54.479+0000] {processor.py:914} INFO - Processing file /Users/komidoveneymissiamenou/Documents/Master 1 DIT/DataEnge/spark_airflow/dags/dag_monitoring_data.py for tasks to queue
[2025-10-25T21:40:54.479+0000] {logging_mixin.py:190} INFO - [2025-10-25T21:40:54.479+0000] {dagbag.py:588} INFO - Filling up the DagBag from /Users/komidoveneymissiamenou/Documents/Master 1 DIT/DataEnge/spark_airflow/dags/dag_monitoring_data.py
[2025-10-25T21:40:54.492+0000] {logging_mixin.py:190} INFO - [2025-10-25T21:40:54.492+0000] {dagbag.py:387} ERROR - Failed to import: /Users/komidoveneymissiamenou/Documents/Master 1 DIT/DataEnge/spark_airflow/dags/dag_monitoring_data.py
Traceback (most recent call last):
  File "/Users/komidoveneymissiamenou/Documents/Master 1 DIT/DataEnge/spark_airflow/airflow_env/lib/python3.12/site-packages/airflow/models/dagbag.py", line 383, in parse
    loader.exec_module(new_module)
  File "<frozen importlib._bootstrap_external>", line 999, in exec_module
  File "<frozen importlib._bootstrap>", line 488, in _call_with_frames_removed
  File "/Users/komidoveneymissiamenou/Documents/Master 1 DIT/DataEnge/spark_airflow/dags/dag_monitoring_data.py", line 3, in <module>
    from airflow.providers.postgres.operators.postgres import PostgresOperator
ModuleNotFoundError: No module named 'airflow.providers.postgres.operators'
[2025-10-25T21:40:54.492+0000] {processor.py:927} WARNING - No viable dags retrieved from /Users/komidoveneymissiamenou/Documents/Master 1 DIT/DataEnge/spark_airflow/dags/dag_monitoring_data.py
[2025-10-25T21:40:54.525+0000] {logging_mixin.py:190} INFO - [2025-10-25T21:40:54.525+0000] {workday.py:41} WARNING - Could not import pandas. Holidays will not be considered.
[2025-10-25T21:40:54.533+0000] {processor.py:208} INFO - Processing /Users/komidoveneymissiamenou/Documents/Master 1 DIT/DataEnge/spark_airflow/dags/dag_monitoring_data.py took 0.058 seconds
[2025-10-25T21:43:29.764+0000] {processor.py:186} INFO - Started process (PID=35566) to work on /Users/komidoveneymissiamenou/Documents/Master 1 DIT/DataEnge/spark_airflow/dags/dag_monitoring_data.py
[2025-10-25T21:43:29.765+0000] {processor.py:914} INFO - Processing file /Users/komidoveneymissiamenou/Documents/Master 1 DIT/DataEnge/spark_airflow/dags/dag_monitoring_data.py for tasks to queue
[2025-10-25T21:43:29.765+0000] {logging_mixin.py:190} INFO - [2025-10-25T21:43:29.765+0000] {dagbag.py:588} INFO - Filling up the DagBag from /Users/komidoveneymissiamenou/Documents/Master 1 DIT/DataEnge/spark_airflow/dags/dag_monitoring_data.py
[2025-10-25T21:43:29.778+0000] {logging_mixin.py:190} INFO - [2025-10-25T21:43:29.778+0000] {dagbag.py:387} ERROR - Failed to import: /Users/komidoveneymissiamenou/Documents/Master 1 DIT/DataEnge/spark_airflow/dags/dag_monitoring_data.py
Traceback (most recent call last):
  File "/Users/komidoveneymissiamenou/Documents/Master 1 DIT/DataEnge/spark_airflow/airflow_env/lib/python3.12/site-packages/airflow/models/dagbag.py", line 383, in parse
    loader.exec_module(new_module)
  File "<frozen importlib._bootstrap_external>", line 999, in exec_module
  File "<frozen importlib._bootstrap>", line 488, in _call_with_frames_removed
  File "/Users/komidoveneymissiamenou/Documents/Master 1 DIT/DataEnge/spark_airflow/dags/dag_monitoring_data.py", line 3, in <module>
    from airflow.providers.postgres.operators.postgres import PostgresOperator
ModuleNotFoundError: No module named 'airflow.providers.postgres.operators'
[2025-10-25T21:43:29.779+0000] {processor.py:927} WARNING - No viable dags retrieved from /Users/komidoveneymissiamenou/Documents/Master 1 DIT/DataEnge/spark_airflow/dags/dag_monitoring_data.py
[2025-10-25T21:43:29.812+0000] {logging_mixin.py:190} INFO - [2025-10-25T21:43:29.812+0000] {workday.py:41} WARNING - Could not import pandas. Holidays will not be considered.
[2025-10-25T21:43:29.819+0000] {processor.py:208} INFO - Processing /Users/komidoveneymissiamenou/Documents/Master 1 DIT/DataEnge/spark_airflow/dags/dag_monitoring_data.py took 0.056 seconds
[2025-10-25T21:46:17.041+0000] {processor.py:186} INFO - Started process (PID=38024) to work on /Users/komidoveneymissiamenou/Documents/Master 1 DIT/DataEnge/spark_airflow/dags/dag_monitoring_data.py
[2025-10-25T21:46:17.042+0000] {processor.py:914} INFO - Processing file /Users/komidoveneymissiamenou/Documents/Master 1 DIT/DataEnge/spark_airflow/dags/dag_monitoring_data.py for tasks to queue
[2025-10-25T21:46:17.043+0000] {logging_mixin.py:190} INFO - [2025-10-25T21:46:17.043+0000] {dagbag.py:588} INFO - Filling up the DagBag from /Users/komidoveneymissiamenou/Documents/Master 1 DIT/DataEnge/spark_airflow/dags/dag_monitoring_data.py
[2025-10-25T21:46:17.070+0000] {logging_mixin.py:190} INFO - [2025-10-25T21:46:17.070+0000] {dagbag.py:387} ERROR - Failed to import: /Users/komidoveneymissiamenou/Documents/Master 1 DIT/DataEnge/spark_airflow/dags/dag_monitoring_data.py
Traceback (most recent call last):
  File "/Users/komidoveneymissiamenou/Documents/Master 1 DIT/DataEnge/spark_airflow/airflow_env/lib/python3.12/site-packages/airflow/models/dagbag.py", line 383, in parse
    loader.exec_module(new_module)
  File "<frozen importlib._bootstrap_external>", line 999, in exec_module
  File "<frozen importlib._bootstrap>", line 488, in _call_with_frames_removed
  File "/Users/komidoveneymissiamenou/Documents/Master 1 DIT/DataEnge/spark_airflow/dags/dag_monitoring_data.py", line 3, in <module>
    from airflow.providers.postgres.operators.postgres import PostgresOperator
ModuleNotFoundError: No module named 'airflow.providers.postgres.operators'
[2025-10-25T21:46:17.070+0000] {processor.py:927} WARNING - No viable dags retrieved from /Users/komidoveneymissiamenou/Documents/Master 1 DIT/DataEnge/spark_airflow/dags/dag_monitoring_data.py
[2025-10-25T21:46:17.111+0000] {logging_mixin.py:190} INFO - [2025-10-25T21:46:17.111+0000] {workday.py:41} WARNING - Could not import pandas. Holidays will not be considered.
[2025-10-25T21:46:17.119+0000] {processor.py:208} INFO - Processing /Users/komidoveneymissiamenou/Documents/Master 1 DIT/DataEnge/spark_airflow/dags/dag_monitoring_data.py took 0.085 seconds
[2025-10-25T21:50:40.451+0000] {processor.py:186} INFO - Started process (PID=43794) to work on /Users/komidoveneymissiamenou/Documents/Master 1 DIT/DataEnge/spark_airflow/dags/dag_monitoring_data.py
[2025-10-25T21:50:40.452+0000] {processor.py:914} INFO - Processing file /Users/komidoveneymissiamenou/Documents/Master 1 DIT/DataEnge/spark_airflow/dags/dag_monitoring_data.py for tasks to queue
[2025-10-25T21:50:40.452+0000] {logging_mixin.py:190} INFO - [2025-10-25T21:50:40.452+0000] {dagbag.py:588} INFO - Filling up the DagBag from /Users/komidoveneymissiamenou/Documents/Master 1 DIT/DataEnge/spark_airflow/dags/dag_monitoring_data.py
[2025-10-25T21:50:40.468+0000] {logging_mixin.py:190} INFO - [2025-10-25T21:50:40.468+0000] {dagbag.py:387} ERROR - Failed to import: /Users/komidoveneymissiamenou/Documents/Master 1 DIT/DataEnge/spark_airflow/dags/dag_monitoring_data.py
Traceback (most recent call last):
  File "/Users/komidoveneymissiamenou/Documents/Master 1 DIT/DataEnge/spark_airflow/airflow_env/lib/python3.12/site-packages/airflow/models/dagbag.py", line 383, in parse
    loader.exec_module(new_module)
  File "<frozen importlib._bootstrap_external>", line 999, in exec_module
  File "<frozen importlib._bootstrap>", line 488, in _call_with_frames_removed
  File "/Users/komidoveneymissiamenou/Documents/Master 1 DIT/DataEnge/spark_airflow/dags/dag_monitoring_data.py", line 7, in <module>
    import pandas as pd
ModuleNotFoundError: No module named 'pandas'
[2025-10-25T21:50:40.468+0000] {processor.py:927} WARNING - No viable dags retrieved from /Users/komidoveneymissiamenou/Documents/Master 1 DIT/DataEnge/spark_airflow/dags/dag_monitoring_data.py
[2025-10-25T21:50:40.503+0000] {logging_mixin.py:190} INFO - [2025-10-25T21:50:40.503+0000] {workday.py:41} WARNING - Could not import pandas. Holidays will not be considered.
[2025-10-25T21:50:40.510+0000] {processor.py:208} INFO - Processing /Users/komidoveneymissiamenou/Documents/Master 1 DIT/DataEnge/spark_airflow/dags/dag_monitoring_data.py took 0.061 seconds
[2025-10-25T21:53:50.081+0000] {processor.py:186} INFO - Started process (PID=47069) to work on /Users/komidoveneymissiamenou/Documents/Master 1 DIT/DataEnge/spark_airflow/dags/dag_monitoring_data.py
[2025-10-25T21:53:50.082+0000] {processor.py:914} INFO - Processing file /Users/komidoveneymissiamenou/Documents/Master 1 DIT/DataEnge/spark_airflow/dags/dag_monitoring_data.py for tasks to queue
[2025-10-25T21:53:50.082+0000] {logging_mixin.py:190} INFO - [2025-10-25T21:53:50.082+0000] {dagbag.py:588} INFO - Filling up the DagBag from /Users/komidoveneymissiamenou/Documents/Master 1 DIT/DataEnge/spark_airflow/dags/dag_monitoring_data.py
[2025-10-25T21:53:50.535+0000] {processor.py:925} INFO - DAG(s) 'crypto_monitoring' retrieved from /Users/komidoveneymissiamenou/Documents/Master 1 DIT/DataEnge/spark_airflow/dags/dag_monitoring_data.py
[2025-10-25T21:53:50.607+0000] {logging_mixin.py:190} INFO - [2025-10-25T21:53:50.606+0000] {override.py:1900} INFO - Created Permission View: can delete on DAG:crypto_monitoring
[2025-10-25T21:53:50.611+0000] {logging_mixin.py:190} INFO - [2025-10-25T21:53:50.610+0000] {override.py:1900} INFO - Created Permission View: can edit on DAG:crypto_monitoring
[2025-10-25T21:53:50.613+0000] {logging_mixin.py:190} INFO - [2025-10-25T21:53:50.613+0000] {override.py:1900} INFO - Created Permission View: can read on DAG:crypto_monitoring
[2025-10-25T21:53:50.617+0000] {logging_mixin.py:190} INFO - [2025-10-25T21:53:50.617+0000] {override.py:1900} INFO - Created Permission View: can create on DAG Run:crypto_monitoring
[2025-10-25T21:53:50.619+0000] {logging_mixin.py:190} INFO - [2025-10-25T21:53:50.619+0000] {override.py:1900} INFO - Created Permission View: can delete on DAG Run:crypto_monitoring
[2025-10-25T21:53:50.621+0000] {logging_mixin.py:190} INFO - [2025-10-25T21:53:50.621+0000] {override.py:1900} INFO - Created Permission View: menu access on DAG Run:crypto_monitoring
[2025-10-25T21:53:50.623+0000] {logging_mixin.py:190} INFO - [2025-10-25T21:53:50.623+0000] {override.py:1900} INFO - Created Permission View: can read on DAG Run:crypto_monitoring
[2025-10-25T21:53:50.624+0000] {logging_mixin.py:190} INFO - [2025-10-25T21:53:50.624+0000] {dag.py:3239} INFO - Sync 1 DAGs
[2025-10-25T21:53:50.628+0000] {logging_mixin.py:190} INFO - [2025-10-25T21:53:50.628+0000] {dag.py:3262} INFO - Creating ORM DAG for crypto_monitoring
[2025-10-25T21:53:50.631+0000] {logging_mixin.py:190} INFO - [2025-10-25T21:53:50.631+0000] {dag.py:4180} INFO - Setting next_dagrun for crypto_monitoring to 2025-10-25 18:00:00+00:00, run_after=2025-10-25 20:00:00+00:00
[2025-10-25T21:53:50.638+0000] {processor.py:208} INFO - Processing /Users/komidoveneymissiamenou/Documents/Master 1 DIT/DataEnge/spark_airflow/dags/dag_monitoring_data.py took 0.558 seconds
[2025-10-25T21:56:22.058+0000] {processor.py:186} INFO - Started process (PID=49988) to work on /Users/komidoveneymissiamenou/Documents/Master 1 DIT/DataEnge/spark_airflow/dags/dag_monitoring_data.py
[2025-10-25T21:56:22.059+0000] {processor.py:914} INFO - Processing file /Users/komidoveneymissiamenou/Documents/Master 1 DIT/DataEnge/spark_airflow/dags/dag_monitoring_data.py for tasks to queue
[2025-10-25T21:56:22.060+0000] {logging_mixin.py:190} INFO - [2025-10-25T21:56:22.060+0000] {dagbag.py:588} INFO - Filling up the DagBag from /Users/komidoveneymissiamenou/Documents/Master 1 DIT/DataEnge/spark_airflow/dags/dag_monitoring_data.py
[2025-10-25T21:56:22.696+0000] {processor.py:925} INFO - DAG(s) 'crypto_monitoring' retrieved from /Users/komidoveneymissiamenou/Documents/Master 1 DIT/DataEnge/spark_airflow/dags/dag_monitoring_data.py
[2025-10-25T21:56:22.750+0000] {logging_mixin.py:190} INFO - [2025-10-25T21:56:22.750+0000] {dag.py:3239} INFO - Sync 1 DAGs
[2025-10-25T21:56:22.761+0000] {logging_mixin.py:190} INFO - [2025-10-25T21:56:22.761+0000] {dag.py:4180} INFO - Setting next_dagrun for crypto_monitoring to 2025-10-25 18:00:00+00:00, run_after=2025-10-25 20:00:00+00:00
[2025-10-25T21:56:22.771+0000] {processor.py:208} INFO - Processing /Users/komidoveneymissiamenou/Documents/Master 1 DIT/DataEnge/spark_airflow/dags/dag_monitoring_data.py took 0.716 seconds
[2025-10-25T21:59:14.411+0000] {processor.py:186} INFO - Started process (PID=52048) to work on /Users/komidoveneymissiamenou/Documents/Master 1 DIT/DataEnge/spark_airflow/dags/dag_monitoring_data.py
[2025-10-25T21:59:14.412+0000] {processor.py:914} INFO - Processing file /Users/komidoveneymissiamenou/Documents/Master 1 DIT/DataEnge/spark_airflow/dags/dag_monitoring_data.py for tasks to queue
[2025-10-25T21:59:14.412+0000] {logging_mixin.py:190} INFO - [2025-10-25T21:59:14.412+0000] {dagbag.py:588} INFO - Filling up the DagBag from /Users/komidoveneymissiamenou/Documents/Master 1 DIT/DataEnge/spark_airflow/dags/dag_monitoring_data.py
[2025-10-25T21:59:14.814+0000] {processor.py:925} INFO - DAG(s) 'crypto_monitoring' retrieved from /Users/komidoveneymissiamenou/Documents/Master 1 DIT/DataEnge/spark_airflow/dags/dag_monitoring_data.py
[2025-10-25T21:59:14.850+0000] {logging_mixin.py:190} INFO - [2025-10-25T21:59:14.850+0000] {dag.py:3239} INFO - Sync 1 DAGs
[2025-10-25T21:59:14.858+0000] {logging_mixin.py:190} INFO - [2025-10-25T21:59:14.858+0000] {dag.py:4180} INFO - Setting next_dagrun for crypto_monitoring to 2025-10-25 18:00:00+00:00, run_after=2025-10-25 20:00:00+00:00
[2025-10-25T21:59:14.866+0000] {processor.py:208} INFO - Processing /Users/komidoveneymissiamenou/Documents/Master 1 DIT/DataEnge/spark_airflow/dags/dag_monitoring_data.py took 0.456 seconds
