[2025-10-25T21:39:38.216+0000] {processor.py:186} INFO - Started process (PID=32732) to work on /Users/komidoveneymissiamenou/Documents/Master 1 DIT/DataEnge/spark_airflow/airflow_env/lib/python3.12/site-packages/airflow/example_dags/example_short_circuit_decorator.py
[2025-10-25T21:39:38.217+0000] {processor.py:914} INFO - Processing file /Users/komidoveneymissiamenou/Documents/Master 1 DIT/DataEnge/spark_airflow/airflow_env/lib/python3.12/site-packages/airflow/example_dags/example_short_circuit_decorator.py for tasks to queue
[2025-10-25T21:39:38.218+0000] {logging_mixin.py:190} INFO - [2025-10-25T21:39:38.218+0000] {dagbag.py:588} INFO - Filling up the DagBag from /Users/komidoveneymissiamenou/Documents/Master 1 DIT/DataEnge/spark_airflow/airflow_env/lib/python3.12/site-packages/airflow/example_dags/example_short_circuit_decorator.py
[2025-10-25T21:39:38.239+0000] {processor.py:925} INFO - DAG(s) 'example_short_circuit_decorator' retrieved from /Users/komidoveneymissiamenou/Documents/Master 1 DIT/DataEnge/spark_airflow/airflow_env/lib/python3.12/site-packages/airflow/example_dags/example_short_circuit_decorator.py
[2025-10-25T21:39:38.339+0000] {logging_mixin.py:190} INFO - [2025-10-25T21:39:38.338+0000] {override.py:1900} INFO - Created Permission View: can edit on DAG:example_short_circuit_decorator
[2025-10-25T21:39:38.342+0000] {logging_mixin.py:190} INFO - [2025-10-25T21:39:38.342+0000] {override.py:1900} INFO - Created Permission View: can read on DAG:example_short_circuit_decorator
[2025-10-25T21:39:38.344+0000] {logging_mixin.py:190} INFO - [2025-10-25T21:39:38.344+0000] {override.py:1900} INFO - Created Permission View: can delete on DAG:example_short_circuit_decorator
[2025-10-25T21:39:38.347+0000] {logging_mixin.py:190} INFO - [2025-10-25T21:39:38.347+0000] {override.py:1900} INFO - Created Permission View: can create on DAG Run:example_short_circuit_decorator
[2025-10-25T21:39:38.349+0000] {logging_mixin.py:190} INFO - [2025-10-25T21:39:38.349+0000] {override.py:1900} INFO - Created Permission View: can read on DAG Run:example_short_circuit_decorator
[2025-10-25T21:39:38.352+0000] {logging_mixin.py:190} INFO - [2025-10-25T21:39:38.352+0000] {override.py:1900} INFO - Created Permission View: can delete on DAG Run:example_short_circuit_decorator
[2025-10-25T21:39:38.355+0000] {logging_mixin.py:190} INFO - [2025-10-25T21:39:38.355+0000] {override.py:1900} INFO - Created Permission View: menu access on DAG Run:example_short_circuit_decorator
[2025-10-25T21:39:38.355+0000] {logging_mixin.py:190} INFO - [2025-10-25T21:39:38.355+0000] {dag.py:3239} INFO - Sync 1 DAGs
[2025-10-25T21:39:38.360+0000] {logging_mixin.py:190} INFO - [2025-10-25T21:39:38.359+0000] {dag.py:3262} INFO - Creating ORM DAG for example_short_circuit_decorator
[2025-10-25T21:39:38.360+0000] {logging_mixin.py:190} INFO - [2025-10-25T21:39:38.360+0000] {dag.py:4180} INFO - Setting next_dagrun for example_short_circuit_decorator to None, run_after=None
[2025-10-25T21:39:38.370+0000] {processor.py:208} INFO - Processing /Users/komidoveneymissiamenou/Documents/Master 1 DIT/DataEnge/spark_airflow/airflow_env/lib/python3.12/site-packages/airflow/example_dags/example_short_circuit_decorator.py took 0.155 seconds
[2025-10-25T21:41:33.722+0000] {processor.py:186} INFO - Started process (PID=34164) to work on /Users/komidoveneymissiamenou/Documents/Master 1 DIT/DataEnge/spark_airflow/airflow_env/lib/python3.12/site-packages/airflow/example_dags/example_short_circuit_decorator.py
[2025-10-25T21:41:33.723+0000] {processor.py:914} INFO - Processing file /Users/komidoveneymissiamenou/Documents/Master 1 DIT/DataEnge/spark_airflow/airflow_env/lib/python3.12/site-packages/airflow/example_dags/example_short_circuit_decorator.py for tasks to queue
[2025-10-25T21:41:33.723+0000] {logging_mixin.py:190} INFO - [2025-10-25T21:41:33.723+0000] {dagbag.py:588} INFO - Filling up the DagBag from /Users/komidoveneymissiamenou/Documents/Master 1 DIT/DataEnge/spark_airflow/airflow_env/lib/python3.12/site-packages/airflow/example_dags/example_short_circuit_decorator.py
[2025-10-25T21:41:33.739+0000] {processor.py:925} INFO - DAG(s) 'example_short_circuit_decorator' retrieved from /Users/komidoveneymissiamenou/Documents/Master 1 DIT/DataEnge/spark_airflow/airflow_env/lib/python3.12/site-packages/airflow/example_dags/example_short_circuit_decorator.py
[2025-10-25T21:41:33.776+0000] {logging_mixin.py:190} INFO - [2025-10-25T21:41:33.776+0000] {dag.py:3239} INFO - Sync 1 DAGs
[2025-10-25T21:41:33.780+0000] {logging_mixin.py:190} INFO - [2025-10-25T21:41:33.780+0000] {dag.py:4180} INFO - Setting next_dagrun for example_short_circuit_decorator to None, run_after=None
[2025-10-25T21:41:33.787+0000] {processor.py:208} INFO - Processing /Users/komidoveneymissiamenou/Documents/Master 1 DIT/DataEnge/spark_airflow/airflow_env/lib/python3.12/site-packages/airflow/example_dags/example_short_circuit_decorator.py took 0.066 seconds
[2025-10-25T21:42:55.153+0000] {processor.py:186} INFO - Started process (PID=35155) to work on /Users/komidoveneymissiamenou/Documents/Master 1 DIT/DataEnge/spark_airflow/airflow_env/lib/python3.12/site-packages/airflow/example_dags/example_short_circuit_decorator.py
[2025-10-25T21:42:55.154+0000] {processor.py:914} INFO - Processing file /Users/komidoveneymissiamenou/Documents/Master 1 DIT/DataEnge/spark_airflow/airflow_env/lib/python3.12/site-packages/airflow/example_dags/example_short_circuit_decorator.py for tasks to queue
[2025-10-25T21:42:55.154+0000] {logging_mixin.py:190} INFO - [2025-10-25T21:42:55.154+0000] {dagbag.py:588} INFO - Filling up the DagBag from /Users/komidoveneymissiamenou/Documents/Master 1 DIT/DataEnge/spark_airflow/airflow_env/lib/python3.12/site-packages/airflow/example_dags/example_short_circuit_decorator.py
[2025-10-25T21:42:55.170+0000] {processor.py:925} INFO - DAG(s) 'example_short_circuit_decorator' retrieved from /Users/komidoveneymissiamenou/Documents/Master 1 DIT/DataEnge/spark_airflow/airflow_env/lib/python3.12/site-packages/airflow/example_dags/example_short_circuit_decorator.py
[2025-10-25T21:42:55.206+0000] {logging_mixin.py:190} INFO - [2025-10-25T21:42:55.205+0000] {dag.py:3239} INFO - Sync 1 DAGs
[2025-10-25T21:42:55.209+0000] {logging_mixin.py:190} INFO - [2025-10-25T21:42:55.209+0000] {dag.py:4180} INFO - Setting next_dagrun for example_short_circuit_decorator to None, run_after=None
[2025-10-25T21:42:55.216+0000] {processor.py:208} INFO - Processing /Users/komidoveneymissiamenou/Documents/Master 1 DIT/DataEnge/spark_airflow/airflow_env/lib/python3.12/site-packages/airflow/example_dags/example_short_circuit_decorator.py took 0.064 seconds
[2025-10-25T21:44:12.866+0000] {processor.py:186} INFO - Started process (PID=36088) to work on /Users/komidoveneymissiamenou/Documents/Master 1 DIT/DataEnge/spark_airflow/airflow_env/lib/python3.12/site-packages/airflow/example_dags/example_short_circuit_decorator.py
[2025-10-25T21:44:12.868+0000] {processor.py:914} INFO - Processing file /Users/komidoveneymissiamenou/Documents/Master 1 DIT/DataEnge/spark_airflow/airflow_env/lib/python3.12/site-packages/airflow/example_dags/example_short_circuit_decorator.py for tasks to queue
[2025-10-25T21:44:12.869+0000] {logging_mixin.py:190} INFO - [2025-10-25T21:44:12.869+0000] {dagbag.py:588} INFO - Filling up the DagBag from /Users/komidoveneymissiamenou/Documents/Master 1 DIT/DataEnge/spark_airflow/airflow_env/lib/python3.12/site-packages/airflow/example_dags/example_short_circuit_decorator.py
[2025-10-25T21:44:12.894+0000] {processor.py:925} INFO - DAG(s) 'example_short_circuit_decorator' retrieved from /Users/komidoveneymissiamenou/Documents/Master 1 DIT/DataEnge/spark_airflow/airflow_env/lib/python3.12/site-packages/airflow/example_dags/example_short_circuit_decorator.py
[2025-10-25T21:44:12.933+0000] {logging_mixin.py:190} INFO - [2025-10-25T21:44:12.933+0000] {dag.py:3239} INFO - Sync 1 DAGs
[2025-10-25T21:44:12.937+0000] {logging_mixin.py:190} INFO - [2025-10-25T21:44:12.936+0000] {dag.py:4180} INFO - Setting next_dagrun for example_short_circuit_decorator to None, run_after=None
[2025-10-25T21:44:12.943+0000] {processor.py:208} INFO - Processing /Users/komidoveneymissiamenou/Documents/Master 1 DIT/DataEnge/spark_airflow/airflow_env/lib/python3.12/site-packages/airflow/example_dags/example_short_circuit_decorator.py took 0.079 seconds
[2025-10-25T21:45:33.823+0000] {processor.py:186} INFO - Started process (PID=37401) to work on /Users/komidoveneymissiamenou/Documents/Master 1 DIT/DataEnge/spark_airflow/airflow_env/lib/python3.12/site-packages/airflow/example_dags/example_short_circuit_decorator.py
[2025-10-25T21:45:33.823+0000] {processor.py:914} INFO - Processing file /Users/komidoveneymissiamenou/Documents/Master 1 DIT/DataEnge/spark_airflow/airflow_env/lib/python3.12/site-packages/airflow/example_dags/example_short_circuit_decorator.py for tasks to queue
[2025-10-25T21:45:33.824+0000] {logging_mixin.py:190} INFO - [2025-10-25T21:45:33.824+0000] {dagbag.py:588} INFO - Filling up the DagBag from /Users/komidoveneymissiamenou/Documents/Master 1 DIT/DataEnge/spark_airflow/airflow_env/lib/python3.12/site-packages/airflow/example_dags/example_short_circuit_decorator.py
[2025-10-25T21:45:33.843+0000] {processor.py:925} INFO - DAG(s) 'example_short_circuit_decorator' retrieved from /Users/komidoveneymissiamenou/Documents/Master 1 DIT/DataEnge/spark_airflow/airflow_env/lib/python3.12/site-packages/airflow/example_dags/example_short_circuit_decorator.py
[2025-10-25T21:45:33.881+0000] {logging_mixin.py:190} INFO - [2025-10-25T21:45:33.881+0000] {dag.py:3239} INFO - Sync 1 DAGs
[2025-10-25T21:45:33.885+0000] {logging_mixin.py:190} INFO - [2025-10-25T21:45:33.884+0000] {dag.py:4180} INFO - Setting next_dagrun for example_short_circuit_decorator to None, run_after=None
[2025-10-25T21:45:33.892+0000] {processor.py:208} INFO - Processing /Users/komidoveneymissiamenou/Documents/Master 1 DIT/DataEnge/spark_airflow/airflow_env/lib/python3.12/site-packages/airflow/example_dags/example_short_circuit_decorator.py took 0.070 seconds
[2025-10-25T21:47:08.728+0000] {processor.py:186} INFO - Started process (PID=38720) to work on /Users/komidoveneymissiamenou/Documents/Master 1 DIT/DataEnge/spark_airflow/airflow_env/lib/python3.12/site-packages/airflow/example_dags/example_short_circuit_decorator.py
[2025-10-25T21:47:08.728+0000] {processor.py:914} INFO - Processing file /Users/komidoveneymissiamenou/Documents/Master 1 DIT/DataEnge/spark_airflow/airflow_env/lib/python3.12/site-packages/airflow/example_dags/example_short_circuit_decorator.py for tasks to queue
[2025-10-25T21:47:08.729+0000] {logging_mixin.py:190} INFO - [2025-10-25T21:47:08.729+0000] {dagbag.py:588} INFO - Filling up the DagBag from /Users/komidoveneymissiamenou/Documents/Master 1 DIT/DataEnge/spark_airflow/airflow_env/lib/python3.12/site-packages/airflow/example_dags/example_short_circuit_decorator.py
[2025-10-25T21:47:08.752+0000] {processor.py:925} INFO - DAG(s) 'example_short_circuit_decorator' retrieved from /Users/komidoveneymissiamenou/Documents/Master 1 DIT/DataEnge/spark_airflow/airflow_env/lib/python3.12/site-packages/airflow/example_dags/example_short_circuit_decorator.py
[2025-10-25T21:47:08.793+0000] {logging_mixin.py:190} INFO - [2025-10-25T21:47:08.793+0000] {dag.py:3239} INFO - Sync 1 DAGs
[2025-10-25T21:47:08.796+0000] {logging_mixin.py:190} INFO - [2025-10-25T21:47:08.796+0000] {dag.py:4180} INFO - Setting next_dagrun for example_short_circuit_decorator to None, run_after=None
[2025-10-25T21:47:08.803+0000] {processor.py:208} INFO - Processing /Users/komidoveneymissiamenou/Documents/Master 1 DIT/DataEnge/spark_airflow/airflow_env/lib/python3.12/site-packages/airflow/example_dags/example_short_circuit_decorator.py took 0.078 seconds
[2025-10-25T21:49:28.095+0000] {processor.py:186} INFO - Started process (PID=42512) to work on /Users/komidoveneymissiamenou/Documents/Master 1 DIT/DataEnge/spark_airflow/airflow_env/lib/python3.12/site-packages/airflow/example_dags/example_short_circuit_decorator.py
[2025-10-25T21:49:28.096+0000] {processor.py:914} INFO - Processing file /Users/komidoveneymissiamenou/Documents/Master 1 DIT/DataEnge/spark_airflow/airflow_env/lib/python3.12/site-packages/airflow/example_dags/example_short_circuit_decorator.py for tasks to queue
[2025-10-25T21:49:28.096+0000] {logging_mixin.py:190} INFO - [2025-10-25T21:49:28.096+0000] {dagbag.py:588} INFO - Filling up the DagBag from /Users/komidoveneymissiamenou/Documents/Master 1 DIT/DataEnge/spark_airflow/airflow_env/lib/python3.12/site-packages/airflow/example_dags/example_short_circuit_decorator.py
[2025-10-25T21:49:28.114+0000] {processor.py:925} INFO - DAG(s) 'example_short_circuit_decorator' retrieved from /Users/komidoveneymissiamenou/Documents/Master 1 DIT/DataEnge/spark_airflow/airflow_env/lib/python3.12/site-packages/airflow/example_dags/example_short_circuit_decorator.py
[2025-10-25T21:49:28.151+0000] {logging_mixin.py:190} INFO - [2025-10-25T21:49:28.151+0000] {dag.py:3239} INFO - Sync 1 DAGs
[2025-10-25T21:49:28.156+0000] {logging_mixin.py:190} INFO - [2025-10-25T21:49:28.156+0000] {dag.py:4180} INFO - Setting next_dagrun for example_short_circuit_decorator to None, run_after=None
[2025-10-25T21:49:28.164+0000] {processor.py:208} INFO - Processing /Users/komidoveneymissiamenou/Documents/Master 1 DIT/DataEnge/spark_airflow/airflow_env/lib/python3.12/site-packages/airflow/example_dags/example_short_circuit_decorator.py took 0.070 seconds
[2025-10-25T21:51:37.168+0000] {processor.py:186} INFO - Started process (PID=44522) to work on /Users/komidoveneymissiamenou/Documents/Master 1 DIT/DataEnge/spark_airflow/airflow_env/lib/python3.12/site-packages/airflow/example_dags/example_short_circuit_decorator.py
[2025-10-25T21:51:37.170+0000] {processor.py:914} INFO - Processing file /Users/komidoveneymissiamenou/Documents/Master 1 DIT/DataEnge/spark_airflow/airflow_env/lib/python3.12/site-packages/airflow/example_dags/example_short_circuit_decorator.py for tasks to queue
[2025-10-25T21:51:37.170+0000] {logging_mixin.py:190} INFO - [2025-10-25T21:51:37.170+0000] {dagbag.py:588} INFO - Filling up the DagBag from /Users/komidoveneymissiamenou/Documents/Master 1 DIT/DataEnge/spark_airflow/airflow_env/lib/python3.12/site-packages/airflow/example_dags/example_short_circuit_decorator.py
[2025-10-25T21:51:37.202+0000] {processor.py:925} INFO - DAG(s) 'example_short_circuit_decorator' retrieved from /Users/komidoveneymissiamenou/Documents/Master 1 DIT/DataEnge/spark_airflow/airflow_env/lib/python3.12/site-packages/airflow/example_dags/example_short_circuit_decorator.py
[2025-10-25T21:51:37.245+0000] {logging_mixin.py:190} INFO - [2025-10-25T21:51:37.245+0000] {dag.py:3239} INFO - Sync 1 DAGs
[2025-10-25T21:51:37.250+0000] {logging_mixin.py:190} INFO - [2025-10-25T21:51:37.250+0000] {dag.py:4180} INFO - Setting next_dagrun for example_short_circuit_decorator to None, run_after=None
[2025-10-25T21:51:37.258+0000] {processor.py:208} INFO - Processing /Users/komidoveneymissiamenou/Documents/Master 1 DIT/DataEnge/spark_airflow/airflow_env/lib/python3.12/site-packages/airflow/example_dags/example_short_circuit_decorator.py took 0.092 seconds
[2025-10-25T21:53:02.857+0000] {processor.py:186} INFO - Started process (PID=46473) to work on /Users/komidoveneymissiamenou/Documents/Master 1 DIT/DataEnge/spark_airflow/airflow_env/lib/python3.12/site-packages/airflow/example_dags/example_short_circuit_decorator.py
[2025-10-25T21:53:02.861+0000] {processor.py:914} INFO - Processing file /Users/komidoveneymissiamenou/Documents/Master 1 DIT/DataEnge/spark_airflow/airflow_env/lib/python3.12/site-packages/airflow/example_dags/example_short_circuit_decorator.py for tasks to queue
[2025-10-25T21:53:02.862+0000] {logging_mixin.py:190} INFO - [2025-10-25T21:53:02.862+0000] {dagbag.py:588} INFO - Filling up the DagBag from /Users/komidoveneymissiamenou/Documents/Master 1 DIT/DataEnge/spark_airflow/airflow_env/lib/python3.12/site-packages/airflow/example_dags/example_short_circuit_decorator.py
[2025-10-25T21:53:02.958+0000] {processor.py:925} INFO - DAG(s) 'example_short_circuit_decorator' retrieved from /Users/komidoveneymissiamenou/Documents/Master 1 DIT/DataEnge/spark_airflow/airflow_env/lib/python3.12/site-packages/airflow/example_dags/example_short_circuit_decorator.py
[2025-10-25T21:53:03.001+0000] {logging_mixin.py:190} INFO - [2025-10-25T21:53:03.001+0000] {dag.py:3239} INFO - Sync 1 DAGs
[2025-10-25T21:53:03.007+0000] {logging_mixin.py:190} INFO - [2025-10-25T21:53:03.007+0000] {dag.py:4180} INFO - Setting next_dagrun for example_short_circuit_decorator to None, run_after=None
[2025-10-25T21:53:03.025+0000] {processor.py:208} INFO - Processing /Users/komidoveneymissiamenou/Documents/Master 1 DIT/DataEnge/spark_airflow/airflow_env/lib/python3.12/site-packages/airflow/example_dags/example_short_circuit_decorator.py took 0.181 seconds
[2025-10-25T21:55:08.321+0000] {processor.py:186} INFO - Started process (PID=49143) to work on /Users/komidoveneymissiamenou/Documents/Master 1 DIT/DataEnge/spark_airflow/airflow_env/lib/python3.12/site-packages/airflow/example_dags/example_short_circuit_decorator.py
[2025-10-25T21:55:08.323+0000] {processor.py:914} INFO - Processing file /Users/komidoveneymissiamenou/Documents/Master 1 DIT/DataEnge/spark_airflow/airflow_env/lib/python3.12/site-packages/airflow/example_dags/example_short_circuit_decorator.py for tasks to queue
[2025-10-25T21:55:08.323+0000] {logging_mixin.py:190} INFO - [2025-10-25T21:55:08.323+0000] {dagbag.py:588} INFO - Filling up the DagBag from /Users/komidoveneymissiamenou/Documents/Master 1 DIT/DataEnge/spark_airflow/airflow_env/lib/python3.12/site-packages/airflow/example_dags/example_short_circuit_decorator.py
[2025-10-25T21:55:08.351+0000] {processor.py:925} INFO - DAG(s) 'example_short_circuit_decorator' retrieved from /Users/komidoveneymissiamenou/Documents/Master 1 DIT/DataEnge/spark_airflow/airflow_env/lib/python3.12/site-packages/airflow/example_dags/example_short_circuit_decorator.py
[2025-10-25T21:55:08.398+0000] {logging_mixin.py:190} INFO - [2025-10-25T21:55:08.398+0000] {dag.py:3239} INFO - Sync 1 DAGs
[2025-10-25T21:55:08.402+0000] {logging_mixin.py:190} INFO - [2025-10-25T21:55:08.402+0000] {dag.py:4180} INFO - Setting next_dagrun for example_short_circuit_decorator to None, run_after=None
[2025-10-25T21:55:08.410+0000] {processor.py:208} INFO - Processing /Users/komidoveneymissiamenou/Documents/Master 1 DIT/DataEnge/spark_airflow/airflow_env/lib/python3.12/site-packages/airflow/example_dags/example_short_circuit_decorator.py took 0.092 seconds
[2025-10-25T21:57:12.584+0000] {processor.py:186} INFO - Started process (PID=50615) to work on /Users/komidoveneymissiamenou/Documents/Master 1 DIT/DataEnge/spark_airflow/airflow_env/lib/python3.12/site-packages/airflow/example_dags/example_short_circuit_decorator.py
[2025-10-25T21:57:12.584+0000] {processor.py:914} INFO - Processing file /Users/komidoveneymissiamenou/Documents/Master 1 DIT/DataEnge/spark_airflow/airflow_env/lib/python3.12/site-packages/airflow/example_dags/example_short_circuit_decorator.py for tasks to queue
[2025-10-25T21:57:12.585+0000] {logging_mixin.py:190} INFO - [2025-10-25T21:57:12.585+0000] {dagbag.py:588} INFO - Filling up the DagBag from /Users/komidoveneymissiamenou/Documents/Master 1 DIT/DataEnge/spark_airflow/airflow_env/lib/python3.12/site-packages/airflow/example_dags/example_short_circuit_decorator.py
[2025-10-25T21:57:12.601+0000] {processor.py:925} INFO - DAG(s) 'example_short_circuit_decorator' retrieved from /Users/komidoveneymissiamenou/Documents/Master 1 DIT/DataEnge/spark_airflow/airflow_env/lib/python3.12/site-packages/airflow/example_dags/example_short_circuit_decorator.py
[2025-10-25T21:57:12.637+0000] {logging_mixin.py:190} INFO - [2025-10-25T21:57:12.637+0000] {dag.py:3239} INFO - Sync 1 DAGs
[2025-10-25T21:57:12.641+0000] {logging_mixin.py:190} INFO - [2025-10-25T21:57:12.640+0000] {dag.py:4180} INFO - Setting next_dagrun for example_short_circuit_decorator to None, run_after=None
[2025-10-25T21:57:12.648+0000] {processor.py:208} INFO - Processing /Users/komidoveneymissiamenou/Documents/Master 1 DIT/DataEnge/spark_airflow/airflow_env/lib/python3.12/site-packages/airflow/example_dags/example_short_circuit_decorator.py took 0.065 seconds
[2025-10-25T21:58:39.949+0000] {processor.py:186} INFO - Started process (PID=51646) to work on /Users/komidoveneymissiamenou/Documents/Master 1 DIT/DataEnge/spark_airflow/airflow_env/lib/python3.12/site-packages/airflow/example_dags/example_short_circuit_decorator.py
[2025-10-25T21:58:39.950+0000] {processor.py:914} INFO - Processing file /Users/komidoveneymissiamenou/Documents/Master 1 DIT/DataEnge/spark_airflow/airflow_env/lib/python3.12/site-packages/airflow/example_dags/example_short_circuit_decorator.py for tasks to queue
[2025-10-25T21:58:39.950+0000] {logging_mixin.py:190} INFO - [2025-10-25T21:58:39.950+0000] {dagbag.py:588} INFO - Filling up the DagBag from /Users/komidoveneymissiamenou/Documents/Master 1 DIT/DataEnge/spark_airflow/airflow_env/lib/python3.12/site-packages/airflow/example_dags/example_short_circuit_decorator.py
[2025-10-25T21:58:39.971+0000] {processor.py:925} INFO - DAG(s) 'example_short_circuit_decorator' retrieved from /Users/komidoveneymissiamenou/Documents/Master 1 DIT/DataEnge/spark_airflow/airflow_env/lib/python3.12/site-packages/airflow/example_dags/example_short_circuit_decorator.py
[2025-10-25T21:58:40.010+0000] {logging_mixin.py:190} INFO - [2025-10-25T21:58:40.009+0000] {dag.py:3239} INFO - Sync 1 DAGs
[2025-10-25T21:58:40.013+0000] {logging_mixin.py:190} INFO - [2025-10-25T21:58:40.013+0000] {dag.py:4180} INFO - Setting next_dagrun for example_short_circuit_decorator to None, run_after=None
[2025-10-25T21:58:40.020+0000] {processor.py:208} INFO - Processing /Users/komidoveneymissiamenou/Documents/Master 1 DIT/DataEnge/spark_airflow/airflow_env/lib/python3.12/site-packages/airflow/example_dags/example_short_circuit_decorator.py took 0.072 seconds
