[2025-10-25T21:40:27.604+0000] {processor.py:186} INFO - Started process (PID=33323) to work on /Users/komidoveneymissiamenou/Documents/Master 1 DIT/DataEnge/spark_airflow/airflow_env/lib/python3.12/site-packages/airflow/example_dags/example_dag_decorator.py
[2025-10-25T21:40:27.605+0000] {processor.py:914} INFO - Processing file /Users/komidoveneymissiamenou/Documents/Master 1 DIT/DataEnge/spark_airflow/airflow_env/lib/python3.12/site-packages/airflow/example_dags/example_dag_decorator.py for tasks to queue
[2025-10-25T21:40:27.605+0000] {logging_mixin.py:190} INFO - [2025-10-25T21:40:27.605+0000] {dagbag.py:588} INFO - Filling up the DagBag from /Users/komidoveneymissiamenou/Documents/Master 1 DIT/DataEnge/spark_airflow/airflow_env/lib/python3.12/site-packages/airflow/example_dags/example_dag_decorator.py
[2025-10-25T21:40:27.724+0000] {processor.py:925} INFO - DAG(s) 'example_dag_decorator' retrieved from /Users/komidoveneymissiamenou/Documents/Master 1 DIT/DataEnge/spark_airflow/airflow_env/lib/python3.12/site-packages/airflow/example_dags/example_dag_decorator.py
[2025-10-25T21:40:27.833+0000] {logging_mixin.py:190} INFO - [2025-10-25T21:40:27.833+0000] {override.py:1900} INFO - Created Permission View: can edit on DAG:example_dag_decorator
[2025-10-25T21:40:27.836+0000] {logging_mixin.py:190} INFO - [2025-10-25T21:40:27.836+0000] {override.py:1900} INFO - Created Permission View: can delete on DAG:example_dag_decorator
[2025-10-25T21:40:27.838+0000] {logging_mixin.py:190} INFO - [2025-10-25T21:40:27.838+0000] {override.py:1900} INFO - Created Permission View: can read on DAG:example_dag_decorator
[2025-10-25T21:40:27.841+0000] {logging_mixin.py:190} INFO - [2025-10-25T21:40:27.841+0000] {override.py:1900} INFO - Created Permission View: can delete on DAG Run:example_dag_decorator
[2025-10-25T21:40:27.844+0000] {logging_mixin.py:190} INFO - [2025-10-25T21:40:27.843+0000] {override.py:1900} INFO - Created Permission View: can create on DAG Run:example_dag_decorator
[2025-10-25T21:40:27.846+0000] {logging_mixin.py:190} INFO - [2025-10-25T21:40:27.846+0000] {override.py:1900} INFO - Created Permission View: menu access on DAG Run:example_dag_decorator
[2025-10-25T21:40:27.848+0000] {logging_mixin.py:190} INFO - [2025-10-25T21:40:27.848+0000] {override.py:1900} INFO - Created Permission View: can read on DAG Run:example_dag_decorator
[2025-10-25T21:40:27.848+0000] {logging_mixin.py:190} INFO - [2025-10-25T21:40:27.848+0000] {dag.py:3239} INFO - Sync 1 DAGs
[2025-10-25T21:40:27.852+0000] {logging_mixin.py:190} INFO - [2025-10-25T21:40:27.852+0000] {dag.py:3262} INFO - Creating ORM DAG for example_dag_decorator
[2025-10-25T21:40:27.852+0000] {logging_mixin.py:190} INFO - [2025-10-25T21:40:27.852+0000] {dag.py:4180} INFO - Setting next_dagrun for example_dag_decorator to None, run_after=None
[2025-10-25T21:40:27.860+0000] {processor.py:208} INFO - Processing /Users/komidoveneymissiamenou/Documents/Master 1 DIT/DataEnge/spark_airflow/airflow_env/lib/python3.12/site-packages/airflow/example_dags/example_dag_decorator.py took 0.259 seconds
[2025-10-25T21:43:09.891+0000] {processor.py:186} INFO - Started process (PID=35326) to work on /Users/komidoveneymissiamenou/Documents/Master 1 DIT/DataEnge/spark_airflow/airflow_env/lib/python3.12/site-packages/airflow/example_dags/example_dag_decorator.py
[2025-10-25T21:43:09.892+0000] {processor.py:914} INFO - Processing file /Users/komidoveneymissiamenou/Documents/Master 1 DIT/DataEnge/spark_airflow/airflow_env/lib/python3.12/site-packages/airflow/example_dags/example_dag_decorator.py for tasks to queue
[2025-10-25T21:43:09.893+0000] {logging_mixin.py:190} INFO - [2025-10-25T21:43:09.893+0000] {dagbag.py:588} INFO - Filling up the DagBag from /Users/komidoveneymissiamenou/Documents/Master 1 DIT/DataEnge/spark_airflow/airflow_env/lib/python3.12/site-packages/airflow/example_dags/example_dag_decorator.py
[2025-10-25T21:43:10.007+0000] {processor.py:925} INFO - DAG(s) 'example_dag_decorator' retrieved from /Users/komidoveneymissiamenou/Documents/Master 1 DIT/DataEnge/spark_airflow/airflow_env/lib/python3.12/site-packages/airflow/example_dags/example_dag_decorator.py
[2025-10-25T21:43:10.136+0000] {logging_mixin.py:190} INFO - [2025-10-25T21:43:10.136+0000] {dag.py:3239} INFO - Sync 1 DAGs
[2025-10-25T21:43:10.140+0000] {logging_mixin.py:190} INFO - [2025-10-25T21:43:10.140+0000] {dag.py:4180} INFO - Setting next_dagrun for example_dag_decorator to None, run_after=None
[2025-10-25T21:43:10.149+0000] {processor.py:208} INFO - Processing /Users/komidoveneymissiamenou/Documents/Master 1 DIT/DataEnge/spark_airflow/airflow_env/lib/python3.12/site-packages/airflow/example_dags/example_dag_decorator.py took 0.261 seconds
[2025-10-25T21:45:51.957+0000] {processor.py:186} INFO - Started process (PID=37621) to work on /Users/komidoveneymissiamenou/Documents/Master 1 DIT/DataEnge/spark_airflow/airflow_env/lib/python3.12/site-packages/airflow/example_dags/example_dag_decorator.py
[2025-10-25T21:45:51.958+0000] {processor.py:914} INFO - Processing file /Users/komidoveneymissiamenou/Documents/Master 1 DIT/DataEnge/spark_airflow/airflow_env/lib/python3.12/site-packages/airflow/example_dags/example_dag_decorator.py for tasks to queue
[2025-10-25T21:45:51.959+0000] {logging_mixin.py:190} INFO - [2025-10-25T21:45:51.959+0000] {dagbag.py:588} INFO - Filling up the DagBag from /Users/komidoveneymissiamenou/Documents/Master 1 DIT/DataEnge/spark_airflow/airflow_env/lib/python3.12/site-packages/airflow/example_dags/example_dag_decorator.py
[2025-10-25T21:45:52.063+0000] {processor.py:925} INFO - DAG(s) 'example_dag_decorator' retrieved from /Users/komidoveneymissiamenou/Documents/Master 1 DIT/DataEnge/spark_airflow/airflow_env/lib/python3.12/site-packages/airflow/example_dags/example_dag_decorator.py
[2025-10-25T21:45:52.180+0000] {logging_mixin.py:190} INFO - [2025-10-25T21:45:52.180+0000] {dag.py:3239} INFO - Sync 1 DAGs
[2025-10-25T21:45:52.184+0000] {logging_mixin.py:190} INFO - [2025-10-25T21:45:52.184+0000] {dag.py:4180} INFO - Setting next_dagrun for example_dag_decorator to None, run_after=None
[2025-10-25T21:45:52.192+0000] {processor.py:208} INFO - Processing /Users/komidoveneymissiamenou/Documents/Master 1 DIT/DataEnge/spark_airflow/airflow_env/lib/python3.12/site-packages/airflow/example_dags/example_dag_decorator.py took 0.238 seconds
[2025-10-25T21:50:20.126+0000] {processor.py:186} INFO - Started process (PID=43505) to work on /Users/komidoveneymissiamenou/Documents/Master 1 DIT/DataEnge/spark_airflow/airflow_env/lib/python3.12/site-packages/airflow/example_dags/example_dag_decorator.py
[2025-10-25T21:50:20.126+0000] {processor.py:914} INFO - Processing file /Users/komidoveneymissiamenou/Documents/Master 1 DIT/DataEnge/spark_airflow/airflow_env/lib/python3.12/site-packages/airflow/example_dags/example_dag_decorator.py for tasks to queue
[2025-10-25T21:50:20.127+0000] {logging_mixin.py:190} INFO - [2025-10-25T21:50:20.127+0000] {dagbag.py:588} INFO - Filling up the DagBag from /Users/komidoveneymissiamenou/Documents/Master 1 DIT/DataEnge/spark_airflow/airflow_env/lib/python3.12/site-packages/airflow/example_dags/example_dag_decorator.py
[2025-10-25T21:50:20.203+0000] {processor.py:925} INFO - DAG(s) 'example_dag_decorator' retrieved from /Users/komidoveneymissiamenou/Documents/Master 1 DIT/DataEnge/spark_airflow/airflow_env/lib/python3.12/site-packages/airflow/example_dags/example_dag_decorator.py
[2025-10-25T21:50:20.345+0000] {logging_mixin.py:190} INFO - [2025-10-25T21:50:20.345+0000] {dag.py:3239} INFO - Sync 1 DAGs
[2025-10-25T21:50:20.350+0000] {logging_mixin.py:190} INFO - [2025-10-25T21:50:20.350+0000] {dag.py:4180} INFO - Setting next_dagrun for example_dag_decorator to None, run_after=None
[2025-10-25T21:50:20.359+0000] {processor.py:208} INFO - Processing /Users/komidoveneymissiamenou/Documents/Master 1 DIT/DataEnge/spark_airflow/airflow_env/lib/python3.12/site-packages/airflow/example_dags/example_dag_decorator.py took 0.234 seconds
[2025-10-25T21:53:25.033+0000] {processor.py:186} INFO - Started process (PID=46757) to work on /Users/komidoveneymissiamenou/Documents/Master 1 DIT/DataEnge/spark_airflow/airflow_env/lib/python3.12/site-packages/airflow/example_dags/example_dag_decorator.py
[2025-10-25T21:53:25.040+0000] {processor.py:914} INFO - Processing file /Users/komidoveneymissiamenou/Documents/Master 1 DIT/DataEnge/spark_airflow/airflow_env/lib/python3.12/site-packages/airflow/example_dags/example_dag_decorator.py for tasks to queue
[2025-10-25T21:53:25.043+0000] {logging_mixin.py:190} INFO - [2025-10-25T21:53:25.042+0000] {dagbag.py:588} INFO - Filling up the DagBag from /Users/komidoveneymissiamenou/Documents/Master 1 DIT/DataEnge/spark_airflow/airflow_env/lib/python3.12/site-packages/airflow/example_dags/example_dag_decorator.py
[2025-10-25T21:53:25.233+0000] {processor.py:925} INFO - DAG(s) 'example_dag_decorator' retrieved from /Users/komidoveneymissiamenou/Documents/Master 1 DIT/DataEnge/spark_airflow/airflow_env/lib/python3.12/site-packages/airflow/example_dags/example_dag_decorator.py
[2025-10-25T21:53:25.379+0000] {logging_mixin.py:190} INFO - [2025-10-25T21:53:25.379+0000] {dag.py:3239} INFO - Sync 1 DAGs
[2025-10-25T21:53:25.384+0000] {logging_mixin.py:190} INFO - [2025-10-25T21:53:25.383+0000] {dag.py:4180} INFO - Setting next_dagrun for example_dag_decorator to None, run_after=None
[2025-10-25T21:53:25.393+0000] {processor.py:208} INFO - Processing /Users/komidoveneymissiamenou/Documents/Master 1 DIT/DataEnge/spark_airflow/airflow_env/lib/python3.12/site-packages/airflow/example_dags/example_dag_decorator.py took 0.366 seconds
[2025-10-25T21:55:59.940+0000] {processor.py:186} INFO - Started process (PID=49745) to work on /Users/komidoveneymissiamenou/Documents/Master 1 DIT/DataEnge/spark_airflow/airflow_env/lib/python3.12/site-packages/airflow/example_dags/example_dag_decorator.py
[2025-10-25T21:55:59.941+0000] {processor.py:914} INFO - Processing file /Users/komidoveneymissiamenou/Documents/Master 1 DIT/DataEnge/spark_airflow/airflow_env/lib/python3.12/site-packages/airflow/example_dags/example_dag_decorator.py for tasks to queue
[2025-10-25T21:55:59.941+0000] {logging_mixin.py:190} INFO - [2025-10-25T21:55:59.941+0000] {dagbag.py:588} INFO - Filling up the DagBag from /Users/komidoveneymissiamenou/Documents/Master 1 DIT/DataEnge/spark_airflow/airflow_env/lib/python3.12/site-packages/airflow/example_dags/example_dag_decorator.py
[2025-10-25T21:56:00.067+0000] {processor.py:925} INFO - DAG(s) 'example_dag_decorator' retrieved from /Users/komidoveneymissiamenou/Documents/Master 1 DIT/DataEnge/spark_airflow/airflow_env/lib/python3.12/site-packages/airflow/example_dags/example_dag_decorator.py
[2025-10-25T21:56:00.218+0000] {logging_mixin.py:190} INFO - [2025-10-25T21:56:00.217+0000] {dag.py:3239} INFO - Sync 1 DAGs
[2025-10-25T21:56:00.226+0000] {logging_mixin.py:190} INFO - [2025-10-25T21:56:00.225+0000] {dag.py:4180} INFO - Setting next_dagrun for example_dag_decorator to None, run_after=None
[2025-10-25T21:56:00.250+0000] {processor.py:208} INFO - Processing /Users/komidoveneymissiamenou/Documents/Master 1 DIT/DataEnge/spark_airflow/airflow_env/lib/python3.12/site-packages/airflow/example_dags/example_dag_decorator.py took 0.311 seconds
[2025-10-25T21:58:54.925+0000] {processor.py:186} INFO - Started process (PID=51819) to work on /Users/komidoveneymissiamenou/Documents/Master 1 DIT/DataEnge/spark_airflow/airflow_env/lib/python3.12/site-packages/airflow/example_dags/example_dag_decorator.py
[2025-10-25T21:58:54.926+0000] {processor.py:914} INFO - Processing file /Users/komidoveneymissiamenou/Documents/Master 1 DIT/DataEnge/spark_airflow/airflow_env/lib/python3.12/site-packages/airflow/example_dags/example_dag_decorator.py for tasks to queue
[2025-10-25T21:58:54.926+0000] {logging_mixin.py:190} INFO - [2025-10-25T21:58:54.926+0000] {dagbag.py:588} INFO - Filling up the DagBag from /Users/komidoveneymissiamenou/Documents/Master 1 DIT/DataEnge/spark_airflow/airflow_env/lib/python3.12/site-packages/airflow/example_dags/example_dag_decorator.py
[2025-10-25T21:58:55.065+0000] {processor.py:925} INFO - DAG(s) 'example_dag_decorator' retrieved from /Users/komidoveneymissiamenou/Documents/Master 1 DIT/DataEnge/spark_airflow/airflow_env/lib/python3.12/site-packages/airflow/example_dags/example_dag_decorator.py
[2025-10-25T21:58:55.187+0000] {logging_mixin.py:190} INFO - [2025-10-25T21:58:55.187+0000] {dag.py:3239} INFO - Sync 1 DAGs
[2025-10-25T21:58:55.191+0000] {logging_mixin.py:190} INFO - [2025-10-25T21:58:55.191+0000] {dag.py:4180} INFO - Setting next_dagrun for example_dag_decorator to None, run_after=None
[2025-10-25T21:58:55.199+0000] {processor.py:208} INFO - Processing /Users/komidoveneymissiamenou/Documents/Master 1 DIT/DataEnge/spark_airflow/airflow_env/lib/python3.12/site-packages/airflow/example_dags/example_dag_decorator.py took 0.275 seconds
