[2025-10-25T21:40:25.890+0000] {processor.py:186} INFO - Started process (PID=33294) to work on /Users/komidoveneymissiamenou/Documents/Master 1 DIT/DataEnge/spark_airflow/airflow_env/lib/python3.12/site-packages/airflow/example_dags/example_dataset_alias.py
[2025-10-25T21:40:25.891+0000] {processor.py:914} INFO - Processing file /Users/komidoveneymissiamenou/Documents/Master 1 DIT/DataEnge/spark_airflow/airflow_env/lib/python3.12/site-packages/airflow/example_dags/example_dataset_alias.py for tasks to queue
[2025-10-25T21:40:25.892+0000] {logging_mixin.py:190} INFO - [2025-10-25T21:40:25.891+0000] {dagbag.py:588} INFO - Filling up the DagBag from /Users/komidoveneymissiamenou/Documents/Master 1 DIT/DataEnge/spark_airflow/airflow_env/lib/python3.12/site-packages/airflow/example_dags/example_dataset_alias.py
[2025-10-25T21:40:25.966+0000] {processor.py:925} INFO - DAG(s) 'dataset_alias_example_alias_producer', 'dataset_s3_bucket_producer', 'dataset_s3_bucket_consumer', 'dataset_alias_example_alias_consumer' retrieved from /Users/komidoveneymissiamenou/Documents/Master 1 DIT/DataEnge/spark_airflow/airflow_env/lib/python3.12/site-packages/airflow/example_dags/example_dataset_alias.py
[2025-10-25T21:40:26.065+0000] {logging_mixin.py:190} INFO - [2025-10-25T21:40:26.064+0000] {override.py:1900} INFO - Created Permission View: can edit on DAG:dataset_alias_example_alias_producer
[2025-10-25T21:40:26.069+0000] {logging_mixin.py:190} INFO - [2025-10-25T21:40:26.068+0000] {override.py:1900} INFO - Created Permission View: can delete on DAG:dataset_alias_example_alias_producer
[2025-10-25T21:40:26.071+0000] {logging_mixin.py:190} INFO - [2025-10-25T21:40:26.071+0000] {override.py:1900} INFO - Created Permission View: can read on DAG:dataset_alias_example_alias_producer
[2025-10-25T21:40:26.074+0000] {logging_mixin.py:190} INFO - [2025-10-25T21:40:26.074+0000] {override.py:1900} INFO - Created Permission View: can create on DAG Run:dataset_alias_example_alias_producer
[2025-10-25T21:40:26.077+0000] {logging_mixin.py:190} INFO - [2025-10-25T21:40:26.077+0000] {override.py:1900} INFO - Created Permission View: can delete on DAG Run:dataset_alias_example_alias_producer
[2025-10-25T21:40:26.079+0000] {logging_mixin.py:190} INFO - [2025-10-25T21:40:26.079+0000] {override.py:1900} INFO - Created Permission View: can read on DAG Run:dataset_alias_example_alias_producer
[2025-10-25T21:40:26.081+0000] {logging_mixin.py:190} INFO - [2025-10-25T21:40:26.081+0000] {override.py:1900} INFO - Created Permission View: menu access on DAG Run:dataset_alias_example_alias_producer
[2025-10-25T21:40:26.087+0000] {logging_mixin.py:190} INFO - [2025-10-25T21:40:26.087+0000] {override.py:1900} INFO - Created Permission View: can edit on DAG:dataset_s3_bucket_producer
[2025-10-25T21:40:26.089+0000] {logging_mixin.py:190} INFO - [2025-10-25T21:40:26.089+0000] {override.py:1900} INFO - Created Permission View: can delete on DAG:dataset_s3_bucket_producer
[2025-10-25T21:40:26.091+0000] {logging_mixin.py:190} INFO - [2025-10-25T21:40:26.091+0000] {override.py:1900} INFO - Created Permission View: can read on DAG:dataset_s3_bucket_producer
[2025-10-25T21:40:26.094+0000] {logging_mixin.py:190} INFO - [2025-10-25T21:40:26.094+0000] {override.py:1900} INFO - Created Permission View: can create on DAG Run:dataset_s3_bucket_producer
[2025-10-25T21:40:26.097+0000] {logging_mixin.py:190} INFO - [2025-10-25T21:40:26.096+0000] {override.py:1900} INFO - Created Permission View: can delete on DAG Run:dataset_s3_bucket_producer
[2025-10-25T21:40:26.099+0000] {logging_mixin.py:190} INFO - [2025-10-25T21:40:26.099+0000] {override.py:1900} INFO - Created Permission View: can read on DAG Run:dataset_s3_bucket_producer
[2025-10-25T21:40:26.101+0000] {logging_mixin.py:190} INFO - [2025-10-25T21:40:26.101+0000] {override.py:1900} INFO - Created Permission View: menu access on DAG Run:dataset_s3_bucket_producer
[2025-10-25T21:40:26.106+0000] {logging_mixin.py:190} INFO - [2025-10-25T21:40:26.106+0000] {override.py:1900} INFO - Created Permission View: can edit on DAG:dataset_s3_bucket_consumer
[2025-10-25T21:40:26.108+0000] {logging_mixin.py:190} INFO - [2025-10-25T21:40:26.108+0000] {override.py:1900} INFO - Created Permission View: can delete on DAG:dataset_s3_bucket_consumer
[2025-10-25T21:40:26.111+0000] {logging_mixin.py:190} INFO - [2025-10-25T21:40:26.111+0000] {override.py:1900} INFO - Created Permission View: can read on DAG:dataset_s3_bucket_consumer
[2025-10-25T21:40:26.114+0000] {logging_mixin.py:190} INFO - [2025-10-25T21:40:26.114+0000] {override.py:1900} INFO - Created Permission View: can create on DAG Run:dataset_s3_bucket_consumer
[2025-10-25T21:40:26.116+0000] {logging_mixin.py:190} INFO - [2025-10-25T21:40:26.116+0000] {override.py:1900} INFO - Created Permission View: can delete on DAG Run:dataset_s3_bucket_consumer
[2025-10-25T21:40:26.118+0000] {logging_mixin.py:190} INFO - [2025-10-25T21:40:26.118+0000] {override.py:1900} INFO - Created Permission View: can read on DAG Run:dataset_s3_bucket_consumer
[2025-10-25T21:40:26.121+0000] {logging_mixin.py:190} INFO - [2025-10-25T21:40:26.121+0000] {override.py:1900} INFO - Created Permission View: menu access on DAG Run:dataset_s3_bucket_consumer
[2025-10-25T21:40:26.131+0000] {logging_mixin.py:190} INFO - [2025-10-25T21:40:26.131+0000] {override.py:1900} INFO - Created Permission View: can edit on DAG:dataset_alias_example_alias_consumer
[2025-10-25T21:40:26.134+0000] {logging_mixin.py:190} INFO - [2025-10-25T21:40:26.134+0000] {override.py:1900} INFO - Created Permission View: can delete on DAG:dataset_alias_example_alias_consumer
[2025-10-25T21:40:26.137+0000] {logging_mixin.py:190} INFO - [2025-10-25T21:40:26.137+0000] {override.py:1900} INFO - Created Permission View: can read on DAG:dataset_alias_example_alias_consumer
[2025-10-25T21:40:26.140+0000] {logging_mixin.py:190} INFO - [2025-10-25T21:40:26.140+0000] {override.py:1900} INFO - Created Permission View: can create on DAG Run:dataset_alias_example_alias_consumer
[2025-10-25T21:40:26.143+0000] {logging_mixin.py:190} INFO - [2025-10-25T21:40:26.143+0000] {override.py:1900} INFO - Created Permission View: can delete on DAG Run:dataset_alias_example_alias_consumer
[2025-10-25T21:40:26.145+0000] {logging_mixin.py:190} INFO - [2025-10-25T21:40:26.145+0000] {override.py:1900} INFO - Created Permission View: can read on DAG Run:dataset_alias_example_alias_consumer
[2025-10-25T21:40:26.148+0000] {logging_mixin.py:190} INFO - [2025-10-25T21:40:26.148+0000] {override.py:1900} INFO - Created Permission View: menu access on DAG Run:dataset_alias_example_alias_consumer
[2025-10-25T21:40:26.148+0000] {logging_mixin.py:190} INFO - [2025-10-25T21:40:26.148+0000] {dag.py:3239} INFO - Sync 4 DAGs
[2025-10-25T21:40:26.154+0000] {logging_mixin.py:190} INFO - [2025-10-25T21:40:26.154+0000] {dag.py:3262} INFO - Creating ORM DAG for dataset_s3_bucket_consumer
[2025-10-25T21:40:26.154+0000] {logging_mixin.py:190} INFO - [2025-10-25T21:40:26.154+0000] {dag.py:3262} INFO - Creating ORM DAG for dataset_alias_example_alias_producer
[2025-10-25T21:40:26.154+0000] {logging_mixin.py:190} INFO - [2025-10-25T21:40:26.154+0000] {dag.py:3262} INFO - Creating ORM DAG for dataset_alias_example_alias_consumer
[2025-10-25T21:40:26.154+0000] {logging_mixin.py:190} INFO - [2025-10-25T21:40:26.154+0000] {dag.py:3262} INFO - Creating ORM DAG for dataset_s3_bucket_producer
[2025-10-25T21:40:26.158+0000] {logging_mixin.py:190} INFO - [2025-10-25T21:40:26.158+0000] {dag.py:4180} INFO - Setting next_dagrun for dataset_alias_example_alias_consumer to None, run_after=None
[2025-10-25T21:40:26.158+0000] {logging_mixin.py:190} INFO - [2025-10-25T21:40:26.158+0000] {dag.py:4180} INFO - Setting next_dagrun for dataset_alias_example_alias_producer to None, run_after=None
[2025-10-25T21:40:26.158+0000] {logging_mixin.py:190} INFO - [2025-10-25T21:40:26.158+0000] {dag.py:4180} INFO - Setting next_dagrun for dataset_s3_bucket_consumer to None, run_after=None
[2025-10-25T21:40:26.158+0000] {logging_mixin.py:190} INFO - [2025-10-25T21:40:26.158+0000] {dag.py:4180} INFO - Setting next_dagrun for dataset_s3_bucket_producer to None, run_after=None
[2025-10-25T21:40:26.164+0000] {logging_mixin.py:190} INFO - [2025-10-25T21:40:26.164+0000] {workday.py:41} WARNING - Could not import pandas. Holidays will not be considered.
[2025-10-25T21:40:26.172+0000] {processor.py:208} INFO - Processing /Users/komidoveneymissiamenou/Documents/Master 1 DIT/DataEnge/spark_airflow/airflow_env/lib/python3.12/site-packages/airflow/example_dags/example_dataset_alias.py took 0.287 seconds
[2025-10-25T21:43:07.856+0000] {processor.py:186} INFO - Started process (PID=35308) to work on /Users/komidoveneymissiamenou/Documents/Master 1 DIT/DataEnge/spark_airflow/airflow_env/lib/python3.12/site-packages/airflow/example_dags/example_dataset_alias.py
[2025-10-25T21:43:07.860+0000] {processor.py:914} INFO - Processing file /Users/komidoveneymissiamenou/Documents/Master 1 DIT/DataEnge/spark_airflow/airflow_env/lib/python3.12/site-packages/airflow/example_dags/example_dataset_alias.py for tasks to queue
[2025-10-25T21:43:07.861+0000] {logging_mixin.py:190} INFO - [2025-10-25T21:43:07.861+0000] {dagbag.py:588} INFO - Filling up the DagBag from /Users/komidoveneymissiamenou/Documents/Master 1 DIT/DataEnge/spark_airflow/airflow_env/lib/python3.12/site-packages/airflow/example_dags/example_dataset_alias.py
[2025-10-25T21:43:07.944+0000] {processor.py:925} INFO - DAG(s) 'dataset_alias_example_alias_consumer', 'dataset_s3_bucket_consumer', 'dataset_alias_example_alias_producer', 'dataset_s3_bucket_producer' retrieved from /Users/komidoveneymissiamenou/Documents/Master 1 DIT/DataEnge/spark_airflow/airflow_env/lib/python3.12/site-packages/airflow/example_dags/example_dataset_alias.py
[2025-10-25T21:43:07.956+0000] {logging_mixin.py:190} INFO - [2025-10-25T21:43:07.956+0000] {dag.py:3239} INFO - Sync 4 DAGs
[2025-10-25T21:43:07.964+0000] {logging_mixin.py:190} INFO - [2025-10-25T21:43:07.964+0000] {dag.py:4180} INFO - Setting next_dagrun for dataset_alias_example_alias_consumer to None, run_after=None
[2025-10-25T21:43:07.965+0000] {logging_mixin.py:190} INFO - [2025-10-25T21:43:07.965+0000] {dag.py:4180} INFO - Setting next_dagrun for dataset_alias_example_alias_producer to None, run_after=None
[2025-10-25T21:43:07.965+0000] {logging_mixin.py:190} INFO - [2025-10-25T21:43:07.965+0000] {dag.py:4180} INFO - Setting next_dagrun for dataset_s3_bucket_consumer to None, run_after=None
[2025-10-25T21:43:07.965+0000] {logging_mixin.py:190} INFO - [2025-10-25T21:43:07.965+0000] {dag.py:4180} INFO - Setting next_dagrun for dataset_s3_bucket_producer to None, run_after=None
[2025-10-25T21:43:07.974+0000] {processor.py:208} INFO - Processing /Users/komidoveneymissiamenou/Documents/Master 1 DIT/DataEnge/spark_airflow/airflow_env/lib/python3.12/site-packages/airflow/example_dags/example_dataset_alias.py took 0.120 seconds
[2025-10-25T21:45:49.903+0000] {processor.py:186} INFO - Started process (PID=37600) to work on /Users/komidoveneymissiamenou/Documents/Master 1 DIT/DataEnge/spark_airflow/airflow_env/lib/python3.12/site-packages/airflow/example_dags/example_dataset_alias.py
[2025-10-25T21:45:49.904+0000] {processor.py:914} INFO - Processing file /Users/komidoveneymissiamenou/Documents/Master 1 DIT/DataEnge/spark_airflow/airflow_env/lib/python3.12/site-packages/airflow/example_dags/example_dataset_alias.py for tasks to queue
[2025-10-25T21:45:49.904+0000] {logging_mixin.py:190} INFO - [2025-10-25T21:45:49.904+0000] {dagbag.py:588} INFO - Filling up the DagBag from /Users/komidoveneymissiamenou/Documents/Master 1 DIT/DataEnge/spark_airflow/airflow_env/lib/python3.12/site-packages/airflow/example_dags/example_dataset_alias.py
[2025-10-25T21:45:49.981+0000] {processor.py:925} INFO - DAG(s) 'dataset_alias_example_alias_consumer', 'dataset_s3_bucket_producer', 'dataset_s3_bucket_consumer', 'dataset_alias_example_alias_producer' retrieved from /Users/komidoveneymissiamenou/Documents/Master 1 DIT/DataEnge/spark_airflow/airflow_env/lib/python3.12/site-packages/airflow/example_dags/example_dataset_alias.py
[2025-10-25T21:45:49.991+0000] {logging_mixin.py:190} INFO - [2025-10-25T21:45:49.991+0000] {dag.py:3239} INFO - Sync 4 DAGs
[2025-10-25T21:45:49.997+0000] {logging_mixin.py:190} INFO - [2025-10-25T21:45:49.997+0000] {dag.py:4180} INFO - Setting next_dagrun for dataset_alias_example_alias_consumer to None, run_after=None
[2025-10-25T21:45:49.998+0000] {logging_mixin.py:190} INFO - [2025-10-25T21:45:49.998+0000] {dag.py:4180} INFO - Setting next_dagrun for dataset_alias_example_alias_producer to None, run_after=None
[2025-10-25T21:45:49.998+0000] {logging_mixin.py:190} INFO - [2025-10-25T21:45:49.998+0000] {dag.py:4180} INFO - Setting next_dagrun for dataset_s3_bucket_consumer to None, run_after=None
[2025-10-25T21:45:49.999+0000] {logging_mixin.py:190} INFO - [2025-10-25T21:45:49.999+0000] {dag.py:4180} INFO - Setting next_dagrun for dataset_s3_bucket_producer to None, run_after=None
[2025-10-25T21:45:50.009+0000] {processor.py:208} INFO - Processing /Users/komidoveneymissiamenou/Documents/Master 1 DIT/DataEnge/spark_airflow/airflow_env/lib/python3.12/site-packages/airflow/example_dags/example_dataset_alias.py took 0.107 seconds
[2025-10-25T21:50:18.073+0000] {processor.py:186} INFO - Started process (PID=43484) to work on /Users/komidoveneymissiamenou/Documents/Master 1 DIT/DataEnge/spark_airflow/airflow_env/lib/python3.12/site-packages/airflow/example_dags/example_dataset_alias.py
[2025-10-25T21:50:18.074+0000] {processor.py:914} INFO - Processing file /Users/komidoveneymissiamenou/Documents/Master 1 DIT/DataEnge/spark_airflow/airflow_env/lib/python3.12/site-packages/airflow/example_dags/example_dataset_alias.py for tasks to queue
[2025-10-25T21:50:18.075+0000] {logging_mixin.py:190} INFO - [2025-10-25T21:50:18.075+0000] {dagbag.py:588} INFO - Filling up the DagBag from /Users/komidoveneymissiamenou/Documents/Master 1 DIT/DataEnge/spark_airflow/airflow_env/lib/python3.12/site-packages/airflow/example_dags/example_dataset_alias.py
[2025-10-25T21:50:18.144+0000] {processor.py:925} INFO - DAG(s) 'dataset_alias_example_alias_consumer', 'dataset_s3_bucket_consumer', 'dataset_s3_bucket_producer', 'dataset_alias_example_alias_producer' retrieved from /Users/komidoveneymissiamenou/Documents/Master 1 DIT/DataEnge/spark_airflow/airflow_env/lib/python3.12/site-packages/airflow/example_dags/example_dataset_alias.py
[2025-10-25T21:50:18.153+0000] {logging_mixin.py:190} INFO - [2025-10-25T21:50:18.153+0000] {dag.py:3239} INFO - Sync 4 DAGs
[2025-10-25T21:50:18.160+0000] {logging_mixin.py:190} INFO - [2025-10-25T21:50:18.160+0000] {dag.py:4180} INFO - Setting next_dagrun for dataset_alias_example_alias_consumer to None, run_after=None
[2025-10-25T21:50:18.160+0000] {logging_mixin.py:190} INFO - [2025-10-25T21:50:18.160+0000] {dag.py:4180} INFO - Setting next_dagrun for dataset_alias_example_alias_producer to None, run_after=None
[2025-10-25T21:50:18.161+0000] {logging_mixin.py:190} INFO - [2025-10-25T21:50:18.161+0000] {dag.py:4180} INFO - Setting next_dagrun for dataset_s3_bucket_consumer to None, run_after=None
[2025-10-25T21:50:18.161+0000] {logging_mixin.py:190} INFO - [2025-10-25T21:50:18.161+0000] {dag.py:4180} INFO - Setting next_dagrun for dataset_s3_bucket_producer to None, run_after=None
[2025-10-25T21:50:18.171+0000] {processor.py:208} INFO - Processing /Users/komidoveneymissiamenou/Documents/Master 1 DIT/DataEnge/spark_airflow/airflow_env/lib/python3.12/site-packages/airflow/example_dags/example_dataset_alias.py took 0.099 seconds
[2025-10-25T21:53:22.951+0000] {processor.py:186} INFO - Started process (PID=46736) to work on /Users/komidoveneymissiamenou/Documents/Master 1 DIT/DataEnge/spark_airflow/airflow_env/lib/python3.12/site-packages/airflow/example_dags/example_dataset_alias.py
[2025-10-25T21:53:22.952+0000] {processor.py:914} INFO - Processing file /Users/komidoveneymissiamenou/Documents/Master 1 DIT/DataEnge/spark_airflow/airflow_env/lib/python3.12/site-packages/airflow/example_dags/example_dataset_alias.py for tasks to queue
[2025-10-25T21:53:22.952+0000] {logging_mixin.py:190} INFO - [2025-10-25T21:53:22.952+0000] {dagbag.py:588} INFO - Filling up the DagBag from /Users/komidoveneymissiamenou/Documents/Master 1 DIT/DataEnge/spark_airflow/airflow_env/lib/python3.12/site-packages/airflow/example_dags/example_dataset_alias.py
[2025-10-25T21:53:23.028+0000] {processor.py:925} INFO - DAG(s) 'dataset_s3_bucket_producer', 'dataset_alias_example_alias_producer', 'dataset_s3_bucket_consumer', 'dataset_alias_example_alias_consumer' retrieved from /Users/komidoveneymissiamenou/Documents/Master 1 DIT/DataEnge/spark_airflow/airflow_env/lib/python3.12/site-packages/airflow/example_dags/example_dataset_alias.py
[2025-10-25T21:53:23.036+0000] {logging_mixin.py:190} INFO - [2025-10-25T21:53:23.036+0000] {dag.py:3239} INFO - Sync 4 DAGs
[2025-10-25T21:53:23.043+0000] {logging_mixin.py:190} INFO - [2025-10-25T21:53:23.043+0000] {dag.py:4180} INFO - Setting next_dagrun for dataset_alias_example_alias_consumer to None, run_after=None
[2025-10-25T21:53:23.044+0000] {logging_mixin.py:190} INFO - [2025-10-25T21:53:23.044+0000] {dag.py:4180} INFO - Setting next_dagrun for dataset_alias_example_alias_producer to None, run_after=None
[2025-10-25T21:53:23.044+0000] {logging_mixin.py:190} INFO - [2025-10-25T21:53:23.044+0000] {dag.py:4180} INFO - Setting next_dagrun for dataset_s3_bucket_consumer to None, run_after=None
[2025-10-25T21:53:23.044+0000] {logging_mixin.py:190} INFO - [2025-10-25T21:53:23.044+0000] {dag.py:4180} INFO - Setting next_dagrun for dataset_s3_bucket_producer to None, run_after=None
[2025-10-25T21:53:23.053+0000] {processor.py:208} INFO - Processing /Users/komidoveneymissiamenou/Documents/Master 1 DIT/DataEnge/spark_airflow/airflow_env/lib/python3.12/site-packages/airflow/example_dags/example_dataset_alias.py took 0.104 seconds
[2025-10-25T21:55:58.303+0000] {processor.py:186} INFO - Started process (PID=49725) to work on /Users/komidoveneymissiamenou/Documents/Master 1 DIT/DataEnge/spark_airflow/airflow_env/lib/python3.12/site-packages/airflow/example_dags/example_dataset_alias.py
[2025-10-25T21:55:58.306+0000] {processor.py:914} INFO - Processing file /Users/komidoveneymissiamenou/Documents/Master 1 DIT/DataEnge/spark_airflow/airflow_env/lib/python3.12/site-packages/airflow/example_dags/example_dataset_alias.py for tasks to queue
[2025-10-25T21:55:58.307+0000] {logging_mixin.py:190} INFO - [2025-10-25T21:55:58.307+0000] {dagbag.py:588} INFO - Filling up the DagBag from /Users/komidoveneymissiamenou/Documents/Master 1 DIT/DataEnge/spark_airflow/airflow_env/lib/python3.12/site-packages/airflow/example_dags/example_dataset_alias.py
[2025-10-25T21:55:58.387+0000] {processor.py:925} INFO - DAG(s) 'dataset_alias_example_alias_producer', 'dataset_alias_example_alias_consumer', 'dataset_s3_bucket_consumer', 'dataset_s3_bucket_producer' retrieved from /Users/komidoveneymissiamenou/Documents/Master 1 DIT/DataEnge/spark_airflow/airflow_env/lib/python3.12/site-packages/airflow/example_dags/example_dataset_alias.py
[2025-10-25T21:55:58.397+0000] {logging_mixin.py:190} INFO - [2025-10-25T21:55:58.397+0000] {dag.py:3239} INFO - Sync 4 DAGs
[2025-10-25T21:55:58.405+0000] {logging_mixin.py:190} INFO - [2025-10-25T21:55:58.405+0000] {dag.py:4180} INFO - Setting next_dagrun for dataset_alias_example_alias_consumer to None, run_after=None
[2025-10-25T21:55:58.406+0000] {logging_mixin.py:190} INFO - [2025-10-25T21:55:58.405+0000] {dag.py:4180} INFO - Setting next_dagrun for dataset_alias_example_alias_producer to None, run_after=None
[2025-10-25T21:55:58.406+0000] {logging_mixin.py:190} INFO - [2025-10-25T21:55:58.406+0000] {dag.py:4180} INFO - Setting next_dagrun for dataset_s3_bucket_consumer to None, run_after=None
[2025-10-25T21:55:58.406+0000] {logging_mixin.py:190} INFO - [2025-10-25T21:55:58.406+0000] {dag.py:4180} INFO - Setting next_dagrun for dataset_s3_bucket_producer to None, run_after=None
[2025-10-25T21:55:58.418+0000] {processor.py:208} INFO - Processing /Users/komidoveneymissiamenou/Documents/Master 1 DIT/DataEnge/spark_airflow/airflow_env/lib/python3.12/site-packages/airflow/example_dags/example_dataset_alias.py took 0.119 seconds
[2025-10-25T21:58:52.882+0000] {processor.py:186} INFO - Started process (PID=51793) to work on /Users/komidoveneymissiamenou/Documents/Master 1 DIT/DataEnge/spark_airflow/airflow_env/lib/python3.12/site-packages/airflow/example_dags/example_dataset_alias.py
[2025-10-25T21:58:52.883+0000] {processor.py:914} INFO - Processing file /Users/komidoveneymissiamenou/Documents/Master 1 DIT/DataEnge/spark_airflow/airflow_env/lib/python3.12/site-packages/airflow/example_dags/example_dataset_alias.py for tasks to queue
[2025-10-25T21:58:52.883+0000] {logging_mixin.py:190} INFO - [2025-10-25T21:58:52.883+0000] {dagbag.py:588} INFO - Filling up the DagBag from /Users/komidoveneymissiamenou/Documents/Master 1 DIT/DataEnge/spark_airflow/airflow_env/lib/python3.12/site-packages/airflow/example_dags/example_dataset_alias.py
[2025-10-25T21:58:52.966+0000] {processor.py:925} INFO - DAG(s) 'dataset_s3_bucket_consumer', 'dataset_alias_example_alias_consumer', 'dataset_alias_example_alias_producer', 'dataset_s3_bucket_producer' retrieved from /Users/komidoveneymissiamenou/Documents/Master 1 DIT/DataEnge/spark_airflow/airflow_env/lib/python3.12/site-packages/airflow/example_dags/example_dataset_alias.py
[2025-10-25T21:58:52.975+0000] {logging_mixin.py:190} INFO - [2025-10-25T21:58:52.975+0000] {dag.py:3239} INFO - Sync 4 DAGs
[2025-10-25T21:58:52.982+0000] {logging_mixin.py:190} INFO - [2025-10-25T21:58:52.982+0000] {dag.py:4180} INFO - Setting next_dagrun for dataset_alias_example_alias_consumer to None, run_after=None
[2025-10-25T21:58:52.983+0000] {logging_mixin.py:190} INFO - [2025-10-25T21:58:52.983+0000] {dag.py:4180} INFO - Setting next_dagrun for dataset_alias_example_alias_producer to None, run_after=None
[2025-10-25T21:58:52.983+0000] {logging_mixin.py:190} INFO - [2025-10-25T21:58:52.983+0000] {dag.py:4180} INFO - Setting next_dagrun for dataset_s3_bucket_consumer to None, run_after=None
[2025-10-25T21:58:52.983+0000] {logging_mixin.py:190} INFO - [2025-10-25T21:58:52.983+0000] {dag.py:4180} INFO - Setting next_dagrun for dataset_s3_bucket_producer to None, run_after=None
[2025-10-25T21:58:52.991+0000] {processor.py:208} INFO - Processing /Users/komidoveneymissiamenou/Documents/Master 1 DIT/DataEnge/spark_airflow/airflow_env/lib/python3.12/site-packages/airflow/example_dags/example_dataset_alias.py took 0.111 seconds
