[2025-10-25T21:39:32.195+0000] {processor.py:186} INFO - Started process (PID=32651) to work on /Users/komidoveneymissiamenou/Documents/Master 1 DIT/DataEnge/spark_airflow/airflow_env/lib/python3.12/site-packages/airflow/example_dags/example_sla_dag.py
[2025-10-25T21:39:32.200+0000] {processor.py:914} INFO - Processing file /Users/komidoveneymissiamenou/Documents/Master 1 DIT/DataEnge/spark_airflow/airflow_env/lib/python3.12/site-packages/airflow/example_dags/example_sla_dag.py for tasks to queue
[2025-10-25T21:39:32.200+0000] {logging_mixin.py:190} INFO - [2025-10-25T21:39:32.200+0000] {dagbag.py:588} INFO - Filling up the DagBag from /Users/komidoveneymissiamenou/Documents/Master 1 DIT/DataEnge/spark_airflow/airflow_env/lib/python3.12/site-packages/airflow/example_dags/example_sla_dag.py
[2025-10-25T21:39:32.219+0000] {processor.py:925} INFO - DAG(s) 'example_sla_dag' retrieved from /Users/komidoveneymissiamenou/Documents/Master 1 DIT/DataEnge/spark_airflow/airflow_env/lib/python3.12/site-packages/airflow/example_dags/example_sla_dag.py
[2025-10-25T21:39:32.317+0000] {logging_mixin.py:190} INFO - [2025-10-25T21:39:32.317+0000] {override.py:1900} INFO - Created Permission View: can read on DAG:example_sla_dag
[2025-10-25T21:39:32.320+0000] {logging_mixin.py:190} INFO - [2025-10-25T21:39:32.320+0000] {override.py:1900} INFO - Created Permission View: can delete on DAG:example_sla_dag
[2025-10-25T21:39:32.322+0000] {logging_mixin.py:190} INFO - [2025-10-25T21:39:32.322+0000] {override.py:1900} INFO - Created Permission View: can edit on DAG:example_sla_dag
[2025-10-25T21:39:32.325+0000] {logging_mixin.py:190} INFO - [2025-10-25T21:39:32.325+0000] {override.py:1900} INFO - Created Permission View: can read on DAG Run:example_sla_dag
[2025-10-25T21:39:32.328+0000] {logging_mixin.py:190} INFO - [2025-10-25T21:39:32.328+0000] {override.py:1900} INFO - Created Permission View: can delete on DAG Run:example_sla_dag
[2025-10-25T21:39:32.330+0000] {logging_mixin.py:190} INFO - [2025-10-25T21:39:32.330+0000] {override.py:1900} INFO - Created Permission View: menu access on DAG Run:example_sla_dag
[2025-10-25T21:39:32.332+0000] {logging_mixin.py:190} INFO - [2025-10-25T21:39:32.332+0000] {override.py:1900} INFO - Created Permission View: can create on DAG Run:example_sla_dag
[2025-10-25T21:39:32.332+0000] {logging_mixin.py:190} INFO - [2025-10-25T21:39:32.332+0000] {dag.py:3239} INFO - Sync 1 DAGs
[2025-10-25T21:39:32.336+0000] {logging_mixin.py:190} INFO - [2025-10-25T21:39:32.336+0000] {dag.py:3262} INFO - Creating ORM DAG for example_sla_dag
[2025-10-25T21:39:32.340+0000] {logging_mixin.py:190} INFO - [2025-10-25T21:39:32.340+0000] {dag.py:4180} INFO - Setting next_dagrun for example_sla_dag to 2025-10-25 21:36:00+00:00, run_after=2025-10-25 21:38:00+00:00
[2025-10-25T21:39:32.347+0000] {processor.py:208} INFO - Processing /Users/komidoveneymissiamenou/Documents/Master 1 DIT/DataEnge/spark_airflow/airflow_env/lib/python3.12/site-packages/airflow/example_dags/example_sla_dag.py took 0.154 seconds
[2025-10-25T21:41:29.788+0000] {processor.py:186} INFO - Started process (PID=34110) to work on /Users/komidoveneymissiamenou/Documents/Master 1 DIT/DataEnge/spark_airflow/airflow_env/lib/python3.12/site-packages/airflow/example_dags/example_sla_dag.py
[2025-10-25T21:41:29.788+0000] {processor.py:914} INFO - Processing file /Users/komidoveneymissiamenou/Documents/Master 1 DIT/DataEnge/spark_airflow/airflow_env/lib/python3.12/site-packages/airflow/example_dags/example_sla_dag.py for tasks to queue
[2025-10-25T21:41:29.789+0000] {logging_mixin.py:190} INFO - [2025-10-25T21:41:29.789+0000] {dagbag.py:588} INFO - Filling up the DagBag from /Users/komidoveneymissiamenou/Documents/Master 1 DIT/DataEnge/spark_airflow/airflow_env/lib/python3.12/site-packages/airflow/example_dags/example_sla_dag.py
[2025-10-25T21:41:29.807+0000] {processor.py:925} INFO - DAG(s) 'example_sla_dag' retrieved from /Users/komidoveneymissiamenou/Documents/Master 1 DIT/DataEnge/spark_airflow/airflow_env/lib/python3.12/site-packages/airflow/example_dags/example_sla_dag.py
[2025-10-25T21:41:29.844+0000] {logging_mixin.py:190} INFO - [2025-10-25T21:41:29.844+0000] {dag.py:3239} INFO - Sync 1 DAGs
[2025-10-25T21:41:29.851+0000] {logging_mixin.py:190} INFO - [2025-10-25T21:41:29.851+0000] {dag.py:4180} INFO - Setting next_dagrun for example_sla_dag to 2025-10-25 21:38:00+00:00, run_after=2025-10-25 21:40:00+00:00
[2025-10-25T21:41:29.858+0000] {processor.py:208} INFO - Processing /Users/komidoveneymissiamenou/Documents/Master 1 DIT/DataEnge/spark_airflow/airflow_env/lib/python3.12/site-packages/airflow/example_dags/example_sla_dag.py took 0.071 seconds
[2025-10-25T21:42:50.248+0000] {processor.py:186} INFO - Started process (PID=35095) to work on /Users/komidoveneymissiamenou/Documents/Master 1 DIT/DataEnge/spark_airflow/airflow_env/lib/python3.12/site-packages/airflow/example_dags/example_sla_dag.py
[2025-10-25T21:42:50.249+0000] {processor.py:914} INFO - Processing file /Users/komidoveneymissiamenou/Documents/Master 1 DIT/DataEnge/spark_airflow/airflow_env/lib/python3.12/site-packages/airflow/example_dags/example_sla_dag.py for tasks to queue
[2025-10-25T21:42:50.251+0000] {logging_mixin.py:190} INFO - [2025-10-25T21:42:50.250+0000] {dagbag.py:588} INFO - Filling up the DagBag from /Users/komidoveneymissiamenou/Documents/Master 1 DIT/DataEnge/spark_airflow/airflow_env/lib/python3.12/site-packages/airflow/example_dags/example_sla_dag.py
[2025-10-25T21:42:50.274+0000] {processor.py:925} INFO - DAG(s) 'example_sla_dag' retrieved from /Users/komidoveneymissiamenou/Documents/Master 1 DIT/DataEnge/spark_airflow/airflow_env/lib/python3.12/site-packages/airflow/example_dags/example_sla_dag.py
[2025-10-25T21:42:50.309+0000] {logging_mixin.py:190} INFO - [2025-10-25T21:42:50.309+0000] {dag.py:3239} INFO - Sync 1 DAGs
[2025-10-25T21:42:50.317+0000] {logging_mixin.py:190} INFO - [2025-10-25T21:42:50.316+0000] {dag.py:4180} INFO - Setting next_dagrun for example_sla_dag to 2025-10-25 21:40:00+00:00, run_after=2025-10-25 21:42:00+00:00
[2025-10-25T21:42:50.323+0000] {processor.py:208} INFO - Processing /Users/komidoveneymissiamenou/Documents/Master 1 DIT/DataEnge/spark_airflow/airflow_env/lib/python3.12/site-packages/airflow/example_dags/example_sla_dag.py took 0.078 seconds
[2025-10-25T21:44:06.810+0000] {processor.py:186} INFO - Started process (PID=36016) to work on /Users/komidoveneymissiamenou/Documents/Master 1 DIT/DataEnge/spark_airflow/airflow_env/lib/python3.12/site-packages/airflow/example_dags/example_sla_dag.py
[2025-10-25T21:44:06.811+0000] {processor.py:914} INFO - Processing file /Users/komidoveneymissiamenou/Documents/Master 1 DIT/DataEnge/spark_airflow/airflow_env/lib/python3.12/site-packages/airflow/example_dags/example_sla_dag.py for tasks to queue
[2025-10-25T21:44:06.812+0000] {logging_mixin.py:190} INFO - [2025-10-25T21:44:06.812+0000] {dagbag.py:588} INFO - Filling up the DagBag from /Users/komidoveneymissiamenou/Documents/Master 1 DIT/DataEnge/spark_airflow/airflow_env/lib/python3.12/site-packages/airflow/example_dags/example_sla_dag.py
[2025-10-25T21:44:06.840+0000] {processor.py:925} INFO - DAG(s) 'example_sla_dag' retrieved from /Users/komidoveneymissiamenou/Documents/Master 1 DIT/DataEnge/spark_airflow/airflow_env/lib/python3.12/site-packages/airflow/example_dags/example_sla_dag.py
[2025-10-25T21:44:06.876+0000] {logging_mixin.py:190} INFO - [2025-10-25T21:44:06.876+0000] {dag.py:3239} INFO - Sync 1 DAGs
[2025-10-25T21:44:06.883+0000] {logging_mixin.py:190} INFO - [2025-10-25T21:44:06.883+0000] {dag.py:4180} INFO - Setting next_dagrun for example_sla_dag to 2025-10-25 21:42:00+00:00, run_after=2025-10-25 21:44:00+00:00
[2025-10-25T21:44:06.890+0000] {processor.py:208} INFO - Processing /Users/komidoveneymissiamenou/Documents/Master 1 DIT/DataEnge/spark_airflow/airflow_env/lib/python3.12/site-packages/airflow/example_dags/example_sla_dag.py took 0.086 seconds
[2025-10-25T21:45:27.787+0000] {processor.py:186} INFO - Started process (PID=37332) to work on /Users/komidoveneymissiamenou/Documents/Master 1 DIT/DataEnge/spark_airflow/airflow_env/lib/python3.12/site-packages/airflow/example_dags/example_sla_dag.py
[2025-10-25T21:45:27.788+0000] {processor.py:914} INFO - Processing file /Users/komidoveneymissiamenou/Documents/Master 1 DIT/DataEnge/spark_airflow/airflow_env/lib/python3.12/site-packages/airflow/example_dags/example_sla_dag.py for tasks to queue
[2025-10-25T21:45:27.788+0000] {logging_mixin.py:190} INFO - [2025-10-25T21:45:27.788+0000] {dagbag.py:588} INFO - Filling up the DagBag from /Users/komidoveneymissiamenou/Documents/Master 1 DIT/DataEnge/spark_airflow/airflow_env/lib/python3.12/site-packages/airflow/example_dags/example_sla_dag.py
[2025-10-25T21:45:27.806+0000] {processor.py:925} INFO - DAG(s) 'example_sla_dag' retrieved from /Users/komidoveneymissiamenou/Documents/Master 1 DIT/DataEnge/spark_airflow/airflow_env/lib/python3.12/site-packages/airflow/example_dags/example_sla_dag.py
[2025-10-25T21:45:27.841+0000] {logging_mixin.py:190} INFO - [2025-10-25T21:45:27.841+0000] {dag.py:3239} INFO - Sync 1 DAGs
[2025-10-25T21:45:27.849+0000] {logging_mixin.py:190} INFO - [2025-10-25T21:45:27.849+0000] {dag.py:4180} INFO - Setting next_dagrun for example_sla_dag to 2025-10-25 21:42:00+00:00, run_after=2025-10-25 21:44:00+00:00
[2025-10-25T21:45:27.856+0000] {processor.py:208} INFO - Processing /Users/komidoveneymissiamenou/Documents/Master 1 DIT/DataEnge/spark_airflow/airflow_env/lib/python3.12/site-packages/airflow/example_dags/example_sla_dag.py took 0.070 seconds
[2025-10-25T21:47:02.191+0000] {processor.py:186} INFO - Started process (PID=38635) to work on /Users/komidoveneymissiamenou/Documents/Master 1 DIT/DataEnge/spark_airflow/airflow_env/lib/python3.12/site-packages/airflow/example_dags/example_sla_dag.py
[2025-10-25T21:47:02.192+0000] {processor.py:914} INFO - Processing file /Users/komidoveneymissiamenou/Documents/Master 1 DIT/DataEnge/spark_airflow/airflow_env/lib/python3.12/site-packages/airflow/example_dags/example_sla_dag.py for tasks to queue
[2025-10-25T21:47:02.194+0000] {logging_mixin.py:190} INFO - [2025-10-25T21:47:02.193+0000] {dagbag.py:588} INFO - Filling up the DagBag from /Users/komidoveneymissiamenou/Documents/Master 1 DIT/DataEnge/spark_airflow/airflow_env/lib/python3.12/site-packages/airflow/example_dags/example_sla_dag.py
[2025-10-25T21:47:02.224+0000] {processor.py:925} INFO - DAG(s) 'example_sla_dag' retrieved from /Users/komidoveneymissiamenou/Documents/Master 1 DIT/DataEnge/spark_airflow/airflow_env/lib/python3.12/site-packages/airflow/example_dags/example_sla_dag.py
[2025-10-25T21:47:02.266+0000] {logging_mixin.py:190} INFO - [2025-10-25T21:47:02.266+0000] {dag.py:3239} INFO - Sync 1 DAGs
[2025-10-25T21:47:02.275+0000] {logging_mixin.py:190} INFO - [2025-10-25T21:47:02.275+0000] {dag.py:4180} INFO - Setting next_dagrun for example_sla_dag to 2025-10-25 21:44:00+00:00, run_after=2025-10-25 21:46:00+00:00
[2025-10-25T21:47:02.283+0000] {processor.py:208} INFO - Processing /Users/komidoveneymissiamenou/Documents/Master 1 DIT/DataEnge/spark_airflow/airflow_env/lib/python3.12/site-packages/airflow/example_dags/example_sla_dag.py took 0.093 seconds
[2025-10-25T21:49:23.123+0000] {processor.py:186} INFO - Started process (PID=42366) to work on /Users/komidoveneymissiamenou/Documents/Master 1 DIT/DataEnge/spark_airflow/airflow_env/lib/python3.12/site-packages/airflow/example_dags/example_sla_dag.py
[2025-10-25T21:49:23.124+0000] {processor.py:914} INFO - Processing file /Users/komidoveneymissiamenou/Documents/Master 1 DIT/DataEnge/spark_airflow/airflow_env/lib/python3.12/site-packages/airflow/example_dags/example_sla_dag.py for tasks to queue
[2025-10-25T21:49:23.125+0000] {logging_mixin.py:190} INFO - [2025-10-25T21:49:23.125+0000] {dagbag.py:588} INFO - Filling up the DagBag from /Users/komidoveneymissiamenou/Documents/Master 1 DIT/DataEnge/spark_airflow/airflow_env/lib/python3.12/site-packages/airflow/example_dags/example_sla_dag.py
[2025-10-25T21:49:23.147+0000] {processor.py:925} INFO - DAG(s) 'example_sla_dag' retrieved from /Users/komidoveneymissiamenou/Documents/Master 1 DIT/DataEnge/spark_airflow/airflow_env/lib/python3.12/site-packages/airflow/example_dags/example_sla_dag.py
[2025-10-25T21:49:23.182+0000] {logging_mixin.py:190} INFO - [2025-10-25T21:49:23.182+0000] {dag.py:3239} INFO - Sync 1 DAGs
[2025-10-25T21:49:23.189+0000] {logging_mixin.py:190} INFO - [2025-10-25T21:49:23.189+0000] {dag.py:4180} INFO - Setting next_dagrun for example_sla_dag to 2025-10-25 21:46:00+00:00, run_after=2025-10-25 21:48:00+00:00
[2025-10-25T21:49:23.196+0000] {processor.py:208} INFO - Processing /Users/komidoveneymissiamenou/Documents/Master 1 DIT/DataEnge/spark_airflow/airflow_env/lib/python3.12/site-packages/airflow/example_dags/example_sla_dag.py took 0.075 seconds
[2025-10-25T21:51:30.864+0000] {processor.py:186} INFO - Started process (PID=44448) to work on /Users/komidoveneymissiamenou/Documents/Master 1 DIT/DataEnge/spark_airflow/airflow_env/lib/python3.12/site-packages/airflow/example_dags/example_sla_dag.py
[2025-10-25T21:51:30.865+0000] {processor.py:914} INFO - Processing file /Users/komidoveneymissiamenou/Documents/Master 1 DIT/DataEnge/spark_airflow/airflow_env/lib/python3.12/site-packages/airflow/example_dags/example_sla_dag.py for tasks to queue
[2025-10-25T21:51:30.866+0000] {logging_mixin.py:190} INFO - [2025-10-25T21:51:30.865+0000] {dagbag.py:588} INFO - Filling up the DagBag from /Users/komidoveneymissiamenou/Documents/Master 1 DIT/DataEnge/spark_airflow/airflow_env/lib/python3.12/site-packages/airflow/example_dags/example_sla_dag.py
[2025-10-25T21:51:30.885+0000] {processor.py:925} INFO - DAG(s) 'example_sla_dag' retrieved from /Users/komidoveneymissiamenou/Documents/Master 1 DIT/DataEnge/spark_airflow/airflow_env/lib/python3.12/site-packages/airflow/example_dags/example_sla_dag.py
[2025-10-25T21:51:30.920+0000] {logging_mixin.py:190} INFO - [2025-10-25T21:51:30.920+0000] {dag.py:3239} INFO - Sync 1 DAGs
[2025-10-25T21:51:30.928+0000] {logging_mixin.py:190} INFO - [2025-10-25T21:51:30.928+0000] {dag.py:4180} INFO - Setting next_dagrun for example_sla_dag to 2025-10-25 21:48:00+00:00, run_after=2025-10-25 21:50:00+00:00
[2025-10-25T21:51:30.936+0000] {processor.py:208} INFO - Processing /Users/komidoveneymissiamenou/Documents/Master 1 DIT/DataEnge/spark_airflow/airflow_env/lib/python3.12/site-packages/airflow/example_dags/example_sla_dag.py took 0.074 seconds
[2025-10-25T21:52:56.215+0000] {processor.py:186} INFO - Started process (PID=46406) to work on /Users/komidoveneymissiamenou/Documents/Master 1 DIT/DataEnge/spark_airflow/airflow_env/lib/python3.12/site-packages/airflow/example_dags/example_sla_dag.py
[2025-10-25T21:52:56.217+0000] {processor.py:914} INFO - Processing file /Users/komidoveneymissiamenou/Documents/Master 1 DIT/DataEnge/spark_airflow/airflow_env/lib/python3.12/site-packages/airflow/example_dags/example_sla_dag.py for tasks to queue
[2025-10-25T21:52:56.217+0000] {logging_mixin.py:190} INFO - [2025-10-25T21:52:56.217+0000] {dagbag.py:588} INFO - Filling up the DagBag from /Users/komidoveneymissiamenou/Documents/Master 1 DIT/DataEnge/spark_airflow/airflow_env/lib/python3.12/site-packages/airflow/example_dags/example_sla_dag.py
[2025-10-25T21:52:56.248+0000] {processor.py:925} INFO - DAG(s) 'example_sla_dag' retrieved from /Users/komidoveneymissiamenou/Documents/Master 1 DIT/DataEnge/spark_airflow/airflow_env/lib/python3.12/site-packages/airflow/example_dags/example_sla_dag.py
[2025-10-25T21:52:56.283+0000] {logging_mixin.py:190} INFO - [2025-10-25T21:52:56.283+0000] {dag.py:3239} INFO - Sync 1 DAGs
[2025-10-25T21:52:56.290+0000] {logging_mixin.py:190} INFO - [2025-10-25T21:52:56.290+0000] {dag.py:4180} INFO - Setting next_dagrun for example_sla_dag to 2025-10-25 21:50:00+00:00, run_after=2025-10-25 21:52:00+00:00
[2025-10-25T21:52:56.297+0000] {processor.py:208} INFO - Processing /Users/komidoveneymissiamenou/Documents/Master 1 DIT/DataEnge/spark_airflow/airflow_env/lib/python3.12/site-packages/airflow/example_dags/example_sla_dag.py took 0.083 seconds
[2025-10-25T21:55:02.272+0000] {processor.py:186} INFO - Started process (PID=49054) to work on /Users/komidoveneymissiamenou/Documents/Master 1 DIT/DataEnge/spark_airflow/airflow_env/lib/python3.12/site-packages/airflow/example_dags/example_sla_dag.py
[2025-10-25T21:55:02.274+0000] {processor.py:914} INFO - Processing file /Users/komidoveneymissiamenou/Documents/Master 1 DIT/DataEnge/spark_airflow/airflow_env/lib/python3.12/site-packages/airflow/example_dags/example_sla_dag.py for tasks to queue
[2025-10-25T21:55:02.275+0000] {logging_mixin.py:190} INFO - [2025-10-25T21:55:02.275+0000] {dagbag.py:588} INFO - Filling up the DagBag from /Users/komidoveneymissiamenou/Documents/Master 1 DIT/DataEnge/spark_airflow/airflow_env/lib/python3.12/site-packages/airflow/example_dags/example_sla_dag.py
[2025-10-25T21:55:02.306+0000] {processor.py:925} INFO - DAG(s) 'example_sla_dag' retrieved from /Users/komidoveneymissiamenou/Documents/Master 1 DIT/DataEnge/spark_airflow/airflow_env/lib/python3.12/site-packages/airflow/example_dags/example_sla_dag.py
[2025-10-25T21:55:02.346+0000] {logging_mixin.py:190} INFO - [2025-10-25T21:55:02.345+0000] {dag.py:3239} INFO - Sync 1 DAGs
[2025-10-25T21:55:02.353+0000] {logging_mixin.py:190} INFO - [2025-10-25T21:55:02.353+0000] {dag.py:4180} INFO - Setting next_dagrun for example_sla_dag to 2025-10-25 21:52:00+00:00, run_after=2025-10-25 21:54:00+00:00
[2025-10-25T21:55:02.360+0000] {processor.py:208} INFO - Processing /Users/komidoveneymissiamenou/Documents/Master 1 DIT/DataEnge/spark_airflow/airflow_env/lib/python3.12/site-packages/airflow/example_dags/example_sla_dag.py took 0.092 seconds
[2025-10-25T21:57:08.585+0000] {processor.py:186} INFO - Started process (PID=50555) to work on /Users/komidoveneymissiamenou/Documents/Master 1 DIT/DataEnge/spark_airflow/airflow_env/lib/python3.12/site-packages/airflow/example_dags/example_sla_dag.py
[2025-10-25T21:57:08.594+0000] {processor.py:914} INFO - Processing file /Users/komidoveneymissiamenou/Documents/Master 1 DIT/DataEnge/spark_airflow/airflow_env/lib/python3.12/site-packages/airflow/example_dags/example_sla_dag.py for tasks to queue
[2025-10-25T21:57:08.595+0000] {logging_mixin.py:190} INFO - [2025-10-25T21:57:08.595+0000] {dagbag.py:588} INFO - Filling up the DagBag from /Users/komidoveneymissiamenou/Documents/Master 1 DIT/DataEnge/spark_airflow/airflow_env/lib/python3.12/site-packages/airflow/example_dags/example_sla_dag.py
[2025-10-25T21:57:08.650+0000] {processor.py:925} INFO - DAG(s) 'example_sla_dag' retrieved from /Users/komidoveneymissiamenou/Documents/Master 1 DIT/DataEnge/spark_airflow/airflow_env/lib/python3.12/site-packages/airflow/example_dags/example_sla_dag.py
[2025-10-25T21:57:08.689+0000] {logging_mixin.py:190} INFO - [2025-10-25T21:57:08.689+0000] {dag.py:3239} INFO - Sync 1 DAGs
[2025-10-25T21:57:08.698+0000] {logging_mixin.py:190} INFO - [2025-10-25T21:57:08.697+0000] {dag.py:4180} INFO - Setting next_dagrun for example_sla_dag to 2025-10-25 21:54:00+00:00, run_after=2025-10-25 21:56:00+00:00
[2025-10-25T21:57:08.705+0000] {processor.py:208} INFO - Processing /Users/komidoveneymissiamenou/Documents/Master 1 DIT/DataEnge/spark_airflow/airflow_env/lib/python3.12/site-packages/airflow/example_dags/example_sla_dag.py took 0.122 seconds
[2025-10-25T21:58:33.851+0000] {processor.py:186} INFO - Started process (PID=51577) to work on /Users/komidoveneymissiamenou/Documents/Master 1 DIT/DataEnge/spark_airflow/airflow_env/lib/python3.12/site-packages/airflow/example_dags/example_sla_dag.py
[2025-10-25T21:58:33.852+0000] {processor.py:914} INFO - Processing file /Users/komidoveneymissiamenou/Documents/Master 1 DIT/DataEnge/spark_airflow/airflow_env/lib/python3.12/site-packages/airflow/example_dags/example_sla_dag.py for tasks to queue
[2025-10-25T21:58:33.853+0000] {logging_mixin.py:190} INFO - [2025-10-25T21:58:33.853+0000] {dagbag.py:588} INFO - Filling up the DagBag from /Users/komidoveneymissiamenou/Documents/Master 1 DIT/DataEnge/spark_airflow/airflow_env/lib/python3.12/site-packages/airflow/example_dags/example_sla_dag.py
[2025-10-25T21:58:33.885+0000] {processor.py:925} INFO - DAG(s) 'example_sla_dag' retrieved from /Users/komidoveneymissiamenou/Documents/Master 1 DIT/DataEnge/spark_airflow/airflow_env/lib/python3.12/site-packages/airflow/example_dags/example_sla_dag.py
[2025-10-25T21:58:33.921+0000] {logging_mixin.py:190} INFO - [2025-10-25T21:58:33.921+0000] {dag.py:3239} INFO - Sync 1 DAGs
[2025-10-25T21:58:33.929+0000] {logging_mixin.py:190} INFO - [2025-10-25T21:58:33.929+0000] {dag.py:4180} INFO - Setting next_dagrun for example_sla_dag to 2025-10-25 21:56:00+00:00, run_after=2025-10-25 21:58:00+00:00
[2025-10-25T21:58:33.935+0000] {processor.py:208} INFO - Processing /Users/komidoveneymissiamenou/Documents/Master 1 DIT/DataEnge/spark_airflow/airflow_env/lib/python3.12/site-packages/airflow/example_dags/example_sla_dag.py took 0.086 seconds
