[2025-10-25T21:39:36.179+0000] {processor.py:186} INFO - Started process (PID=32701) to work on /Users/komidoveneymissiamenou/Documents/Master 1 DIT/DataEnge/spark_airflow/airflow_env/lib/python3.12/site-packages/airflow/example_dags/example_short_circuit_operator.py
[2025-10-25T21:39:36.180+0000] {processor.py:914} INFO - Processing file /Users/komidoveneymissiamenou/Documents/Master 1 DIT/DataEnge/spark_airflow/airflow_env/lib/python3.12/site-packages/airflow/example_dags/example_short_circuit_operator.py for tasks to queue
[2025-10-25T21:39:36.180+0000] {logging_mixin.py:190} INFO - [2025-10-25T21:39:36.180+0000] {dagbag.py:588} INFO - Filling up the DagBag from /Users/komidoveneymissiamenou/Documents/Master 1 DIT/DataEnge/spark_airflow/airflow_env/lib/python3.12/site-packages/airflow/example_dags/example_short_circuit_operator.py
[2025-10-25T21:39:36.202+0000] {processor.py:925} INFO - DAG(s) 'example_short_circuit_operator' retrieved from /Users/komidoveneymissiamenou/Documents/Master 1 DIT/DataEnge/spark_airflow/airflow_env/lib/python3.12/site-packages/airflow/example_dags/example_short_circuit_operator.py
[2025-10-25T21:39:36.307+0000] {logging_mixin.py:190} INFO - [2025-10-25T21:39:36.307+0000] {override.py:1900} INFO - Created Permission View: can delete on DAG:example_short_circuit_operator
[2025-10-25T21:39:36.312+0000] {logging_mixin.py:190} INFO - [2025-10-25T21:39:36.311+0000] {override.py:1900} INFO - Created Permission View: can edit on DAG:example_short_circuit_operator
[2025-10-25T21:39:36.314+0000] {logging_mixin.py:190} INFO - [2025-10-25T21:39:36.314+0000] {override.py:1900} INFO - Created Permission View: can read on DAG:example_short_circuit_operator
[2025-10-25T21:39:36.317+0000] {logging_mixin.py:190} INFO - [2025-10-25T21:39:36.317+0000] {override.py:1900} INFO - Created Permission View: menu access on DAG Run:example_short_circuit_operator
[2025-10-25T21:39:36.319+0000] {logging_mixin.py:190} INFO - [2025-10-25T21:39:36.319+0000] {override.py:1900} INFO - Created Permission View: can create on DAG Run:example_short_circuit_operator
[2025-10-25T21:39:36.321+0000] {logging_mixin.py:190} INFO - [2025-10-25T21:39:36.321+0000] {override.py:1900} INFO - Created Permission View: can delete on DAG Run:example_short_circuit_operator
[2025-10-25T21:39:36.324+0000] {logging_mixin.py:190} INFO - [2025-10-25T21:39:36.324+0000] {override.py:1900} INFO - Created Permission View: can read on DAG Run:example_short_circuit_operator
[2025-10-25T21:39:36.324+0000] {logging_mixin.py:190} INFO - [2025-10-25T21:39:36.324+0000] {dag.py:3239} INFO - Sync 1 DAGs
[2025-10-25T21:39:36.328+0000] {logging_mixin.py:190} INFO - [2025-10-25T21:39:36.328+0000] {dag.py:3262} INFO - Creating ORM DAG for example_short_circuit_operator
[2025-10-25T21:39:36.328+0000] {logging_mixin.py:190} INFO - [2025-10-25T21:39:36.328+0000] {dag.py:4180} INFO - Setting next_dagrun for example_short_circuit_operator to None, run_after=None
[2025-10-25T21:39:36.334+0000] {processor.py:208} INFO - Processing /Users/komidoveneymissiamenou/Documents/Master 1 DIT/DataEnge/spark_airflow/airflow_env/lib/python3.12/site-packages/airflow/example_dags/example_short_circuit_operator.py took 0.157 seconds
[2025-10-25T21:41:32.834+0000] {processor.py:186} INFO - Started process (PID=34146) to work on /Users/komidoveneymissiamenou/Documents/Master 1 DIT/DataEnge/spark_airflow/airflow_env/lib/python3.12/site-packages/airflow/example_dags/example_short_circuit_operator.py
[2025-10-25T21:41:32.835+0000] {processor.py:914} INFO - Processing file /Users/komidoveneymissiamenou/Documents/Master 1 DIT/DataEnge/spark_airflow/airflow_env/lib/python3.12/site-packages/airflow/example_dags/example_short_circuit_operator.py for tasks to queue
[2025-10-25T21:41:32.835+0000] {logging_mixin.py:190} INFO - [2025-10-25T21:41:32.835+0000] {dagbag.py:588} INFO - Filling up the DagBag from /Users/komidoveneymissiamenou/Documents/Master 1 DIT/DataEnge/spark_airflow/airflow_env/lib/python3.12/site-packages/airflow/example_dags/example_short_circuit_operator.py
[2025-10-25T21:41:32.848+0000] {processor.py:925} INFO - DAG(s) 'example_short_circuit_operator' retrieved from /Users/komidoveneymissiamenou/Documents/Master 1 DIT/DataEnge/spark_airflow/airflow_env/lib/python3.12/site-packages/airflow/example_dags/example_short_circuit_operator.py
[2025-10-25T21:41:32.885+0000] {logging_mixin.py:190} INFO - [2025-10-25T21:41:32.885+0000] {dag.py:3239} INFO - Sync 1 DAGs
[2025-10-25T21:41:32.889+0000] {logging_mixin.py:190} INFO - [2025-10-25T21:41:32.889+0000] {dag.py:4180} INFO - Setting next_dagrun for example_short_circuit_operator to None, run_after=None
[2025-10-25T21:41:32.896+0000] {processor.py:208} INFO - Processing /Users/komidoveneymissiamenou/Documents/Master 1 DIT/DataEnge/spark_airflow/airflow_env/lib/python3.12/site-packages/airflow/example_dags/example_short_circuit_operator.py took 0.064 seconds
[2025-10-25T21:42:53.914+0000] {processor.py:186} INFO - Started process (PID=35135) to work on /Users/komidoveneymissiamenou/Documents/Master 1 DIT/DataEnge/spark_airflow/airflow_env/lib/python3.12/site-packages/airflow/example_dags/example_short_circuit_operator.py
[2025-10-25T21:42:53.915+0000] {processor.py:914} INFO - Processing file /Users/komidoveneymissiamenou/Documents/Master 1 DIT/DataEnge/spark_airflow/airflow_env/lib/python3.12/site-packages/airflow/example_dags/example_short_circuit_operator.py for tasks to queue
[2025-10-25T21:42:53.915+0000] {logging_mixin.py:190} INFO - [2025-10-25T21:42:53.915+0000] {dagbag.py:588} INFO - Filling up the DagBag from /Users/komidoveneymissiamenou/Documents/Master 1 DIT/DataEnge/spark_airflow/airflow_env/lib/python3.12/site-packages/airflow/example_dags/example_short_circuit_operator.py
[2025-10-25T21:42:53.936+0000] {processor.py:925} INFO - DAG(s) 'example_short_circuit_operator' retrieved from /Users/komidoveneymissiamenou/Documents/Master 1 DIT/DataEnge/spark_airflow/airflow_env/lib/python3.12/site-packages/airflow/example_dags/example_short_circuit_operator.py
[2025-10-25T21:42:53.974+0000] {logging_mixin.py:190} INFO - [2025-10-25T21:42:53.974+0000] {dag.py:3239} INFO - Sync 1 DAGs
[2025-10-25T21:42:53.978+0000] {logging_mixin.py:190} INFO - [2025-10-25T21:42:53.978+0000] {dag.py:4180} INFO - Setting next_dagrun for example_short_circuit_operator to None, run_after=None
[2025-10-25T21:42:53.985+0000] {processor.py:208} INFO - Processing /Users/komidoveneymissiamenou/Documents/Master 1 DIT/DataEnge/spark_airflow/airflow_env/lib/python3.12/site-packages/airflow/example_dags/example_short_circuit_operator.py took 0.073 seconds
[2025-10-25T21:44:10.759+0000] {processor.py:186} INFO - Started process (PID=36070) to work on /Users/komidoveneymissiamenou/Documents/Master 1 DIT/DataEnge/spark_airflow/airflow_env/lib/python3.12/site-packages/airflow/example_dags/example_short_circuit_operator.py
[2025-10-25T21:44:10.760+0000] {processor.py:914} INFO - Processing file /Users/komidoveneymissiamenou/Documents/Master 1 DIT/DataEnge/spark_airflow/airflow_env/lib/python3.12/site-packages/airflow/example_dags/example_short_circuit_operator.py for tasks to queue
[2025-10-25T21:44:10.760+0000] {logging_mixin.py:190} INFO - [2025-10-25T21:44:10.760+0000] {dagbag.py:588} INFO - Filling up the DagBag from /Users/komidoveneymissiamenou/Documents/Master 1 DIT/DataEnge/spark_airflow/airflow_env/lib/python3.12/site-packages/airflow/example_dags/example_short_circuit_operator.py
[2025-10-25T21:44:10.775+0000] {processor.py:925} INFO - DAG(s) 'example_short_circuit_operator' retrieved from /Users/komidoveneymissiamenou/Documents/Master 1 DIT/DataEnge/spark_airflow/airflow_env/lib/python3.12/site-packages/airflow/example_dags/example_short_circuit_operator.py
[2025-10-25T21:44:10.817+0000] {logging_mixin.py:190} INFO - [2025-10-25T21:44:10.817+0000] {dag.py:3239} INFO - Sync 1 DAGs
[2025-10-25T21:44:10.821+0000] {logging_mixin.py:190} INFO - [2025-10-25T21:44:10.821+0000] {dag.py:4180} INFO - Setting next_dagrun for example_short_circuit_operator to None, run_after=None
[2025-10-25T21:44:10.828+0000] {processor.py:208} INFO - Processing /Users/komidoveneymissiamenou/Documents/Master 1 DIT/DataEnge/spark_airflow/airflow_env/lib/python3.12/site-packages/airflow/example_dags/example_short_circuit_operator.py took 0.070 seconds
[2025-10-25T21:45:31.809+0000] {processor.py:186} INFO - Started process (PID=37382) to work on /Users/komidoveneymissiamenou/Documents/Master 1 DIT/DataEnge/spark_airflow/airflow_env/lib/python3.12/site-packages/airflow/example_dags/example_short_circuit_operator.py
[2025-10-25T21:45:31.811+0000] {processor.py:914} INFO - Processing file /Users/komidoveneymissiamenou/Documents/Master 1 DIT/DataEnge/spark_airflow/airflow_env/lib/python3.12/site-packages/airflow/example_dags/example_short_circuit_operator.py for tasks to queue
[2025-10-25T21:45:31.811+0000] {logging_mixin.py:190} INFO - [2025-10-25T21:45:31.811+0000] {dagbag.py:588} INFO - Filling up the DagBag from /Users/komidoveneymissiamenou/Documents/Master 1 DIT/DataEnge/spark_airflow/airflow_env/lib/python3.12/site-packages/airflow/example_dags/example_short_circuit_operator.py
[2025-10-25T21:45:31.831+0000] {processor.py:925} INFO - DAG(s) 'example_short_circuit_operator' retrieved from /Users/komidoveneymissiamenou/Documents/Master 1 DIT/DataEnge/spark_airflow/airflow_env/lib/python3.12/site-packages/airflow/example_dags/example_short_circuit_operator.py
[2025-10-25T21:45:31.871+0000] {logging_mixin.py:190} INFO - [2025-10-25T21:45:31.871+0000] {dag.py:3239} INFO - Sync 1 DAGs
[2025-10-25T21:45:31.875+0000] {logging_mixin.py:190} INFO - [2025-10-25T21:45:31.875+0000] {dag.py:4180} INFO - Setting next_dagrun for example_short_circuit_operator to None, run_after=None
[2025-10-25T21:45:31.882+0000] {processor.py:208} INFO - Processing /Users/komidoveneymissiamenou/Documents/Master 1 DIT/DataEnge/spark_airflow/airflow_env/lib/python3.12/site-packages/airflow/example_dags/example_short_circuit_operator.py took 0.075 seconds
[2025-10-25T21:47:06.615+0000] {processor.py:186} INFO - Started process (PID=38699) to work on /Users/komidoveneymissiamenou/Documents/Master 1 DIT/DataEnge/spark_airflow/airflow_env/lib/python3.12/site-packages/airflow/example_dags/example_short_circuit_operator.py
[2025-10-25T21:47:06.616+0000] {processor.py:914} INFO - Processing file /Users/komidoveneymissiamenou/Documents/Master 1 DIT/DataEnge/spark_airflow/airflow_env/lib/python3.12/site-packages/airflow/example_dags/example_short_circuit_operator.py for tasks to queue
[2025-10-25T21:47:06.617+0000] {logging_mixin.py:190} INFO - [2025-10-25T21:47:06.617+0000] {dagbag.py:588} INFO - Filling up the DagBag from /Users/komidoveneymissiamenou/Documents/Master 1 DIT/DataEnge/spark_airflow/airflow_env/lib/python3.12/site-packages/airflow/example_dags/example_short_circuit_operator.py
[2025-10-25T21:47:06.638+0000] {processor.py:925} INFO - DAG(s) 'example_short_circuit_operator' retrieved from /Users/komidoveneymissiamenou/Documents/Master 1 DIT/DataEnge/spark_airflow/airflow_env/lib/python3.12/site-packages/airflow/example_dags/example_short_circuit_operator.py
[2025-10-25T21:47:06.687+0000] {logging_mixin.py:190} INFO - [2025-10-25T21:47:06.686+0000] {dag.py:3239} INFO - Sync 1 DAGs
[2025-10-25T21:47:06.692+0000] {logging_mixin.py:190} INFO - [2025-10-25T21:47:06.692+0000] {dag.py:4180} INFO - Setting next_dagrun for example_short_circuit_operator to None, run_after=None
[2025-10-25T21:47:06.700+0000] {processor.py:208} INFO - Processing /Users/komidoveneymissiamenou/Documents/Master 1 DIT/DataEnge/spark_airflow/airflow_env/lib/python3.12/site-packages/airflow/example_dags/example_short_circuit_operator.py took 0.086 seconds
[2025-10-25T21:49:27.088+0000] {processor.py:186} INFO - Started process (PID=42499) to work on /Users/komidoveneymissiamenou/Documents/Master 1 DIT/DataEnge/spark_airflow/airflow_env/lib/python3.12/site-packages/airflow/example_dags/example_short_circuit_operator.py
[2025-10-25T21:49:27.091+0000] {processor.py:914} INFO - Processing file /Users/komidoveneymissiamenou/Documents/Master 1 DIT/DataEnge/spark_airflow/airflow_env/lib/python3.12/site-packages/airflow/example_dags/example_short_circuit_operator.py for tasks to queue
[2025-10-25T21:49:27.093+0000] {logging_mixin.py:190} INFO - [2025-10-25T21:49:27.093+0000] {dagbag.py:588} INFO - Filling up the DagBag from /Users/komidoveneymissiamenou/Documents/Master 1 DIT/DataEnge/spark_airflow/airflow_env/lib/python3.12/site-packages/airflow/example_dags/example_short_circuit_operator.py
[2025-10-25T21:49:27.110+0000] {processor.py:925} INFO - DAG(s) 'example_short_circuit_operator' retrieved from /Users/komidoveneymissiamenou/Documents/Master 1 DIT/DataEnge/spark_airflow/airflow_env/lib/python3.12/site-packages/airflow/example_dags/example_short_circuit_operator.py
[2025-10-25T21:49:27.151+0000] {logging_mixin.py:190} INFO - [2025-10-25T21:49:27.151+0000] {dag.py:3239} INFO - Sync 1 DAGs
[2025-10-25T21:49:27.156+0000] {logging_mixin.py:190} INFO - [2025-10-25T21:49:27.156+0000] {dag.py:4180} INFO - Setting next_dagrun for example_short_circuit_operator to None, run_after=None
[2025-10-25T21:49:27.163+0000] {processor.py:208} INFO - Processing /Users/komidoveneymissiamenou/Documents/Master 1 DIT/DataEnge/spark_airflow/airflow_env/lib/python3.12/site-packages/airflow/example_dags/example_short_circuit_operator.py took 0.077 seconds
[2025-10-25T21:51:34.962+0000] {processor.py:186} INFO - Started process (PID=44495) to work on /Users/komidoveneymissiamenou/Documents/Master 1 DIT/DataEnge/spark_airflow/airflow_env/lib/python3.12/site-packages/airflow/example_dags/example_short_circuit_operator.py
[2025-10-25T21:51:34.962+0000] {processor.py:914} INFO - Processing file /Users/komidoveneymissiamenou/Documents/Master 1 DIT/DataEnge/spark_airflow/airflow_env/lib/python3.12/site-packages/airflow/example_dags/example_short_circuit_operator.py for tasks to queue
[2025-10-25T21:51:34.963+0000] {logging_mixin.py:190} INFO - [2025-10-25T21:51:34.963+0000] {dagbag.py:588} INFO - Filling up the DagBag from /Users/komidoveneymissiamenou/Documents/Master 1 DIT/DataEnge/spark_airflow/airflow_env/lib/python3.12/site-packages/airflow/example_dags/example_short_circuit_operator.py
[2025-10-25T21:51:34.977+0000] {processor.py:925} INFO - DAG(s) 'example_short_circuit_operator' retrieved from /Users/komidoveneymissiamenou/Documents/Master 1 DIT/DataEnge/spark_airflow/airflow_env/lib/python3.12/site-packages/airflow/example_dags/example_short_circuit_operator.py
[2025-10-25T21:51:35.017+0000] {logging_mixin.py:190} INFO - [2025-10-25T21:51:35.017+0000] {dag.py:3239} INFO - Sync 1 DAGs
[2025-10-25T21:51:35.022+0000] {logging_mixin.py:190} INFO - [2025-10-25T21:51:35.022+0000] {dag.py:4180} INFO - Setting next_dagrun for example_short_circuit_operator to None, run_after=None
[2025-10-25T21:51:35.029+0000] {processor.py:208} INFO - Processing /Users/komidoveneymissiamenou/Documents/Master 1 DIT/DataEnge/spark_airflow/airflow_env/lib/python3.12/site-packages/airflow/example_dags/example_short_circuit_operator.py took 0.069 seconds
[2025-10-25T21:53:00.717+0000] {processor.py:186} INFO - Started process (PID=46456) to work on /Users/komidoveneymissiamenou/Documents/Master 1 DIT/DataEnge/spark_airflow/airflow_env/lib/python3.12/site-packages/airflow/example_dags/example_short_circuit_operator.py
[2025-10-25T21:53:00.720+0000] {processor.py:914} INFO - Processing file /Users/komidoveneymissiamenou/Documents/Master 1 DIT/DataEnge/spark_airflow/airflow_env/lib/python3.12/site-packages/airflow/example_dags/example_short_circuit_operator.py for tasks to queue
[2025-10-25T21:53:00.721+0000] {logging_mixin.py:190} INFO - [2025-10-25T21:53:00.721+0000] {dagbag.py:588} INFO - Filling up the DagBag from /Users/komidoveneymissiamenou/Documents/Master 1 DIT/DataEnge/spark_airflow/airflow_env/lib/python3.12/site-packages/airflow/example_dags/example_short_circuit_operator.py
[2025-10-25T21:53:00.753+0000] {processor.py:925} INFO - DAG(s) 'example_short_circuit_operator' retrieved from /Users/komidoveneymissiamenou/Documents/Master 1 DIT/DataEnge/spark_airflow/airflow_env/lib/python3.12/site-packages/airflow/example_dags/example_short_circuit_operator.py
[2025-10-25T21:53:00.793+0000] {logging_mixin.py:190} INFO - [2025-10-25T21:53:00.793+0000] {dag.py:3239} INFO - Sync 1 DAGs
[2025-10-25T21:53:00.797+0000] {logging_mixin.py:190} INFO - [2025-10-25T21:53:00.797+0000] {dag.py:4180} INFO - Setting next_dagrun for example_short_circuit_operator to None, run_after=None
[2025-10-25T21:53:00.810+0000] {processor.py:208} INFO - Processing /Users/komidoveneymissiamenou/Documents/Master 1 DIT/DataEnge/spark_airflow/airflow_env/lib/python3.12/site-packages/airflow/example_dags/example_short_circuit_operator.py took 0.096 seconds
[2025-10-25T21:55:06.141+0000] {processor.py:186} INFO - Started process (PID=49109) to work on /Users/komidoveneymissiamenou/Documents/Master 1 DIT/DataEnge/spark_airflow/airflow_env/lib/python3.12/site-packages/airflow/example_dags/example_short_circuit_operator.py
[2025-10-25T21:55:06.145+0000] {processor.py:914} INFO - Processing file /Users/komidoveneymissiamenou/Documents/Master 1 DIT/DataEnge/spark_airflow/airflow_env/lib/python3.12/site-packages/airflow/example_dags/example_short_circuit_operator.py for tasks to queue
[2025-10-25T21:55:06.146+0000] {logging_mixin.py:190} INFO - [2025-10-25T21:55:06.145+0000] {dagbag.py:588} INFO - Filling up the DagBag from /Users/komidoveneymissiamenou/Documents/Master 1 DIT/DataEnge/spark_airflow/airflow_env/lib/python3.12/site-packages/airflow/example_dags/example_short_circuit_operator.py
[2025-10-25T21:55:06.188+0000] {processor.py:925} INFO - DAG(s) 'example_short_circuit_operator' retrieved from /Users/komidoveneymissiamenou/Documents/Master 1 DIT/DataEnge/spark_airflow/airflow_env/lib/python3.12/site-packages/airflow/example_dags/example_short_circuit_operator.py
[2025-10-25T21:55:06.224+0000] {logging_mixin.py:190} INFO - [2025-10-25T21:55:06.224+0000] {dag.py:3239} INFO - Sync 1 DAGs
[2025-10-25T21:55:06.228+0000] {logging_mixin.py:190} INFO - [2025-10-25T21:55:06.228+0000] {dag.py:4180} INFO - Setting next_dagrun for example_short_circuit_operator to None, run_after=None
[2025-10-25T21:55:06.235+0000] {processor.py:208} INFO - Processing /Users/komidoveneymissiamenou/Documents/Master 1 DIT/DataEnge/spark_airflow/airflow_env/lib/python3.12/site-packages/airflow/example_dags/example_short_circuit_operator.py took 0.096 seconds
[2025-10-25T21:57:11.649+0000] {processor.py:186} INFO - Started process (PID=50605) to work on /Users/komidoveneymissiamenou/Documents/Master 1 DIT/DataEnge/spark_airflow/airflow_env/lib/python3.12/site-packages/airflow/example_dags/example_short_circuit_operator.py
[2025-10-25T21:57:11.650+0000] {processor.py:914} INFO - Processing file /Users/komidoveneymissiamenou/Documents/Master 1 DIT/DataEnge/spark_airflow/airflow_env/lib/python3.12/site-packages/airflow/example_dags/example_short_circuit_operator.py for tasks to queue
[2025-10-25T21:57:11.650+0000] {logging_mixin.py:190} INFO - [2025-10-25T21:57:11.650+0000] {dagbag.py:588} INFO - Filling up the DagBag from /Users/komidoveneymissiamenou/Documents/Master 1 DIT/DataEnge/spark_airflow/airflow_env/lib/python3.12/site-packages/airflow/example_dags/example_short_circuit_operator.py
[2025-10-25T21:57:11.662+0000] {processor.py:925} INFO - DAG(s) 'example_short_circuit_operator' retrieved from /Users/komidoveneymissiamenou/Documents/Master 1 DIT/DataEnge/spark_airflow/airflow_env/lib/python3.12/site-packages/airflow/example_dags/example_short_circuit_operator.py
[2025-10-25T21:57:11.699+0000] {logging_mixin.py:190} INFO - [2025-10-25T21:57:11.699+0000] {dag.py:3239} INFO - Sync 1 DAGs
[2025-10-25T21:57:11.703+0000] {logging_mixin.py:190} INFO - [2025-10-25T21:57:11.703+0000] {dag.py:4180} INFO - Setting next_dagrun for example_short_circuit_operator to None, run_after=None
[2025-10-25T21:57:11.710+0000] {processor.py:208} INFO - Processing /Users/komidoveneymissiamenou/Documents/Master 1 DIT/DataEnge/spark_airflow/airflow_env/lib/python3.12/site-packages/airflow/example_dags/example_short_circuit_operator.py took 0.062 seconds
[2025-10-25T21:58:37.898+0000] {processor.py:186} INFO - Started process (PID=51618) to work on /Users/komidoveneymissiamenou/Documents/Master 1 DIT/DataEnge/spark_airflow/airflow_env/lib/python3.12/site-packages/airflow/example_dags/example_short_circuit_operator.py
[2025-10-25T21:58:37.899+0000] {processor.py:914} INFO - Processing file /Users/komidoveneymissiamenou/Documents/Master 1 DIT/DataEnge/spark_airflow/airflow_env/lib/python3.12/site-packages/airflow/example_dags/example_short_circuit_operator.py for tasks to queue
[2025-10-25T21:58:37.899+0000] {logging_mixin.py:190} INFO - [2025-10-25T21:58:37.899+0000] {dagbag.py:588} INFO - Filling up the DagBag from /Users/komidoveneymissiamenou/Documents/Master 1 DIT/DataEnge/spark_airflow/airflow_env/lib/python3.12/site-packages/airflow/example_dags/example_short_circuit_operator.py
[2025-10-25T21:58:37.925+0000] {processor.py:925} INFO - DAG(s) 'example_short_circuit_operator' retrieved from /Users/komidoveneymissiamenou/Documents/Master 1 DIT/DataEnge/spark_airflow/airflow_env/lib/python3.12/site-packages/airflow/example_dags/example_short_circuit_operator.py
[2025-10-25T21:58:37.966+0000] {logging_mixin.py:190} INFO - [2025-10-25T21:58:37.966+0000] {dag.py:3239} INFO - Sync 1 DAGs
[2025-10-25T21:58:37.970+0000] {logging_mixin.py:190} INFO - [2025-10-25T21:58:37.970+0000] {dag.py:4180} INFO - Setting next_dagrun for example_short_circuit_operator to None, run_after=None
[2025-10-25T21:58:37.978+0000] {processor.py:208} INFO - Processing /Users/komidoveneymissiamenou/Documents/Master 1 DIT/DataEnge/spark_airflow/airflow_env/lib/python3.12/site-packages/airflow/example_dags/example_short_circuit_operator.py took 0.083 seconds
