[2025-10-25T21:40:05.607+0000] {processor.py:186} INFO - Started process (PID=33052) to work on /Users/komidoveneymissiamenou/Documents/Master 1 DIT/DataEnge/spark_airflow/airflow_env/lib/python3.12/site-packages/airflow/example_dags/example_latest_only.py
[2025-10-25T21:40:05.608+0000] {processor.py:914} INFO - Processing file /Users/komidoveneymissiamenou/Documents/Master 1 DIT/DataEnge/spark_airflow/airflow_env/lib/python3.12/site-packages/airflow/example_dags/example_latest_only.py for tasks to queue
[2025-10-25T21:40:05.608+0000] {logging_mixin.py:190} INFO - [2025-10-25T21:40:05.608+0000] {dagbag.py:588} INFO - Filling up the DagBag from /Users/komidoveneymissiamenou/Documents/Master 1 DIT/DataEnge/spark_airflow/airflow_env/lib/python3.12/site-packages/airflow/example_dags/example_latest_only.py
[2025-10-25T21:40:05.612+0000] {processor.py:925} INFO - DAG(s) 'latest_only' retrieved from /Users/komidoveneymissiamenou/Documents/Master 1 DIT/DataEnge/spark_airflow/airflow_env/lib/python3.12/site-packages/airflow/example_dags/example_latest_only.py
[2025-10-25T21:40:05.682+0000] {logging_mixin.py:190} INFO - [2025-10-25T21:40:05.681+0000] {override.py:1900} INFO - Created Permission View: can read on DAG:latest_only
[2025-10-25T21:40:05.685+0000] {logging_mixin.py:190} INFO - [2025-10-25T21:40:05.685+0000] {override.py:1900} INFO - Created Permission View: can delete on DAG:latest_only
[2025-10-25T21:40:05.687+0000] {logging_mixin.py:190} INFO - [2025-10-25T21:40:05.687+0000] {override.py:1900} INFO - Created Permission View: can edit on DAG:latest_only
[2025-10-25T21:40:05.690+0000] {logging_mixin.py:190} INFO - [2025-10-25T21:40:05.690+0000] {override.py:1900} INFO - Created Permission View: menu access on DAG Run:latest_only
[2025-10-25T21:40:05.692+0000] {logging_mixin.py:190} INFO - [2025-10-25T21:40:05.692+0000] {override.py:1900} INFO - Created Permission View: can create on DAG Run:latest_only
[2025-10-25T21:40:05.694+0000] {logging_mixin.py:190} INFO - [2025-10-25T21:40:05.694+0000] {override.py:1900} INFO - Created Permission View: can read on DAG Run:latest_only
[2025-10-25T21:40:05.697+0000] {logging_mixin.py:190} INFO - [2025-10-25T21:40:05.697+0000] {override.py:1900} INFO - Created Permission View: can delete on DAG Run:latest_only
[2025-10-25T21:40:05.697+0000] {logging_mixin.py:190} INFO - [2025-10-25T21:40:05.697+0000] {dag.py:3239} INFO - Sync 1 DAGs
[2025-10-25T21:40:05.731+0000] {logging_mixin.py:190} INFO - [2025-10-25T21:40:05.731+0000] {dag.py:3262} INFO - Creating ORM DAG for latest_only
[2025-10-25T21:40:05.734+0000] {logging_mixin.py:190} INFO - [2025-10-25T21:40:05.734+0000] {dag.py:4180} INFO - Setting next_dagrun for latest_only to 2025-10-25 16:00:00+00:00, run_after=2025-10-25 20:00:00+00:00
[2025-10-25T21:40:05.741+0000] {processor.py:208} INFO - Processing /Users/komidoveneymissiamenou/Documents/Master 1 DIT/DataEnge/spark_airflow/airflow_env/lib/python3.12/site-packages/airflow/example_dags/example_latest_only.py took 0.135 seconds
[2025-10-25T21:41:58.436+0000] {processor.py:186} INFO - Started process (PID=34467) to work on /Users/komidoveneymissiamenou/Documents/Master 1 DIT/DataEnge/spark_airflow/airflow_env/lib/python3.12/site-packages/airflow/example_dags/example_latest_only.py
[2025-10-25T21:41:58.437+0000] {processor.py:914} INFO - Processing file /Users/komidoveneymissiamenou/Documents/Master 1 DIT/DataEnge/spark_airflow/airflow_env/lib/python3.12/site-packages/airflow/example_dags/example_latest_only.py for tasks to queue
[2025-10-25T21:41:58.437+0000] {logging_mixin.py:190} INFO - [2025-10-25T21:41:58.437+0000] {dagbag.py:588} INFO - Filling up the DagBag from /Users/komidoveneymissiamenou/Documents/Master 1 DIT/DataEnge/spark_airflow/airflow_env/lib/python3.12/site-packages/airflow/example_dags/example_latest_only.py
[2025-10-25T21:41:58.441+0000] {processor.py:925} INFO - DAG(s) 'latest_only' retrieved from /Users/komidoveneymissiamenou/Documents/Master 1 DIT/DataEnge/spark_airflow/airflow_env/lib/python3.12/site-packages/airflow/example_dags/example_latest_only.py
[2025-10-25T21:41:58.480+0000] {logging_mixin.py:190} INFO - [2025-10-25T21:41:58.480+0000] {dag.py:3239} INFO - Sync 1 DAGs
[2025-10-25T21:41:58.486+0000] {logging_mixin.py:190} INFO - [2025-10-25T21:41:58.486+0000] {dag.py:4180} INFO - Setting next_dagrun for latest_only to 2025-10-25 16:00:00+00:00, run_after=2025-10-25 20:00:00+00:00
[2025-10-25T21:41:58.493+0000] {processor.py:208} INFO - Processing /Users/komidoveneymissiamenou/Documents/Master 1 DIT/DataEnge/spark_airflow/airflow_env/lib/python3.12/site-packages/airflow/example_dags/example_latest_only.py took 0.058 seconds
[2025-10-25T21:44:34.635+0000] {processor.py:186} INFO - Started process (PID=36348) to work on /Users/komidoveneymissiamenou/Documents/Master 1 DIT/DataEnge/spark_airflow/airflow_env/lib/python3.12/site-packages/airflow/example_dags/example_latest_only.py
[2025-10-25T21:44:34.640+0000] {processor.py:914} INFO - Processing file /Users/komidoveneymissiamenou/Documents/Master 1 DIT/DataEnge/spark_airflow/airflow_env/lib/python3.12/site-packages/airflow/example_dags/example_latest_only.py for tasks to queue
[2025-10-25T21:44:34.640+0000] {logging_mixin.py:190} INFO - [2025-10-25T21:44:34.640+0000] {dagbag.py:588} INFO - Filling up the DagBag from /Users/komidoveneymissiamenou/Documents/Master 1 DIT/DataEnge/spark_airflow/airflow_env/lib/python3.12/site-packages/airflow/example_dags/example_latest_only.py
[2025-10-25T21:44:34.648+0000] {processor.py:925} INFO - DAG(s) 'latest_only' retrieved from /Users/komidoveneymissiamenou/Documents/Master 1 DIT/DataEnge/spark_airflow/airflow_env/lib/python3.12/site-packages/airflow/example_dags/example_latest_only.py
[2025-10-25T21:44:34.692+0000] {logging_mixin.py:190} INFO - [2025-10-25T21:44:34.692+0000] {dag.py:3239} INFO - Sync 1 DAGs
[2025-10-25T21:44:34.699+0000] {logging_mixin.py:190} INFO - [2025-10-25T21:44:34.699+0000] {dag.py:4180} INFO - Setting next_dagrun for latest_only to 2025-10-25 16:00:00+00:00, run_after=2025-10-25 20:00:00+00:00
[2025-10-25T21:44:34.707+0000] {processor.py:208} INFO - Processing /Users/komidoveneymissiamenou/Documents/Master 1 DIT/DataEnge/spark_airflow/airflow_env/lib/python3.12/site-packages/airflow/example_dags/example_latest_only.py took 0.074 seconds
[2025-10-25T21:47:38.970+0000] {processor.py:186} INFO - Started process (PID=39258) to work on /Users/komidoveneymissiamenou/Documents/Master 1 DIT/DataEnge/spark_airflow/airflow_env/lib/python3.12/site-packages/airflow/example_dags/example_latest_only.py
[2025-10-25T21:47:38.972+0000] {processor.py:914} INFO - Processing file /Users/komidoveneymissiamenou/Documents/Master 1 DIT/DataEnge/spark_airflow/airflow_env/lib/python3.12/site-packages/airflow/example_dags/example_latest_only.py for tasks to queue
[2025-10-25T21:47:38.972+0000] {logging_mixin.py:190} INFO - [2025-10-25T21:47:38.972+0000] {dagbag.py:588} INFO - Filling up the DagBag from /Users/komidoveneymissiamenou/Documents/Master 1 DIT/DataEnge/spark_airflow/airflow_env/lib/python3.12/site-packages/airflow/example_dags/example_latest_only.py
[2025-10-25T21:47:38.978+0000] {processor.py:925} INFO - DAG(s) 'latest_only' retrieved from /Users/komidoveneymissiamenou/Documents/Master 1 DIT/DataEnge/spark_airflow/airflow_env/lib/python3.12/site-packages/airflow/example_dags/example_latest_only.py
[2025-10-25T21:47:39.020+0000] {logging_mixin.py:190} INFO - [2025-10-25T21:47:39.019+0000] {dag.py:3239} INFO - Sync 1 DAGs
[2025-10-25T21:47:39.027+0000] {logging_mixin.py:190} INFO - [2025-10-25T21:47:39.027+0000] {dag.py:4180} INFO - Setting next_dagrun for latest_only to 2025-10-25 16:00:00+00:00, run_after=2025-10-25 20:00:00+00:00
[2025-10-25T21:47:39.034+0000] {processor.py:208} INFO - Processing /Users/komidoveneymissiamenou/Documents/Master 1 DIT/DataEnge/spark_airflow/airflow_env/lib/python3.12/site-packages/airflow/example_dags/example_latest_only.py took 0.065 seconds
[2025-10-25T21:49:59.847+0000] {processor.py:186} INFO - Started process (PID=43028) to work on /Users/komidoveneymissiamenou/Documents/Master 1 DIT/DataEnge/spark_airflow/airflow_env/lib/python3.12/site-packages/airflow/example_dags/example_latest_only.py
[2025-10-25T21:49:59.848+0000] {processor.py:914} INFO - Processing file /Users/komidoveneymissiamenou/Documents/Master 1 DIT/DataEnge/spark_airflow/airflow_env/lib/python3.12/site-packages/airflow/example_dags/example_latest_only.py for tasks to queue
[2025-10-25T21:49:59.849+0000] {logging_mixin.py:190} INFO - [2025-10-25T21:49:59.849+0000] {dagbag.py:588} INFO - Filling up the DagBag from /Users/komidoveneymissiamenou/Documents/Master 1 DIT/DataEnge/spark_airflow/airflow_env/lib/python3.12/site-packages/airflow/example_dags/example_latest_only.py
[2025-10-25T21:49:59.858+0000] {processor.py:925} INFO - DAG(s) 'latest_only' retrieved from /Users/komidoveneymissiamenou/Documents/Master 1 DIT/DataEnge/spark_airflow/airflow_env/lib/python3.12/site-packages/airflow/example_dags/example_latest_only.py
[2025-10-25T21:49:59.915+0000] {logging_mixin.py:190} INFO - [2025-10-25T21:49:59.915+0000] {dag.py:3239} INFO - Sync 1 DAGs
[2025-10-25T21:49:59.923+0000] {logging_mixin.py:190} INFO - [2025-10-25T21:49:59.922+0000] {dag.py:4180} INFO - Setting next_dagrun for latest_only to 2025-10-25 16:00:00+00:00, run_after=2025-10-25 20:00:00+00:00
[2025-10-25T21:49:59.931+0000] {processor.py:208} INFO - Processing /Users/komidoveneymissiamenou/Documents/Master 1 DIT/DataEnge/spark_airflow/airflow_env/lib/python3.12/site-packages/airflow/example_dags/example_latest_only.py took 0.086 seconds
[2025-10-25T21:52:04.973+0000] {processor.py:186} INFO - Started process (PID=45097) to work on /Users/komidoveneymissiamenou/Documents/Master 1 DIT/DataEnge/spark_airflow/airflow_env/lib/python3.12/site-packages/airflow/example_dags/example_latest_only.py
[2025-10-25T21:52:04.975+0000] {processor.py:914} INFO - Processing file /Users/komidoveneymissiamenou/Documents/Master 1 DIT/DataEnge/spark_airflow/airflow_env/lib/python3.12/site-packages/airflow/example_dags/example_latest_only.py for tasks to queue
[2025-10-25T21:52:04.976+0000] {logging_mixin.py:190} INFO - [2025-10-25T21:52:04.976+0000] {dagbag.py:588} INFO - Filling up the DagBag from /Users/komidoveneymissiamenou/Documents/Master 1 DIT/DataEnge/spark_airflow/airflow_env/lib/python3.12/site-packages/airflow/example_dags/example_latest_only.py
[2025-10-25T21:52:04.986+0000] {processor.py:925} INFO - DAG(s) 'latest_only' retrieved from /Users/komidoveneymissiamenou/Documents/Master 1 DIT/DataEnge/spark_airflow/airflow_env/lib/python3.12/site-packages/airflow/example_dags/example_latest_only.py
[2025-10-25T21:52:05.034+0000] {logging_mixin.py:190} INFO - [2025-10-25T21:52:05.033+0000] {dag.py:3239} INFO - Sync 1 DAGs
[2025-10-25T21:52:05.040+0000] {logging_mixin.py:190} INFO - [2025-10-25T21:52:05.040+0000] {dag.py:4180} INFO - Setting next_dagrun for latest_only to 2025-10-25 16:00:00+00:00, run_after=2025-10-25 20:00:00+00:00
[2025-10-25T21:52:05.049+0000] {processor.py:208} INFO - Processing /Users/komidoveneymissiamenou/Documents/Master 1 DIT/DataEnge/spark_airflow/airflow_env/lib/python3.12/site-packages/airflow/example_dags/example_latest_only.py took 0.078 seconds
[2025-10-25T21:55:40.073+0000] {processor.py:186} INFO - Started process (PID=49514) to work on /Users/komidoveneymissiamenou/Documents/Master 1 DIT/DataEnge/spark_airflow/airflow_env/lib/python3.12/site-packages/airflow/example_dags/example_latest_only.py
[2025-10-25T21:55:40.074+0000] {processor.py:914} INFO - Processing file /Users/komidoveneymissiamenou/Documents/Master 1 DIT/DataEnge/spark_airflow/airflow_env/lib/python3.12/site-packages/airflow/example_dags/example_latest_only.py for tasks to queue
[2025-10-25T21:55:40.074+0000] {logging_mixin.py:190} INFO - [2025-10-25T21:55:40.074+0000] {dagbag.py:588} INFO - Filling up the DagBag from /Users/komidoveneymissiamenou/Documents/Master 1 DIT/DataEnge/spark_airflow/airflow_env/lib/python3.12/site-packages/airflow/example_dags/example_latest_only.py
[2025-10-25T21:55:40.078+0000] {processor.py:925} INFO - DAG(s) 'latest_only' retrieved from /Users/komidoveneymissiamenou/Documents/Master 1 DIT/DataEnge/spark_airflow/airflow_env/lib/python3.12/site-packages/airflow/example_dags/example_latest_only.py
[2025-10-25T21:55:40.117+0000] {logging_mixin.py:190} INFO - [2025-10-25T21:55:40.117+0000] {dag.py:3239} INFO - Sync 1 DAGs
[2025-10-25T21:55:40.125+0000] {logging_mixin.py:190} INFO - [2025-10-25T21:55:40.125+0000] {dag.py:4180} INFO - Setting next_dagrun for latest_only to 2025-10-25 16:00:00+00:00, run_after=2025-10-25 20:00:00+00:00
[2025-10-25T21:55:40.133+0000] {processor.py:208} INFO - Processing /Users/komidoveneymissiamenou/Documents/Master 1 DIT/DataEnge/spark_airflow/airflow_env/lib/python3.12/site-packages/airflow/example_dags/example_latest_only.py took 0.061 seconds
[2025-10-25T21:57:38.391+0000] {processor.py:186} INFO - Started process (PID=50913) to work on /Users/komidoveneymissiamenou/Documents/Master 1 DIT/DataEnge/spark_airflow/airflow_env/lib/python3.12/site-packages/airflow/example_dags/example_latest_only.py
[2025-10-25T21:57:38.396+0000] {processor.py:914} INFO - Processing file /Users/komidoveneymissiamenou/Documents/Master 1 DIT/DataEnge/spark_airflow/airflow_env/lib/python3.12/site-packages/airflow/example_dags/example_latest_only.py for tasks to queue
[2025-10-25T21:57:38.396+0000] {logging_mixin.py:190} INFO - [2025-10-25T21:57:38.396+0000] {dagbag.py:588} INFO - Filling up the DagBag from /Users/komidoveneymissiamenou/Documents/Master 1 DIT/DataEnge/spark_airflow/airflow_env/lib/python3.12/site-packages/airflow/example_dags/example_latest_only.py
[2025-10-25T21:57:38.399+0000] {processor.py:925} INFO - DAG(s) 'latest_only' retrieved from /Users/komidoveneymissiamenou/Documents/Master 1 DIT/DataEnge/spark_airflow/airflow_env/lib/python3.12/site-packages/airflow/example_dags/example_latest_only.py
[2025-10-25T21:57:38.435+0000] {logging_mixin.py:190} INFO - [2025-10-25T21:57:38.435+0000] {dag.py:3239} INFO - Sync 1 DAGs
[2025-10-25T21:57:38.442+0000] {logging_mixin.py:190} INFO - [2025-10-25T21:57:38.442+0000] {dag.py:4180} INFO - Setting next_dagrun for latest_only to 2025-10-25 16:00:00+00:00, run_after=2025-10-25 20:00:00+00:00
[2025-10-25T21:57:38.450+0000] {processor.py:208} INFO - Processing /Users/komidoveneymissiamenou/Documents/Master 1 DIT/DataEnge/spark_airflow/airflow_env/lib/python3.12/site-packages/airflow/example_dags/example_latest_only.py took 0.061 seconds
