[2025-10-25T21:39:53.345+0000] {processor.py:186} INFO - Started process (PID=32905) to work on /Users/komidoveneymissiamenou/Documents/Master 1 DIT/DataEnge/spark_airflow/airflow_env/lib/python3.12/site-packages/airflow/example_dags/example_params_ui_tutorial.py
[2025-10-25T21:39:53.346+0000] {processor.py:914} INFO - Processing file /Users/komidoveneymissiamenou/Documents/Master 1 DIT/DataEnge/spark_airflow/airflow_env/lib/python3.12/site-packages/airflow/example_dags/example_params_ui_tutorial.py for tasks to queue
[2025-10-25T21:39:53.346+0000] {logging_mixin.py:190} INFO - [2025-10-25T21:39:53.346+0000] {dagbag.py:588} INFO - Filling up the DagBag from /Users/komidoveneymissiamenou/Documents/Master 1 DIT/DataEnge/spark_airflow/airflow_env/lib/python3.12/site-packages/airflow/example_dags/example_params_ui_tutorial.py
[2025-10-25T21:39:53.369+0000] {processor.py:925} INFO - DAG(s) 'example_params_ui_tutorial' retrieved from /Users/komidoveneymissiamenou/Documents/Master 1 DIT/DataEnge/spark_airflow/airflow_env/lib/python3.12/site-packages/airflow/example_dags/example_params_ui_tutorial.py
[2025-10-25T21:39:53.501+0000] {logging_mixin.py:190} INFO - [2025-10-25T21:39:53.501+0000] {override.py:1900} INFO - Created Permission View: can read on DAG:example_params_ui_tutorial
[2025-10-25T21:39:53.505+0000] {logging_mixin.py:190} INFO - [2025-10-25T21:39:53.505+0000] {override.py:1900} INFO - Created Permission View: can delete on DAG:example_params_ui_tutorial
[2025-10-25T21:39:53.508+0000] {logging_mixin.py:190} INFO - [2025-10-25T21:39:53.507+0000] {override.py:1900} INFO - Created Permission View: can edit on DAG:example_params_ui_tutorial
[2025-10-25T21:39:53.512+0000] {logging_mixin.py:190} INFO - [2025-10-25T21:39:53.512+0000] {override.py:1900} INFO - Created Permission View: can create on DAG Run:example_params_ui_tutorial
[2025-10-25T21:39:53.514+0000] {logging_mixin.py:190} INFO - [2025-10-25T21:39:53.514+0000] {override.py:1900} INFO - Created Permission View: can read on DAG Run:example_params_ui_tutorial
[2025-10-25T21:39:53.517+0000] {logging_mixin.py:190} INFO - [2025-10-25T21:39:53.516+0000] {override.py:1900} INFO - Created Permission View: can delete on DAG Run:example_params_ui_tutorial
[2025-10-25T21:39:53.519+0000] {logging_mixin.py:190} INFO - [2025-10-25T21:39:53.519+0000] {override.py:1900} INFO - Created Permission View: menu access on DAG Run:example_params_ui_tutorial
[2025-10-25T21:39:53.519+0000] {logging_mixin.py:190} INFO - [2025-10-25T21:39:53.519+0000] {dag.py:3239} INFO - Sync 1 DAGs
[2025-10-25T21:39:53.524+0000] {logging_mixin.py:190} INFO - [2025-10-25T21:39:53.524+0000] {dag.py:3262} INFO - Creating ORM DAG for example_params_ui_tutorial
[2025-10-25T21:39:53.524+0000] {logging_mixin.py:190} INFO - [2025-10-25T21:39:53.524+0000] {dag.py:4180} INFO - Setting next_dagrun for example_params_ui_tutorial to None, run_after=None
[2025-10-25T21:39:53.531+0000] {processor.py:208} INFO - Processing /Users/komidoveneymissiamenou/Documents/Master 1 DIT/DataEnge/spark_airflow/airflow_env/lib/python3.12/site-packages/airflow/example_dags/example_params_ui_tutorial.py took 0.187 seconds
[2025-10-25T21:41:48.635+0000] {processor.py:186} INFO - Started process (PID=34342) to work on /Users/komidoveneymissiamenou/Documents/Master 1 DIT/DataEnge/spark_airflow/airflow_env/lib/python3.12/site-packages/airflow/example_dags/example_params_ui_tutorial.py
[2025-10-25T21:41:48.643+0000] {processor.py:914} INFO - Processing file /Users/komidoveneymissiamenou/Documents/Master 1 DIT/DataEnge/spark_airflow/airflow_env/lib/python3.12/site-packages/airflow/example_dags/example_params_ui_tutorial.py for tasks to queue
[2025-10-25T21:41:48.644+0000] {logging_mixin.py:190} INFO - [2025-10-25T21:41:48.644+0000] {dagbag.py:588} INFO - Filling up the DagBag from /Users/komidoveneymissiamenou/Documents/Master 1 DIT/DataEnge/spark_airflow/airflow_env/lib/python3.12/site-packages/airflow/example_dags/example_params_ui_tutorial.py
[2025-10-25T21:41:48.661+0000] {processor.py:925} INFO - DAG(s) 'example_params_ui_tutorial' retrieved from /Users/komidoveneymissiamenou/Documents/Master 1 DIT/DataEnge/spark_airflow/airflow_env/lib/python3.12/site-packages/airflow/example_dags/example_params_ui_tutorial.py
[2025-10-25T21:41:48.704+0000] {logging_mixin.py:190} INFO - [2025-10-25T21:41:48.704+0000] {dag.py:3239} INFO - Sync 1 DAGs
[2025-10-25T21:41:48.708+0000] {logging_mixin.py:190} INFO - [2025-10-25T21:41:48.708+0000] {dag.py:4180} INFO - Setting next_dagrun for example_params_ui_tutorial to None, run_after=None
[2025-10-25T21:41:48.714+0000] {processor.py:208} INFO - Processing /Users/komidoveneymissiamenou/Documents/Master 1 DIT/DataEnge/spark_airflow/airflow_env/lib/python3.12/site-packages/airflow/example_dags/example_params_ui_tutorial.py took 0.081 seconds
[2025-10-25T21:44:22.921+0000] {processor.py:186} INFO - Started process (PID=36209) to work on /Users/komidoveneymissiamenou/Documents/Master 1 DIT/DataEnge/spark_airflow/airflow_env/lib/python3.12/site-packages/airflow/example_dags/example_params_ui_tutorial.py
[2025-10-25T21:44:22.922+0000] {processor.py:914} INFO - Processing file /Users/komidoveneymissiamenou/Documents/Master 1 DIT/DataEnge/spark_airflow/airflow_env/lib/python3.12/site-packages/airflow/example_dags/example_params_ui_tutorial.py for tasks to queue
[2025-10-25T21:44:22.922+0000] {logging_mixin.py:190} INFO - [2025-10-25T21:44:22.922+0000] {dagbag.py:588} INFO - Filling up the DagBag from /Users/komidoveneymissiamenou/Documents/Master 1 DIT/DataEnge/spark_airflow/airflow_env/lib/python3.12/site-packages/airflow/example_dags/example_params_ui_tutorial.py
[2025-10-25T21:44:22.945+0000] {processor.py:925} INFO - DAG(s) 'example_params_ui_tutorial' retrieved from /Users/komidoveneymissiamenou/Documents/Master 1 DIT/DataEnge/spark_airflow/airflow_env/lib/python3.12/site-packages/airflow/example_dags/example_params_ui_tutorial.py
[2025-10-25T21:44:22.991+0000] {logging_mixin.py:190} INFO - [2025-10-25T21:44:22.991+0000] {dag.py:3239} INFO - Sync 1 DAGs
[2025-10-25T21:44:22.995+0000] {logging_mixin.py:190} INFO - [2025-10-25T21:44:22.995+0000] {dag.py:4180} INFO - Setting next_dagrun for example_params_ui_tutorial to None, run_after=None
[2025-10-25T21:44:23.002+0000] {processor.py:208} INFO - Processing /Users/komidoveneymissiamenou/Documents/Master 1 DIT/DataEnge/spark_airflow/airflow_env/lib/python3.12/site-packages/airflow/example_dags/example_params_ui_tutorial.py took 0.083 seconds
[2025-10-25T21:47:24.806+0000] {processor.py:186} INFO - Started process (PID=39087) to work on /Users/komidoveneymissiamenou/Documents/Master 1 DIT/DataEnge/spark_airflow/airflow_env/lib/python3.12/site-packages/airflow/example_dags/example_params_ui_tutorial.py
[2025-10-25T21:47:24.806+0000] {processor.py:914} INFO - Processing file /Users/komidoveneymissiamenou/Documents/Master 1 DIT/DataEnge/spark_airflow/airflow_env/lib/python3.12/site-packages/airflow/example_dags/example_params_ui_tutorial.py for tasks to queue
[2025-10-25T21:47:24.807+0000] {logging_mixin.py:190} INFO - [2025-10-25T21:47:24.806+0000] {dagbag.py:588} INFO - Filling up the DagBag from /Users/komidoveneymissiamenou/Documents/Master 1 DIT/DataEnge/spark_airflow/airflow_env/lib/python3.12/site-packages/airflow/example_dags/example_params_ui_tutorial.py
[2025-10-25T21:47:24.834+0000] {processor.py:925} INFO - DAG(s) 'example_params_ui_tutorial' retrieved from /Users/komidoveneymissiamenou/Documents/Master 1 DIT/DataEnge/spark_airflow/airflow_env/lib/python3.12/site-packages/airflow/example_dags/example_params_ui_tutorial.py
[2025-10-25T21:47:24.889+0000] {logging_mixin.py:190} INFO - [2025-10-25T21:47:24.888+0000] {dag.py:3239} INFO - Sync 1 DAGs
[2025-10-25T21:47:24.893+0000] {logging_mixin.py:190} INFO - [2025-10-25T21:47:24.893+0000] {dag.py:4180} INFO - Setting next_dagrun for example_params_ui_tutorial to None, run_after=None
[2025-10-25T21:47:24.904+0000] {processor.py:208} INFO - Processing /Users/komidoveneymissiamenou/Documents/Master 1 DIT/DataEnge/spark_airflow/airflow_env/lib/python3.12/site-packages/airflow/example_dags/example_params_ui_tutorial.py took 0.100 seconds
[2025-10-25T21:49:44.114+0000] {processor.py:186} INFO - Started process (PID=42761) to work on /Users/komidoveneymissiamenou/Documents/Master 1 DIT/DataEnge/spark_airflow/airflow_env/lib/python3.12/site-packages/airflow/example_dags/example_params_ui_tutorial.py
[2025-10-25T21:49:44.116+0000] {processor.py:914} INFO - Processing file /Users/komidoveneymissiamenou/Documents/Master 1 DIT/DataEnge/spark_airflow/airflow_env/lib/python3.12/site-packages/airflow/example_dags/example_params_ui_tutorial.py for tasks to queue
[2025-10-25T21:49:44.117+0000] {logging_mixin.py:190} INFO - [2025-10-25T21:49:44.117+0000] {dagbag.py:588} INFO - Filling up the DagBag from /Users/komidoveneymissiamenou/Documents/Master 1 DIT/DataEnge/spark_airflow/airflow_env/lib/python3.12/site-packages/airflow/example_dags/example_params_ui_tutorial.py
[2025-10-25T21:49:44.140+0000] {processor.py:925} INFO - DAG(s) 'example_params_ui_tutorial' retrieved from /Users/komidoveneymissiamenou/Documents/Master 1 DIT/DataEnge/spark_airflow/airflow_env/lib/python3.12/site-packages/airflow/example_dags/example_params_ui_tutorial.py
[2025-10-25T21:49:44.189+0000] {logging_mixin.py:190} INFO - [2025-10-25T21:49:44.189+0000] {dag.py:3239} INFO - Sync 1 DAGs
[2025-10-25T21:49:44.193+0000] {logging_mixin.py:190} INFO - [2025-10-25T21:49:44.193+0000] {dag.py:4180} INFO - Setting next_dagrun for example_params_ui_tutorial to None, run_after=None
[2025-10-25T21:49:44.200+0000] {processor.py:208} INFO - Processing /Users/komidoveneymissiamenou/Documents/Master 1 DIT/DataEnge/spark_airflow/airflow_env/lib/python3.12/site-packages/airflow/example_dags/example_params_ui_tutorial.py took 0.088 seconds
[2025-10-25T21:51:53.490+0000] {processor.py:186} INFO - Started process (PID=44962) to work on /Users/komidoveneymissiamenou/Documents/Master 1 DIT/DataEnge/spark_airflow/airflow_env/lib/python3.12/site-packages/airflow/example_dags/example_params_ui_tutorial.py
[2025-10-25T21:51:53.491+0000] {processor.py:914} INFO - Processing file /Users/komidoveneymissiamenou/Documents/Master 1 DIT/DataEnge/spark_airflow/airflow_env/lib/python3.12/site-packages/airflow/example_dags/example_params_ui_tutorial.py for tasks to queue
[2025-10-25T21:51:53.491+0000] {logging_mixin.py:190} INFO - [2025-10-25T21:51:53.491+0000] {dagbag.py:588} INFO - Filling up the DagBag from /Users/komidoveneymissiamenou/Documents/Master 1 DIT/DataEnge/spark_airflow/airflow_env/lib/python3.12/site-packages/airflow/example_dags/example_params_ui_tutorial.py
[2025-10-25T21:51:53.509+0000] {processor.py:925} INFO - DAG(s) 'example_params_ui_tutorial' retrieved from /Users/komidoveneymissiamenou/Documents/Master 1 DIT/DataEnge/spark_airflow/airflow_env/lib/python3.12/site-packages/airflow/example_dags/example_params_ui_tutorial.py
[2025-10-25T21:51:53.555+0000] {logging_mixin.py:190} INFO - [2025-10-25T21:51:53.555+0000] {dag.py:3239} INFO - Sync 1 DAGs
[2025-10-25T21:51:53.559+0000] {logging_mixin.py:190} INFO - [2025-10-25T21:51:53.559+0000] {dag.py:4180} INFO - Setting next_dagrun for example_params_ui_tutorial to None, run_after=None
[2025-10-25T21:51:53.566+0000] {processor.py:208} INFO - Processing /Users/komidoveneymissiamenou/Documents/Master 1 DIT/DataEnge/spark_airflow/airflow_env/lib/python3.12/site-packages/airflow/example_dags/example_params_ui_tutorial.py took 0.077 seconds
[2025-10-25T21:55:25.486+0000] {processor.py:186} INFO - Started process (PID=49345) to work on /Users/komidoveneymissiamenou/Documents/Master 1 DIT/DataEnge/spark_airflow/airflow_env/lib/python3.12/site-packages/airflow/example_dags/example_params_ui_tutorial.py
[2025-10-25T21:55:25.487+0000] {processor.py:914} INFO - Processing file /Users/komidoveneymissiamenou/Documents/Master 1 DIT/DataEnge/spark_airflow/airflow_env/lib/python3.12/site-packages/airflow/example_dags/example_params_ui_tutorial.py for tasks to queue
[2025-10-25T21:55:25.488+0000] {logging_mixin.py:190} INFO - [2025-10-25T21:55:25.488+0000] {dagbag.py:588} INFO - Filling up the DagBag from /Users/komidoveneymissiamenou/Documents/Master 1 DIT/DataEnge/spark_airflow/airflow_env/lib/python3.12/site-packages/airflow/example_dags/example_params_ui_tutorial.py
[2025-10-25T21:55:25.513+0000] {processor.py:925} INFO - DAG(s) 'example_params_ui_tutorial' retrieved from /Users/komidoveneymissiamenou/Documents/Master 1 DIT/DataEnge/spark_airflow/airflow_env/lib/python3.12/site-packages/airflow/example_dags/example_params_ui_tutorial.py
[2025-10-25T21:55:25.565+0000] {logging_mixin.py:190} INFO - [2025-10-25T21:55:25.565+0000] {dag.py:3239} INFO - Sync 1 DAGs
[2025-10-25T21:55:25.569+0000] {logging_mixin.py:190} INFO - [2025-10-25T21:55:25.569+0000] {dag.py:4180} INFO - Setting next_dagrun for example_params_ui_tutorial to None, run_after=None
[2025-10-25T21:55:25.578+0000] {processor.py:208} INFO - Processing /Users/komidoveneymissiamenou/Documents/Master 1 DIT/DataEnge/spark_airflow/airflow_env/lib/python3.12/site-packages/airflow/example_dags/example_params_ui_tutorial.py took 0.094 seconds
[2025-10-25T21:57:27.443+0000] {processor.py:186} INFO - Started process (PID=50789) to work on /Users/komidoveneymissiamenou/Documents/Master 1 DIT/DataEnge/spark_airflow/airflow_env/lib/python3.12/site-packages/airflow/example_dags/example_params_ui_tutorial.py
[2025-10-25T21:57:27.444+0000] {processor.py:914} INFO - Processing file /Users/komidoveneymissiamenou/Documents/Master 1 DIT/DataEnge/spark_airflow/airflow_env/lib/python3.12/site-packages/airflow/example_dags/example_params_ui_tutorial.py for tasks to queue
[2025-10-25T21:57:27.444+0000] {logging_mixin.py:190} INFO - [2025-10-25T21:57:27.444+0000] {dagbag.py:588} INFO - Filling up the DagBag from /Users/komidoveneymissiamenou/Documents/Master 1 DIT/DataEnge/spark_airflow/airflow_env/lib/python3.12/site-packages/airflow/example_dags/example_params_ui_tutorial.py
[2025-10-25T21:57:27.466+0000] {processor.py:925} INFO - DAG(s) 'example_params_ui_tutorial' retrieved from /Users/komidoveneymissiamenou/Documents/Master 1 DIT/DataEnge/spark_airflow/airflow_env/lib/python3.12/site-packages/airflow/example_dags/example_params_ui_tutorial.py
[2025-10-25T21:57:27.511+0000] {logging_mixin.py:190} INFO - [2025-10-25T21:57:27.511+0000] {dag.py:3239} INFO - Sync 1 DAGs
[2025-10-25T21:57:27.515+0000] {logging_mixin.py:190} INFO - [2025-10-25T21:57:27.515+0000] {dag.py:4180} INFO - Setting next_dagrun for example_params_ui_tutorial to None, run_after=None
[2025-10-25T21:57:27.524+0000] {processor.py:208} INFO - Processing /Users/komidoveneymissiamenou/Documents/Master 1 DIT/DataEnge/spark_airflow/airflow_env/lib/python3.12/site-packages/airflow/example_dags/example_params_ui_tutorial.py took 0.082 seconds
