[2025-10-25T21:39:49.286+0000] {processor.py:186} INFO - Started process (PID=32865) to work on /Users/komidoveneymissiamenou/Documents/Master 1 DIT/DataEnge/spark_airflow/airflow_env/lib/python3.12/site-packages/airflow/example_dags/example_python_decorator.py
[2025-10-25T21:39:49.287+0000] {processor.py:914} INFO - Processing file /Users/komidoveneymissiamenou/Documents/Master 1 DIT/DataEnge/spark_airflow/airflow_env/lib/python3.12/site-packages/airflow/example_dags/example_python_decorator.py for tasks to queue
[2025-10-25T21:39:49.288+0000] {logging_mixin.py:190} INFO - [2025-10-25T21:39:49.287+0000] {dagbag.py:588} INFO - Filling up the DagBag from /Users/komidoveneymissiamenou/Documents/Master 1 DIT/DataEnge/spark_airflow/airflow_env/lib/python3.12/site-packages/airflow/example_dags/example_python_decorator.py
[2025-10-25T21:39:49.308+0000] {logging_mixin.py:190} INFO - [2025-10-25T21:39:49.308+0000] {example_python_decorator.py:80} WARNING - The virtalenv_python example task requires virtualenv, please install it.
[2025-10-25T21:39:49.309+0000] {processor.py:925} INFO - DAG(s) 'example_python_decorator' retrieved from /Users/komidoveneymissiamenou/Documents/Master 1 DIT/DataEnge/spark_airflow/airflow_env/lib/python3.12/site-packages/airflow/example_dags/example_python_decorator.py
[2025-10-25T21:39:49.413+0000] {logging_mixin.py:190} INFO - [2025-10-25T21:39:49.413+0000] {override.py:1900} INFO - Created Permission View: can delete on DAG:example_python_decorator
[2025-10-25T21:39:49.416+0000] {logging_mixin.py:190} INFO - [2025-10-25T21:39:49.416+0000] {override.py:1900} INFO - Created Permission View: can edit on DAG:example_python_decorator
[2025-10-25T21:39:49.419+0000] {logging_mixin.py:190} INFO - [2025-10-25T21:39:49.418+0000] {override.py:1900} INFO - Created Permission View: can read on DAG:example_python_decorator
[2025-10-25T21:39:49.422+0000] {logging_mixin.py:190} INFO - [2025-10-25T21:39:49.422+0000] {override.py:1900} INFO - Created Permission View: can delete on DAG Run:example_python_decorator
[2025-10-25T21:39:49.424+0000] {logging_mixin.py:190} INFO - [2025-10-25T21:39:49.424+0000] {override.py:1900} INFO - Created Permission View: menu access on DAG Run:example_python_decorator
[2025-10-25T21:39:49.426+0000] {logging_mixin.py:190} INFO - [2025-10-25T21:39:49.426+0000] {override.py:1900} INFO - Created Permission View: can read on DAG Run:example_python_decorator
[2025-10-25T21:39:49.428+0000] {logging_mixin.py:190} INFO - [2025-10-25T21:39:49.428+0000] {override.py:1900} INFO - Created Permission View: can create on DAG Run:example_python_decorator
[2025-10-25T21:39:49.428+0000] {logging_mixin.py:190} INFO - [2025-10-25T21:39:49.428+0000] {dag.py:3239} INFO - Sync 1 DAGs
[2025-10-25T21:39:49.432+0000] {logging_mixin.py:190} INFO - [2025-10-25T21:39:49.432+0000] {dag.py:3262} INFO - Creating ORM DAG for example_python_decorator
[2025-10-25T21:39:49.432+0000] {logging_mixin.py:190} INFO - [2025-10-25T21:39:49.432+0000] {dag.py:4180} INFO - Setting next_dagrun for example_python_decorator to None, run_after=None
[2025-10-25T21:39:49.439+0000] {processor.py:208} INFO - Processing /Users/komidoveneymissiamenou/Documents/Master 1 DIT/DataEnge/spark_airflow/airflow_env/lib/python3.12/site-packages/airflow/example_dags/example_python_decorator.py took 0.154 seconds
[2025-10-25T21:41:44.629+0000] {processor.py:186} INFO - Started process (PID=34302) to work on /Users/komidoveneymissiamenou/Documents/Master 1 DIT/DataEnge/spark_airflow/airflow_env/lib/python3.12/site-packages/airflow/example_dags/example_python_decorator.py
[2025-10-25T21:41:44.631+0000] {processor.py:914} INFO - Processing file /Users/komidoveneymissiamenou/Documents/Master 1 DIT/DataEnge/spark_airflow/airflow_env/lib/python3.12/site-packages/airflow/example_dags/example_python_decorator.py for tasks to queue
[2025-10-25T21:41:44.631+0000] {logging_mixin.py:190} INFO - [2025-10-25T21:41:44.631+0000] {dagbag.py:588} INFO - Filling up the DagBag from /Users/komidoveneymissiamenou/Documents/Master 1 DIT/DataEnge/spark_airflow/airflow_env/lib/python3.12/site-packages/airflow/example_dags/example_python_decorator.py
[2025-10-25T21:41:44.650+0000] {logging_mixin.py:190} INFO - [2025-10-25T21:41:44.650+0000] {example_python_decorator.py:80} WARNING - The virtalenv_python example task requires virtualenv, please install it.
[2025-10-25T21:41:44.651+0000] {processor.py:925} INFO - DAG(s) 'example_python_decorator' retrieved from /Users/komidoveneymissiamenou/Documents/Master 1 DIT/DataEnge/spark_airflow/airflow_env/lib/python3.12/site-packages/airflow/example_dags/example_python_decorator.py
[2025-10-25T21:41:44.686+0000] {logging_mixin.py:190} INFO - [2025-10-25T21:41:44.686+0000] {dag.py:3239} INFO - Sync 1 DAGs
[2025-10-25T21:41:44.690+0000] {logging_mixin.py:190} INFO - [2025-10-25T21:41:44.690+0000] {dag.py:4180} INFO - Setting next_dagrun for example_python_decorator to None, run_after=None
[2025-10-25T21:41:44.697+0000] {processor.py:208} INFO - Processing /Users/komidoveneymissiamenou/Documents/Master 1 DIT/DataEnge/spark_airflow/airflow_env/lib/python3.12/site-packages/airflow/example_dags/example_python_decorator.py took 0.070 seconds
[2025-10-25T21:43:06.265+0000] {processor.py:186} INFO - Started process (PID=35283) to work on /Users/komidoveneymissiamenou/Documents/Master 1 DIT/DataEnge/spark_airflow/airflow_env/lib/python3.12/site-packages/airflow/example_dags/example_python_decorator.py
[2025-10-25T21:43:06.267+0000] {processor.py:914} INFO - Processing file /Users/komidoveneymissiamenou/Documents/Master 1 DIT/DataEnge/spark_airflow/airflow_env/lib/python3.12/site-packages/airflow/example_dags/example_python_decorator.py for tasks to queue
[2025-10-25T21:43:06.268+0000] {logging_mixin.py:190} INFO - [2025-10-25T21:43:06.268+0000] {dagbag.py:588} INFO - Filling up the DagBag from /Users/komidoveneymissiamenou/Documents/Master 1 DIT/DataEnge/spark_airflow/airflow_env/lib/python3.12/site-packages/airflow/example_dags/example_python_decorator.py
[2025-10-25T21:43:06.291+0000] {logging_mixin.py:190} INFO - [2025-10-25T21:43:06.291+0000] {example_python_decorator.py:80} WARNING - The virtalenv_python example task requires virtualenv, please install it.
[2025-10-25T21:43:06.293+0000] {processor.py:925} INFO - DAG(s) 'example_python_decorator' retrieved from /Users/komidoveneymissiamenou/Documents/Master 1 DIT/DataEnge/spark_airflow/airflow_env/lib/python3.12/site-packages/airflow/example_dags/example_python_decorator.py
[2025-10-25T21:43:06.329+0000] {logging_mixin.py:190} INFO - [2025-10-25T21:43:06.329+0000] {dag.py:3239} INFO - Sync 1 DAGs
[2025-10-25T21:43:06.333+0000] {logging_mixin.py:190} INFO - [2025-10-25T21:43:06.333+0000] {dag.py:4180} INFO - Setting next_dagrun for example_python_decorator to None, run_after=None
[2025-10-25T21:43:06.341+0000] {processor.py:208} INFO - Processing /Users/komidoveneymissiamenou/Documents/Master 1 DIT/DataEnge/spark_airflow/airflow_env/lib/python3.12/site-packages/airflow/example_dags/example_python_decorator.py took 0.079 seconds
[2025-10-25T21:45:45.890+0000] {processor.py:186} INFO - Started process (PID=37549) to work on /Users/komidoveneymissiamenou/Documents/Master 1 DIT/DataEnge/spark_airflow/airflow_env/lib/python3.12/site-packages/airflow/example_dags/example_python_decorator.py
[2025-10-25T21:45:45.890+0000] {processor.py:914} INFO - Processing file /Users/komidoveneymissiamenou/Documents/Master 1 DIT/DataEnge/spark_airflow/airflow_env/lib/python3.12/site-packages/airflow/example_dags/example_python_decorator.py for tasks to queue
[2025-10-25T21:45:45.891+0000] {logging_mixin.py:190} INFO - [2025-10-25T21:45:45.891+0000] {dagbag.py:588} INFO - Filling up the DagBag from /Users/komidoveneymissiamenou/Documents/Master 1 DIT/DataEnge/spark_airflow/airflow_env/lib/python3.12/site-packages/airflow/example_dags/example_python_decorator.py
[2025-10-25T21:45:45.916+0000] {logging_mixin.py:190} INFO - [2025-10-25T21:45:45.916+0000] {example_python_decorator.py:80} WARNING - The virtalenv_python example task requires virtualenv, please install it.
[2025-10-25T21:45:45.917+0000] {processor.py:925} INFO - DAG(s) 'example_python_decorator' retrieved from /Users/komidoveneymissiamenou/Documents/Master 1 DIT/DataEnge/spark_airflow/airflow_env/lib/python3.12/site-packages/airflow/example_dags/example_python_decorator.py
[2025-10-25T21:45:45.956+0000] {logging_mixin.py:190} INFO - [2025-10-25T21:45:45.956+0000] {dag.py:3239} INFO - Sync 1 DAGs
[2025-10-25T21:45:45.960+0000] {logging_mixin.py:190} INFO - [2025-10-25T21:45:45.960+0000] {dag.py:4180} INFO - Setting next_dagrun for example_python_decorator to None, run_after=None
[2025-10-25T21:45:45.967+0000] {processor.py:208} INFO - Processing /Users/komidoveneymissiamenou/Documents/Master 1 DIT/DataEnge/spark_airflow/airflow_env/lib/python3.12/site-packages/airflow/example_dags/example_python_decorator.py took 0.079 seconds
[2025-10-25T21:47:20.657+0000] {processor.py:186} INFO - Started process (PID=38948) to work on /Users/komidoveneymissiamenou/Documents/Master 1 DIT/DataEnge/spark_airflow/airflow_env/lib/python3.12/site-packages/airflow/example_dags/example_python_decorator.py
[2025-10-25T21:47:20.670+0000] {processor.py:914} INFO - Processing file /Users/komidoveneymissiamenou/Documents/Master 1 DIT/DataEnge/spark_airflow/airflow_env/lib/python3.12/site-packages/airflow/example_dags/example_python_decorator.py for tasks to queue
[2025-10-25T21:47:20.672+0000] {logging_mixin.py:190} INFO - [2025-10-25T21:47:20.672+0000] {dagbag.py:588} INFO - Filling up the DagBag from /Users/komidoveneymissiamenou/Documents/Master 1 DIT/DataEnge/spark_airflow/airflow_env/lib/python3.12/site-packages/airflow/example_dags/example_python_decorator.py
[2025-10-25T21:47:20.711+0000] {logging_mixin.py:190} INFO - [2025-10-25T21:47:20.711+0000] {example_python_decorator.py:80} WARNING - The virtalenv_python example task requires virtualenv, please install it.
[2025-10-25T21:47:20.713+0000] {processor.py:925} INFO - DAG(s) 'example_python_decorator' retrieved from /Users/komidoveneymissiamenou/Documents/Master 1 DIT/DataEnge/spark_airflow/airflow_env/lib/python3.12/site-packages/airflow/example_dags/example_python_decorator.py
[2025-10-25T21:47:20.755+0000] {logging_mixin.py:190} INFO - [2025-10-25T21:47:20.754+0000] {dag.py:3239} INFO - Sync 1 DAGs
[2025-10-25T21:47:20.759+0000] {logging_mixin.py:190} INFO - [2025-10-25T21:47:20.758+0000] {dag.py:4180} INFO - Setting next_dagrun for example_python_decorator to None, run_after=None
[2025-10-25T21:47:20.769+0000] {processor.py:208} INFO - Processing /Users/komidoveneymissiamenou/Documents/Master 1 DIT/DataEnge/spark_airflow/airflow_env/lib/python3.12/site-packages/airflow/example_dags/example_python_decorator.py took 0.114 seconds
[2025-10-25T21:49:40.176+0000] {processor.py:186} INFO - Started process (PID=42717) to work on /Users/komidoveneymissiamenou/Documents/Master 1 DIT/DataEnge/spark_airflow/airflow_env/lib/python3.12/site-packages/airflow/example_dags/example_python_decorator.py
[2025-10-25T21:49:40.176+0000] {processor.py:914} INFO - Processing file /Users/komidoveneymissiamenou/Documents/Master 1 DIT/DataEnge/spark_airflow/airflow_env/lib/python3.12/site-packages/airflow/example_dags/example_python_decorator.py for tasks to queue
[2025-10-25T21:49:40.177+0000] {logging_mixin.py:190} INFO - [2025-10-25T21:49:40.177+0000] {dagbag.py:588} INFO - Filling up the DagBag from /Users/komidoveneymissiamenou/Documents/Master 1 DIT/DataEnge/spark_airflow/airflow_env/lib/python3.12/site-packages/airflow/example_dags/example_python_decorator.py
[2025-10-25T21:49:40.194+0000] {logging_mixin.py:190} INFO - [2025-10-25T21:49:40.194+0000] {example_python_decorator.py:80} WARNING - The virtalenv_python example task requires virtualenv, please install it.
[2025-10-25T21:49:40.195+0000] {processor.py:925} INFO - DAG(s) 'example_python_decorator' retrieved from /Users/komidoveneymissiamenou/Documents/Master 1 DIT/DataEnge/spark_airflow/airflow_env/lib/python3.12/site-packages/airflow/example_dags/example_python_decorator.py
[2025-10-25T21:49:40.231+0000] {logging_mixin.py:190} INFO - [2025-10-25T21:49:40.230+0000] {dag.py:3239} INFO - Sync 1 DAGs
[2025-10-25T21:49:40.235+0000] {logging_mixin.py:190} INFO - [2025-10-25T21:49:40.235+0000] {dag.py:4180} INFO - Setting next_dagrun for example_python_decorator to None, run_after=None
[2025-10-25T21:49:40.241+0000] {processor.py:208} INFO - Processing /Users/komidoveneymissiamenou/Documents/Master 1 DIT/DataEnge/spark_airflow/airflow_env/lib/python3.12/site-packages/airflow/example_dags/example_python_decorator.py took 0.067 seconds
[2025-10-25T21:51:49.360+0000] {processor.py:186} INFO - Started process (PID=44916) to work on /Users/komidoveneymissiamenou/Documents/Master 1 DIT/DataEnge/spark_airflow/airflow_env/lib/python3.12/site-packages/airflow/example_dags/example_python_decorator.py
[2025-10-25T21:51:49.365+0000] {processor.py:914} INFO - Processing file /Users/komidoveneymissiamenou/Documents/Master 1 DIT/DataEnge/spark_airflow/airflow_env/lib/python3.12/site-packages/airflow/example_dags/example_python_decorator.py for tasks to queue
[2025-10-25T21:51:49.367+0000] {logging_mixin.py:190} INFO - [2025-10-25T21:51:49.367+0000] {dagbag.py:588} INFO - Filling up the DagBag from /Users/komidoveneymissiamenou/Documents/Master 1 DIT/DataEnge/spark_airflow/airflow_env/lib/python3.12/site-packages/airflow/example_dags/example_python_decorator.py
[2025-10-25T21:51:49.401+0000] {logging_mixin.py:190} INFO - [2025-10-25T21:51:49.400+0000] {example_python_decorator.py:80} WARNING - The virtalenv_python example task requires virtualenv, please install it.
[2025-10-25T21:51:49.401+0000] {processor.py:925} INFO - DAG(s) 'example_python_decorator' retrieved from /Users/komidoveneymissiamenou/Documents/Master 1 DIT/DataEnge/spark_airflow/airflow_env/lib/python3.12/site-packages/airflow/example_dags/example_python_decorator.py
[2025-10-25T21:51:49.439+0000] {logging_mixin.py:190} INFO - [2025-10-25T21:51:49.439+0000] {dag.py:3239} INFO - Sync 1 DAGs
[2025-10-25T21:51:49.444+0000] {logging_mixin.py:190} INFO - [2025-10-25T21:51:49.443+0000] {dag.py:4180} INFO - Setting next_dagrun for example_python_decorator to None, run_after=None
[2025-10-25T21:51:49.451+0000] {processor.py:208} INFO - Processing /Users/komidoveneymissiamenou/Documents/Master 1 DIT/DataEnge/spark_airflow/airflow_env/lib/python3.12/site-packages/airflow/example_dags/example_python_decorator.py took 0.094 seconds
[2025-10-25T21:55:20.845+0000] {processor.py:186} INFO - Started process (PID=49293) to work on /Users/komidoveneymissiamenou/Documents/Master 1 DIT/DataEnge/spark_airflow/airflow_env/lib/python3.12/site-packages/airflow/example_dags/example_python_decorator.py
[2025-10-25T21:55:20.846+0000] {processor.py:914} INFO - Processing file /Users/komidoveneymissiamenou/Documents/Master 1 DIT/DataEnge/spark_airflow/airflow_env/lib/python3.12/site-packages/airflow/example_dags/example_python_decorator.py for tasks to queue
[2025-10-25T21:55:20.846+0000] {logging_mixin.py:190} INFO - [2025-10-25T21:55:20.846+0000] {dagbag.py:588} INFO - Filling up the DagBag from /Users/komidoveneymissiamenou/Documents/Master 1 DIT/DataEnge/spark_airflow/airflow_env/lib/python3.12/site-packages/airflow/example_dags/example_python_decorator.py
[2025-10-25T21:55:20.872+0000] {logging_mixin.py:190} INFO - [2025-10-25T21:55:20.872+0000] {example_python_decorator.py:80} WARNING - The virtalenv_python example task requires virtualenv, please install it.
[2025-10-25T21:55:20.873+0000] {processor.py:925} INFO - DAG(s) 'example_python_decorator' retrieved from /Users/komidoveneymissiamenou/Documents/Master 1 DIT/DataEnge/spark_airflow/airflow_env/lib/python3.12/site-packages/airflow/example_dags/example_python_decorator.py
[2025-10-25T21:55:20.925+0000] {logging_mixin.py:190} INFO - [2025-10-25T21:55:20.924+0000] {dag.py:3239} INFO - Sync 1 DAGs
[2025-10-25T21:55:20.930+0000] {logging_mixin.py:190} INFO - [2025-10-25T21:55:20.930+0000] {dag.py:4180} INFO - Setting next_dagrun for example_python_decorator to None, run_after=None
[2025-10-25T21:55:20.939+0000] {processor.py:208} INFO - Processing /Users/komidoveneymissiamenou/Documents/Master 1 DIT/DataEnge/spark_airflow/airflow_env/lib/python3.12/site-packages/airflow/example_dags/example_python_decorator.py took 0.096 seconds
[2025-10-25T21:57:23.510+0000] {processor.py:186} INFO - Started process (PID=50742) to work on /Users/komidoveneymissiamenou/Documents/Master 1 DIT/DataEnge/spark_airflow/airflow_env/lib/python3.12/site-packages/airflow/example_dags/example_python_decorator.py
[2025-10-25T21:57:23.511+0000] {processor.py:914} INFO - Processing file /Users/komidoveneymissiamenou/Documents/Master 1 DIT/DataEnge/spark_airflow/airflow_env/lib/python3.12/site-packages/airflow/example_dags/example_python_decorator.py for tasks to queue
[2025-10-25T21:57:23.511+0000] {logging_mixin.py:190} INFO - [2025-10-25T21:57:23.511+0000] {dagbag.py:588} INFO - Filling up the DagBag from /Users/komidoveneymissiamenou/Documents/Master 1 DIT/DataEnge/spark_airflow/airflow_env/lib/python3.12/site-packages/airflow/example_dags/example_python_decorator.py
[2025-10-25T21:57:23.537+0000] {logging_mixin.py:190} INFO - [2025-10-25T21:57:23.537+0000] {example_python_decorator.py:80} WARNING - The virtalenv_python example task requires virtualenv, please install it.
[2025-10-25T21:57:23.539+0000] {processor.py:925} INFO - DAG(s) 'example_python_decorator' retrieved from /Users/komidoveneymissiamenou/Documents/Master 1 DIT/DataEnge/spark_airflow/airflow_env/lib/python3.12/site-packages/airflow/example_dags/example_python_decorator.py
[2025-10-25T21:57:23.586+0000] {logging_mixin.py:190} INFO - [2025-10-25T21:57:23.586+0000] {dag.py:3239} INFO - Sync 1 DAGs
[2025-10-25T21:57:23.591+0000] {logging_mixin.py:190} INFO - [2025-10-25T21:57:23.591+0000] {dag.py:4180} INFO - Setting next_dagrun for example_python_decorator to None, run_after=None
[2025-10-25T21:57:23.599+0000] {processor.py:208} INFO - Processing /Users/komidoveneymissiamenou/Documents/Master 1 DIT/DataEnge/spark_airflow/airflow_env/lib/python3.12/site-packages/airflow/example_dags/example_python_decorator.py took 0.093 seconds
