[2025-10-25T21:39:15.816+0000] {processor.py:186} INFO - Started process (PID=32461) to work on /Users/komidoveneymissiamenou/Documents/Master 1 DIT/DataEnge/spark_airflow/airflow_env/lib/python3.12/site-packages/airflow/example_dags/example_xcom.py
[2025-10-25T21:39:15.817+0000] {processor.py:914} INFO - Processing file /Users/komidoveneymissiamenou/Documents/Master 1 DIT/DataEnge/spark_airflow/airflow_env/lib/python3.12/site-packages/airflow/example_dags/example_xcom.py for tasks to queue
[2025-10-25T21:39:15.817+0000] {logging_mixin.py:190} INFO - [2025-10-25T21:39:15.817+0000] {dagbag.py:588} INFO - Filling up the DagBag from /Users/komidoveneymissiamenou/Documents/Master 1 DIT/DataEnge/spark_airflow/airflow_env/lib/python3.12/site-packages/airflow/example_dags/example_xcom.py
[2025-10-25T21:39:15.852+0000] {processor.py:925} INFO - DAG(s) 'example_xcom' retrieved from /Users/komidoveneymissiamenou/Documents/Master 1 DIT/DataEnge/spark_airflow/airflow_env/lib/python3.12/site-packages/airflow/example_dags/example_xcom.py
[2025-10-25T21:39:15.961+0000] {logging_mixin.py:190} INFO - [2025-10-25T21:39:15.961+0000] {override.py:1900} INFO - Created Permission View: can delete on DAG:example_xcom
[2025-10-25T21:39:15.964+0000] {logging_mixin.py:190} INFO - [2025-10-25T21:39:15.964+0000] {override.py:1900} INFO - Created Permission View: can edit on DAG:example_xcom
[2025-10-25T21:39:15.966+0000] {logging_mixin.py:190} INFO - [2025-10-25T21:39:15.966+0000] {override.py:1900} INFO - Created Permission View: can read on DAG:example_xcom
[2025-10-25T21:39:15.969+0000] {logging_mixin.py:190} INFO - [2025-10-25T21:39:15.969+0000] {override.py:1900} INFO - Created Permission View: can create on DAG Run:example_xcom
[2025-10-25T21:39:15.971+0000] {logging_mixin.py:190} INFO - [2025-10-25T21:39:15.971+0000] {override.py:1900} INFO - Created Permission View: menu access on DAG Run:example_xcom
[2025-10-25T21:39:15.973+0000] {logging_mixin.py:190} INFO - [2025-10-25T21:39:15.973+0000] {override.py:1900} INFO - Created Permission View: can delete on DAG Run:example_xcom
[2025-10-25T21:39:15.975+0000] {logging_mixin.py:190} INFO - [2025-10-25T21:39:15.975+0000] {override.py:1900} INFO - Created Permission View: can read on DAG Run:example_xcom
[2025-10-25T21:39:15.976+0000] {logging_mixin.py:190} INFO - [2025-10-25T21:39:15.975+0000] {dag.py:3239} INFO - Sync 1 DAGs
[2025-10-25T21:39:15.980+0000] {logging_mixin.py:190} INFO - [2025-10-25T21:39:15.980+0000] {dag.py:3262} INFO - Creating ORM DAG for example_xcom
[2025-10-25T21:39:15.982+0000] {logging_mixin.py:190} INFO - [2025-10-25T21:39:15.982+0000] {dag.py:4180} INFO - Setting next_dagrun for example_xcom to 2021-01-01 00:00:00+00:00, run_after=2021-01-01 00:00:00+00:00
[2025-10-25T21:39:15.989+0000] {processor.py:208} INFO - Processing /Users/komidoveneymissiamenou/Documents/Master 1 DIT/DataEnge/spark_airflow/airflow_env/lib/python3.12/site-packages/airflow/example_dags/example_xcom.py took 0.175 seconds
[2025-10-25T21:41:16.896+0000] {processor.py:186} INFO - Started process (PID=33946) to work on /Users/komidoveneymissiamenou/Documents/Master 1 DIT/DataEnge/spark_airflow/airflow_env/lib/python3.12/site-packages/airflow/example_dags/example_xcom.py
[2025-10-25T21:41:16.896+0000] {processor.py:914} INFO - Processing file /Users/komidoveneymissiamenou/Documents/Master 1 DIT/DataEnge/spark_airflow/airflow_env/lib/python3.12/site-packages/airflow/example_dags/example_xcom.py for tasks to queue
[2025-10-25T21:41:16.897+0000] {logging_mixin.py:190} INFO - [2025-10-25T21:41:16.897+0000] {dagbag.py:588} INFO - Filling up the DagBag from /Users/komidoveneymissiamenou/Documents/Master 1 DIT/DataEnge/spark_airflow/airflow_env/lib/python3.12/site-packages/airflow/example_dags/example_xcom.py
[2025-10-25T21:41:16.914+0000] {processor.py:925} INFO - DAG(s) 'example_xcom' retrieved from /Users/komidoveneymissiamenou/Documents/Master 1 DIT/DataEnge/spark_airflow/airflow_env/lib/python3.12/site-packages/airflow/example_dags/example_xcom.py
[2025-10-25T21:41:16.949+0000] {logging_mixin.py:190} INFO - [2025-10-25T21:41:16.949+0000] {dag.py:3239} INFO - Sync 1 DAGs
[2025-10-25T21:41:16.955+0000] {logging_mixin.py:190} INFO - [2025-10-25T21:41:16.955+0000] {dag.py:4180} INFO - Setting next_dagrun for example_xcom to 2021-01-01 00:00:00+00:00, run_after=2021-01-01 00:00:00+00:00
[2025-10-25T21:41:16.961+0000] {processor.py:208} INFO - Processing /Users/komidoveneymissiamenou/Documents/Master 1 DIT/DataEnge/spark_airflow/airflow_env/lib/python3.12/site-packages/airflow/example_dags/example_xcom.py took 0.067 seconds
[2025-10-25T21:42:35.912+0000] {processor.py:186} INFO - Started process (PID=34920) to work on /Users/komidoveneymissiamenou/Documents/Master 1 DIT/DataEnge/spark_airflow/airflow_env/lib/python3.12/site-packages/airflow/example_dags/example_xcom.py
[2025-10-25T21:42:35.912+0000] {processor.py:914} INFO - Processing file /Users/komidoveneymissiamenou/Documents/Master 1 DIT/DataEnge/spark_airflow/airflow_env/lib/python3.12/site-packages/airflow/example_dags/example_xcom.py for tasks to queue
[2025-10-25T21:42:35.913+0000] {logging_mixin.py:190} INFO - [2025-10-25T21:42:35.913+0000] {dagbag.py:588} INFO - Filling up the DagBag from /Users/komidoveneymissiamenou/Documents/Master 1 DIT/DataEnge/spark_airflow/airflow_env/lib/python3.12/site-packages/airflow/example_dags/example_xcom.py
[2025-10-25T21:42:35.930+0000] {processor.py:925} INFO - DAG(s) 'example_xcom' retrieved from /Users/komidoveneymissiamenou/Documents/Master 1 DIT/DataEnge/spark_airflow/airflow_env/lib/python3.12/site-packages/airflow/example_dags/example_xcom.py
[2025-10-25T21:42:35.966+0000] {logging_mixin.py:190} INFO - [2025-10-25T21:42:35.965+0000] {dag.py:3239} INFO - Sync 1 DAGs
[2025-10-25T21:42:35.972+0000] {logging_mixin.py:190} INFO - [2025-10-25T21:42:35.972+0000] {dag.py:4180} INFO - Setting next_dagrun for example_xcom to 2021-01-01 00:00:00+00:00, run_after=2021-01-01 00:00:00+00:00
[2025-10-25T21:42:35.979+0000] {processor.py:208} INFO - Processing /Users/komidoveneymissiamenou/Documents/Master 1 DIT/DataEnge/spark_airflow/airflow_env/lib/python3.12/site-packages/airflow/example_dags/example_xcom.py took 0.069 seconds
[2025-10-25T21:43:51.397+0000] {processor.py:186} INFO - Started process (PID=35830) to work on /Users/komidoveneymissiamenou/Documents/Master 1 DIT/DataEnge/spark_airflow/airflow_env/lib/python3.12/site-packages/airflow/example_dags/example_xcom.py
[2025-10-25T21:43:51.397+0000] {processor.py:914} INFO - Processing file /Users/komidoveneymissiamenou/Documents/Master 1 DIT/DataEnge/spark_airflow/airflow_env/lib/python3.12/site-packages/airflow/example_dags/example_xcom.py for tasks to queue
[2025-10-25T21:43:51.398+0000] {logging_mixin.py:190} INFO - [2025-10-25T21:43:51.398+0000] {dagbag.py:588} INFO - Filling up the DagBag from /Users/komidoveneymissiamenou/Documents/Master 1 DIT/DataEnge/spark_airflow/airflow_env/lib/python3.12/site-packages/airflow/example_dags/example_xcom.py
[2025-10-25T21:43:51.416+0000] {processor.py:925} INFO - DAG(s) 'example_xcom' retrieved from /Users/komidoveneymissiamenou/Documents/Master 1 DIT/DataEnge/spark_airflow/airflow_env/lib/python3.12/site-packages/airflow/example_dags/example_xcom.py
[2025-10-25T21:43:51.453+0000] {logging_mixin.py:190} INFO - [2025-10-25T21:43:51.453+0000] {dag.py:3239} INFO - Sync 1 DAGs
[2025-10-25T21:43:51.460+0000] {logging_mixin.py:190} INFO - [2025-10-25T21:43:51.460+0000] {dag.py:4180} INFO - Setting next_dagrun for example_xcom to 2021-01-01 00:00:00+00:00, run_after=2021-01-01 00:00:00+00:00
[2025-10-25T21:43:51.468+0000] {processor.py:208} INFO - Processing /Users/komidoveneymissiamenou/Documents/Master 1 DIT/DataEnge/spark_airflow/airflow_env/lib/python3.12/site-packages/airflow/example_dags/example_xcom.py took 0.072 seconds
[2025-10-25T21:45:12.636+0000] {processor.py:186} INFO - Started process (PID=36803) to work on /Users/komidoveneymissiamenou/Documents/Master 1 DIT/DataEnge/spark_airflow/airflow_env/lib/python3.12/site-packages/airflow/example_dags/example_xcom.py
[2025-10-25T21:45:12.637+0000] {processor.py:914} INFO - Processing file /Users/komidoveneymissiamenou/Documents/Master 1 DIT/DataEnge/spark_airflow/airflow_env/lib/python3.12/site-packages/airflow/example_dags/example_xcom.py for tasks to queue
[2025-10-25T21:45:12.637+0000] {logging_mixin.py:190} INFO - [2025-10-25T21:45:12.637+0000] {dagbag.py:588} INFO - Filling up the DagBag from /Users/komidoveneymissiamenou/Documents/Master 1 DIT/DataEnge/spark_airflow/airflow_env/lib/python3.12/site-packages/airflow/example_dags/example_xcom.py
[2025-10-25T21:45:12.659+0000] {processor.py:925} INFO - DAG(s) 'example_xcom' retrieved from /Users/komidoveneymissiamenou/Documents/Master 1 DIT/DataEnge/spark_airflow/airflow_env/lib/python3.12/site-packages/airflow/example_dags/example_xcom.py
[2025-10-25T21:45:12.696+0000] {logging_mixin.py:190} INFO - [2025-10-25T21:45:12.696+0000] {dag.py:3239} INFO - Sync 1 DAGs
[2025-10-25T21:45:12.703+0000] {logging_mixin.py:190} INFO - [2025-10-25T21:45:12.703+0000] {dag.py:4180} INFO - Setting next_dagrun for example_xcom to 2021-01-01 00:00:00+00:00, run_after=2021-01-01 00:00:00+00:00
[2025-10-25T21:45:12.710+0000] {processor.py:208} INFO - Processing /Users/komidoveneymissiamenou/Documents/Master 1 DIT/DataEnge/spark_airflow/airflow_env/lib/python3.12/site-packages/airflow/example_dags/example_xcom.py took 0.076 seconds
[2025-10-25T21:46:46.520+0000] {processor.py:186} INFO - Started process (PID=38435) to work on /Users/komidoveneymissiamenou/Documents/Master 1 DIT/DataEnge/spark_airflow/airflow_env/lib/python3.12/site-packages/airflow/example_dags/example_xcom.py
[2025-10-25T21:46:46.522+0000] {processor.py:914} INFO - Processing file /Users/komidoveneymissiamenou/Documents/Master 1 DIT/DataEnge/spark_airflow/airflow_env/lib/python3.12/site-packages/airflow/example_dags/example_xcom.py for tasks to queue
[2025-10-25T21:46:46.522+0000] {logging_mixin.py:190} INFO - [2025-10-25T21:46:46.522+0000] {dagbag.py:588} INFO - Filling up the DagBag from /Users/komidoveneymissiamenou/Documents/Master 1 DIT/DataEnge/spark_airflow/airflow_env/lib/python3.12/site-packages/airflow/example_dags/example_xcom.py
[2025-10-25T21:46:46.550+0000] {processor.py:925} INFO - DAG(s) 'example_xcom' retrieved from /Users/komidoveneymissiamenou/Documents/Master 1 DIT/DataEnge/spark_airflow/airflow_env/lib/python3.12/site-packages/airflow/example_dags/example_xcom.py
[2025-10-25T21:46:46.596+0000] {logging_mixin.py:190} INFO - [2025-10-25T21:46:46.596+0000] {dag.py:3239} INFO - Sync 1 DAGs
[2025-10-25T21:46:46.603+0000] {logging_mixin.py:190} INFO - [2025-10-25T21:46:46.603+0000] {dag.py:4180} INFO - Setting next_dagrun for example_xcom to 2021-01-01 00:00:00+00:00, run_after=2021-01-01 00:00:00+00:00
[2025-10-25T21:46:46.611+0000] {processor.py:208} INFO - Processing /Users/komidoveneymissiamenou/Documents/Master 1 DIT/DataEnge/spark_airflow/airflow_env/lib/python3.12/site-packages/airflow/example_dags/example_xcom.py took 0.093 seconds
[2025-10-25T21:48:16.591+0000] {processor.py:186} INFO - Started process (PID=39900) to work on /Users/komidoveneymissiamenou/Documents/Master 1 DIT/DataEnge/spark_airflow/airflow_env/lib/python3.12/site-packages/airflow/example_dags/example_xcom.py
[2025-10-25T21:48:16.592+0000] {processor.py:914} INFO - Processing file /Users/komidoveneymissiamenou/Documents/Master 1 DIT/DataEnge/spark_airflow/airflow_env/lib/python3.12/site-packages/airflow/example_dags/example_xcom.py for tasks to queue
[2025-10-25T21:48:16.592+0000] {logging_mixin.py:190} INFO - [2025-10-25T21:48:16.592+0000] {dagbag.py:588} INFO - Filling up the DagBag from /Users/komidoveneymissiamenou/Documents/Master 1 DIT/DataEnge/spark_airflow/airflow_env/lib/python3.12/site-packages/airflow/example_dags/example_xcom.py
[2025-10-25T21:48:16.615+0000] {processor.py:925} INFO - DAG(s) 'example_xcom' retrieved from /Users/komidoveneymissiamenou/Documents/Master 1 DIT/DataEnge/spark_airflow/airflow_env/lib/python3.12/site-packages/airflow/example_dags/example_xcom.py
[2025-10-25T21:48:16.652+0000] {logging_mixin.py:190} INFO - [2025-10-25T21:48:16.652+0000] {dag.py:3239} INFO - Sync 1 DAGs
[2025-10-25T21:48:16.659+0000] {logging_mixin.py:190} INFO - [2025-10-25T21:48:16.659+0000] {dag.py:4180} INFO - Setting next_dagrun for example_xcom to 2021-01-01 00:00:00+00:00, run_after=2021-01-01 00:00:00+00:00
[2025-10-25T21:48:16.666+0000] {processor.py:208} INFO - Processing /Users/komidoveneymissiamenou/Documents/Master 1 DIT/DataEnge/spark_airflow/airflow_env/lib/python3.12/site-packages/airflow/example_dags/example_xcom.py took 0.076 seconds
[2025-10-25T21:49:07.980+0000] {processor.py:186} INFO - Started process (PID=42039) to work on /Users/komidoveneymissiamenou/Documents/Master 1 DIT/DataEnge/spark_airflow/airflow_env/lib/python3.12/site-packages/airflow/example_dags/example_xcom.py
[2025-10-25T21:49:07.980+0000] {processor.py:914} INFO - Processing file /Users/komidoveneymissiamenou/Documents/Master 1 DIT/DataEnge/spark_airflow/airflow_env/lib/python3.12/site-packages/airflow/example_dags/example_xcom.py for tasks to queue
[2025-10-25T21:49:07.981+0000] {logging_mixin.py:190} INFO - [2025-10-25T21:49:07.981+0000] {dagbag.py:588} INFO - Filling up the DagBag from /Users/komidoveneymissiamenou/Documents/Master 1 DIT/DataEnge/spark_airflow/airflow_env/lib/python3.12/site-packages/airflow/example_dags/example_xcom.py
[2025-10-25T21:49:07.998+0000] {processor.py:925} INFO - DAG(s) 'example_xcom' retrieved from /Users/komidoveneymissiamenou/Documents/Master 1 DIT/DataEnge/spark_airflow/airflow_env/lib/python3.12/site-packages/airflow/example_dags/example_xcom.py
[2025-10-25T21:49:08.034+0000] {logging_mixin.py:190} INFO - [2025-10-25T21:49:08.034+0000] {dag.py:3239} INFO - Sync 1 DAGs
[2025-10-25T21:49:08.041+0000] {logging_mixin.py:190} INFO - [2025-10-25T21:49:08.041+0000] {dag.py:4180} INFO - Setting next_dagrun for example_xcom to 2021-01-01 00:00:00+00:00, run_after=2021-01-01 00:00:00+00:00
[2025-10-25T21:49:08.048+0000] {processor.py:208} INFO - Processing /Users/komidoveneymissiamenou/Documents/Master 1 DIT/DataEnge/spark_airflow/airflow_env/lib/python3.12/site-packages/airflow/example_dags/example_xcom.py took 0.069 seconds
[2025-10-25T21:51:14.609+0000] {processor.py:186} INFO - Started process (PID=44265) to work on /Users/komidoveneymissiamenou/Documents/Master 1 DIT/DataEnge/spark_airflow/airflow_env/lib/python3.12/site-packages/airflow/example_dags/example_xcom.py
[2025-10-25T21:51:14.610+0000] {processor.py:914} INFO - Processing file /Users/komidoveneymissiamenou/Documents/Master 1 DIT/DataEnge/spark_airflow/airflow_env/lib/python3.12/site-packages/airflow/example_dags/example_xcom.py for tasks to queue
[2025-10-25T21:51:14.611+0000] {logging_mixin.py:190} INFO - [2025-10-25T21:51:14.611+0000] {dagbag.py:588} INFO - Filling up the DagBag from /Users/komidoveneymissiamenou/Documents/Master 1 DIT/DataEnge/spark_airflow/airflow_env/lib/python3.12/site-packages/airflow/example_dags/example_xcom.py
[2025-10-25T21:51:14.637+0000] {processor.py:925} INFO - DAG(s) 'example_xcom' retrieved from /Users/komidoveneymissiamenou/Documents/Master 1 DIT/DataEnge/spark_airflow/airflow_env/lib/python3.12/site-packages/airflow/example_dags/example_xcom.py
[2025-10-25T21:51:14.681+0000] {logging_mixin.py:190} INFO - [2025-10-25T21:51:14.680+0000] {dag.py:3239} INFO - Sync 1 DAGs
[2025-10-25T21:51:14.689+0000] {logging_mixin.py:190} INFO - [2025-10-25T21:51:14.688+0000] {dag.py:4180} INFO - Setting next_dagrun for example_xcom to 2021-01-01 00:00:00+00:00, run_after=2021-01-01 00:00:00+00:00
[2025-10-25T21:51:14.696+0000] {processor.py:208} INFO - Processing /Users/komidoveneymissiamenou/Documents/Master 1 DIT/DataEnge/spark_airflow/airflow_env/lib/python3.12/site-packages/airflow/example_dags/example_xcom.py took 0.092 seconds
[2025-10-25T21:52:40.098+0000] {processor.py:186} INFO - Started process (PID=46087) to work on /Users/komidoveneymissiamenou/Documents/Master 1 DIT/DataEnge/spark_airflow/airflow_env/lib/python3.12/site-packages/airflow/example_dags/example_xcom.py
[2025-10-25T21:52:40.099+0000] {processor.py:914} INFO - Processing file /Users/komidoveneymissiamenou/Documents/Master 1 DIT/DataEnge/spark_airflow/airflow_env/lib/python3.12/site-packages/airflow/example_dags/example_xcom.py for tasks to queue
[2025-10-25T21:52:40.100+0000] {logging_mixin.py:190} INFO - [2025-10-25T21:52:40.100+0000] {dagbag.py:588} INFO - Filling up the DagBag from /Users/komidoveneymissiamenou/Documents/Master 1 DIT/DataEnge/spark_airflow/airflow_env/lib/python3.12/site-packages/airflow/example_dags/example_xcom.py
[2025-10-25T21:52:40.128+0000] {processor.py:925} INFO - DAG(s) 'example_xcom' retrieved from /Users/komidoveneymissiamenou/Documents/Master 1 DIT/DataEnge/spark_airflow/airflow_env/lib/python3.12/site-packages/airflow/example_dags/example_xcom.py
[2025-10-25T21:52:40.166+0000] {logging_mixin.py:190} INFO - [2025-10-25T21:52:40.166+0000] {dag.py:3239} INFO - Sync 1 DAGs
[2025-10-25T21:52:40.172+0000] {logging_mixin.py:190} INFO - [2025-10-25T21:52:40.172+0000] {dag.py:4180} INFO - Setting next_dagrun for example_xcom to 2021-01-01 00:00:00+00:00, run_after=2021-01-01 00:00:00+00:00
[2025-10-25T21:52:40.179+0000] {processor.py:208} INFO - Processing /Users/komidoveneymissiamenou/Documents/Master 1 DIT/DataEnge/spark_airflow/airflow_env/lib/python3.12/site-packages/airflow/example_dags/example_xcom.py took 0.084 seconds
[2025-10-25T21:54:39.681+0000] {processor.py:186} INFO - Started process (PID=48796) to work on /Users/komidoveneymissiamenou/Documents/Master 1 DIT/DataEnge/spark_airflow/airflow_env/lib/python3.12/site-packages/airflow/example_dags/example_xcom.py
[2025-10-25T21:54:39.684+0000] {processor.py:914} INFO - Processing file /Users/komidoveneymissiamenou/Documents/Master 1 DIT/DataEnge/spark_airflow/airflow_env/lib/python3.12/site-packages/airflow/example_dags/example_xcom.py for tasks to queue
[2025-10-25T21:54:39.684+0000] {logging_mixin.py:190} INFO - [2025-10-25T21:54:39.684+0000] {dagbag.py:588} INFO - Filling up the DagBag from /Users/komidoveneymissiamenou/Documents/Master 1 DIT/DataEnge/spark_airflow/airflow_env/lib/python3.12/site-packages/airflow/example_dags/example_xcom.py
[2025-10-25T21:54:39.710+0000] {processor.py:925} INFO - DAG(s) 'example_xcom' retrieved from /Users/komidoveneymissiamenou/Documents/Master 1 DIT/DataEnge/spark_airflow/airflow_env/lib/python3.12/site-packages/airflow/example_dags/example_xcom.py
[2025-10-25T21:54:39.747+0000] {logging_mixin.py:190} INFO - [2025-10-25T21:54:39.747+0000] {dag.py:3239} INFO - Sync 1 DAGs
[2025-10-25T21:54:39.754+0000] {logging_mixin.py:190} INFO - [2025-10-25T21:54:39.753+0000] {dag.py:4180} INFO - Setting next_dagrun for example_xcom to 2021-01-01 00:00:00+00:00, run_after=2021-01-01 00:00:00+00:00
[2025-10-25T21:54:39.761+0000] {processor.py:208} INFO - Processing /Users/komidoveneymissiamenou/Documents/Master 1 DIT/DataEnge/spark_airflow/airflow_env/lib/python3.12/site-packages/airflow/example_dags/example_xcom.py took 0.082 seconds
[2025-10-25T21:56:52.637+0000] {processor.py:186} INFO - Started process (PID=50373) to work on /Users/komidoveneymissiamenou/Documents/Master 1 DIT/DataEnge/spark_airflow/airflow_env/lib/python3.12/site-packages/airflow/example_dags/example_xcom.py
[2025-10-25T21:56:52.638+0000] {processor.py:914} INFO - Processing file /Users/komidoveneymissiamenou/Documents/Master 1 DIT/DataEnge/spark_airflow/airflow_env/lib/python3.12/site-packages/airflow/example_dags/example_xcom.py for tasks to queue
[2025-10-25T21:56:52.639+0000] {logging_mixin.py:190} INFO - [2025-10-25T21:56:52.638+0000] {dagbag.py:588} INFO - Filling up the DagBag from /Users/komidoveneymissiamenou/Documents/Master 1 DIT/DataEnge/spark_airflow/airflow_env/lib/python3.12/site-packages/airflow/example_dags/example_xcom.py
[2025-10-25T21:56:52.669+0000] {processor.py:925} INFO - DAG(s) 'example_xcom' retrieved from /Users/komidoveneymissiamenou/Documents/Master 1 DIT/DataEnge/spark_airflow/airflow_env/lib/python3.12/site-packages/airflow/example_dags/example_xcom.py
[2025-10-25T21:56:52.705+0000] {logging_mixin.py:190} INFO - [2025-10-25T21:56:52.705+0000] {dag.py:3239} INFO - Sync 1 DAGs
[2025-10-25T21:56:52.711+0000] {logging_mixin.py:190} INFO - [2025-10-25T21:56:52.711+0000] {dag.py:4180} INFO - Setting next_dagrun for example_xcom to 2021-01-01 00:00:00+00:00, run_after=2021-01-01 00:00:00+00:00
[2025-10-25T21:56:52.718+0000] {processor.py:208} INFO - Processing /Users/komidoveneymissiamenou/Documents/Master 1 DIT/DataEnge/spark_airflow/airflow_env/lib/python3.12/site-packages/airflow/example_dags/example_xcom.py took 0.083 seconds
[2025-10-25T21:58:14.552+0000] {processor.py:186} INFO - Started process (PID=51351) to work on /Users/komidoveneymissiamenou/Documents/Master 1 DIT/DataEnge/spark_airflow/airflow_env/lib/python3.12/site-packages/airflow/example_dags/example_xcom.py
[2025-10-25T21:58:14.552+0000] {processor.py:914} INFO - Processing file /Users/komidoveneymissiamenou/Documents/Master 1 DIT/DataEnge/spark_airflow/airflow_env/lib/python3.12/site-packages/airflow/example_dags/example_xcom.py for tasks to queue
[2025-10-25T21:58:14.553+0000] {logging_mixin.py:190} INFO - [2025-10-25T21:58:14.553+0000] {dagbag.py:588} INFO - Filling up the DagBag from /Users/komidoveneymissiamenou/Documents/Master 1 DIT/DataEnge/spark_airflow/airflow_env/lib/python3.12/site-packages/airflow/example_dags/example_xcom.py
[2025-10-25T21:58:14.569+0000] {processor.py:925} INFO - DAG(s) 'example_xcom' retrieved from /Users/komidoveneymissiamenou/Documents/Master 1 DIT/DataEnge/spark_airflow/airflow_env/lib/python3.12/site-packages/airflow/example_dags/example_xcom.py
[2025-10-25T21:58:14.604+0000] {logging_mixin.py:190} INFO - [2025-10-25T21:58:14.604+0000] {dag.py:3239} INFO - Sync 1 DAGs
[2025-10-25T21:58:14.610+0000] {logging_mixin.py:190} INFO - [2025-10-25T21:58:14.610+0000] {dag.py:4180} INFO - Setting next_dagrun for example_xcom to 2021-01-01 00:00:00+00:00, run_after=2021-01-01 00:00:00+00:00
[2025-10-25T21:58:14.616+0000] {processor.py:208} INFO - Processing /Users/komidoveneymissiamenou/Documents/Master 1 DIT/DataEnge/spark_airflow/airflow_env/lib/python3.12/site-packages/airflow/example_dags/example_xcom.py took 0.066 seconds
[2025-10-25T21:59:42.373+0000] {processor.py:186} INFO - Started process (PID=52379) to work on /Users/komidoveneymissiamenou/Documents/Master 1 DIT/DataEnge/spark_airflow/airflow_env/lib/python3.12/site-packages/airflow/example_dags/example_xcom.py
[2025-10-25T21:59:42.374+0000] {processor.py:914} INFO - Processing file /Users/komidoveneymissiamenou/Documents/Master 1 DIT/DataEnge/spark_airflow/airflow_env/lib/python3.12/site-packages/airflow/example_dags/example_xcom.py for tasks to queue
[2025-10-25T21:59:42.374+0000] {logging_mixin.py:190} INFO - [2025-10-25T21:59:42.374+0000] {dagbag.py:588} INFO - Filling up the DagBag from /Users/komidoveneymissiamenou/Documents/Master 1 DIT/DataEnge/spark_airflow/airflow_env/lib/python3.12/site-packages/airflow/example_dags/example_xcom.py
[2025-10-25T21:59:42.398+0000] {processor.py:925} INFO - DAG(s) 'example_xcom' retrieved from /Users/komidoveneymissiamenou/Documents/Master 1 DIT/DataEnge/spark_airflow/airflow_env/lib/python3.12/site-packages/airflow/example_dags/example_xcom.py
[2025-10-25T21:59:42.445+0000] {logging_mixin.py:190} INFO - [2025-10-25T21:59:42.444+0000] {dag.py:3239} INFO - Sync 1 DAGs
[2025-10-25T21:59:42.456+0000] {logging_mixin.py:190} INFO - [2025-10-25T21:59:42.456+0000] {dag.py:4180} INFO - Setting next_dagrun for example_xcom to 2021-01-01 00:00:00+00:00, run_after=2021-01-01 00:00:00+00:00
[2025-10-25T21:59:42.468+0000] {processor.py:208} INFO - Processing /Users/komidoveneymissiamenou/Documents/Master 1 DIT/DataEnge/spark_airflow/airflow_env/lib/python3.12/site-packages/airflow/example_dags/example_xcom.py took 0.096 seconds
