[2025-10-25T21:39:30.172+0000] {processor.py:186} INFO - Started process (PID=32633) to work on /Users/komidoveneymissiamenou/Documents/Master 1 DIT/DataEnge/spark_airflow/airflow_env/lib/python3.12/site-packages/airflow/example_dags/example_subdag_operator.py
[2025-10-25T21:39:30.172+0000] {processor.py:914} INFO - Processing file /Users/komidoveneymissiamenou/Documents/Master 1 DIT/DataEnge/spark_airflow/airflow_env/lib/python3.12/site-packages/airflow/example_dags/example_subdag_operator.py for tasks to queue
[2025-10-25T21:39:30.173+0000] {logging_mixin.py:190} INFO - [2025-10-25T21:39:30.172+0000] {dagbag.py:588} INFO - Filling up the DagBag from /Users/komidoveneymissiamenou/Documents/Master 1 DIT/DataEnge/spark_airflow/airflow_env/lib/python3.12/site-packages/airflow/example_dags/example_subdag_operator.py
[2025-10-25T21:39:30.210+0000] {processor.py:925} INFO - DAG(s) 'example_subdag_operator.section-1', 'example_subdag_operator.section-2', 'example_subdag_operator' retrieved from /Users/komidoveneymissiamenou/Documents/Master 1 DIT/DataEnge/spark_airflow/airflow_env/lib/python3.12/site-packages/airflow/example_dags/example_subdag_operator.py
[2025-10-25T21:39:30.216+0000] {logging_mixin.py:190} INFO - [2025-10-25T21:39:30.216+0000] {workday.py:41} WARNING - Could not import pandas. Holidays will not be considered.
[2025-10-25T21:39:30.256+0000] {logging_mixin.py:190} INFO - [2025-10-25T21:39:30.256+0000] {override.py:1900} INFO - Created Permission View: can delete on DAG:example_subdag_operator
[2025-10-25T21:39:30.259+0000] {logging_mixin.py:190} INFO - [2025-10-25T21:39:30.259+0000] {override.py:1900} INFO - Created Permission View: can read on DAG:example_subdag_operator
[2025-10-25T21:39:30.262+0000] {logging_mixin.py:190} INFO - [2025-10-25T21:39:30.262+0000] {override.py:1900} INFO - Created Permission View: can edit on DAG:example_subdag_operator
[2025-10-25T21:39:30.265+0000] {logging_mixin.py:190} INFO - [2025-10-25T21:39:30.265+0000] {override.py:1900} INFO - Created Permission View: can delete on DAG Run:example_subdag_operator
[2025-10-25T21:39:30.267+0000] {logging_mixin.py:190} INFO - [2025-10-25T21:39:30.267+0000] {override.py:1900} INFO - Created Permission View: menu access on DAG Run:example_subdag_operator
[2025-10-25T21:39:30.269+0000] {logging_mixin.py:190} INFO - [2025-10-25T21:39:30.269+0000] {override.py:1900} INFO - Created Permission View: can read on DAG Run:example_subdag_operator
[2025-10-25T21:39:30.271+0000] {logging_mixin.py:190} INFO - [2025-10-25T21:39:30.271+0000] {override.py:1900} INFO - Created Permission View: can create on DAG Run:example_subdag_operator
[2025-10-25T21:39:30.271+0000] {logging_mixin.py:190} INFO - [2025-10-25T21:39:30.271+0000] {dag.py:3239} INFO - Sync 3 DAGs
[2025-10-25T21:39:30.302+0000] {logging_mixin.py:190} INFO - [2025-10-25T21:39:30.302+0000] {dag.py:3262} INFO - Creating ORM DAG for example_subdag_operator.section-2
[2025-10-25T21:39:30.302+0000] {logging_mixin.py:190} INFO - [2025-10-25T21:39:30.302+0000] {dag.py:3262} INFO - Creating ORM DAG for example_subdag_operator
[2025-10-25T21:39:30.303+0000] {logging_mixin.py:190} INFO - [2025-10-25T21:39:30.303+0000] {dag.py:3262} INFO - Creating ORM DAG for example_subdag_operator.section-1
[2025-10-25T21:39:30.305+0000] {logging_mixin.py:190} INFO - [2025-10-25T21:39:30.305+0000] {dag.py:4180} INFO - Setting next_dagrun for example_subdag_operator to 2022-01-01 00:00:00+00:00, run_after=2022-01-01 00:00:00+00:00
[2025-10-25T21:39:30.305+0000] {logging_mixin.py:190} INFO - [2025-10-25T21:39:30.305+0000] {dag.py:4180} INFO - Setting next_dagrun for example_subdag_operator.section-1 to None, run_after=None
[2025-10-25T21:39:30.306+0000] {logging_mixin.py:190} INFO - [2025-10-25T21:39:30.305+0000] {dag.py:4180} INFO - Setting next_dagrun for example_subdag_operator.section-2 to None, run_after=None
[2025-10-25T21:39:30.308+0000] {logging_mixin.py:190} INFO - [2025-10-25T21:39:30.308+0000] {dag.py:3239} INFO - Sync 2 DAGs
[2025-10-25T21:39:30.309+0000] {logging_mixin.py:190} INFO - [2025-10-25T21:39:30.309+0000] {dag.py:4180} INFO - Setting next_dagrun for example_subdag_operator.section-1 to None, run_after=None
[2025-10-25T21:39:30.310+0000] {logging_mixin.py:190} INFO - [2025-10-25T21:39:30.310+0000] {dag.py:4180} INFO - Setting next_dagrun for example_subdag_operator.section-2 to None, run_after=None
[2025-10-25T21:39:30.315+0000] {processor.py:208} INFO - Processing /Users/komidoveneymissiamenou/Documents/Master 1 DIT/DataEnge/spark_airflow/airflow_env/lib/python3.12/site-packages/airflow/example_dags/example_subdag_operator.py took 0.145 seconds
[2025-10-25T21:41:27.852+0000] {processor.py:186} INFO - Started process (PID=34083) to work on /Users/komidoveneymissiamenou/Documents/Master 1 DIT/DataEnge/spark_airflow/airflow_env/lib/python3.12/site-packages/airflow/example_dags/example_subdag_operator.py
[2025-10-25T21:41:27.853+0000] {processor.py:914} INFO - Processing file /Users/komidoveneymissiamenou/Documents/Master 1 DIT/DataEnge/spark_airflow/airflow_env/lib/python3.12/site-packages/airflow/example_dags/example_subdag_operator.py for tasks to queue
[2025-10-25T21:41:27.853+0000] {logging_mixin.py:190} INFO - [2025-10-25T21:41:27.853+0000] {dagbag.py:588} INFO - Filling up the DagBag from /Users/komidoveneymissiamenou/Documents/Master 1 DIT/DataEnge/spark_airflow/airflow_env/lib/python3.12/site-packages/airflow/example_dags/example_subdag_operator.py
[2025-10-25T21:41:27.890+0000] {processor.py:925} INFO - DAG(s) 'example_subdag_operator.section-1', 'example_subdag_operator.section-2', 'example_subdag_operator' retrieved from /Users/komidoveneymissiamenou/Documents/Master 1 DIT/DataEnge/spark_airflow/airflow_env/lib/python3.12/site-packages/airflow/example_dags/example_subdag_operator.py
[2025-10-25T21:41:27.895+0000] {logging_mixin.py:190} INFO - [2025-10-25T21:41:27.895+0000] {workday.py:41} WARNING - Could not import pandas. Holidays will not be considered.
[2025-10-25T21:41:27.903+0000] {logging_mixin.py:190} INFO - [2025-10-25T21:41:27.903+0000] {dag.py:3239} INFO - Sync 3 DAGs
[2025-10-25T21:41:27.910+0000] {logging_mixin.py:190} INFO - [2025-10-25T21:41:27.910+0000] {dag.py:4180} INFO - Setting next_dagrun for example_subdag_operator to 2022-01-01 00:00:00+00:00, run_after=2022-01-01 00:00:00+00:00
[2025-10-25T21:41:27.911+0000] {logging_mixin.py:190} INFO - [2025-10-25T21:41:27.911+0000] {dag.py:4180} INFO - Setting next_dagrun for example_subdag_operator.section-1 to None, run_after=None
[2025-10-25T21:41:27.911+0000] {logging_mixin.py:190} INFO - [2025-10-25T21:41:27.911+0000] {dag.py:4180} INFO - Setting next_dagrun for example_subdag_operator.section-2 to None, run_after=None
[2025-10-25T21:41:27.913+0000] {logging_mixin.py:190} INFO - [2025-10-25T21:41:27.913+0000] {dag.py:3239} INFO - Sync 2 DAGs
[2025-10-25T21:41:27.914+0000] {logging_mixin.py:190} INFO - [2025-10-25T21:41:27.914+0000] {dag.py:4180} INFO - Setting next_dagrun for example_subdag_operator.section-1 to None, run_after=None
[2025-10-25T21:41:27.915+0000] {logging_mixin.py:190} INFO - [2025-10-25T21:41:27.915+0000] {dag.py:4180} INFO - Setting next_dagrun for example_subdag_operator.section-2 to None, run_after=None
[2025-10-25T21:41:27.919+0000] {processor.py:208} INFO - Processing /Users/komidoveneymissiamenou/Documents/Master 1 DIT/DataEnge/spark_airflow/airflow_env/lib/python3.12/site-packages/airflow/example_dags/example_subdag_operator.py took 0.069 seconds
[2025-10-25T21:42:49.229+0000] {processor.py:186} INFO - Started process (PID=35082) to work on /Users/komidoveneymissiamenou/Documents/Master 1 DIT/DataEnge/spark_airflow/airflow_env/lib/python3.12/site-packages/airflow/example_dags/example_subdag_operator.py
[2025-10-25T21:42:49.230+0000] {processor.py:914} INFO - Processing file /Users/komidoveneymissiamenou/Documents/Master 1 DIT/DataEnge/spark_airflow/airflow_env/lib/python3.12/site-packages/airflow/example_dags/example_subdag_operator.py for tasks to queue
[2025-10-25T21:42:49.230+0000] {logging_mixin.py:190} INFO - [2025-10-25T21:42:49.230+0000] {dagbag.py:588} INFO - Filling up the DagBag from /Users/komidoveneymissiamenou/Documents/Master 1 DIT/DataEnge/spark_airflow/airflow_env/lib/python3.12/site-packages/airflow/example_dags/example_subdag_operator.py
[2025-10-25T21:42:49.271+0000] {processor.py:925} INFO - DAG(s) 'example_subdag_operator.section-1', 'example_subdag_operator.section-2', 'example_subdag_operator' retrieved from /Users/komidoveneymissiamenou/Documents/Master 1 DIT/DataEnge/spark_airflow/airflow_env/lib/python3.12/site-packages/airflow/example_dags/example_subdag_operator.py
[2025-10-25T21:42:49.277+0000] {logging_mixin.py:190} INFO - [2025-10-25T21:42:49.277+0000] {workday.py:41} WARNING - Could not import pandas. Holidays will not be considered.
[2025-10-25T21:42:49.285+0000] {logging_mixin.py:190} INFO - [2025-10-25T21:42:49.285+0000] {dag.py:3239} INFO - Sync 3 DAGs
[2025-10-25T21:42:49.292+0000] {logging_mixin.py:190} INFO - [2025-10-25T21:42:49.292+0000] {dag.py:4180} INFO - Setting next_dagrun for example_subdag_operator to 2022-01-01 00:00:00+00:00, run_after=2022-01-01 00:00:00+00:00
[2025-10-25T21:42:49.293+0000] {logging_mixin.py:190} INFO - [2025-10-25T21:42:49.293+0000] {dag.py:4180} INFO - Setting next_dagrun for example_subdag_operator.section-1 to None, run_after=None
[2025-10-25T21:42:49.293+0000] {logging_mixin.py:190} INFO - [2025-10-25T21:42:49.293+0000] {dag.py:4180} INFO - Setting next_dagrun for example_subdag_operator.section-2 to None, run_after=None
[2025-10-25T21:42:49.295+0000] {logging_mixin.py:190} INFO - [2025-10-25T21:42:49.295+0000] {dag.py:3239} INFO - Sync 2 DAGs
[2025-10-25T21:42:49.296+0000] {logging_mixin.py:190} INFO - [2025-10-25T21:42:49.296+0000] {dag.py:4180} INFO - Setting next_dagrun for example_subdag_operator.section-1 to None, run_after=None
[2025-10-25T21:42:49.297+0000] {logging_mixin.py:190} INFO - [2025-10-25T21:42:49.297+0000] {dag.py:4180} INFO - Setting next_dagrun for example_subdag_operator.section-2 to None, run_after=None
[2025-10-25T21:42:49.301+0000] {processor.py:208} INFO - Processing /Users/komidoveneymissiamenou/Documents/Master 1 DIT/DataEnge/spark_airflow/airflow_env/lib/python3.12/site-packages/airflow/example_dags/example_subdag_operator.py took 0.073 seconds
[2025-10-25T21:44:04.793+0000] {processor.py:186} INFO - Started process (PID=35986) to work on /Users/komidoveneymissiamenou/Documents/Master 1 DIT/DataEnge/spark_airflow/airflow_env/lib/python3.12/site-packages/airflow/example_dags/example_subdag_operator.py
[2025-10-25T21:44:04.794+0000] {processor.py:914} INFO - Processing file /Users/komidoveneymissiamenou/Documents/Master 1 DIT/DataEnge/spark_airflow/airflow_env/lib/python3.12/site-packages/airflow/example_dags/example_subdag_operator.py for tasks to queue
[2025-10-25T21:44:04.795+0000] {logging_mixin.py:190} INFO - [2025-10-25T21:44:04.794+0000] {dagbag.py:588} INFO - Filling up the DagBag from /Users/komidoveneymissiamenou/Documents/Master 1 DIT/DataEnge/spark_airflow/airflow_env/lib/python3.12/site-packages/airflow/example_dags/example_subdag_operator.py
[2025-10-25T21:44:04.838+0000] {processor.py:925} INFO - DAG(s) 'example_subdag_operator.section-1', 'example_subdag_operator.section-2', 'example_subdag_operator' retrieved from /Users/komidoveneymissiamenou/Documents/Master 1 DIT/DataEnge/spark_airflow/airflow_env/lib/python3.12/site-packages/airflow/example_dags/example_subdag_operator.py
[2025-10-25T21:44:04.845+0000] {logging_mixin.py:190} INFO - [2025-10-25T21:44:04.844+0000] {workday.py:41} WARNING - Could not import pandas. Holidays will not be considered.
[2025-10-25T21:44:04.853+0000] {logging_mixin.py:190} INFO - [2025-10-25T21:44:04.853+0000] {dag.py:3239} INFO - Sync 3 DAGs
[2025-10-25T21:44:04.863+0000] {logging_mixin.py:190} INFO - [2025-10-25T21:44:04.863+0000] {dag.py:4180} INFO - Setting next_dagrun for example_subdag_operator to 2022-01-01 00:00:00+00:00, run_after=2022-01-01 00:00:00+00:00
[2025-10-25T21:44:04.865+0000] {logging_mixin.py:190} INFO - [2025-10-25T21:44:04.865+0000] {dag.py:4180} INFO - Setting next_dagrun for example_subdag_operator.section-1 to None, run_after=None
[2025-10-25T21:44:04.865+0000] {logging_mixin.py:190} INFO - [2025-10-25T21:44:04.865+0000] {dag.py:4180} INFO - Setting next_dagrun for example_subdag_operator.section-2 to None, run_after=None
[2025-10-25T21:44:04.868+0000] {logging_mixin.py:190} INFO - [2025-10-25T21:44:04.867+0000] {dag.py:3239} INFO - Sync 2 DAGs
[2025-10-25T21:44:04.869+0000] {logging_mixin.py:190} INFO - [2025-10-25T21:44:04.869+0000] {dag.py:4180} INFO - Setting next_dagrun for example_subdag_operator.section-1 to None, run_after=None
[2025-10-25T21:44:04.869+0000] {logging_mixin.py:190} INFO - [2025-10-25T21:44:04.869+0000] {dag.py:4180} INFO - Setting next_dagrun for example_subdag_operator.section-2 to None, run_after=None
[2025-10-25T21:44:04.875+0000] {processor.py:208} INFO - Processing /Users/komidoveneymissiamenou/Documents/Master 1 DIT/DataEnge/spark_airflow/airflow_env/lib/python3.12/site-packages/airflow/example_dags/example_subdag_operator.py took 0.084 seconds
[2025-10-25T21:45:25.779+0000] {processor.py:186} INFO - Started process (PID=37219) to work on /Users/komidoveneymissiamenou/Documents/Master 1 DIT/DataEnge/spark_airflow/airflow_env/lib/python3.12/site-packages/airflow/example_dags/example_subdag_operator.py
[2025-10-25T21:45:25.780+0000] {processor.py:914} INFO - Processing file /Users/komidoveneymissiamenou/Documents/Master 1 DIT/DataEnge/spark_airflow/airflow_env/lib/python3.12/site-packages/airflow/example_dags/example_subdag_operator.py for tasks to queue
[2025-10-25T21:45:25.781+0000] {logging_mixin.py:190} INFO - [2025-10-25T21:45:25.780+0000] {dagbag.py:588} INFO - Filling up the DagBag from /Users/komidoveneymissiamenou/Documents/Master 1 DIT/DataEnge/spark_airflow/airflow_env/lib/python3.12/site-packages/airflow/example_dags/example_subdag_operator.py
[2025-10-25T21:45:25.823+0000] {processor.py:925} INFO - DAG(s) 'example_subdag_operator.section-1', 'example_subdag_operator.section-2', 'example_subdag_operator' retrieved from /Users/komidoveneymissiamenou/Documents/Master 1 DIT/DataEnge/spark_airflow/airflow_env/lib/python3.12/site-packages/airflow/example_dags/example_subdag_operator.py
[2025-10-25T21:45:25.829+0000] {logging_mixin.py:190} INFO - [2025-10-25T21:45:25.829+0000] {workday.py:41} WARNING - Could not import pandas. Holidays will not be considered.
[2025-10-25T21:45:25.837+0000] {logging_mixin.py:190} INFO - [2025-10-25T21:45:25.836+0000] {dag.py:3239} INFO - Sync 3 DAGs
[2025-10-25T21:45:25.844+0000] {logging_mixin.py:190} INFO - [2025-10-25T21:45:25.843+0000] {dag.py:4180} INFO - Setting next_dagrun for example_subdag_operator to 2022-01-01 00:00:00+00:00, run_after=2022-01-01 00:00:00+00:00
[2025-10-25T21:45:25.845+0000] {logging_mixin.py:190} INFO - [2025-10-25T21:45:25.845+0000] {dag.py:4180} INFO - Setting next_dagrun for example_subdag_operator.section-1 to None, run_after=None
[2025-10-25T21:45:25.845+0000] {logging_mixin.py:190} INFO - [2025-10-25T21:45:25.845+0000] {dag.py:4180} INFO - Setting next_dagrun for example_subdag_operator.section-2 to None, run_after=None
[2025-10-25T21:45:25.847+0000] {logging_mixin.py:190} INFO - [2025-10-25T21:45:25.847+0000] {dag.py:3239} INFO - Sync 2 DAGs
[2025-10-25T21:45:25.848+0000] {logging_mixin.py:190} INFO - [2025-10-25T21:45:25.848+0000] {dag.py:4180} INFO - Setting next_dagrun for example_subdag_operator.section-1 to None, run_after=None
[2025-10-25T21:45:25.848+0000] {logging_mixin.py:190} INFO - [2025-10-25T21:45:25.848+0000] {dag.py:4180} INFO - Setting next_dagrun for example_subdag_operator.section-2 to None, run_after=None
[2025-10-25T21:45:25.853+0000] {processor.py:208} INFO - Processing /Users/komidoveneymissiamenou/Documents/Master 1 DIT/DataEnge/spark_airflow/airflow_env/lib/python3.12/site-packages/airflow/example_dags/example_subdag_operator.py took 0.076 seconds
[2025-10-25T21:47:00.011+0000] {processor.py:186} INFO - Started process (PID=38615) to work on /Users/komidoveneymissiamenou/Documents/Master 1 DIT/DataEnge/spark_airflow/airflow_env/lib/python3.12/site-packages/airflow/example_dags/example_subdag_operator.py
[2025-10-25T21:47:00.012+0000] {processor.py:914} INFO - Processing file /Users/komidoveneymissiamenou/Documents/Master 1 DIT/DataEnge/spark_airflow/airflow_env/lib/python3.12/site-packages/airflow/example_dags/example_subdag_operator.py for tasks to queue
[2025-10-25T21:47:00.013+0000] {logging_mixin.py:190} INFO - [2025-10-25T21:47:00.013+0000] {dagbag.py:588} INFO - Filling up the DagBag from /Users/komidoveneymissiamenou/Documents/Master 1 DIT/DataEnge/spark_airflow/airflow_env/lib/python3.12/site-packages/airflow/example_dags/example_subdag_operator.py
[2025-10-25T21:47:00.071+0000] {processor.py:925} INFO - DAG(s) 'example_subdag_operator.section-1', 'example_subdag_operator.section-2', 'example_subdag_operator' retrieved from /Users/komidoveneymissiamenou/Documents/Master 1 DIT/DataEnge/spark_airflow/airflow_env/lib/python3.12/site-packages/airflow/example_dags/example_subdag_operator.py
[2025-10-25T21:47:00.079+0000] {logging_mixin.py:190} INFO - [2025-10-25T21:47:00.079+0000] {workday.py:41} WARNING - Could not import pandas. Holidays will not be considered.
[2025-10-25T21:47:00.090+0000] {logging_mixin.py:190} INFO - [2025-10-25T21:47:00.090+0000] {dag.py:3239} INFO - Sync 3 DAGs
[2025-10-25T21:47:00.098+0000] {logging_mixin.py:190} INFO - [2025-10-25T21:47:00.098+0000] {dag.py:4180} INFO - Setting next_dagrun for example_subdag_operator to 2022-01-01 00:00:00+00:00, run_after=2022-01-01 00:00:00+00:00
[2025-10-25T21:47:00.099+0000] {logging_mixin.py:190} INFO - [2025-10-25T21:47:00.099+0000] {dag.py:4180} INFO - Setting next_dagrun for example_subdag_operator.section-1 to None, run_after=None
[2025-10-25T21:47:00.100+0000] {logging_mixin.py:190} INFO - [2025-10-25T21:47:00.099+0000] {dag.py:4180} INFO - Setting next_dagrun for example_subdag_operator.section-2 to None, run_after=None
[2025-10-25T21:47:00.102+0000] {logging_mixin.py:190} INFO - [2025-10-25T21:47:00.102+0000] {dag.py:3239} INFO - Sync 2 DAGs
[2025-10-25T21:47:00.104+0000] {logging_mixin.py:190} INFO - [2025-10-25T21:47:00.104+0000] {dag.py:4180} INFO - Setting next_dagrun for example_subdag_operator.section-1 to None, run_after=None
[2025-10-25T21:47:00.104+0000] {logging_mixin.py:190} INFO - [2025-10-25T21:47:00.104+0000] {dag.py:4180} INFO - Setting next_dagrun for example_subdag_operator.section-2 to None, run_after=None
[2025-10-25T21:47:00.109+0000] {processor.py:208} INFO - Processing /Users/komidoveneymissiamenou/Documents/Master 1 DIT/DataEnge/spark_airflow/airflow_env/lib/python3.12/site-packages/airflow/example_dags/example_subdag_operator.py took 0.100 seconds
[2025-10-25T21:49:21.092+0000] {processor.py:186} INFO - Started process (PID=42348) to work on /Users/komidoveneymissiamenou/Documents/Master 1 DIT/DataEnge/spark_airflow/airflow_env/lib/python3.12/site-packages/airflow/example_dags/example_subdag_operator.py
[2025-10-25T21:49:21.093+0000] {processor.py:914} INFO - Processing file /Users/komidoveneymissiamenou/Documents/Master 1 DIT/DataEnge/spark_airflow/airflow_env/lib/python3.12/site-packages/airflow/example_dags/example_subdag_operator.py for tasks to queue
[2025-10-25T21:49:21.094+0000] {logging_mixin.py:190} INFO - [2025-10-25T21:49:21.094+0000] {dagbag.py:588} INFO - Filling up the DagBag from /Users/komidoveneymissiamenou/Documents/Master 1 DIT/DataEnge/spark_airflow/airflow_env/lib/python3.12/site-packages/airflow/example_dags/example_subdag_operator.py
[2025-10-25T21:49:21.135+0000] {processor.py:925} INFO - DAG(s) 'example_subdag_operator.section-1', 'example_subdag_operator.section-2', 'example_subdag_operator' retrieved from /Users/komidoveneymissiamenou/Documents/Master 1 DIT/DataEnge/spark_airflow/airflow_env/lib/python3.12/site-packages/airflow/example_dags/example_subdag_operator.py
[2025-10-25T21:49:21.140+0000] {logging_mixin.py:190} INFO - [2025-10-25T21:49:21.140+0000] {workday.py:41} WARNING - Could not import pandas. Holidays will not be considered.
[2025-10-25T21:49:21.148+0000] {logging_mixin.py:190} INFO - [2025-10-25T21:49:21.148+0000] {dag.py:3239} INFO - Sync 3 DAGs
[2025-10-25T21:49:21.155+0000] {logging_mixin.py:190} INFO - [2025-10-25T21:49:21.155+0000] {dag.py:4180} INFO - Setting next_dagrun for example_subdag_operator to 2022-01-01 00:00:00+00:00, run_after=2022-01-01 00:00:00+00:00
[2025-10-25T21:49:21.156+0000] {logging_mixin.py:190} INFO - [2025-10-25T21:49:21.156+0000] {dag.py:4180} INFO - Setting next_dagrun for example_subdag_operator.section-1 to None, run_after=None
[2025-10-25T21:49:21.157+0000] {logging_mixin.py:190} INFO - [2025-10-25T21:49:21.157+0000] {dag.py:4180} INFO - Setting next_dagrun for example_subdag_operator.section-2 to None, run_after=None
[2025-10-25T21:49:21.159+0000] {logging_mixin.py:190} INFO - [2025-10-25T21:49:21.159+0000] {dag.py:3239} INFO - Sync 2 DAGs
[2025-10-25T21:49:21.160+0000] {logging_mixin.py:190} INFO - [2025-10-25T21:49:21.160+0000] {dag.py:4180} INFO - Setting next_dagrun for example_subdag_operator.section-1 to None, run_after=None
[2025-10-25T21:49:21.160+0000] {logging_mixin.py:190} INFO - [2025-10-25T21:49:21.160+0000] {dag.py:4180} INFO - Setting next_dagrun for example_subdag_operator.section-2 to None, run_after=None
[2025-10-25T21:49:21.165+0000] {processor.py:208} INFO - Processing /Users/komidoveneymissiamenou/Documents/Master 1 DIT/DataEnge/spark_airflow/airflow_env/lib/python3.12/site-packages/airflow/example_dags/example_subdag_operator.py took 0.074 seconds
[2025-10-25T21:51:28.646+0000] {processor.py:186} INFO - Started process (PID=44428) to work on /Users/komidoveneymissiamenou/Documents/Master 1 DIT/DataEnge/spark_airflow/airflow_env/lib/python3.12/site-packages/airflow/example_dags/example_subdag_operator.py
[2025-10-25T21:51:28.648+0000] {processor.py:914} INFO - Processing file /Users/komidoveneymissiamenou/Documents/Master 1 DIT/DataEnge/spark_airflow/airflow_env/lib/python3.12/site-packages/airflow/example_dags/example_subdag_operator.py for tasks to queue
[2025-10-25T21:51:28.649+0000] {logging_mixin.py:190} INFO - [2025-10-25T21:51:28.649+0000] {dagbag.py:588} INFO - Filling up the DagBag from /Users/komidoveneymissiamenou/Documents/Master 1 DIT/DataEnge/spark_airflow/airflow_env/lib/python3.12/site-packages/airflow/example_dags/example_subdag_operator.py
[2025-10-25T21:51:28.691+0000] {processor.py:925} INFO - DAG(s) 'example_subdag_operator.section-1', 'example_subdag_operator.section-2', 'example_subdag_operator' retrieved from /Users/komidoveneymissiamenou/Documents/Master 1 DIT/DataEnge/spark_airflow/airflow_env/lib/python3.12/site-packages/airflow/example_dags/example_subdag_operator.py
[2025-10-25T21:51:28.964+0000] {logging_mixin.py:190} INFO - [2025-10-25T21:51:28.964+0000] {dag.py:3239} INFO - Sync 3 DAGs
[2025-10-25T21:51:28.971+0000] {logging_mixin.py:190} INFO - [2025-10-25T21:51:28.971+0000] {dag.py:4180} INFO - Setting next_dagrun for example_subdag_operator to 2022-01-01 00:00:00+00:00, run_after=2022-01-01 00:00:00+00:00
[2025-10-25T21:51:28.972+0000] {logging_mixin.py:190} INFO - [2025-10-25T21:51:28.972+0000] {dag.py:4180} INFO - Setting next_dagrun for example_subdag_operator.section-1 to None, run_after=None
[2025-10-25T21:51:28.973+0000] {logging_mixin.py:190} INFO - [2025-10-25T21:51:28.973+0000] {dag.py:4180} INFO - Setting next_dagrun for example_subdag_operator.section-2 to None, run_after=None
[2025-10-25T21:51:28.975+0000] {logging_mixin.py:190} INFO - [2025-10-25T21:51:28.975+0000] {dag.py:3239} INFO - Sync 2 DAGs
[2025-10-25T21:51:28.977+0000] {logging_mixin.py:190} INFO - [2025-10-25T21:51:28.977+0000] {dag.py:4180} INFO - Setting next_dagrun for example_subdag_operator.section-1 to None, run_after=None
[2025-10-25T21:51:28.977+0000] {logging_mixin.py:190} INFO - [2025-10-25T21:51:28.977+0000] {dag.py:4180} INFO - Setting next_dagrun for example_subdag_operator.section-2 to None, run_after=None
[2025-10-25T21:51:28.984+0000] {processor.py:208} INFO - Processing /Users/komidoveneymissiamenou/Documents/Master 1 DIT/DataEnge/spark_airflow/airflow_env/lib/python3.12/site-packages/airflow/example_dags/example_subdag_operator.py took 0.339 seconds
[2025-10-25T21:52:54.198+0000] {processor.py:186} INFO - Started process (PID=46385) to work on /Users/komidoveneymissiamenou/Documents/Master 1 DIT/DataEnge/spark_airflow/airflow_env/lib/python3.12/site-packages/airflow/example_dags/example_subdag_operator.py
[2025-10-25T21:52:54.199+0000] {processor.py:914} INFO - Processing file /Users/komidoveneymissiamenou/Documents/Master 1 DIT/DataEnge/spark_airflow/airflow_env/lib/python3.12/site-packages/airflow/example_dags/example_subdag_operator.py for tasks to queue
[2025-10-25T21:52:54.200+0000] {logging_mixin.py:190} INFO - [2025-10-25T21:52:54.200+0000] {dagbag.py:588} INFO - Filling up the DagBag from /Users/komidoveneymissiamenou/Documents/Master 1 DIT/DataEnge/spark_airflow/airflow_env/lib/python3.12/site-packages/airflow/example_dags/example_subdag_operator.py
[2025-10-25T21:52:54.241+0000] {processor.py:925} INFO - DAG(s) 'example_subdag_operator.section-1', 'example_subdag_operator.section-2', 'example_subdag_operator' retrieved from /Users/komidoveneymissiamenou/Documents/Master 1 DIT/DataEnge/spark_airflow/airflow_env/lib/python3.12/site-packages/airflow/example_dags/example_subdag_operator.py
[2025-10-25T21:52:54.467+0000] {logging_mixin.py:190} INFO - [2025-10-25T21:52:54.467+0000] {dag.py:3239} INFO - Sync 3 DAGs
[2025-10-25T21:52:54.475+0000] {logging_mixin.py:190} INFO - [2025-10-25T21:52:54.475+0000] {dag.py:4180} INFO - Setting next_dagrun for example_subdag_operator to 2022-01-01 00:00:00+00:00, run_after=2022-01-01 00:00:00+00:00
[2025-10-25T21:52:54.476+0000] {logging_mixin.py:190} INFO - [2025-10-25T21:52:54.476+0000] {dag.py:4180} INFO - Setting next_dagrun for example_subdag_operator.section-1 to None, run_after=None
[2025-10-25T21:52:54.476+0000] {logging_mixin.py:190} INFO - [2025-10-25T21:52:54.476+0000] {dag.py:4180} INFO - Setting next_dagrun for example_subdag_operator.section-2 to None, run_after=None
[2025-10-25T21:52:54.479+0000] {logging_mixin.py:190} INFO - [2025-10-25T21:52:54.479+0000] {dag.py:3239} INFO - Sync 2 DAGs
[2025-10-25T21:52:54.481+0000] {logging_mixin.py:190} INFO - [2025-10-25T21:52:54.481+0000] {dag.py:4180} INFO - Setting next_dagrun for example_subdag_operator.section-1 to None, run_after=None
[2025-10-25T21:52:54.481+0000] {logging_mixin.py:190} INFO - [2025-10-25T21:52:54.481+0000] {dag.py:4180} INFO - Setting next_dagrun for example_subdag_operator.section-2 to None, run_after=None
[2025-10-25T21:52:54.486+0000] {processor.py:208} INFO - Processing /Users/komidoveneymissiamenou/Documents/Master 1 DIT/DataEnge/spark_airflow/airflow_env/lib/python3.12/site-packages/airflow/example_dags/example_subdag_operator.py took 0.289 seconds
[2025-10-25T21:54:58.628+0000] {processor.py:186} INFO - Started process (PID=48994) to work on /Users/komidoveneymissiamenou/Documents/Master 1 DIT/DataEnge/spark_airflow/airflow_env/lib/python3.12/site-packages/airflow/example_dags/example_subdag_operator.py
[2025-10-25T21:54:58.633+0000] {processor.py:914} INFO - Processing file /Users/komidoveneymissiamenou/Documents/Master 1 DIT/DataEnge/spark_airflow/airflow_env/lib/python3.12/site-packages/airflow/example_dags/example_subdag_operator.py for tasks to queue
[2025-10-25T21:54:58.634+0000] {logging_mixin.py:190} INFO - [2025-10-25T21:54:58.634+0000] {dagbag.py:588} INFO - Filling up the DagBag from /Users/komidoveneymissiamenou/Documents/Master 1 DIT/DataEnge/spark_airflow/airflow_env/lib/python3.12/site-packages/airflow/example_dags/example_subdag_operator.py
[2025-10-25T21:54:58.718+0000] {processor.py:925} INFO - DAG(s) 'example_subdag_operator.section-1', 'example_subdag_operator.section-2', 'example_subdag_operator' retrieved from /Users/komidoveneymissiamenou/Documents/Master 1 DIT/DataEnge/spark_airflow/airflow_env/lib/python3.12/site-packages/airflow/example_dags/example_subdag_operator.py
[2025-10-25T21:54:59.990+0000] {logging_mixin.py:190} INFO - [2025-10-25T21:54:59.990+0000] {dag.py:3239} INFO - Sync 3 DAGs
[2025-10-25T21:54:59.998+0000] {logging_mixin.py:190} INFO - [2025-10-25T21:54:59.998+0000] {dag.py:4180} INFO - Setting next_dagrun for example_subdag_operator to 2022-01-01 00:00:00+00:00, run_after=2022-01-01 00:00:00+00:00
[2025-10-25T21:55:00.000+0000] {logging_mixin.py:190} INFO - [2025-10-25T21:55:00.000+0000] {dag.py:4180} INFO - Setting next_dagrun for example_subdag_operator.section-1 to None, run_after=None
[2025-10-25T21:55:00.001+0000] {logging_mixin.py:190} INFO - [2025-10-25T21:55:00.001+0000] {dag.py:4180} INFO - Setting next_dagrun for example_subdag_operator.section-2 to None, run_after=None
[2025-10-25T21:55:00.004+0000] {logging_mixin.py:190} INFO - [2025-10-25T21:55:00.003+0000] {dag.py:3239} INFO - Sync 2 DAGs
[2025-10-25T21:55:00.005+0000] {logging_mixin.py:190} INFO - [2025-10-25T21:55:00.005+0000] {dag.py:4180} INFO - Setting next_dagrun for example_subdag_operator.section-1 to None, run_after=None
[2025-10-25T21:55:00.006+0000] {logging_mixin.py:190} INFO - [2025-10-25T21:55:00.006+0000] {dag.py:4180} INFO - Setting next_dagrun for example_subdag_operator.section-2 to None, run_after=None
[2025-10-25T21:55:00.017+0000] {processor.py:208} INFO - Processing /Users/komidoveneymissiamenou/Documents/Master 1 DIT/DataEnge/spark_airflow/airflow_env/lib/python3.12/site-packages/airflow/example_dags/example_subdag_operator.py took 1.391 seconds
[2025-10-25T21:57:05.773+0000] {processor.py:186} INFO - Started process (PID=50520) to work on /Users/komidoveneymissiamenou/Documents/Master 1 DIT/DataEnge/spark_airflow/airflow_env/lib/python3.12/site-packages/airflow/example_dags/example_subdag_operator.py
[2025-10-25T21:57:05.775+0000] {processor.py:914} INFO - Processing file /Users/komidoveneymissiamenou/Documents/Master 1 DIT/DataEnge/spark_airflow/airflow_env/lib/python3.12/site-packages/airflow/example_dags/example_subdag_operator.py for tasks to queue
[2025-10-25T21:57:05.775+0000] {logging_mixin.py:190} INFO - [2025-10-25T21:57:05.775+0000] {dagbag.py:588} INFO - Filling up the DagBag from /Users/komidoveneymissiamenou/Documents/Master 1 DIT/DataEnge/spark_airflow/airflow_env/lib/python3.12/site-packages/airflow/example_dags/example_subdag_operator.py
[2025-10-25T21:57:05.831+0000] {processor.py:925} INFO - DAG(s) 'example_subdag_operator.section-1', 'example_subdag_operator.section-2', 'example_subdag_operator' retrieved from /Users/komidoveneymissiamenou/Documents/Master 1 DIT/DataEnge/spark_airflow/airflow_env/lib/python3.12/site-packages/airflow/example_dags/example_subdag_operator.py
[2025-10-25T21:57:06.110+0000] {logging_mixin.py:190} INFO - [2025-10-25T21:57:06.110+0000] {dag.py:3239} INFO - Sync 3 DAGs
[2025-10-25T21:57:06.116+0000] {logging_mixin.py:190} INFO - [2025-10-25T21:57:06.116+0000] {dag.py:4180} INFO - Setting next_dagrun for example_subdag_operator to 2022-01-01 00:00:00+00:00, run_after=2022-01-01 00:00:00+00:00
[2025-10-25T21:57:06.117+0000] {logging_mixin.py:190} INFO - [2025-10-25T21:57:06.117+0000] {dag.py:4180} INFO - Setting next_dagrun for example_subdag_operator.section-1 to None, run_after=None
[2025-10-25T21:57:06.118+0000] {logging_mixin.py:190} INFO - [2025-10-25T21:57:06.118+0000] {dag.py:4180} INFO - Setting next_dagrun for example_subdag_operator.section-2 to None, run_after=None
[2025-10-25T21:57:06.120+0000] {logging_mixin.py:190} INFO - [2025-10-25T21:57:06.120+0000] {dag.py:3239} INFO - Sync 2 DAGs
[2025-10-25T21:57:06.121+0000] {logging_mixin.py:190} INFO - [2025-10-25T21:57:06.121+0000] {dag.py:4180} INFO - Setting next_dagrun for example_subdag_operator.section-1 to None, run_after=None
[2025-10-25T21:57:06.121+0000] {logging_mixin.py:190} INFO - [2025-10-25T21:57:06.121+0000] {dag.py:4180} INFO - Setting next_dagrun for example_subdag_operator.section-2 to None, run_after=None
[2025-10-25T21:57:06.126+0000] {processor.py:208} INFO - Processing /Users/komidoveneymissiamenou/Documents/Master 1 DIT/DataEnge/spark_airflow/airflow_env/lib/python3.12/site-packages/airflow/example_dags/example_subdag_operator.py took 0.355 seconds
[2025-10-25T21:58:30.806+0000] {processor.py:186} INFO - Started process (PID=51538) to work on /Users/komidoveneymissiamenou/Documents/Master 1 DIT/DataEnge/spark_airflow/airflow_env/lib/python3.12/site-packages/airflow/example_dags/example_subdag_operator.py
[2025-10-25T21:58:30.809+0000] {processor.py:914} INFO - Processing file /Users/komidoveneymissiamenou/Documents/Master 1 DIT/DataEnge/spark_airflow/airflow_env/lib/python3.12/site-packages/airflow/example_dags/example_subdag_operator.py for tasks to queue
[2025-10-25T21:58:30.810+0000] {logging_mixin.py:190} INFO - [2025-10-25T21:58:30.810+0000] {dagbag.py:588} INFO - Filling up the DagBag from /Users/komidoveneymissiamenou/Documents/Master 1 DIT/DataEnge/spark_airflow/airflow_env/lib/python3.12/site-packages/airflow/example_dags/example_subdag_operator.py
[2025-10-25T21:58:30.859+0000] {processor.py:925} INFO - DAG(s) 'example_subdag_operator.section-1', 'example_subdag_operator.section-2', 'example_subdag_operator' retrieved from /Users/komidoveneymissiamenou/Documents/Master 1 DIT/DataEnge/spark_airflow/airflow_env/lib/python3.12/site-packages/airflow/example_dags/example_subdag_operator.py
[2025-10-25T21:58:31.692+0000] {logging_mixin.py:190} INFO - [2025-10-25T21:58:31.692+0000] {dag.py:3239} INFO - Sync 3 DAGs
[2025-10-25T21:58:31.700+0000] {logging_mixin.py:190} INFO - [2025-10-25T21:58:31.700+0000] {dag.py:4180} INFO - Setting next_dagrun for example_subdag_operator to 2022-01-01 00:00:00+00:00, run_after=2022-01-01 00:00:00+00:00
[2025-10-25T21:58:31.701+0000] {logging_mixin.py:190} INFO - [2025-10-25T21:58:31.701+0000] {dag.py:4180} INFO - Setting next_dagrun for example_subdag_operator.section-1 to None, run_after=None
[2025-10-25T21:58:31.701+0000] {logging_mixin.py:190} INFO - [2025-10-25T21:58:31.701+0000] {dag.py:4180} INFO - Setting next_dagrun for example_subdag_operator.section-2 to None, run_after=None
[2025-10-25T21:58:31.704+0000] {logging_mixin.py:190} INFO - [2025-10-25T21:58:31.704+0000] {dag.py:3239} INFO - Sync 2 DAGs
[2025-10-25T21:58:31.707+0000] {logging_mixin.py:190} INFO - [2025-10-25T21:58:31.706+0000] {dag.py:4180} INFO - Setting next_dagrun for example_subdag_operator.section-1 to None, run_after=None
[2025-10-25T21:58:31.707+0000] {logging_mixin.py:190} INFO - [2025-10-25T21:58:31.707+0000] {dag.py:4180} INFO - Setting next_dagrun for example_subdag_operator.section-2 to None, run_after=None
[2025-10-25T21:58:31.713+0000] {processor.py:208} INFO - Processing /Users/komidoveneymissiamenou/Documents/Master 1 DIT/DataEnge/spark_airflow/airflow_env/lib/python3.12/site-packages/airflow/example_dags/example_subdag_operator.py took 0.908 seconds
