[2025-10-25T21:39:57.352+0000] {processor.py:186} INFO - Started process (PID=32952) to work on /Users/komidoveneymissiamenou/Documents/Master 1 DIT/DataEnge/spark_airflow/airflow_env/lib/python3.12/site-packages/airflow/example_dags/example_outlet_event_extra.py
[2025-10-25T21:39:57.353+0000] {processor.py:914} INFO - Processing file /Users/komidoveneymissiamenou/Documents/Master 1 DIT/DataEnge/spark_airflow/airflow_env/lib/python3.12/site-packages/airflow/example_dags/example_outlet_event_extra.py for tasks to queue
[2025-10-25T21:39:57.353+0000] {logging_mixin.py:190} INFO - [2025-10-25T21:39:57.353+0000] {dagbag.py:588} INFO - Filling up the DagBag from /Users/komidoveneymissiamenou/Documents/Master 1 DIT/DataEnge/spark_airflow/airflow_env/lib/python3.12/site-packages/airflow/example_dags/example_outlet_event_extra.py
[2025-10-25T21:39:57.419+0000] {processor.py:925} INFO - DAG(s) 'dataset_with_extra_by_yield', 'dataset_with_extra_by_context', 'dataset_with_extra_from_classic_operator' retrieved from /Users/komidoveneymissiamenou/Documents/Master 1 DIT/DataEnge/spark_airflow/airflow_env/lib/python3.12/site-packages/airflow/example_dags/example_outlet_event_extra.py
[2025-10-25T21:39:57.527+0000] {logging_mixin.py:190} INFO - [2025-10-25T21:39:57.526+0000] {override.py:1900} INFO - Created Permission View: can edit on DAG:dataset_with_extra_by_yield
[2025-10-25T21:39:57.530+0000] {logging_mixin.py:190} INFO - [2025-10-25T21:39:57.530+0000] {override.py:1900} INFO - Created Permission View: can read on DAG:dataset_with_extra_by_yield
[2025-10-25T21:39:57.532+0000] {logging_mixin.py:190} INFO - [2025-10-25T21:39:57.532+0000] {override.py:1900} INFO - Created Permission View: can delete on DAG:dataset_with_extra_by_yield
[2025-10-25T21:39:57.535+0000] {logging_mixin.py:190} INFO - [2025-10-25T21:39:57.535+0000] {override.py:1900} INFO - Created Permission View: can read on DAG Run:dataset_with_extra_by_yield
[2025-10-25T21:39:57.537+0000] {logging_mixin.py:190} INFO - [2025-10-25T21:39:57.537+0000] {override.py:1900} INFO - Created Permission View: can delete on DAG Run:dataset_with_extra_by_yield
[2025-10-25T21:39:57.539+0000] {logging_mixin.py:190} INFO - [2025-10-25T21:39:57.539+0000] {override.py:1900} INFO - Created Permission View: can create on DAG Run:dataset_with_extra_by_yield
[2025-10-25T21:39:57.541+0000] {logging_mixin.py:190} INFO - [2025-10-25T21:39:57.541+0000] {override.py:1900} INFO - Created Permission View: menu access on DAG Run:dataset_with_extra_by_yield
[2025-10-25T21:39:57.545+0000] {logging_mixin.py:190} INFO - [2025-10-25T21:39:57.545+0000] {override.py:1900} INFO - Created Permission View: can edit on DAG:dataset_with_extra_by_context
[2025-10-25T21:39:57.547+0000] {logging_mixin.py:190} INFO - [2025-10-25T21:39:57.547+0000] {override.py:1900} INFO - Created Permission View: can read on DAG:dataset_with_extra_by_context
[2025-10-25T21:39:57.549+0000] {logging_mixin.py:190} INFO - [2025-10-25T21:39:57.549+0000] {override.py:1900} INFO - Created Permission View: can delete on DAG:dataset_with_extra_by_context
[2025-10-25T21:39:57.551+0000] {logging_mixin.py:190} INFO - [2025-10-25T21:39:57.551+0000] {override.py:1900} INFO - Created Permission View: can read on DAG Run:dataset_with_extra_by_context
[2025-10-25T21:39:57.553+0000] {logging_mixin.py:190} INFO - [2025-10-25T21:39:57.553+0000] {override.py:1900} INFO - Created Permission View: can delete on DAG Run:dataset_with_extra_by_context
[2025-10-25T21:39:57.555+0000] {logging_mixin.py:190} INFO - [2025-10-25T21:39:57.555+0000] {override.py:1900} INFO - Created Permission View: can create on DAG Run:dataset_with_extra_by_context
[2025-10-25T21:39:57.557+0000] {logging_mixin.py:190} INFO - [2025-10-25T21:39:57.557+0000] {override.py:1900} INFO - Created Permission View: menu access on DAG Run:dataset_with_extra_by_context
[2025-10-25T21:39:57.562+0000] {logging_mixin.py:190} INFO - [2025-10-25T21:39:57.562+0000] {override.py:1900} INFO - Created Permission View: can edit on DAG:dataset_with_extra_from_classic_operator
[2025-10-25T21:39:57.564+0000] {logging_mixin.py:190} INFO - [2025-10-25T21:39:57.564+0000] {override.py:1900} INFO - Created Permission View: can read on DAG:dataset_with_extra_from_classic_operator
[2025-10-25T21:39:57.566+0000] {logging_mixin.py:190} INFO - [2025-10-25T21:39:57.565+0000] {override.py:1900} INFO - Created Permission View: can delete on DAG:dataset_with_extra_from_classic_operator
[2025-10-25T21:39:57.568+0000] {logging_mixin.py:190} INFO - [2025-10-25T21:39:57.568+0000] {override.py:1900} INFO - Created Permission View: can read on DAG Run:dataset_with_extra_from_classic_operator
[2025-10-25T21:39:57.570+0000] {logging_mixin.py:190} INFO - [2025-10-25T21:39:57.570+0000] {override.py:1900} INFO - Created Permission View: can delete on DAG Run:dataset_with_extra_from_classic_operator
[2025-10-25T21:39:57.572+0000] {logging_mixin.py:190} INFO - [2025-10-25T21:39:57.572+0000] {override.py:1900} INFO - Created Permission View: can create on DAG Run:dataset_with_extra_from_classic_operator
[2025-10-25T21:39:57.574+0000] {logging_mixin.py:190} INFO - [2025-10-25T21:39:57.574+0000] {override.py:1900} INFO - Created Permission View: menu access on DAG Run:dataset_with_extra_from_classic_operator
[2025-10-25T21:39:57.574+0000] {logging_mixin.py:190} INFO - [2025-10-25T21:39:57.574+0000] {dag.py:3239} INFO - Sync 3 DAGs
[2025-10-25T21:39:57.579+0000] {logging_mixin.py:190} INFO - [2025-10-25T21:39:57.579+0000] {dag.py:3262} INFO - Creating ORM DAG for dataset_with_extra_by_context
[2025-10-25T21:39:57.579+0000] {logging_mixin.py:190} INFO - [2025-10-25T21:39:57.579+0000] {dag.py:3262} INFO - Creating ORM DAG for dataset_with_extra_by_yield
[2025-10-25T21:39:57.579+0000] {logging_mixin.py:190} INFO - [2025-10-25T21:39:57.579+0000] {dag.py:3262} INFO - Creating ORM DAG for dataset_with_extra_from_classic_operator
[2025-10-25T21:39:57.583+0000] {logging_mixin.py:190} INFO - [2025-10-25T21:39:57.583+0000] {dag.py:4180} INFO - Setting next_dagrun for dataset_with_extra_by_context to 2025-10-24 00:00:00+00:00, run_after=2025-10-25 00:00:00+00:00
[2025-10-25T21:39:57.583+0000] {logging_mixin.py:190} INFO - [2025-10-25T21:39:57.583+0000] {dag.py:4180} INFO - Setting next_dagrun for dataset_with_extra_by_yield to 2025-10-24 00:00:00+00:00, run_after=2025-10-25 00:00:00+00:00
[2025-10-25T21:39:57.584+0000] {logging_mixin.py:190} INFO - [2025-10-25T21:39:57.584+0000] {dag.py:4180} INFO - Setting next_dagrun for dataset_with_extra_from_classic_operator to 2025-10-24 00:00:00+00:00, run_after=2025-10-25 00:00:00+00:00
[2025-10-25T21:39:57.592+0000] {logging_mixin.py:190} INFO - [2025-10-25T21:39:57.591+0000] {workday.py:41} WARNING - Could not import pandas. Holidays will not be considered.
[2025-10-25T21:39:57.597+0000] {processor.py:208} INFO - Processing /Users/komidoveneymissiamenou/Documents/Master 1 DIT/DataEnge/spark_airflow/airflow_env/lib/python3.12/site-packages/airflow/example_dags/example_outlet_event_extra.py took 0.248 seconds
[2025-10-25T21:41:52.531+0000] {processor.py:186} INFO - Started process (PID=34391) to work on /Users/komidoveneymissiamenou/Documents/Master 1 DIT/DataEnge/spark_airflow/airflow_env/lib/python3.12/site-packages/airflow/example_dags/example_outlet_event_extra.py
[2025-10-25T21:41:52.533+0000] {processor.py:914} INFO - Processing file /Users/komidoveneymissiamenou/Documents/Master 1 DIT/DataEnge/spark_airflow/airflow_env/lib/python3.12/site-packages/airflow/example_dags/example_outlet_event_extra.py for tasks to queue
[2025-10-25T21:41:52.533+0000] {logging_mixin.py:190} INFO - [2025-10-25T21:41:52.533+0000] {dagbag.py:588} INFO - Filling up the DagBag from /Users/komidoveneymissiamenou/Documents/Master 1 DIT/DataEnge/spark_airflow/airflow_env/lib/python3.12/site-packages/airflow/example_dags/example_outlet_event_extra.py
[2025-10-25T21:41:52.605+0000] {processor.py:925} INFO - DAG(s) 'dataset_with_extra_by_yield', 'dataset_with_extra_by_context', 'dataset_with_extra_from_classic_operator' retrieved from /Users/komidoveneymissiamenou/Documents/Master 1 DIT/DataEnge/spark_airflow/airflow_env/lib/python3.12/site-packages/airflow/example_dags/example_outlet_event_extra.py
[2025-10-25T21:41:52.642+0000] {logging_mixin.py:190} INFO - [2025-10-25T21:41:52.641+0000] {dag.py:3239} INFO - Sync 3 DAGs
[2025-10-25T21:41:52.648+0000] {logging_mixin.py:190} INFO - [2025-10-25T21:41:52.648+0000] {dag.py:4180} INFO - Setting next_dagrun for dataset_with_extra_by_context to 2025-10-24 00:00:00+00:00, run_after=2025-10-25 00:00:00+00:00
[2025-10-25T21:41:52.650+0000] {logging_mixin.py:190} INFO - [2025-10-25T21:41:52.649+0000] {dag.py:4180} INFO - Setting next_dagrun for dataset_with_extra_by_yield to 2025-10-24 00:00:00+00:00, run_after=2025-10-25 00:00:00+00:00
[2025-10-25T21:41:52.650+0000] {logging_mixin.py:190} INFO - [2025-10-25T21:41:52.650+0000] {dag.py:4180} INFO - Setting next_dagrun for dataset_with_extra_from_classic_operator to 2025-10-24 00:00:00+00:00, run_after=2025-10-25 00:00:00+00:00
[2025-10-25T21:41:52.657+0000] {processor.py:208} INFO - Processing /Users/komidoveneymissiamenou/Documents/Master 1 DIT/DataEnge/spark_airflow/airflow_env/lib/python3.12/site-packages/airflow/example_dags/example_outlet_event_extra.py took 0.128 seconds
[2025-10-25T21:44:26.558+0000] {processor.py:186} INFO - Started process (PID=36249) to work on /Users/komidoveneymissiamenou/Documents/Master 1 DIT/DataEnge/spark_airflow/airflow_env/lib/python3.12/site-packages/airflow/example_dags/example_outlet_event_extra.py
[2025-10-25T21:44:26.559+0000] {processor.py:914} INFO - Processing file /Users/komidoveneymissiamenou/Documents/Master 1 DIT/DataEnge/spark_airflow/airflow_env/lib/python3.12/site-packages/airflow/example_dags/example_outlet_event_extra.py for tasks to queue
[2025-10-25T21:44:26.560+0000] {logging_mixin.py:190} INFO - [2025-10-25T21:44:26.560+0000] {dagbag.py:588} INFO - Filling up the DagBag from /Users/komidoveneymissiamenou/Documents/Master 1 DIT/DataEnge/spark_airflow/airflow_env/lib/python3.12/site-packages/airflow/example_dags/example_outlet_event_extra.py
[2025-10-25T21:44:26.619+0000] {processor.py:925} INFO - DAG(s) 'dataset_with_extra_by_context', 'dataset_with_extra_by_yield', 'dataset_with_extra_from_classic_operator' retrieved from /Users/komidoveneymissiamenou/Documents/Master 1 DIT/DataEnge/spark_airflow/airflow_env/lib/python3.12/site-packages/airflow/example_dags/example_outlet_event_extra.py
[2025-10-25T21:44:26.658+0000] {logging_mixin.py:190} INFO - [2025-10-25T21:44:26.658+0000] {dag.py:3239} INFO - Sync 3 DAGs
[2025-10-25T21:44:26.665+0000] {logging_mixin.py:190} INFO - [2025-10-25T21:44:26.665+0000] {dag.py:4180} INFO - Setting next_dagrun for dataset_with_extra_by_context to 2025-10-24 00:00:00+00:00, run_after=2025-10-25 00:00:00+00:00
[2025-10-25T21:44:26.666+0000] {logging_mixin.py:190} INFO - [2025-10-25T21:44:26.666+0000] {dag.py:4180} INFO - Setting next_dagrun for dataset_with_extra_by_yield to 2025-10-24 00:00:00+00:00, run_after=2025-10-25 00:00:00+00:00
[2025-10-25T21:44:26.667+0000] {logging_mixin.py:190} INFO - [2025-10-25T21:44:26.667+0000] {dag.py:4180} INFO - Setting next_dagrun for dataset_with_extra_from_classic_operator to 2025-10-24 00:00:00+00:00, run_after=2025-10-25 00:00:00+00:00
[2025-10-25T21:44:26.674+0000] {processor.py:208} INFO - Processing /Users/komidoveneymissiamenou/Documents/Master 1 DIT/DataEnge/spark_airflow/airflow_env/lib/python3.12/site-packages/airflow/example_dags/example_outlet_event_extra.py took 0.119 seconds
[2025-10-25T21:47:28.809+0000] {processor.py:186} INFO - Started process (PID=39131) to work on /Users/komidoveneymissiamenou/Documents/Master 1 DIT/DataEnge/spark_airflow/airflow_env/lib/python3.12/site-packages/airflow/example_dags/example_outlet_event_extra.py
[2025-10-25T21:47:28.810+0000] {processor.py:914} INFO - Processing file /Users/komidoveneymissiamenou/Documents/Master 1 DIT/DataEnge/spark_airflow/airflow_env/lib/python3.12/site-packages/airflow/example_dags/example_outlet_event_extra.py for tasks to queue
[2025-10-25T21:47:28.810+0000] {logging_mixin.py:190} INFO - [2025-10-25T21:47:28.810+0000] {dagbag.py:588} INFO - Filling up the DagBag from /Users/komidoveneymissiamenou/Documents/Master 1 DIT/DataEnge/spark_airflow/airflow_env/lib/python3.12/site-packages/airflow/example_dags/example_outlet_event_extra.py
[2025-10-25T21:47:28.866+0000] {processor.py:925} INFO - DAG(s) 'dataset_with_extra_from_classic_operator', 'dataset_with_extra_by_yield', 'dataset_with_extra_by_context' retrieved from /Users/komidoveneymissiamenou/Documents/Master 1 DIT/DataEnge/spark_airflow/airflow_env/lib/python3.12/site-packages/airflow/example_dags/example_outlet_event_extra.py
[2025-10-25T21:47:28.906+0000] {logging_mixin.py:190} INFO - [2025-10-25T21:47:28.906+0000] {dag.py:3239} INFO - Sync 3 DAGs
[2025-10-25T21:47:28.914+0000] {logging_mixin.py:190} INFO - [2025-10-25T21:47:28.913+0000] {dag.py:4180} INFO - Setting next_dagrun for dataset_with_extra_by_context to 2025-10-24 00:00:00+00:00, run_after=2025-10-25 00:00:00+00:00
[2025-10-25T21:47:28.915+0000] {logging_mixin.py:190} INFO - [2025-10-25T21:47:28.915+0000] {dag.py:4180} INFO - Setting next_dagrun for dataset_with_extra_by_yield to 2025-10-24 00:00:00+00:00, run_after=2025-10-25 00:00:00+00:00
[2025-10-25T21:47:28.916+0000] {logging_mixin.py:190} INFO - [2025-10-25T21:47:28.916+0000] {dag.py:4180} INFO - Setting next_dagrun for dataset_with_extra_from_classic_operator to 2025-10-24 00:00:00+00:00, run_after=2025-10-25 00:00:00+00:00
[2025-10-25T21:47:28.923+0000] {processor.py:208} INFO - Processing /Users/komidoveneymissiamenou/Documents/Master 1 DIT/DataEnge/spark_airflow/airflow_env/lib/python3.12/site-packages/airflow/example_dags/example_outlet_event_extra.py took 0.117 seconds
[2025-10-25T21:49:48.741+0000] {processor.py:186} INFO - Started process (PID=42812) to work on /Users/komidoveneymissiamenou/Documents/Master 1 DIT/DataEnge/spark_airflow/airflow_env/lib/python3.12/site-packages/airflow/example_dags/example_outlet_event_extra.py
[2025-10-25T21:49:48.742+0000] {processor.py:914} INFO - Processing file /Users/komidoveneymissiamenou/Documents/Master 1 DIT/DataEnge/spark_airflow/airflow_env/lib/python3.12/site-packages/airflow/example_dags/example_outlet_event_extra.py for tasks to queue
[2025-10-25T21:49:48.743+0000] {logging_mixin.py:190} INFO - [2025-10-25T21:49:48.743+0000] {dagbag.py:588} INFO - Filling up the DagBag from /Users/komidoveneymissiamenou/Documents/Master 1 DIT/DataEnge/spark_airflow/airflow_env/lib/python3.12/site-packages/airflow/example_dags/example_outlet_event_extra.py
[2025-10-25T21:49:48.861+0000] {processor.py:925} INFO - DAG(s) 'dataset_with_extra_by_context', 'dataset_with_extra_by_yield', 'dataset_with_extra_from_classic_operator' retrieved from /Users/komidoveneymissiamenou/Documents/Master 1 DIT/DataEnge/spark_airflow/airflow_env/lib/python3.12/site-packages/airflow/example_dags/example_outlet_event_extra.py
[2025-10-25T21:49:48.917+0000] {logging_mixin.py:190} INFO - [2025-10-25T21:49:48.917+0000] {dag.py:3239} INFO - Sync 3 DAGs
[2025-10-25T21:49:48.928+0000] {logging_mixin.py:190} INFO - [2025-10-25T21:49:48.928+0000] {dag.py:4180} INFO - Setting next_dagrun for dataset_with_extra_by_context to 2025-10-24 00:00:00+00:00, run_after=2025-10-25 00:00:00+00:00
[2025-10-25T21:49:48.930+0000] {logging_mixin.py:190} INFO - [2025-10-25T21:49:48.930+0000] {dag.py:4180} INFO - Setting next_dagrun for dataset_with_extra_by_yield to 2025-10-24 00:00:00+00:00, run_after=2025-10-25 00:00:00+00:00
[2025-10-25T21:49:48.931+0000] {logging_mixin.py:190} INFO - [2025-10-25T21:49:48.930+0000] {dag.py:4180} INFO - Setting next_dagrun for dataset_with_extra_from_classic_operator to 2025-10-24 00:00:00+00:00, run_after=2025-10-25 00:00:00+00:00
[2025-10-25T21:49:48.942+0000] {processor.py:208} INFO - Processing /Users/komidoveneymissiamenou/Documents/Master 1 DIT/DataEnge/spark_airflow/airflow_env/lib/python3.12/site-packages/airflow/example_dags/example_outlet_event_extra.py took 0.207 seconds
[2025-10-25T21:51:56.645+0000] {processor.py:186} INFO - Started process (PID=45001) to work on /Users/komidoveneymissiamenou/Documents/Master 1 DIT/DataEnge/spark_airflow/airflow_env/lib/python3.12/site-packages/airflow/example_dags/example_outlet_event_extra.py
[2025-10-25T21:51:56.645+0000] {processor.py:914} INFO - Processing file /Users/komidoveneymissiamenou/Documents/Master 1 DIT/DataEnge/spark_airflow/airflow_env/lib/python3.12/site-packages/airflow/example_dags/example_outlet_event_extra.py for tasks to queue
[2025-10-25T21:51:56.646+0000] {logging_mixin.py:190} INFO - [2025-10-25T21:51:56.646+0000] {dagbag.py:588} INFO - Filling up the DagBag from /Users/komidoveneymissiamenou/Documents/Master 1 DIT/DataEnge/spark_airflow/airflow_env/lib/python3.12/site-packages/airflow/example_dags/example_outlet_event_extra.py
[2025-10-25T21:51:56.702+0000] {processor.py:925} INFO - DAG(s) 'dataset_with_extra_by_yield', 'dataset_with_extra_from_classic_operator', 'dataset_with_extra_by_context' retrieved from /Users/komidoveneymissiamenou/Documents/Master 1 DIT/DataEnge/spark_airflow/airflow_env/lib/python3.12/site-packages/airflow/example_dags/example_outlet_event_extra.py
[2025-10-25T21:51:56.739+0000] {logging_mixin.py:190} INFO - [2025-10-25T21:51:56.739+0000] {dag.py:3239} INFO - Sync 3 DAGs
[2025-10-25T21:51:56.746+0000] {logging_mixin.py:190} INFO - [2025-10-25T21:51:56.746+0000] {dag.py:4180} INFO - Setting next_dagrun for dataset_with_extra_by_context to 2025-10-24 00:00:00+00:00, run_after=2025-10-25 00:00:00+00:00
[2025-10-25T21:51:56.748+0000] {logging_mixin.py:190} INFO - [2025-10-25T21:51:56.748+0000] {dag.py:4180} INFO - Setting next_dagrun for dataset_with_extra_by_yield to 2025-10-24 00:00:00+00:00, run_after=2025-10-25 00:00:00+00:00
[2025-10-25T21:51:56.749+0000] {logging_mixin.py:190} INFO - [2025-10-25T21:51:56.748+0000] {dag.py:4180} INFO - Setting next_dagrun for dataset_with_extra_from_classic_operator to 2025-10-24 00:00:00+00:00, run_after=2025-10-25 00:00:00+00:00
[2025-10-25T21:51:56.756+0000] {processor.py:208} INFO - Processing /Users/komidoveneymissiamenou/Documents/Master 1 DIT/DataEnge/spark_airflow/airflow_env/lib/python3.12/site-packages/airflow/example_dags/example_outlet_event_extra.py took 0.113 seconds
[2025-10-25T21:55:29.646+0000] {processor.py:186} INFO - Started process (PID=49392) to work on /Users/komidoveneymissiamenou/Documents/Master 1 DIT/DataEnge/spark_airflow/airflow_env/lib/python3.12/site-packages/airflow/example_dags/example_outlet_event_extra.py
[2025-10-25T21:55:29.647+0000] {processor.py:914} INFO - Processing file /Users/komidoveneymissiamenou/Documents/Master 1 DIT/DataEnge/spark_airflow/airflow_env/lib/python3.12/site-packages/airflow/example_dags/example_outlet_event_extra.py for tasks to queue
[2025-10-25T21:55:29.648+0000] {logging_mixin.py:190} INFO - [2025-10-25T21:55:29.647+0000] {dagbag.py:588} INFO - Filling up the DagBag from /Users/komidoveneymissiamenou/Documents/Master 1 DIT/DataEnge/spark_airflow/airflow_env/lib/python3.12/site-packages/airflow/example_dags/example_outlet_event_extra.py
[2025-10-25T21:55:29.706+0000] {processor.py:925} INFO - DAG(s) 'dataset_with_extra_from_classic_operator', 'dataset_with_extra_by_context', 'dataset_with_extra_by_yield' retrieved from /Users/komidoveneymissiamenou/Documents/Master 1 DIT/DataEnge/spark_airflow/airflow_env/lib/python3.12/site-packages/airflow/example_dags/example_outlet_event_extra.py
[2025-10-25T21:55:29.752+0000] {logging_mixin.py:190} INFO - [2025-10-25T21:55:29.752+0000] {dag.py:3239} INFO - Sync 3 DAGs
[2025-10-25T21:55:29.762+0000] {logging_mixin.py:190} INFO - [2025-10-25T21:55:29.762+0000] {dag.py:4180} INFO - Setting next_dagrun for dataset_with_extra_by_context to 2025-10-24 00:00:00+00:00, run_after=2025-10-25 00:00:00+00:00
[2025-10-25T21:55:29.764+0000] {logging_mixin.py:190} INFO - [2025-10-25T21:55:29.764+0000] {dag.py:4180} INFO - Setting next_dagrun for dataset_with_extra_by_yield to 2025-10-24 00:00:00+00:00, run_after=2025-10-25 00:00:00+00:00
[2025-10-25T21:55:29.765+0000] {logging_mixin.py:190} INFO - [2025-10-25T21:55:29.765+0000] {dag.py:4180} INFO - Setting next_dagrun for dataset_with_extra_from_classic_operator to 2025-10-24 00:00:00+00:00, run_after=2025-10-25 00:00:00+00:00
[2025-10-25T21:55:29.774+0000] {processor.py:208} INFO - Processing /Users/komidoveneymissiamenou/Documents/Master 1 DIT/DataEnge/spark_airflow/airflow_env/lib/python3.12/site-packages/airflow/example_dags/example_outlet_event_extra.py took 0.129 seconds
[2025-10-25T21:57:31.446+0000] {processor.py:186} INFO - Started process (PID=50827) to work on /Users/komidoveneymissiamenou/Documents/Master 1 DIT/DataEnge/spark_airflow/airflow_env/lib/python3.12/site-packages/airflow/example_dags/example_outlet_event_extra.py
[2025-10-25T21:57:31.446+0000] {processor.py:914} INFO - Processing file /Users/komidoveneymissiamenou/Documents/Master 1 DIT/DataEnge/spark_airflow/airflow_env/lib/python3.12/site-packages/airflow/example_dags/example_outlet_event_extra.py for tasks to queue
[2025-10-25T21:57:31.447+0000] {logging_mixin.py:190} INFO - [2025-10-25T21:57:31.447+0000] {dagbag.py:588} INFO - Filling up the DagBag from /Users/komidoveneymissiamenou/Documents/Master 1 DIT/DataEnge/spark_airflow/airflow_env/lib/python3.12/site-packages/airflow/example_dags/example_outlet_event_extra.py
[2025-10-25T21:57:31.513+0000] {processor.py:925} INFO - DAG(s) 'dataset_with_extra_from_classic_operator', 'dataset_with_extra_by_context', 'dataset_with_extra_by_yield' retrieved from /Users/komidoveneymissiamenou/Documents/Master 1 DIT/DataEnge/spark_airflow/airflow_env/lib/python3.12/site-packages/airflow/example_dags/example_outlet_event_extra.py
[2025-10-25T21:57:31.551+0000] {logging_mixin.py:190} INFO - [2025-10-25T21:57:31.551+0000] {dag.py:3239} INFO - Sync 3 DAGs
[2025-10-25T21:57:31.559+0000] {logging_mixin.py:190} INFO - [2025-10-25T21:57:31.559+0000] {dag.py:4180} INFO - Setting next_dagrun for dataset_with_extra_by_context to 2025-10-24 00:00:00+00:00, run_after=2025-10-25 00:00:00+00:00
[2025-10-25T21:57:31.561+0000] {logging_mixin.py:190} INFO - [2025-10-25T21:57:31.561+0000] {dag.py:4180} INFO - Setting next_dagrun for dataset_with_extra_by_yield to 2025-10-24 00:00:00+00:00, run_after=2025-10-25 00:00:00+00:00
[2025-10-25T21:57:31.562+0000] {logging_mixin.py:190} INFO - [2025-10-25T21:57:31.562+0000] {dag.py:4180} INFO - Setting next_dagrun for dataset_with_extra_from_classic_operator to 2025-10-24 00:00:00+00:00, run_after=2025-10-25 00:00:00+00:00
[2025-10-25T21:57:31.573+0000] {processor.py:208} INFO - Processing /Users/komidoveneymissiamenou/Documents/Master 1 DIT/DataEnge/spark_airflow/airflow_env/lib/python3.12/site-packages/airflow/example_dags/example_outlet_event_extra.py took 0.129 seconds
