[2025-10-25T21:39:47.282+0000] {processor.py:186} INFO - Started process (PID=32834) to work on /Users/komidoveneymissiamenou/Documents/Master 1 DIT/DataEnge/spark_airflow/airflow_env/lib/python3.12/site-packages/airflow/example_dags/example_python_operator.py
[2025-10-25T21:39:47.283+0000] {processor.py:914} INFO - Processing file /Users/komidoveneymissiamenou/Documents/Master 1 DIT/DataEnge/spark_airflow/airflow_env/lib/python3.12/site-packages/airflow/example_dags/example_python_operator.py for tasks to queue
[2025-10-25T21:39:47.283+0000] {logging_mixin.py:190} INFO - [2025-10-25T21:39:47.283+0000] {dagbag.py:588} INFO - Filling up the DagBag from /Users/komidoveneymissiamenou/Documents/Master 1 DIT/DataEnge/spark_airflow/airflow_env/lib/python3.12/site-packages/airflow/example_dags/example_python_operator.py
[2025-10-25T21:39:47.300+0000] {logging_mixin.py:190} INFO - [2025-10-25T21:39:47.300+0000] {example_python_operator.py:93} WARNING - The virtalenv_python example task requires virtualenv, please install it.
[2025-10-25T21:39:47.303+0000] {processor.py:925} INFO - DAG(s) 'example_python_operator' retrieved from /Users/komidoveneymissiamenou/Documents/Master 1 DIT/DataEnge/spark_airflow/airflow_env/lib/python3.12/site-packages/airflow/example_dags/example_python_operator.py
[2025-10-25T21:39:47.408+0000] {logging_mixin.py:190} INFO - [2025-10-25T21:39:47.407+0000] {override.py:1900} INFO - Created Permission View: can read on DAG:example_python_operator
[2025-10-25T21:39:47.411+0000] {logging_mixin.py:190} INFO - [2025-10-25T21:39:47.411+0000] {override.py:1900} INFO - Created Permission View: can edit on DAG:example_python_operator
[2025-10-25T21:39:47.413+0000] {logging_mixin.py:190} INFO - [2025-10-25T21:39:47.413+0000] {override.py:1900} INFO - Created Permission View: can delete on DAG:example_python_operator
[2025-10-25T21:39:47.416+0000] {logging_mixin.py:190} INFO - [2025-10-25T21:39:47.416+0000] {override.py:1900} INFO - Created Permission View: can read on DAG Run:example_python_operator
[2025-10-25T21:39:47.418+0000] {logging_mixin.py:190} INFO - [2025-10-25T21:39:47.418+0000] {override.py:1900} INFO - Created Permission View: can create on DAG Run:example_python_operator
[2025-10-25T21:39:47.420+0000] {logging_mixin.py:190} INFO - [2025-10-25T21:39:47.420+0000] {override.py:1900} INFO - Created Permission View: menu access on DAG Run:example_python_operator
[2025-10-25T21:39:47.422+0000] {logging_mixin.py:190} INFO - [2025-10-25T21:39:47.422+0000] {override.py:1900} INFO - Created Permission View: can delete on DAG Run:example_python_operator
[2025-10-25T21:39:47.422+0000] {logging_mixin.py:190} INFO - [2025-10-25T21:39:47.422+0000] {dag.py:3239} INFO - Sync 1 DAGs
[2025-10-25T21:39:47.426+0000] {logging_mixin.py:190} INFO - [2025-10-25T21:39:47.426+0000] {dag.py:3262} INFO - Creating ORM DAG for example_python_operator
[2025-10-25T21:39:47.426+0000] {logging_mixin.py:190} INFO - [2025-10-25T21:39:47.426+0000] {dag.py:4180} INFO - Setting next_dagrun for example_python_operator to None, run_after=None
[2025-10-25T21:39:47.432+0000] {processor.py:208} INFO - Processing /Users/komidoveneymissiamenou/Documents/Master 1 DIT/DataEnge/spark_airflow/airflow_env/lib/python3.12/site-packages/airflow/example_dags/example_python_operator.py took 0.152 seconds
[2025-10-25T21:41:43.455+0000] {processor.py:186} INFO - Started process (PID=34285) to work on /Users/komidoveneymissiamenou/Documents/Master 1 DIT/DataEnge/spark_airflow/airflow_env/lib/python3.12/site-packages/airflow/example_dags/example_python_operator.py
[2025-10-25T21:41:43.457+0000] {processor.py:914} INFO - Processing file /Users/komidoveneymissiamenou/Documents/Master 1 DIT/DataEnge/spark_airflow/airflow_env/lib/python3.12/site-packages/airflow/example_dags/example_python_operator.py for tasks to queue
[2025-10-25T21:41:43.457+0000] {logging_mixin.py:190} INFO - [2025-10-25T21:41:43.457+0000] {dagbag.py:588} INFO - Filling up the DagBag from /Users/komidoveneymissiamenou/Documents/Master 1 DIT/DataEnge/spark_airflow/airflow_env/lib/python3.12/site-packages/airflow/example_dags/example_python_operator.py
[2025-10-25T21:41:43.480+0000] {logging_mixin.py:190} INFO - [2025-10-25T21:41:43.480+0000] {example_python_operator.py:93} WARNING - The virtalenv_python example task requires virtualenv, please install it.
[2025-10-25T21:41:43.482+0000] {processor.py:925} INFO - DAG(s) 'example_python_operator' retrieved from /Users/komidoveneymissiamenou/Documents/Master 1 DIT/DataEnge/spark_airflow/airflow_env/lib/python3.12/site-packages/airflow/example_dags/example_python_operator.py
[2025-10-25T21:41:43.518+0000] {logging_mixin.py:190} INFO - [2025-10-25T21:41:43.518+0000] {dag.py:3239} INFO - Sync 1 DAGs
[2025-10-25T21:41:43.523+0000] {logging_mixin.py:190} INFO - [2025-10-25T21:41:43.523+0000] {dag.py:4180} INFO - Setting next_dagrun for example_python_operator to None, run_after=None
[2025-10-25T21:41:43.530+0000] {processor.py:208} INFO - Processing /Users/komidoveneymissiamenou/Documents/Master 1 DIT/DataEnge/spark_airflow/airflow_env/lib/python3.12/site-packages/airflow/example_dags/example_python_operator.py took 0.079 seconds
[2025-10-25T21:43:04.261+0000] {processor.py:186} INFO - Started process (PID=35265) to work on /Users/komidoveneymissiamenou/Documents/Master 1 DIT/DataEnge/spark_airflow/airflow_env/lib/python3.12/site-packages/airflow/example_dags/example_python_operator.py
[2025-10-25T21:43:04.262+0000] {processor.py:914} INFO - Processing file /Users/komidoveneymissiamenou/Documents/Master 1 DIT/DataEnge/spark_airflow/airflow_env/lib/python3.12/site-packages/airflow/example_dags/example_python_operator.py for tasks to queue
[2025-10-25T21:43:04.262+0000] {logging_mixin.py:190} INFO - [2025-10-25T21:43:04.262+0000] {dagbag.py:588} INFO - Filling up the DagBag from /Users/komidoveneymissiamenou/Documents/Master 1 DIT/DataEnge/spark_airflow/airflow_env/lib/python3.12/site-packages/airflow/example_dags/example_python_operator.py
[2025-10-25T21:43:04.272+0000] {logging_mixin.py:190} INFO - [2025-10-25T21:43:04.272+0000] {example_python_operator.py:93} WARNING - The virtalenv_python example task requires virtualenv, please install it.
[2025-10-25T21:43:04.274+0000] {processor.py:925} INFO - DAG(s) 'example_python_operator' retrieved from /Users/komidoveneymissiamenou/Documents/Master 1 DIT/DataEnge/spark_airflow/airflow_env/lib/python3.12/site-packages/airflow/example_dags/example_python_operator.py
[2025-10-25T21:43:04.312+0000] {logging_mixin.py:190} INFO - [2025-10-25T21:43:04.312+0000] {dag.py:3239} INFO - Sync 1 DAGs
[2025-10-25T21:43:04.318+0000] {logging_mixin.py:190} INFO - [2025-10-25T21:43:04.317+0000] {dag.py:4180} INFO - Setting next_dagrun for example_python_operator to None, run_after=None
[2025-10-25T21:43:04.327+0000] {processor.py:208} INFO - Processing /Users/komidoveneymissiamenou/Documents/Master 1 DIT/DataEnge/spark_airflow/airflow_env/lib/python3.12/site-packages/airflow/example_dags/example_python_operator.py took 0.067 seconds
[2025-10-25T21:45:43.944+0000] {processor.py:186} INFO - Started process (PID=37523) to work on /Users/komidoveneymissiamenou/Documents/Master 1 DIT/DataEnge/spark_airflow/airflow_env/lib/python3.12/site-packages/airflow/example_dags/example_python_operator.py
[2025-10-25T21:45:43.946+0000] {processor.py:914} INFO - Processing file /Users/komidoveneymissiamenou/Documents/Master 1 DIT/DataEnge/spark_airflow/airflow_env/lib/python3.12/site-packages/airflow/example_dags/example_python_operator.py for tasks to queue
[2025-10-25T21:45:43.947+0000] {logging_mixin.py:190} INFO - [2025-10-25T21:45:43.946+0000] {dagbag.py:588} INFO - Filling up the DagBag from /Users/komidoveneymissiamenou/Documents/Master 1 DIT/DataEnge/spark_airflow/airflow_env/lib/python3.12/site-packages/airflow/example_dags/example_python_operator.py
[2025-10-25T21:45:43.964+0000] {logging_mixin.py:190} INFO - [2025-10-25T21:45:43.963+0000] {example_python_operator.py:93} WARNING - The virtalenv_python example task requires virtualenv, please install it.
[2025-10-25T21:45:43.965+0000] {processor.py:925} INFO - DAG(s) 'example_python_operator' retrieved from /Users/komidoveneymissiamenou/Documents/Master 1 DIT/DataEnge/spark_airflow/airflow_env/lib/python3.12/site-packages/airflow/example_dags/example_python_operator.py
[2025-10-25T21:45:44.003+0000] {logging_mixin.py:190} INFO - [2025-10-25T21:45:44.002+0000] {dag.py:3239} INFO - Sync 1 DAGs
[2025-10-25T21:45:44.007+0000] {logging_mixin.py:190} INFO - [2025-10-25T21:45:44.007+0000] {dag.py:4180} INFO - Setting next_dagrun for example_python_operator to None, run_after=None
[2025-10-25T21:45:44.014+0000] {processor.py:208} INFO - Processing /Users/komidoveneymissiamenou/Documents/Master 1 DIT/DataEnge/spark_airflow/airflow_env/lib/python3.12/site-packages/airflow/example_dags/example_python_operator.py took 0.072 seconds
[2025-10-25T21:47:18.802+0000] {processor.py:186} INFO - Started process (PID=38923) to work on /Users/komidoveneymissiamenou/Documents/Master 1 DIT/DataEnge/spark_airflow/airflow_env/lib/python3.12/site-packages/airflow/example_dags/example_python_operator.py
[2025-10-25T21:47:18.805+0000] {processor.py:914} INFO - Processing file /Users/komidoveneymissiamenou/Documents/Master 1 DIT/DataEnge/spark_airflow/airflow_env/lib/python3.12/site-packages/airflow/example_dags/example_python_operator.py for tasks to queue
[2025-10-25T21:47:18.806+0000] {logging_mixin.py:190} INFO - [2025-10-25T21:47:18.806+0000] {dagbag.py:588} INFO - Filling up the DagBag from /Users/komidoveneymissiamenou/Documents/Master 1 DIT/DataEnge/spark_airflow/airflow_env/lib/python3.12/site-packages/airflow/example_dags/example_python_operator.py
[2025-10-25T21:47:18.835+0000] {logging_mixin.py:190} INFO - [2025-10-25T21:47:18.835+0000] {example_python_operator.py:93} WARNING - The virtalenv_python example task requires virtualenv, please install it.
[2025-10-25T21:47:18.837+0000] {processor.py:925} INFO - DAG(s) 'example_python_operator' retrieved from /Users/komidoveneymissiamenou/Documents/Master 1 DIT/DataEnge/spark_airflow/airflow_env/lib/python3.12/site-packages/airflow/example_dags/example_python_operator.py
[2025-10-25T21:47:18.878+0000] {logging_mixin.py:190} INFO - [2025-10-25T21:47:18.878+0000] {dag.py:3239} INFO - Sync 1 DAGs
[2025-10-25T21:47:18.883+0000] {logging_mixin.py:190} INFO - [2025-10-25T21:47:18.883+0000] {dag.py:4180} INFO - Setting next_dagrun for example_python_operator to None, run_after=None
[2025-10-25T21:47:18.892+0000] {processor.py:208} INFO - Processing /Users/komidoveneymissiamenou/Documents/Master 1 DIT/DataEnge/spark_airflow/airflow_env/lib/python3.12/site-packages/airflow/example_dags/example_python_operator.py took 0.093 seconds
[2025-10-25T21:49:38.215+0000] {processor.py:186} INFO - Started process (PID=42627) to work on /Users/komidoveneymissiamenou/Documents/Master 1 DIT/DataEnge/spark_airflow/airflow_env/lib/python3.12/site-packages/airflow/example_dags/example_python_operator.py
[2025-10-25T21:49:38.216+0000] {processor.py:914} INFO - Processing file /Users/komidoveneymissiamenou/Documents/Master 1 DIT/DataEnge/spark_airflow/airflow_env/lib/python3.12/site-packages/airflow/example_dags/example_python_operator.py for tasks to queue
[2025-10-25T21:49:38.216+0000] {logging_mixin.py:190} INFO - [2025-10-25T21:49:38.216+0000] {dagbag.py:588} INFO - Filling up the DagBag from /Users/komidoveneymissiamenou/Documents/Master 1 DIT/DataEnge/spark_airflow/airflow_env/lib/python3.12/site-packages/airflow/example_dags/example_python_operator.py
[2025-10-25T21:49:38.236+0000] {logging_mixin.py:190} INFO - [2025-10-25T21:49:38.236+0000] {example_python_operator.py:93} WARNING - The virtalenv_python example task requires virtualenv, please install it.
[2025-10-25T21:49:38.238+0000] {processor.py:925} INFO - DAG(s) 'example_python_operator' retrieved from /Users/komidoveneymissiamenou/Documents/Master 1 DIT/DataEnge/spark_airflow/airflow_env/lib/python3.12/site-packages/airflow/example_dags/example_python_operator.py
[2025-10-25T21:49:38.278+0000] {logging_mixin.py:190} INFO - [2025-10-25T21:49:38.277+0000] {dag.py:3239} INFO - Sync 1 DAGs
[2025-10-25T21:49:38.282+0000] {logging_mixin.py:190} INFO - [2025-10-25T21:49:38.282+0000] {dag.py:4180} INFO - Setting next_dagrun for example_python_operator to None, run_after=None
[2025-10-25T21:49:38.289+0000] {processor.py:208} INFO - Processing /Users/komidoveneymissiamenou/Documents/Master 1 DIT/DataEnge/spark_airflow/airflow_env/lib/python3.12/site-packages/airflow/example_dags/example_python_operator.py took 0.075 seconds
[2025-10-25T21:51:48.041+0000] {processor.py:186} INFO - Started process (PID=44896) to work on /Users/komidoveneymissiamenou/Documents/Master 1 DIT/DataEnge/spark_airflow/airflow_env/lib/python3.12/site-packages/airflow/example_dags/example_python_operator.py
[2025-10-25T21:51:48.043+0000] {processor.py:914} INFO - Processing file /Users/komidoveneymissiamenou/Documents/Master 1 DIT/DataEnge/spark_airflow/airflow_env/lib/python3.12/site-packages/airflow/example_dags/example_python_operator.py for tasks to queue
[2025-10-25T21:51:48.044+0000] {logging_mixin.py:190} INFO - [2025-10-25T21:51:48.044+0000] {dagbag.py:588} INFO - Filling up the DagBag from /Users/komidoveneymissiamenou/Documents/Master 1 DIT/DataEnge/spark_airflow/airflow_env/lib/python3.12/site-packages/airflow/example_dags/example_python_operator.py
[2025-10-25T21:51:48.062+0000] {logging_mixin.py:190} INFO - [2025-10-25T21:51:48.062+0000] {example_python_operator.py:93} WARNING - The virtalenv_python example task requires virtualenv, please install it.
[2025-10-25T21:51:48.066+0000] {processor.py:925} INFO - DAG(s) 'example_python_operator' retrieved from /Users/komidoveneymissiamenou/Documents/Master 1 DIT/DataEnge/spark_airflow/airflow_env/lib/python3.12/site-packages/airflow/example_dags/example_python_operator.py
[2025-10-25T21:51:48.104+0000] {logging_mixin.py:190} INFO - [2025-10-25T21:51:48.104+0000] {dag.py:3239} INFO - Sync 1 DAGs
[2025-10-25T21:51:48.108+0000] {logging_mixin.py:190} INFO - [2025-10-25T21:51:48.108+0000] {dag.py:4180} INFO - Setting next_dagrun for example_python_operator to None, run_after=None
[2025-10-25T21:51:48.116+0000] {processor.py:208} INFO - Processing /Users/komidoveneymissiamenou/Documents/Master 1 DIT/DataEnge/spark_airflow/airflow_env/lib/python3.12/site-packages/airflow/example_dags/example_python_operator.py took 0.081 seconds
[2025-10-25T21:55:18.581+0000] {processor.py:186} INFO - Started process (PID=49264) to work on /Users/komidoveneymissiamenou/Documents/Master 1 DIT/DataEnge/spark_airflow/airflow_env/lib/python3.12/site-packages/airflow/example_dags/example_python_operator.py
[2025-10-25T21:55:18.582+0000] {processor.py:914} INFO - Processing file /Users/komidoveneymissiamenou/Documents/Master 1 DIT/DataEnge/spark_airflow/airflow_env/lib/python3.12/site-packages/airflow/example_dags/example_python_operator.py for tasks to queue
[2025-10-25T21:55:18.583+0000] {logging_mixin.py:190} INFO - [2025-10-25T21:55:18.583+0000] {dagbag.py:588} INFO - Filling up the DagBag from /Users/komidoveneymissiamenou/Documents/Master 1 DIT/DataEnge/spark_airflow/airflow_env/lib/python3.12/site-packages/airflow/example_dags/example_python_operator.py
[2025-10-25T21:55:18.597+0000] {logging_mixin.py:190} INFO - [2025-10-25T21:55:18.597+0000] {example_python_operator.py:93} WARNING - The virtalenv_python example task requires virtualenv, please install it.
[2025-10-25T21:55:18.599+0000] {processor.py:925} INFO - DAG(s) 'example_python_operator' retrieved from /Users/komidoveneymissiamenou/Documents/Master 1 DIT/DataEnge/spark_airflow/airflow_env/lib/python3.12/site-packages/airflow/example_dags/example_python_operator.py
[2025-10-25T21:55:18.647+0000] {logging_mixin.py:190} INFO - [2025-10-25T21:55:18.647+0000] {dag.py:3239} INFO - Sync 1 DAGs
[2025-10-25T21:55:18.653+0000] {logging_mixin.py:190} INFO - [2025-10-25T21:55:18.653+0000] {dag.py:4180} INFO - Setting next_dagrun for example_python_operator to None, run_after=None
[2025-10-25T21:55:18.662+0000] {processor.py:208} INFO - Processing /Users/komidoveneymissiamenou/Documents/Master 1 DIT/DataEnge/spark_airflow/airflow_env/lib/python3.12/site-packages/airflow/example_dags/example_python_operator.py took 0.082 seconds
[2025-10-25T21:57:21.549+0000] {processor.py:186} INFO - Started process (PID=50722) to work on /Users/komidoveneymissiamenou/Documents/Master 1 DIT/DataEnge/spark_airflow/airflow_env/lib/python3.12/site-packages/airflow/example_dags/example_python_operator.py
[2025-10-25T21:57:21.549+0000] {processor.py:914} INFO - Processing file /Users/komidoveneymissiamenou/Documents/Master 1 DIT/DataEnge/spark_airflow/airflow_env/lib/python3.12/site-packages/airflow/example_dags/example_python_operator.py for tasks to queue
[2025-10-25T21:57:21.550+0000] {logging_mixin.py:190} INFO - [2025-10-25T21:57:21.550+0000] {dagbag.py:588} INFO - Filling up the DagBag from /Users/komidoveneymissiamenou/Documents/Master 1 DIT/DataEnge/spark_airflow/airflow_env/lib/python3.12/site-packages/airflow/example_dags/example_python_operator.py
[2025-10-25T21:57:21.561+0000] {logging_mixin.py:190} INFO - [2025-10-25T21:57:21.561+0000] {example_python_operator.py:93} WARNING - The virtalenv_python example task requires virtualenv, please install it.
[2025-10-25T21:57:21.564+0000] {processor.py:925} INFO - DAG(s) 'example_python_operator' retrieved from /Users/komidoveneymissiamenou/Documents/Master 1 DIT/DataEnge/spark_airflow/airflow_env/lib/python3.12/site-packages/airflow/example_dags/example_python_operator.py
[2025-10-25T21:57:21.602+0000] {logging_mixin.py:190} INFO - [2025-10-25T21:57:21.602+0000] {dag.py:3239} INFO - Sync 1 DAGs
[2025-10-25T21:57:21.606+0000] {logging_mixin.py:190} INFO - [2025-10-25T21:57:21.606+0000] {dag.py:4180} INFO - Setting next_dagrun for example_python_operator to None, run_after=None
[2025-10-25T21:57:21.613+0000] {processor.py:208} INFO - Processing /Users/komidoveneymissiamenou/Documents/Master 1 DIT/DataEnge/spark_airflow/airflow_env/lib/python3.12/site-packages/airflow/example_dags/example_python_operator.py took 0.066 seconds
