[2025-10-25T21:39:20.039+0000] {processor.py:186} INFO - Started process (PID=32513) to work on /Users/komidoveneymissiamenou/Documents/Master 1 DIT/DataEnge/spark_airflow/airflow_env/lib/python3.12/site-packages/airflow/example_dags/example_trigger_target_dag.py
[2025-10-25T21:39:20.042+0000] {processor.py:914} INFO - Processing file /Users/komidoveneymissiamenou/Documents/Master 1 DIT/DataEnge/spark_airflow/airflow_env/lib/python3.12/site-packages/airflow/example_dags/example_trigger_target_dag.py for tasks to queue
[2025-10-25T21:39:20.042+0000] {logging_mixin.py:190} INFO - [2025-10-25T21:39:20.042+0000] {dagbag.py:588} INFO - Filling up the DagBag from /Users/komidoveneymissiamenou/Documents/Master 1 DIT/DataEnge/spark_airflow/airflow_env/lib/python3.12/site-packages/airflow/example_dags/example_trigger_target_dag.py
[2025-10-25T21:39:20.062+0000] {processor.py:925} INFO - DAG(s) 'example_trigger_target_dag' retrieved from /Users/komidoveneymissiamenou/Documents/Master 1 DIT/DataEnge/spark_airflow/airflow_env/lib/python3.12/site-packages/airflow/example_dags/example_trigger_target_dag.py
[2025-10-25T21:39:20.161+0000] {logging_mixin.py:190} INFO - [2025-10-25T21:39:20.161+0000] {override.py:1900} INFO - Created Permission View: can read on DAG:example_trigger_target_dag
[2025-10-25T21:39:20.164+0000] {logging_mixin.py:190} INFO - [2025-10-25T21:39:20.164+0000] {override.py:1900} INFO - Created Permission View: can delete on DAG:example_trigger_target_dag
[2025-10-25T21:39:20.166+0000] {logging_mixin.py:190} INFO - [2025-10-25T21:39:20.166+0000] {override.py:1900} INFO - Created Permission View: can edit on DAG:example_trigger_target_dag
[2025-10-25T21:39:20.169+0000] {logging_mixin.py:190} INFO - [2025-10-25T21:39:20.169+0000] {override.py:1900} INFO - Created Permission View: can create on DAG Run:example_trigger_target_dag
[2025-10-25T21:39:20.171+0000] {logging_mixin.py:190} INFO - [2025-10-25T21:39:20.171+0000] {override.py:1900} INFO - Created Permission View: can read on DAG Run:example_trigger_target_dag
[2025-10-25T21:39:20.173+0000] {logging_mixin.py:190} INFO - [2025-10-25T21:39:20.173+0000] {override.py:1900} INFO - Created Permission View: can delete on DAG Run:example_trigger_target_dag
[2025-10-25T21:39:20.175+0000] {logging_mixin.py:190} INFO - [2025-10-25T21:39:20.175+0000] {override.py:1900} INFO - Created Permission View: menu access on DAG Run:example_trigger_target_dag
[2025-10-25T21:39:20.175+0000] {logging_mixin.py:190} INFO - [2025-10-25T21:39:20.175+0000] {dag.py:3239} INFO - Sync 1 DAGs
[2025-10-25T21:39:20.179+0000] {logging_mixin.py:190} INFO - [2025-10-25T21:39:20.179+0000] {dag.py:3262} INFO - Creating ORM DAG for example_trigger_target_dag
[2025-10-25T21:39:20.180+0000] {logging_mixin.py:190} INFO - [2025-10-25T21:39:20.179+0000] {dag.py:4180} INFO - Setting next_dagrun for example_trigger_target_dag to None, run_after=None
[2025-10-25T21:39:20.185+0000] {processor.py:208} INFO - Processing /Users/komidoveneymissiamenou/Documents/Master 1 DIT/DataEnge/spark_airflow/airflow_env/lib/python3.12/site-packages/airflow/example_dags/example_trigger_target_dag.py took 0.148 seconds
[2025-10-25T21:41:20.914+0000] {processor.py:186} INFO - Started process (PID=33997) to work on /Users/komidoveneymissiamenou/Documents/Master 1 DIT/DataEnge/spark_airflow/airflow_env/lib/python3.12/site-packages/airflow/example_dags/example_trigger_target_dag.py
[2025-10-25T21:41:20.915+0000] {processor.py:914} INFO - Processing file /Users/komidoveneymissiamenou/Documents/Master 1 DIT/DataEnge/spark_airflow/airflow_env/lib/python3.12/site-packages/airflow/example_dags/example_trigger_target_dag.py for tasks to queue
[2025-10-25T21:41:20.915+0000] {logging_mixin.py:190} INFO - [2025-10-25T21:41:20.915+0000] {dagbag.py:588} INFO - Filling up the DagBag from /Users/komidoveneymissiamenou/Documents/Master 1 DIT/DataEnge/spark_airflow/airflow_env/lib/python3.12/site-packages/airflow/example_dags/example_trigger_target_dag.py
[2025-10-25T21:41:20.933+0000] {processor.py:925} INFO - DAG(s) 'example_trigger_target_dag' retrieved from /Users/komidoveneymissiamenou/Documents/Master 1 DIT/DataEnge/spark_airflow/airflow_env/lib/python3.12/site-packages/airflow/example_dags/example_trigger_target_dag.py
[2025-10-25T21:41:20.967+0000] {logging_mixin.py:190} INFO - [2025-10-25T21:41:20.967+0000] {dag.py:3239} INFO - Sync 1 DAGs
[2025-10-25T21:41:20.971+0000] {logging_mixin.py:190} INFO - [2025-10-25T21:41:20.971+0000] {dag.py:4180} INFO - Setting next_dagrun for example_trigger_target_dag to None, run_after=None
[2025-10-25T21:41:20.978+0000] {processor.py:208} INFO - Processing /Users/komidoveneymissiamenou/Documents/Master 1 DIT/DataEnge/spark_airflow/airflow_env/lib/python3.12/site-packages/airflow/example_dags/example_trigger_target_dag.py took 0.065 seconds
[2025-10-25T21:42:39.176+0000] {processor.py:186} INFO - Started process (PID=34953) to work on /Users/komidoveneymissiamenou/Documents/Master 1 DIT/DataEnge/spark_airflow/airflow_env/lib/python3.12/site-packages/airflow/example_dags/example_trigger_target_dag.py
[2025-10-25T21:42:39.178+0000] {processor.py:914} INFO - Processing file /Users/komidoveneymissiamenou/Documents/Master 1 DIT/DataEnge/spark_airflow/airflow_env/lib/python3.12/site-packages/airflow/example_dags/example_trigger_target_dag.py for tasks to queue
[2025-10-25T21:42:39.180+0000] {logging_mixin.py:190} INFO - [2025-10-25T21:42:39.180+0000] {dagbag.py:588} INFO - Filling up the DagBag from /Users/komidoveneymissiamenou/Documents/Master 1 DIT/DataEnge/spark_airflow/airflow_env/lib/python3.12/site-packages/airflow/example_dags/example_trigger_target_dag.py
[2025-10-25T21:42:39.206+0000] {processor.py:925} INFO - DAG(s) 'example_trigger_target_dag' retrieved from /Users/komidoveneymissiamenou/Documents/Master 1 DIT/DataEnge/spark_airflow/airflow_env/lib/python3.12/site-packages/airflow/example_dags/example_trigger_target_dag.py
[2025-10-25T21:42:39.250+0000] {logging_mixin.py:190} INFO - [2025-10-25T21:42:39.250+0000] {dag.py:3239} INFO - Sync 1 DAGs
[2025-10-25T21:42:39.255+0000] {logging_mixin.py:190} INFO - [2025-10-25T21:42:39.255+0000] {dag.py:4180} INFO - Setting next_dagrun for example_trigger_target_dag to None, run_after=None
[2025-10-25T21:42:39.268+0000] {processor.py:208} INFO - Processing /Users/komidoveneymissiamenou/Documents/Master 1 DIT/DataEnge/spark_airflow/airflow_env/lib/python3.12/site-packages/airflow/example_dags/example_trigger_target_dag.py took 0.094 seconds
[2025-10-25T21:43:54.829+0000] {processor.py:186} INFO - Started process (PID=35873) to work on /Users/komidoveneymissiamenou/Documents/Master 1 DIT/DataEnge/spark_airflow/airflow_env/lib/python3.12/site-packages/airflow/example_dags/example_trigger_target_dag.py
[2025-10-25T21:43:54.829+0000] {processor.py:914} INFO - Processing file /Users/komidoveneymissiamenou/Documents/Master 1 DIT/DataEnge/spark_airflow/airflow_env/lib/python3.12/site-packages/airflow/example_dags/example_trigger_target_dag.py for tasks to queue
[2025-10-25T21:43:54.830+0000] {logging_mixin.py:190} INFO - [2025-10-25T21:43:54.829+0000] {dagbag.py:588} INFO - Filling up the DagBag from /Users/komidoveneymissiamenou/Documents/Master 1 DIT/DataEnge/spark_airflow/airflow_env/lib/python3.12/site-packages/airflow/example_dags/example_trigger_target_dag.py
[2025-10-25T21:43:54.845+0000] {processor.py:925} INFO - DAG(s) 'example_trigger_target_dag' retrieved from /Users/komidoveneymissiamenou/Documents/Master 1 DIT/DataEnge/spark_airflow/airflow_env/lib/python3.12/site-packages/airflow/example_dags/example_trigger_target_dag.py
[2025-10-25T21:43:54.880+0000] {logging_mixin.py:190} INFO - [2025-10-25T21:43:54.880+0000] {dag.py:3239} INFO - Sync 1 DAGs
[2025-10-25T21:43:54.884+0000] {logging_mixin.py:190} INFO - [2025-10-25T21:43:54.884+0000] {dag.py:4180} INFO - Setting next_dagrun for example_trigger_target_dag to None, run_after=None
[2025-10-25T21:43:54.891+0000] {processor.py:208} INFO - Processing /Users/komidoveneymissiamenou/Documents/Master 1 DIT/DataEnge/spark_airflow/airflow_env/lib/python3.12/site-packages/airflow/example_dags/example_trigger_target_dag.py took 0.064 seconds
[2025-10-25T21:45:16.597+0000] {processor.py:186} INFO - Started process (PID=36855) to work on /Users/komidoveneymissiamenou/Documents/Master 1 DIT/DataEnge/spark_airflow/airflow_env/lib/python3.12/site-packages/airflow/example_dags/example_trigger_target_dag.py
[2025-10-25T21:45:16.598+0000] {processor.py:914} INFO - Processing file /Users/komidoveneymissiamenou/Documents/Master 1 DIT/DataEnge/spark_airflow/airflow_env/lib/python3.12/site-packages/airflow/example_dags/example_trigger_target_dag.py for tasks to queue
[2025-10-25T21:45:16.598+0000] {logging_mixin.py:190} INFO - [2025-10-25T21:45:16.598+0000] {dagbag.py:588} INFO - Filling up the DagBag from /Users/komidoveneymissiamenou/Documents/Master 1 DIT/DataEnge/spark_airflow/airflow_env/lib/python3.12/site-packages/airflow/example_dags/example_trigger_target_dag.py
[2025-10-25T21:45:16.621+0000] {processor.py:925} INFO - DAG(s) 'example_trigger_target_dag' retrieved from /Users/komidoveneymissiamenou/Documents/Master 1 DIT/DataEnge/spark_airflow/airflow_env/lib/python3.12/site-packages/airflow/example_dags/example_trigger_target_dag.py
[2025-10-25T21:45:16.659+0000] {logging_mixin.py:190} INFO - [2025-10-25T21:45:16.659+0000] {dag.py:3239} INFO - Sync 1 DAGs
[2025-10-25T21:45:16.663+0000] {logging_mixin.py:190} INFO - [2025-10-25T21:45:16.663+0000] {dag.py:4180} INFO - Setting next_dagrun for example_trigger_target_dag to None, run_after=None
[2025-10-25T21:45:16.672+0000] {processor.py:208} INFO - Processing /Users/komidoveneymissiamenou/Documents/Master 1 DIT/DataEnge/spark_airflow/airflow_env/lib/python3.12/site-packages/airflow/example_dags/example_trigger_target_dag.py took 0.077 seconds
[2025-10-25T21:46:51.180+0000] {processor.py:186} INFO - Started process (PID=38494) to work on /Users/komidoveneymissiamenou/Documents/Master 1 DIT/DataEnge/spark_airflow/airflow_env/lib/python3.12/site-packages/airflow/example_dags/example_trigger_target_dag.py
[2025-10-25T21:46:51.181+0000] {processor.py:914} INFO - Processing file /Users/komidoveneymissiamenou/Documents/Master 1 DIT/DataEnge/spark_airflow/airflow_env/lib/python3.12/site-packages/airflow/example_dags/example_trigger_target_dag.py for tasks to queue
[2025-10-25T21:46:51.181+0000] {logging_mixin.py:190} INFO - [2025-10-25T21:46:51.181+0000] {dagbag.py:588} INFO - Filling up the DagBag from /Users/komidoveneymissiamenou/Documents/Master 1 DIT/DataEnge/spark_airflow/airflow_env/lib/python3.12/site-packages/airflow/example_dags/example_trigger_target_dag.py
[2025-10-25T21:46:51.214+0000] {processor.py:925} INFO - DAG(s) 'example_trigger_target_dag' retrieved from /Users/komidoveneymissiamenou/Documents/Master 1 DIT/DataEnge/spark_airflow/airflow_env/lib/python3.12/site-packages/airflow/example_dags/example_trigger_target_dag.py
[2025-10-25T21:46:51.253+0000] {logging_mixin.py:190} INFO - [2025-10-25T21:46:51.253+0000] {dag.py:3239} INFO - Sync 1 DAGs
[2025-10-25T21:46:51.258+0000] {logging_mixin.py:190} INFO - [2025-10-25T21:46:51.258+0000] {dag.py:4180} INFO - Setting next_dagrun for example_trigger_target_dag to None, run_after=None
[2025-10-25T21:46:51.266+0000] {processor.py:208} INFO - Processing /Users/komidoveneymissiamenou/Documents/Master 1 DIT/DataEnge/spark_airflow/airflow_env/lib/python3.12/site-packages/airflow/example_dags/example_trigger_target_dag.py took 0.087 seconds
[2025-10-25T21:48:20.649+0000] {processor.py:186} INFO - Started process (PID=39946) to work on /Users/komidoveneymissiamenou/Documents/Master 1 DIT/DataEnge/spark_airflow/airflow_env/lib/python3.12/site-packages/airflow/example_dags/example_trigger_target_dag.py
[2025-10-25T21:48:20.650+0000] {processor.py:914} INFO - Processing file /Users/komidoveneymissiamenou/Documents/Master 1 DIT/DataEnge/spark_airflow/airflow_env/lib/python3.12/site-packages/airflow/example_dags/example_trigger_target_dag.py for tasks to queue
[2025-10-25T21:48:20.650+0000] {logging_mixin.py:190} INFO - [2025-10-25T21:48:20.650+0000] {dagbag.py:588} INFO - Filling up the DagBag from /Users/komidoveneymissiamenou/Documents/Master 1 DIT/DataEnge/spark_airflow/airflow_env/lib/python3.12/site-packages/airflow/example_dags/example_trigger_target_dag.py
[2025-10-25T21:48:20.668+0000] {processor.py:925} INFO - DAG(s) 'example_trigger_target_dag' retrieved from /Users/komidoveneymissiamenou/Documents/Master 1 DIT/DataEnge/spark_airflow/airflow_env/lib/python3.12/site-packages/airflow/example_dags/example_trigger_target_dag.py
[2025-10-25T21:48:20.704+0000] {logging_mixin.py:190} INFO - [2025-10-25T21:48:20.704+0000] {dag.py:3239} INFO - Sync 1 DAGs
[2025-10-25T21:48:20.708+0000] {logging_mixin.py:190} INFO - [2025-10-25T21:48:20.708+0000] {dag.py:4180} INFO - Setting next_dagrun for example_trigger_target_dag to None, run_after=None
[2025-10-25T21:48:20.715+0000] {processor.py:208} INFO - Processing /Users/komidoveneymissiamenou/Documents/Master 1 DIT/DataEnge/spark_airflow/airflow_env/lib/python3.12/site-packages/airflow/example_dags/example_trigger_target_dag.py took 0.068 seconds
[2025-10-25T21:49:12.332+0000] {processor.py:186} INFO - Started process (PID=42087) to work on /Users/komidoveneymissiamenou/Documents/Master 1 DIT/DataEnge/spark_airflow/airflow_env/lib/python3.12/site-packages/airflow/example_dags/example_trigger_target_dag.py
[2025-10-25T21:49:12.333+0000] {processor.py:914} INFO - Processing file /Users/komidoveneymissiamenou/Documents/Master 1 DIT/DataEnge/spark_airflow/airflow_env/lib/python3.12/site-packages/airflow/example_dags/example_trigger_target_dag.py for tasks to queue
[2025-10-25T21:49:12.333+0000] {logging_mixin.py:190} INFO - [2025-10-25T21:49:12.333+0000] {dagbag.py:588} INFO - Filling up the DagBag from /Users/komidoveneymissiamenou/Documents/Master 1 DIT/DataEnge/spark_airflow/airflow_env/lib/python3.12/site-packages/airflow/example_dags/example_trigger_target_dag.py
[2025-10-25T21:49:12.353+0000] {processor.py:925} INFO - DAG(s) 'example_trigger_target_dag' retrieved from /Users/komidoveneymissiamenou/Documents/Master 1 DIT/DataEnge/spark_airflow/airflow_env/lib/python3.12/site-packages/airflow/example_dags/example_trigger_target_dag.py
[2025-10-25T21:49:12.391+0000] {logging_mixin.py:190} INFO - [2025-10-25T21:49:12.391+0000] {dag.py:3239} INFO - Sync 1 DAGs
[2025-10-25T21:49:12.395+0000] {logging_mixin.py:190} INFO - [2025-10-25T21:49:12.395+0000] {dag.py:4180} INFO - Setting next_dagrun for example_trigger_target_dag to None, run_after=None
[2025-10-25T21:49:12.403+0000] {processor.py:208} INFO - Processing /Users/komidoveneymissiamenou/Documents/Master 1 DIT/DataEnge/spark_airflow/airflow_env/lib/python3.12/site-packages/airflow/example_dags/example_trigger_target_dag.py took 0.073 seconds
[2025-10-25T21:51:18.831+0000] {processor.py:186} INFO - Started process (PID=44314) to work on /Users/komidoveneymissiamenou/Documents/Master 1 DIT/DataEnge/spark_airflow/airflow_env/lib/python3.12/site-packages/airflow/example_dags/example_trigger_target_dag.py
[2025-10-25T21:51:18.832+0000] {processor.py:914} INFO - Processing file /Users/komidoveneymissiamenou/Documents/Master 1 DIT/DataEnge/spark_airflow/airflow_env/lib/python3.12/site-packages/airflow/example_dags/example_trigger_target_dag.py for tasks to queue
[2025-10-25T21:51:18.832+0000] {logging_mixin.py:190} INFO - [2025-10-25T21:51:18.832+0000] {dagbag.py:588} INFO - Filling up the DagBag from /Users/komidoveneymissiamenou/Documents/Master 1 DIT/DataEnge/spark_airflow/airflow_env/lib/python3.12/site-packages/airflow/example_dags/example_trigger_target_dag.py
[2025-10-25T21:51:18.872+0000] {processor.py:925} INFO - DAG(s) 'example_trigger_target_dag' retrieved from /Users/komidoveneymissiamenou/Documents/Master 1 DIT/DataEnge/spark_airflow/airflow_env/lib/python3.12/site-packages/airflow/example_dags/example_trigger_target_dag.py
[2025-10-25T21:51:18.915+0000] {logging_mixin.py:190} INFO - [2025-10-25T21:51:18.914+0000] {dag.py:3239} INFO - Sync 1 DAGs
[2025-10-25T21:51:18.919+0000] {logging_mixin.py:190} INFO - [2025-10-25T21:51:18.919+0000] {dag.py:4180} INFO - Setting next_dagrun for example_trigger_target_dag to None, run_after=None
[2025-10-25T21:51:18.931+0000] {processor.py:208} INFO - Processing /Users/komidoveneymissiamenou/Documents/Master 1 DIT/DataEnge/spark_airflow/airflow_env/lib/python3.12/site-packages/airflow/example_dags/example_trigger_target_dag.py took 0.101 seconds
[2025-10-25T21:52:44.306+0000] {processor.py:186} INFO - Started process (PID=46139) to work on /Users/komidoveneymissiamenou/Documents/Master 1 DIT/DataEnge/spark_airflow/airflow_env/lib/python3.12/site-packages/airflow/example_dags/example_trigger_target_dag.py
[2025-10-25T21:52:44.308+0000] {processor.py:914} INFO - Processing file /Users/komidoveneymissiamenou/Documents/Master 1 DIT/DataEnge/spark_airflow/airflow_env/lib/python3.12/site-packages/airflow/example_dags/example_trigger_target_dag.py for tasks to queue
[2025-10-25T21:52:44.309+0000] {logging_mixin.py:190} INFO - [2025-10-25T21:52:44.309+0000] {dagbag.py:588} INFO - Filling up the DagBag from /Users/komidoveneymissiamenou/Documents/Master 1 DIT/DataEnge/spark_airflow/airflow_env/lib/python3.12/site-packages/airflow/example_dags/example_trigger_target_dag.py
[2025-10-25T21:52:44.330+0000] {processor.py:925} INFO - DAG(s) 'example_trigger_target_dag' retrieved from /Users/komidoveneymissiamenou/Documents/Master 1 DIT/DataEnge/spark_airflow/airflow_env/lib/python3.12/site-packages/airflow/example_dags/example_trigger_target_dag.py
[2025-10-25T21:52:44.368+0000] {logging_mixin.py:190} INFO - [2025-10-25T21:52:44.368+0000] {dag.py:3239} INFO - Sync 1 DAGs
[2025-10-25T21:52:44.372+0000] {logging_mixin.py:190} INFO - [2025-10-25T21:52:44.372+0000] {dag.py:4180} INFO - Setting next_dagrun for example_trigger_target_dag to None, run_after=None
[2025-10-25T21:52:44.379+0000] {processor.py:208} INFO - Processing /Users/komidoveneymissiamenou/Documents/Master 1 DIT/DataEnge/spark_airflow/airflow_env/lib/python3.12/site-packages/airflow/example_dags/example_trigger_target_dag.py took 0.076 seconds
[2025-10-25T21:54:44.643+0000] {processor.py:186} INFO - Started process (PID=48855) to work on /Users/komidoveneymissiamenou/Documents/Master 1 DIT/DataEnge/spark_airflow/airflow_env/lib/python3.12/site-packages/airflow/example_dags/example_trigger_target_dag.py
[2025-10-25T21:54:44.644+0000] {processor.py:914} INFO - Processing file /Users/komidoveneymissiamenou/Documents/Master 1 DIT/DataEnge/spark_airflow/airflow_env/lib/python3.12/site-packages/airflow/example_dags/example_trigger_target_dag.py for tasks to queue
[2025-10-25T21:54:44.645+0000] {logging_mixin.py:190} INFO - [2025-10-25T21:54:44.645+0000] {dagbag.py:588} INFO - Filling up the DagBag from /Users/komidoveneymissiamenou/Documents/Master 1 DIT/DataEnge/spark_airflow/airflow_env/lib/python3.12/site-packages/airflow/example_dags/example_trigger_target_dag.py
[2025-10-25T21:54:44.667+0000] {processor.py:925} INFO - DAG(s) 'example_trigger_target_dag' retrieved from /Users/komidoveneymissiamenou/Documents/Master 1 DIT/DataEnge/spark_airflow/airflow_env/lib/python3.12/site-packages/airflow/example_dags/example_trigger_target_dag.py
[2025-10-25T21:54:44.703+0000] {logging_mixin.py:190} INFO - [2025-10-25T21:54:44.703+0000] {dag.py:3239} INFO - Sync 1 DAGs
[2025-10-25T21:54:44.708+0000] {logging_mixin.py:190} INFO - [2025-10-25T21:54:44.708+0000] {dag.py:4180} INFO - Setting next_dagrun for example_trigger_target_dag to None, run_after=None
[2025-10-25T21:54:44.716+0000] {processor.py:208} INFO - Processing /Users/komidoveneymissiamenou/Documents/Master 1 DIT/DataEnge/spark_airflow/airflow_env/lib/python3.12/site-packages/airflow/example_dags/example_trigger_target_dag.py took 0.075 seconds
[2025-10-25T21:56:56.416+0000] {processor.py:186} INFO - Started process (PID=50412) to work on /Users/komidoveneymissiamenou/Documents/Master 1 DIT/DataEnge/spark_airflow/airflow_env/lib/python3.12/site-packages/airflow/example_dags/example_trigger_target_dag.py
[2025-10-25T21:56:56.417+0000] {processor.py:914} INFO - Processing file /Users/komidoveneymissiamenou/Documents/Master 1 DIT/DataEnge/spark_airflow/airflow_env/lib/python3.12/site-packages/airflow/example_dags/example_trigger_target_dag.py for tasks to queue
[2025-10-25T21:56:56.417+0000] {logging_mixin.py:190} INFO - [2025-10-25T21:56:56.417+0000] {dagbag.py:588} INFO - Filling up the DagBag from /Users/komidoveneymissiamenou/Documents/Master 1 DIT/DataEnge/spark_airflow/airflow_env/lib/python3.12/site-packages/airflow/example_dags/example_trigger_target_dag.py
[2025-10-25T21:56:56.440+0000] {processor.py:925} INFO - DAG(s) 'example_trigger_target_dag' retrieved from /Users/komidoveneymissiamenou/Documents/Master 1 DIT/DataEnge/spark_airflow/airflow_env/lib/python3.12/site-packages/airflow/example_dags/example_trigger_target_dag.py
[2025-10-25T21:56:56.473+0000] {logging_mixin.py:190} INFO - [2025-10-25T21:56:56.473+0000] {dag.py:3239} INFO - Sync 1 DAGs
[2025-10-25T21:56:56.477+0000] {logging_mixin.py:190} INFO - [2025-10-25T21:56:56.477+0000] {dag.py:4180} INFO - Setting next_dagrun for example_trigger_target_dag to None, run_after=None
[2025-10-25T21:56:56.484+0000] {processor.py:208} INFO - Processing /Users/komidoveneymissiamenou/Documents/Master 1 DIT/DataEnge/spark_airflow/airflow_env/lib/python3.12/site-packages/airflow/example_dags/example_trigger_target_dag.py took 0.070 seconds
[2025-10-25T21:58:18.880+0000] {processor.py:186} INFO - Started process (PID=51399) to work on /Users/komidoveneymissiamenou/Documents/Master 1 DIT/DataEnge/spark_airflow/airflow_env/lib/python3.12/site-packages/airflow/example_dags/example_trigger_target_dag.py
[2025-10-25T21:58:18.881+0000] {processor.py:914} INFO - Processing file /Users/komidoveneymissiamenou/Documents/Master 1 DIT/DataEnge/spark_airflow/airflow_env/lib/python3.12/site-packages/airflow/example_dags/example_trigger_target_dag.py for tasks to queue
[2025-10-25T21:58:18.882+0000] {logging_mixin.py:190} INFO - [2025-10-25T21:58:18.881+0000] {dagbag.py:588} INFO - Filling up the DagBag from /Users/komidoveneymissiamenou/Documents/Master 1 DIT/DataEnge/spark_airflow/airflow_env/lib/python3.12/site-packages/airflow/example_dags/example_trigger_target_dag.py
[2025-10-25T21:58:18.909+0000] {processor.py:925} INFO - DAG(s) 'example_trigger_target_dag' retrieved from /Users/komidoveneymissiamenou/Documents/Master 1 DIT/DataEnge/spark_airflow/airflow_env/lib/python3.12/site-packages/airflow/example_dags/example_trigger_target_dag.py
[2025-10-25T21:58:18.946+0000] {logging_mixin.py:190} INFO - [2025-10-25T21:58:18.945+0000] {dag.py:3239} INFO - Sync 1 DAGs
[2025-10-25T21:58:18.950+0000] {logging_mixin.py:190} INFO - [2025-10-25T21:58:18.949+0000] {dag.py:4180} INFO - Setting next_dagrun for example_trigger_target_dag to None, run_after=None
[2025-10-25T21:58:18.956+0000] {processor.py:208} INFO - Processing /Users/komidoveneymissiamenou/Documents/Master 1 DIT/DataEnge/spark_airflow/airflow_env/lib/python3.12/site-packages/airflow/example_dags/example_trigger_target_dag.py took 0.078 seconds
[2025-10-25T21:59:47.741+0000] {processor.py:186} INFO - Started process (PID=52426) to work on /Users/komidoveneymissiamenou/Documents/Master 1 DIT/DataEnge/spark_airflow/airflow_env/lib/python3.12/site-packages/airflow/example_dags/example_trigger_target_dag.py
[2025-10-25T21:59:47.742+0000] {processor.py:914} INFO - Processing file /Users/komidoveneymissiamenou/Documents/Master 1 DIT/DataEnge/spark_airflow/airflow_env/lib/python3.12/site-packages/airflow/example_dags/example_trigger_target_dag.py for tasks to queue
[2025-10-25T21:59:47.743+0000] {logging_mixin.py:190} INFO - [2025-10-25T21:59:47.743+0000] {dagbag.py:588} INFO - Filling up the DagBag from /Users/komidoveneymissiamenou/Documents/Master 1 DIT/DataEnge/spark_airflow/airflow_env/lib/python3.12/site-packages/airflow/example_dags/example_trigger_target_dag.py
[2025-10-25T21:59:47.771+0000] {processor.py:925} INFO - DAG(s) 'example_trigger_target_dag' retrieved from /Users/komidoveneymissiamenou/Documents/Master 1 DIT/DataEnge/spark_airflow/airflow_env/lib/python3.12/site-packages/airflow/example_dags/example_trigger_target_dag.py
[2025-10-25T21:59:47.808+0000] {logging_mixin.py:190} INFO - [2025-10-25T21:59:47.808+0000] {dag.py:3239} INFO - Sync 1 DAGs
[2025-10-25T21:59:47.812+0000] {logging_mixin.py:190} INFO - [2025-10-25T21:59:47.812+0000] {dag.py:4180} INFO - Setting next_dagrun for example_trigger_target_dag to None, run_after=None
[2025-10-25T21:59:47.818+0000] {processor.py:208} INFO - Processing /Users/komidoveneymissiamenou/Documents/Master 1 DIT/DataEnge/spark_airflow/airflow_env/lib/python3.12/site-packages/airflow/example_dags/example_trigger_target_dag.py took 0.082 seconds
