[2025-10-25T21:39:21.952+0000] {processor.py:186} INFO - Started process (PID=32533) to work on /Users/komidoveneymissiamenou/Documents/Master 1 DIT/DataEnge/spark_airflow/airflow_env/lib/python3.12/site-packages/airflow/example_dags/example_trigger_controller_dag.py
[2025-10-25T21:39:21.953+0000] {processor.py:914} INFO - Processing file /Users/komidoveneymissiamenou/Documents/Master 1 DIT/DataEnge/spark_airflow/airflow_env/lib/python3.12/site-packages/airflow/example_dags/example_trigger_controller_dag.py for tasks to queue
[2025-10-25T21:39:21.954+0000] {logging_mixin.py:190} INFO - [2025-10-25T21:39:21.954+0000] {dagbag.py:588} INFO - Filling up the DagBag from /Users/komidoveneymissiamenou/Documents/Master 1 DIT/DataEnge/spark_airflow/airflow_env/lib/python3.12/site-packages/airflow/example_dags/example_trigger_controller_dag.py
[2025-10-25T21:39:21.961+0000] {processor.py:925} INFO - DAG(s) 'example_trigger_controller_dag' retrieved from /Users/komidoveneymissiamenou/Documents/Master 1 DIT/DataEnge/spark_airflow/airflow_env/lib/python3.12/site-packages/airflow/example_dags/example_trigger_controller_dag.py
[2025-10-25T21:39:22.038+0000] {logging_mixin.py:190} INFO - [2025-10-25T21:39:22.038+0000] {override.py:1900} INFO - Created Permission View: can edit on DAG:example_trigger_controller_dag
[2025-10-25T21:39:22.041+0000] {logging_mixin.py:190} INFO - [2025-10-25T21:39:22.041+0000] {override.py:1900} INFO - Created Permission View: can read on DAG:example_trigger_controller_dag
[2025-10-25T21:39:22.044+0000] {logging_mixin.py:190} INFO - [2025-10-25T21:39:22.043+0000] {override.py:1900} INFO - Created Permission View: can delete on DAG:example_trigger_controller_dag
[2025-10-25T21:39:22.047+0000] {logging_mixin.py:190} INFO - [2025-10-25T21:39:22.047+0000] {override.py:1900} INFO - Created Permission View: can read on DAG Run:example_trigger_controller_dag
[2025-10-25T21:39:22.050+0000] {logging_mixin.py:190} INFO - [2025-10-25T21:39:22.050+0000] {override.py:1900} INFO - Created Permission View: can create on DAG Run:example_trigger_controller_dag
[2025-10-25T21:39:22.052+0000] {logging_mixin.py:190} INFO - [2025-10-25T21:39:22.052+0000] {override.py:1900} INFO - Created Permission View: menu access on DAG Run:example_trigger_controller_dag
[2025-10-25T21:39:22.054+0000] {logging_mixin.py:190} INFO - [2025-10-25T21:39:22.054+0000] {override.py:1900} INFO - Created Permission View: can delete on DAG Run:example_trigger_controller_dag
[2025-10-25T21:39:22.055+0000] {logging_mixin.py:190} INFO - [2025-10-25T21:39:22.054+0000] {dag.py:3239} INFO - Sync 1 DAGs
[2025-10-25T21:39:22.091+0000] {logging_mixin.py:190} INFO - [2025-10-25T21:39:22.091+0000] {dag.py:3262} INFO - Creating ORM DAG for example_trigger_controller_dag
[2025-10-25T21:39:22.094+0000] {logging_mixin.py:190} INFO - [2025-10-25T21:39:22.094+0000] {dag.py:4180} INFO - Setting next_dagrun for example_trigger_controller_dag to 2021-01-01 00:00:00+00:00, run_after=2021-01-01 00:00:00+00:00
[2025-10-25T21:39:22.101+0000] {processor.py:208} INFO - Processing /Users/komidoveneymissiamenou/Documents/Master 1 DIT/DataEnge/spark_airflow/airflow_env/lib/python3.12/site-packages/airflow/example_dags/example_trigger_controller_dag.py took 0.151 seconds
[2025-10-25T21:41:21.931+0000] {processor.py:186} INFO - Started process (PID=34010) to work on /Users/komidoveneymissiamenou/Documents/Master 1 DIT/DataEnge/spark_airflow/airflow_env/lib/python3.12/site-packages/airflow/example_dags/example_trigger_controller_dag.py
[2025-10-25T21:41:21.931+0000] {processor.py:914} INFO - Processing file /Users/komidoveneymissiamenou/Documents/Master 1 DIT/DataEnge/spark_airflow/airflow_env/lib/python3.12/site-packages/airflow/example_dags/example_trigger_controller_dag.py for tasks to queue
[2025-10-25T21:41:21.932+0000] {logging_mixin.py:190} INFO - [2025-10-25T21:41:21.932+0000] {dagbag.py:588} INFO - Filling up the DagBag from /Users/komidoveneymissiamenou/Documents/Master 1 DIT/DataEnge/spark_airflow/airflow_env/lib/python3.12/site-packages/airflow/example_dags/example_trigger_controller_dag.py
[2025-10-25T21:41:21.936+0000] {processor.py:925} INFO - DAG(s) 'example_trigger_controller_dag' retrieved from /Users/komidoveneymissiamenou/Documents/Master 1 DIT/DataEnge/spark_airflow/airflow_env/lib/python3.12/site-packages/airflow/example_dags/example_trigger_controller_dag.py
[2025-10-25T21:41:21.971+0000] {logging_mixin.py:190} INFO - [2025-10-25T21:41:21.971+0000] {dag.py:3239} INFO - Sync 1 DAGs
[2025-10-25T21:41:21.977+0000] {logging_mixin.py:190} INFO - [2025-10-25T21:41:21.977+0000] {dag.py:4180} INFO - Setting next_dagrun for example_trigger_controller_dag to 2021-01-01 00:00:00+00:00, run_after=2021-01-01 00:00:00+00:00
[2025-10-25T21:41:21.984+0000] {processor.py:208} INFO - Processing /Users/komidoveneymissiamenou/Documents/Master 1 DIT/DataEnge/spark_airflow/airflow_env/lib/python3.12/site-packages/airflow/example_dags/example_trigger_controller_dag.py took 0.055 seconds
[2025-10-25T21:42:41.306+0000] {processor.py:186} INFO - Started process (PID=34979) to work on /Users/komidoveneymissiamenou/Documents/Master 1 DIT/DataEnge/spark_airflow/airflow_env/lib/python3.12/site-packages/airflow/example_dags/example_trigger_controller_dag.py
[2025-10-25T21:42:41.307+0000] {processor.py:914} INFO - Processing file /Users/komidoveneymissiamenou/Documents/Master 1 DIT/DataEnge/spark_airflow/airflow_env/lib/python3.12/site-packages/airflow/example_dags/example_trigger_controller_dag.py for tasks to queue
[2025-10-25T21:42:41.307+0000] {logging_mixin.py:190} INFO - [2025-10-25T21:42:41.307+0000] {dagbag.py:588} INFO - Filling up the DagBag from /Users/komidoveneymissiamenou/Documents/Master 1 DIT/DataEnge/spark_airflow/airflow_env/lib/python3.12/site-packages/airflow/example_dags/example_trigger_controller_dag.py
[2025-10-25T21:42:41.314+0000] {processor.py:925} INFO - DAG(s) 'example_trigger_controller_dag' retrieved from /Users/komidoveneymissiamenou/Documents/Master 1 DIT/DataEnge/spark_airflow/airflow_env/lib/python3.12/site-packages/airflow/example_dags/example_trigger_controller_dag.py
[2025-10-25T21:42:41.356+0000] {logging_mixin.py:190} INFO - [2025-10-25T21:42:41.356+0000] {dag.py:3239} INFO - Sync 1 DAGs
[2025-10-25T21:42:41.363+0000] {logging_mixin.py:190} INFO - [2025-10-25T21:42:41.363+0000] {dag.py:4180} INFO - Setting next_dagrun for example_trigger_controller_dag to 2021-01-01 00:00:00+00:00, run_after=2021-01-01 00:00:00+00:00
[2025-10-25T21:42:41.371+0000] {processor.py:208} INFO - Processing /Users/komidoveneymissiamenou/Documents/Master 1 DIT/DataEnge/spark_airflow/airflow_env/lib/python3.12/site-packages/airflow/example_dags/example_trigger_controller_dag.py took 0.067 seconds
[2025-10-25T21:43:56.765+0000] {processor.py:186} INFO - Started process (PID=35892) to work on /Users/komidoveneymissiamenou/Documents/Master 1 DIT/DataEnge/spark_airflow/airflow_env/lib/python3.12/site-packages/airflow/example_dags/example_trigger_controller_dag.py
[2025-10-25T21:43:56.766+0000] {processor.py:914} INFO - Processing file /Users/komidoveneymissiamenou/Documents/Master 1 DIT/DataEnge/spark_airflow/airflow_env/lib/python3.12/site-packages/airflow/example_dags/example_trigger_controller_dag.py for tasks to queue
[2025-10-25T21:43:56.766+0000] {logging_mixin.py:190} INFO - [2025-10-25T21:43:56.766+0000] {dagbag.py:588} INFO - Filling up the DagBag from /Users/komidoveneymissiamenou/Documents/Master 1 DIT/DataEnge/spark_airflow/airflow_env/lib/python3.12/site-packages/airflow/example_dags/example_trigger_controller_dag.py
[2025-10-25T21:43:56.771+0000] {processor.py:925} INFO - DAG(s) 'example_trigger_controller_dag' retrieved from /Users/komidoveneymissiamenou/Documents/Master 1 DIT/DataEnge/spark_airflow/airflow_env/lib/python3.12/site-packages/airflow/example_dags/example_trigger_controller_dag.py
[2025-10-25T21:43:56.806+0000] {logging_mixin.py:190} INFO - [2025-10-25T21:43:56.806+0000] {dag.py:3239} INFO - Sync 1 DAGs
[2025-10-25T21:43:56.812+0000] {logging_mixin.py:190} INFO - [2025-10-25T21:43:56.812+0000] {dag.py:4180} INFO - Setting next_dagrun for example_trigger_controller_dag to 2021-01-01 00:00:00+00:00, run_after=2021-01-01 00:00:00+00:00
[2025-10-25T21:43:56.820+0000] {processor.py:208} INFO - Processing /Users/komidoveneymissiamenou/Documents/Master 1 DIT/DataEnge/spark_airflow/airflow_env/lib/python3.12/site-packages/airflow/example_dags/example_trigger_controller_dag.py took 0.056 seconds
[2025-10-25T21:45:18.611+0000] {processor.py:186} INFO - Started process (PID=36877) to work on /Users/komidoveneymissiamenou/Documents/Master 1 DIT/DataEnge/spark_airflow/airflow_env/lib/python3.12/site-packages/airflow/example_dags/example_trigger_controller_dag.py
[2025-10-25T21:45:18.612+0000] {processor.py:914} INFO - Processing file /Users/komidoveneymissiamenou/Documents/Master 1 DIT/DataEnge/spark_airflow/airflow_env/lib/python3.12/site-packages/airflow/example_dags/example_trigger_controller_dag.py for tasks to queue
[2025-10-25T21:45:18.612+0000] {logging_mixin.py:190} INFO - [2025-10-25T21:45:18.612+0000] {dagbag.py:588} INFO - Filling up the DagBag from /Users/komidoveneymissiamenou/Documents/Master 1 DIT/DataEnge/spark_airflow/airflow_env/lib/python3.12/site-packages/airflow/example_dags/example_trigger_controller_dag.py
[2025-10-25T21:45:18.617+0000] {processor.py:925} INFO - DAG(s) 'example_trigger_controller_dag' retrieved from /Users/komidoveneymissiamenou/Documents/Master 1 DIT/DataEnge/spark_airflow/airflow_env/lib/python3.12/site-packages/airflow/example_dags/example_trigger_controller_dag.py
[2025-10-25T21:45:18.652+0000] {logging_mixin.py:190} INFO - [2025-10-25T21:45:18.651+0000] {dag.py:3239} INFO - Sync 1 DAGs
[2025-10-25T21:45:18.657+0000] {logging_mixin.py:190} INFO - [2025-10-25T21:45:18.657+0000] {dag.py:4180} INFO - Setting next_dagrun for example_trigger_controller_dag to 2021-01-01 00:00:00+00:00, run_after=2021-01-01 00:00:00+00:00
[2025-10-25T21:45:18.665+0000] {processor.py:208} INFO - Processing /Users/komidoveneymissiamenou/Documents/Master 1 DIT/DataEnge/spark_airflow/airflow_env/lib/python3.12/site-packages/airflow/example_dags/example_trigger_controller_dag.py took 0.056 seconds
[2025-10-25T21:46:52.790+0000] {processor.py:186} INFO - Started process (PID=38513) to work on /Users/komidoveneymissiamenou/Documents/Master 1 DIT/DataEnge/spark_airflow/airflow_env/lib/python3.12/site-packages/airflow/example_dags/example_trigger_controller_dag.py
[2025-10-25T21:46:52.793+0000] {processor.py:914} INFO - Processing file /Users/komidoveneymissiamenou/Documents/Master 1 DIT/DataEnge/spark_airflow/airflow_env/lib/python3.12/site-packages/airflow/example_dags/example_trigger_controller_dag.py for tasks to queue
[2025-10-25T21:46:52.794+0000] {logging_mixin.py:190} INFO - [2025-10-25T21:46:52.794+0000] {dagbag.py:588} INFO - Filling up the DagBag from /Users/komidoveneymissiamenou/Documents/Master 1 DIT/DataEnge/spark_airflow/airflow_env/lib/python3.12/site-packages/airflow/example_dags/example_trigger_controller_dag.py
[2025-10-25T21:46:52.805+0000] {processor.py:925} INFO - DAG(s) 'example_trigger_controller_dag' retrieved from /Users/komidoveneymissiamenou/Documents/Master 1 DIT/DataEnge/spark_airflow/airflow_env/lib/python3.12/site-packages/airflow/example_dags/example_trigger_controller_dag.py
[2025-10-25T21:46:52.849+0000] {logging_mixin.py:190} INFO - [2025-10-25T21:46:52.849+0000] {dag.py:3239} INFO - Sync 1 DAGs
[2025-10-25T21:46:52.857+0000] {logging_mixin.py:190} INFO - [2025-10-25T21:46:52.857+0000] {dag.py:4180} INFO - Setting next_dagrun for example_trigger_controller_dag to 2021-01-01 00:00:00+00:00, run_after=2021-01-01 00:00:00+00:00
[2025-10-25T21:46:52.875+0000] {processor.py:208} INFO - Processing /Users/komidoveneymissiamenou/Documents/Master 1 DIT/DataEnge/spark_airflow/airflow_env/lib/python3.12/site-packages/airflow/example_dags/example_trigger_controller_dag.py took 0.086 seconds
[2025-10-25T21:49:14.068+0000] {processor.py:186} INFO - Started process (PID=42107) to work on /Users/komidoveneymissiamenou/Documents/Master 1 DIT/DataEnge/spark_airflow/airflow_env/lib/python3.12/site-packages/airflow/example_dags/example_trigger_controller_dag.py
[2025-10-25T21:49:14.069+0000] {processor.py:914} INFO - Processing file /Users/komidoveneymissiamenou/Documents/Master 1 DIT/DataEnge/spark_airflow/airflow_env/lib/python3.12/site-packages/airflow/example_dags/example_trigger_controller_dag.py for tasks to queue
[2025-10-25T21:49:14.069+0000] {logging_mixin.py:190} INFO - [2025-10-25T21:49:14.069+0000] {dagbag.py:588} INFO - Filling up the DagBag from /Users/komidoveneymissiamenou/Documents/Master 1 DIT/DataEnge/spark_airflow/airflow_env/lib/python3.12/site-packages/airflow/example_dags/example_trigger_controller_dag.py
[2025-10-25T21:49:14.075+0000] {processor.py:925} INFO - DAG(s) 'example_trigger_controller_dag' retrieved from /Users/komidoveneymissiamenou/Documents/Master 1 DIT/DataEnge/spark_airflow/airflow_env/lib/python3.12/site-packages/airflow/example_dags/example_trigger_controller_dag.py
[2025-10-25T21:49:14.115+0000] {logging_mixin.py:190} INFO - [2025-10-25T21:49:14.115+0000] {dag.py:3239} INFO - Sync 1 DAGs
[2025-10-25T21:49:14.121+0000] {logging_mixin.py:190} INFO - [2025-10-25T21:49:14.121+0000] {dag.py:4180} INFO - Setting next_dagrun for example_trigger_controller_dag to 2021-01-01 00:00:00+00:00, run_after=2021-01-01 00:00:00+00:00
[2025-10-25T21:49:14.129+0000] {processor.py:208} INFO - Processing /Users/komidoveneymissiamenou/Documents/Master 1 DIT/DataEnge/spark_airflow/airflow_env/lib/python3.12/site-packages/airflow/example_dags/example_trigger_controller_dag.py took 0.062 seconds
[2025-10-25T21:51:20.926+0000] {processor.py:186} INFO - Started process (PID=44340) to work on /Users/komidoveneymissiamenou/Documents/Master 1 DIT/DataEnge/spark_airflow/airflow_env/lib/python3.12/site-packages/airflow/example_dags/example_trigger_controller_dag.py
[2025-10-25T21:51:20.926+0000] {processor.py:914} INFO - Processing file /Users/komidoveneymissiamenou/Documents/Master 1 DIT/DataEnge/spark_airflow/airflow_env/lib/python3.12/site-packages/airflow/example_dags/example_trigger_controller_dag.py for tasks to queue
[2025-10-25T21:51:20.927+0000] {logging_mixin.py:190} INFO - [2025-10-25T21:51:20.927+0000] {dagbag.py:588} INFO - Filling up the DagBag from /Users/komidoveneymissiamenou/Documents/Master 1 DIT/DataEnge/spark_airflow/airflow_env/lib/python3.12/site-packages/airflow/example_dags/example_trigger_controller_dag.py
[2025-10-25T21:51:20.932+0000] {processor.py:925} INFO - DAG(s) 'example_trigger_controller_dag' retrieved from /Users/komidoveneymissiamenou/Documents/Master 1 DIT/DataEnge/spark_airflow/airflow_env/lib/python3.12/site-packages/airflow/example_dags/example_trigger_controller_dag.py
[2025-10-25T21:51:20.973+0000] {logging_mixin.py:190} INFO - [2025-10-25T21:51:20.973+0000] {dag.py:3239} INFO - Sync 1 DAGs
[2025-10-25T21:51:20.979+0000] {logging_mixin.py:190} INFO - [2025-10-25T21:51:20.979+0000] {dag.py:4180} INFO - Setting next_dagrun for example_trigger_controller_dag to 2021-01-01 00:00:00+00:00, run_after=2021-01-01 00:00:00+00:00
[2025-10-25T21:51:20.987+0000] {processor.py:208} INFO - Processing /Users/komidoveneymissiamenou/Documents/Master 1 DIT/DataEnge/spark_airflow/airflow_env/lib/python3.12/site-packages/airflow/example_dags/example_trigger_controller_dag.py took 0.062 seconds
[2025-10-25T21:52:46.027+0000] {processor.py:186} INFO - Started process (PID=46205) to work on /Users/komidoveneymissiamenou/Documents/Master 1 DIT/DataEnge/spark_airflow/airflow_env/lib/python3.12/site-packages/airflow/example_dags/example_trigger_controller_dag.py
[2025-10-25T21:52:46.029+0000] {processor.py:914} INFO - Processing file /Users/komidoveneymissiamenou/Documents/Master 1 DIT/DataEnge/spark_airflow/airflow_env/lib/python3.12/site-packages/airflow/example_dags/example_trigger_controller_dag.py for tasks to queue
[2025-10-25T21:52:46.029+0000] {logging_mixin.py:190} INFO - [2025-10-25T21:52:46.029+0000] {dagbag.py:588} INFO - Filling up the DagBag from /Users/komidoveneymissiamenou/Documents/Master 1 DIT/DataEnge/spark_airflow/airflow_env/lib/python3.12/site-packages/airflow/example_dags/example_trigger_controller_dag.py
[2025-10-25T21:52:46.038+0000] {processor.py:925} INFO - DAG(s) 'example_trigger_controller_dag' retrieved from /Users/komidoveneymissiamenou/Documents/Master 1 DIT/DataEnge/spark_airflow/airflow_env/lib/python3.12/site-packages/airflow/example_dags/example_trigger_controller_dag.py
[2025-10-25T21:52:46.082+0000] {logging_mixin.py:190} INFO - [2025-10-25T21:52:46.082+0000] {dag.py:3239} INFO - Sync 1 DAGs
[2025-10-25T21:52:46.089+0000] {logging_mixin.py:190} INFO - [2025-10-25T21:52:46.089+0000] {dag.py:4180} INFO - Setting next_dagrun for example_trigger_controller_dag to 2021-01-01 00:00:00+00:00, run_after=2021-01-01 00:00:00+00:00
[2025-10-25T21:52:46.102+0000] {processor.py:208} INFO - Processing /Users/komidoveneymissiamenou/Documents/Master 1 DIT/DataEnge/spark_airflow/airflow_env/lib/python3.12/site-packages/airflow/example_dags/example_trigger_controller_dag.py took 0.076 seconds
[2025-10-25T21:54:45.815+0000] {processor.py:186} INFO - Started process (PID=48876) to work on /Users/komidoveneymissiamenou/Documents/Master 1 DIT/DataEnge/spark_airflow/airflow_env/lib/python3.12/site-packages/airflow/example_dags/example_trigger_controller_dag.py
[2025-10-25T21:54:45.816+0000] {processor.py:914} INFO - Processing file /Users/komidoveneymissiamenou/Documents/Master 1 DIT/DataEnge/spark_airflow/airflow_env/lib/python3.12/site-packages/airflow/example_dags/example_trigger_controller_dag.py for tasks to queue
[2025-10-25T21:54:45.816+0000] {logging_mixin.py:190} INFO - [2025-10-25T21:54:45.816+0000] {dagbag.py:588} INFO - Filling up the DagBag from /Users/komidoveneymissiamenou/Documents/Master 1 DIT/DataEnge/spark_airflow/airflow_env/lib/python3.12/site-packages/airflow/example_dags/example_trigger_controller_dag.py
[2025-10-25T21:54:45.822+0000] {processor.py:925} INFO - DAG(s) 'example_trigger_controller_dag' retrieved from /Users/komidoveneymissiamenou/Documents/Master 1 DIT/DataEnge/spark_airflow/airflow_env/lib/python3.12/site-packages/airflow/example_dags/example_trigger_controller_dag.py
[2025-10-25T21:54:45.859+0000] {logging_mixin.py:190} INFO - [2025-10-25T21:54:45.858+0000] {dag.py:3239} INFO - Sync 1 DAGs
[2025-10-25T21:54:45.866+0000] {logging_mixin.py:190} INFO - [2025-10-25T21:54:45.866+0000] {dag.py:4180} INFO - Setting next_dagrun for example_trigger_controller_dag to 2021-01-01 00:00:00+00:00, run_after=2021-01-01 00:00:00+00:00
[2025-10-25T21:54:45.874+0000] {processor.py:208} INFO - Processing /Users/komidoveneymissiamenou/Documents/Master 1 DIT/DataEnge/spark_airflow/airflow_env/lib/python3.12/site-packages/airflow/example_dags/example_trigger_controller_dag.py took 0.061 seconds
[2025-10-25T21:56:58.282+0000] {processor.py:186} INFO - Started process (PID=50442) to work on /Users/komidoveneymissiamenou/Documents/Master 1 DIT/DataEnge/spark_airflow/airflow_env/lib/python3.12/site-packages/airflow/example_dags/example_trigger_controller_dag.py
[2025-10-25T21:56:58.282+0000] {processor.py:914} INFO - Processing file /Users/komidoveneymissiamenou/Documents/Master 1 DIT/DataEnge/spark_airflow/airflow_env/lib/python3.12/site-packages/airflow/example_dags/example_trigger_controller_dag.py for tasks to queue
[2025-10-25T21:56:58.283+0000] {logging_mixin.py:190} INFO - [2025-10-25T21:56:58.283+0000] {dagbag.py:588} INFO - Filling up the DagBag from /Users/komidoveneymissiamenou/Documents/Master 1 DIT/DataEnge/spark_airflow/airflow_env/lib/python3.12/site-packages/airflow/example_dags/example_trigger_controller_dag.py
[2025-10-25T21:56:58.287+0000] {processor.py:925} INFO - DAG(s) 'example_trigger_controller_dag' retrieved from /Users/komidoveneymissiamenou/Documents/Master 1 DIT/DataEnge/spark_airflow/airflow_env/lib/python3.12/site-packages/airflow/example_dags/example_trigger_controller_dag.py
[2025-10-25T21:56:58.320+0000] {logging_mixin.py:190} INFO - [2025-10-25T21:56:58.319+0000] {dag.py:3239} INFO - Sync 1 DAGs
[2025-10-25T21:56:58.326+0000] {logging_mixin.py:190} INFO - [2025-10-25T21:56:58.326+0000] {dag.py:4180} INFO - Setting next_dagrun for example_trigger_controller_dag to 2021-01-01 00:00:00+00:00, run_after=2021-01-01 00:00:00+00:00
[2025-10-25T21:56:58.333+0000] {processor.py:208} INFO - Processing /Users/komidoveneymissiamenou/Documents/Master 1 DIT/DataEnge/spark_airflow/airflow_env/lib/python3.12/site-packages/airflow/example_dags/example_trigger_controller_dag.py took 0.052 seconds
[2025-10-25T21:58:20.926+0000] {processor.py:186} INFO - Started process (PID=51429) to work on /Users/komidoveneymissiamenou/Documents/Master 1 DIT/DataEnge/spark_airflow/airflow_env/lib/python3.12/site-packages/airflow/example_dags/example_trigger_controller_dag.py
[2025-10-25T21:58:20.927+0000] {processor.py:914} INFO - Processing file /Users/komidoveneymissiamenou/Documents/Master 1 DIT/DataEnge/spark_airflow/airflow_env/lib/python3.12/site-packages/airflow/example_dags/example_trigger_controller_dag.py for tasks to queue
[2025-10-25T21:58:20.927+0000] {logging_mixin.py:190} INFO - [2025-10-25T21:58:20.927+0000] {dagbag.py:588} INFO - Filling up the DagBag from /Users/komidoveneymissiamenou/Documents/Master 1 DIT/DataEnge/spark_airflow/airflow_env/lib/python3.12/site-packages/airflow/example_dags/example_trigger_controller_dag.py
[2025-10-25T21:58:20.932+0000] {processor.py:925} INFO - DAG(s) 'example_trigger_controller_dag' retrieved from /Users/komidoveneymissiamenou/Documents/Master 1 DIT/DataEnge/spark_airflow/airflow_env/lib/python3.12/site-packages/airflow/example_dags/example_trigger_controller_dag.py
[2025-10-25T21:58:20.967+0000] {logging_mixin.py:190} INFO - [2025-10-25T21:58:20.967+0000] {dag.py:3239} INFO - Sync 1 DAGs
[2025-10-25T21:58:20.973+0000] {logging_mixin.py:190} INFO - [2025-10-25T21:58:20.973+0000] {dag.py:4180} INFO - Setting next_dagrun for example_trigger_controller_dag to 2021-01-01 00:00:00+00:00, run_after=2021-01-01 00:00:00+00:00
[2025-10-25T21:58:20.981+0000] {processor.py:208} INFO - Processing /Users/komidoveneymissiamenou/Documents/Master 1 DIT/DataEnge/spark_airflow/airflow_env/lib/python3.12/site-packages/airflow/example_dags/example_trigger_controller_dag.py took 0.056 seconds
[2025-10-25T21:59:49.885+0000] {processor.py:186} INFO - Started process (PID=52458) to work on /Users/komidoveneymissiamenou/Documents/Master 1 DIT/DataEnge/spark_airflow/airflow_env/lib/python3.12/site-packages/airflow/example_dags/example_trigger_controller_dag.py
[2025-10-25T21:59:49.886+0000] {processor.py:914} INFO - Processing file /Users/komidoveneymissiamenou/Documents/Master 1 DIT/DataEnge/spark_airflow/airflow_env/lib/python3.12/site-packages/airflow/example_dags/example_trigger_controller_dag.py for tasks to queue
[2025-10-25T21:59:49.887+0000] {logging_mixin.py:190} INFO - [2025-10-25T21:59:49.887+0000] {dagbag.py:588} INFO - Filling up the DagBag from /Users/komidoveneymissiamenou/Documents/Master 1 DIT/DataEnge/spark_airflow/airflow_env/lib/python3.12/site-packages/airflow/example_dags/example_trigger_controller_dag.py
[2025-10-25T21:59:49.897+0000] {processor.py:925} INFO - DAG(s) 'example_trigger_controller_dag' retrieved from /Users/komidoveneymissiamenou/Documents/Master 1 DIT/DataEnge/spark_airflow/airflow_env/lib/python3.12/site-packages/airflow/example_dags/example_trigger_controller_dag.py
[2025-10-25T21:59:49.938+0000] {logging_mixin.py:190} INFO - [2025-10-25T21:59:49.937+0000] {dag.py:3239} INFO - Sync 1 DAGs
[2025-10-25T21:59:49.950+0000] {logging_mixin.py:190} INFO - [2025-10-25T21:59:49.950+0000] {dag.py:4180} INFO - Setting next_dagrun for example_trigger_controller_dag to 2021-01-01 00:00:00+00:00, run_after=2021-01-01 00:00:00+00:00
[2025-10-25T21:59:49.961+0000] {processor.py:208} INFO - Processing /Users/komidoveneymissiamenou/Documents/Master 1 DIT/DataEnge/spark_airflow/airflow_env/lib/python3.12/site-packages/airflow/example_dags/example_trigger_controller_dag.py took 0.079 seconds
