[2025-10-25T21:40:46.919+0000] {processor.py:186} INFO - Started process (PID=33566) to work on /Users/komidoveneymissiamenou/Documents/Master 1 DIT/DataEnge/spark_airflow/airflow_env/lib/python3.12/site-packages/airflow/example_dags/example_branch_datetime_operator.py
[2025-10-25T21:40:46.920+0000] {processor.py:914} INFO - Processing file /Users/komidoveneymissiamenou/Documents/Master 1 DIT/DataEnge/spark_airflow/airflow_env/lib/python3.12/site-packages/airflow/example_dags/example_branch_datetime_operator.py for tasks to queue
[2025-10-25T21:40:46.920+0000] {logging_mixin.py:190} INFO - [2025-10-25T21:40:46.920+0000] {dagbag.py:588} INFO - Filling up the DagBag from /Users/komidoveneymissiamenou/Documents/Master 1 DIT/DataEnge/spark_airflow/airflow_env/lib/python3.12/site-packages/airflow/example_dags/example_branch_datetime_operator.py
[2025-10-25T21:40:46.927+0000] {processor.py:925} INFO - DAG(s) 'example_branch_datetime_operator_3', 'example_branch_datetime_operator', 'example_branch_datetime_operator_2' retrieved from /Users/komidoveneymissiamenou/Documents/Master 1 DIT/DataEnge/spark_airflow/airflow_env/lib/python3.12/site-packages/airflow/example_dags/example_branch_datetime_operator.py
[2025-10-25T21:40:46.999+0000] {logging_mixin.py:190} INFO - [2025-10-25T21:40:46.999+0000] {override.py:1900} INFO - Created Permission View: can delete on DAG:example_branch_datetime_operator_3
[2025-10-25T21:40:47.003+0000] {logging_mixin.py:190} INFO - [2025-10-25T21:40:47.003+0000] {override.py:1900} INFO - Created Permission View: can read on DAG:example_branch_datetime_operator_3
[2025-10-25T21:40:47.005+0000] {logging_mixin.py:190} INFO - [2025-10-25T21:40:47.005+0000] {override.py:1900} INFO - Created Permission View: can edit on DAG:example_branch_datetime_operator_3
[2025-10-25T21:40:47.009+0000] {logging_mixin.py:190} INFO - [2025-10-25T21:40:47.008+0000] {override.py:1900} INFO - Created Permission View: can delete on DAG Run:example_branch_datetime_operator_3
[2025-10-25T21:40:47.011+0000] {logging_mixin.py:190} INFO - [2025-10-25T21:40:47.011+0000] {override.py:1900} INFO - Created Permission View: can create on DAG Run:example_branch_datetime_operator_3
[2025-10-25T21:40:47.014+0000] {logging_mixin.py:190} INFO - [2025-10-25T21:40:47.013+0000] {override.py:1900} INFO - Created Permission View: menu access on DAG Run:example_branch_datetime_operator_3
[2025-10-25T21:40:47.016+0000] {logging_mixin.py:190} INFO - [2025-10-25T21:40:47.016+0000] {override.py:1900} INFO - Created Permission View: can read on DAG Run:example_branch_datetime_operator_3
[2025-10-25T21:40:47.021+0000] {logging_mixin.py:190} INFO - [2025-10-25T21:40:47.021+0000] {override.py:1900} INFO - Created Permission View: can delete on DAG:example_branch_datetime_operator
[2025-10-25T21:40:47.024+0000] {logging_mixin.py:190} INFO - [2025-10-25T21:40:47.024+0000] {override.py:1900} INFO - Created Permission View: can read on DAG:example_branch_datetime_operator
[2025-10-25T21:40:47.026+0000] {logging_mixin.py:190} INFO - [2025-10-25T21:40:47.026+0000] {override.py:1900} INFO - Created Permission View: can edit on DAG:example_branch_datetime_operator
[2025-10-25T21:40:47.029+0000] {logging_mixin.py:190} INFO - [2025-10-25T21:40:47.029+0000] {override.py:1900} INFO - Created Permission View: can delete on DAG Run:example_branch_datetime_operator
[2025-10-25T21:40:47.032+0000] {logging_mixin.py:190} INFO - [2025-10-25T21:40:47.032+0000] {override.py:1900} INFO - Created Permission View: can create on DAG Run:example_branch_datetime_operator
[2025-10-25T21:40:47.035+0000] {logging_mixin.py:190} INFO - [2025-10-25T21:40:47.035+0000] {override.py:1900} INFO - Created Permission View: menu access on DAG Run:example_branch_datetime_operator
[2025-10-25T21:40:47.037+0000] {logging_mixin.py:190} INFO - [2025-10-25T21:40:47.037+0000] {override.py:1900} INFO - Created Permission View: can read on DAG Run:example_branch_datetime_operator
[2025-10-25T21:40:47.042+0000] {logging_mixin.py:190} INFO - [2025-10-25T21:40:47.042+0000] {override.py:1900} INFO - Created Permission View: can delete on DAG:example_branch_datetime_operator_2
[2025-10-25T21:40:47.046+0000] {logging_mixin.py:190} INFO - [2025-10-25T21:40:47.046+0000] {override.py:1900} INFO - Created Permission View: can read on DAG:example_branch_datetime_operator_2
[2025-10-25T21:40:47.049+0000] {logging_mixin.py:190} INFO - [2025-10-25T21:40:47.048+0000] {override.py:1900} INFO - Created Permission View: can edit on DAG:example_branch_datetime_operator_2
[2025-10-25T21:40:47.052+0000] {logging_mixin.py:190} INFO - [2025-10-25T21:40:47.052+0000] {override.py:1900} INFO - Created Permission View: can delete on DAG Run:example_branch_datetime_operator_2
[2025-10-25T21:40:47.055+0000] {logging_mixin.py:190} INFO - [2025-10-25T21:40:47.055+0000] {override.py:1900} INFO - Created Permission View: can create on DAG Run:example_branch_datetime_operator_2
[2025-10-25T21:40:47.057+0000] {logging_mixin.py:190} INFO - [2025-10-25T21:40:47.057+0000] {override.py:1900} INFO - Created Permission View: menu access on DAG Run:example_branch_datetime_operator_2
[2025-10-25T21:40:47.060+0000] {logging_mixin.py:190} INFO - [2025-10-25T21:40:47.060+0000] {override.py:1900} INFO - Created Permission View: can read on DAG Run:example_branch_datetime_operator_2
[2025-10-25T21:40:47.060+0000] {logging_mixin.py:190} INFO - [2025-10-25T21:40:47.060+0000] {dag.py:3239} INFO - Sync 3 DAGs
[2025-10-25T21:40:47.100+0000] {logging_mixin.py:190} INFO - [2025-10-25T21:40:47.100+0000] {dag.py:3262} INFO - Creating ORM DAG for example_branch_datetime_operator_3
[2025-10-25T21:40:47.100+0000] {logging_mixin.py:190} INFO - [2025-10-25T21:40:47.100+0000] {dag.py:3262} INFO - Creating ORM DAG for example_branch_datetime_operator
[2025-10-25T21:40:47.100+0000] {logging_mixin.py:190} INFO - [2025-10-25T21:40:47.100+0000] {dag.py:3262} INFO - Creating ORM DAG for example_branch_datetime_operator_2
[2025-10-25T21:40:47.104+0000] {logging_mixin.py:190} INFO - [2025-10-25T21:40:47.104+0000] {dag.py:4180} INFO - Setting next_dagrun for example_branch_datetime_operator to 2025-10-24 00:00:00+00:00, run_after=2025-10-25 00:00:00+00:00
[2025-10-25T21:40:47.104+0000] {logging_mixin.py:190} INFO - [2025-10-25T21:40:47.104+0000] {dag.py:4180} INFO - Setting next_dagrun for example_branch_datetime_operator_2 to 2025-10-24 00:00:00+00:00, run_after=2025-10-25 00:00:00+00:00
[2025-10-25T21:40:47.105+0000] {logging_mixin.py:190} INFO - [2025-10-25T21:40:47.105+0000] {dag.py:4180} INFO - Setting next_dagrun for example_branch_datetime_operator_3 to 2025-10-24 00:00:00+00:00, run_after=2025-10-25 00:00:00+00:00
[2025-10-25T21:40:47.111+0000] {processor.py:208} INFO - Processing /Users/komidoveneymissiamenou/Documents/Master 1 DIT/DataEnge/spark_airflow/airflow_env/lib/python3.12/site-packages/airflow/example_dags/example_branch_datetime_operator.py took 0.195 seconds
[2025-10-25T21:43:21.872+0000] {processor.py:186} INFO - Started process (PID=35472) to work on /Users/komidoveneymissiamenou/Documents/Master 1 DIT/DataEnge/spark_airflow/airflow_env/lib/python3.12/site-packages/airflow/example_dags/example_branch_datetime_operator.py
[2025-10-25T21:43:21.872+0000] {processor.py:914} INFO - Processing file /Users/komidoveneymissiamenou/Documents/Master 1 DIT/DataEnge/spark_airflow/airflow_env/lib/python3.12/site-packages/airflow/example_dags/example_branch_datetime_operator.py for tasks to queue
[2025-10-25T21:43:21.873+0000] {logging_mixin.py:190} INFO - [2025-10-25T21:43:21.873+0000] {dagbag.py:588} INFO - Filling up the DagBag from /Users/komidoveneymissiamenou/Documents/Master 1 DIT/DataEnge/spark_airflow/airflow_env/lib/python3.12/site-packages/airflow/example_dags/example_branch_datetime_operator.py
[2025-10-25T21:43:21.879+0000] {processor.py:925} INFO - DAG(s) 'example_branch_datetime_operator_2', 'example_branch_datetime_operator', 'example_branch_datetime_operator_3' retrieved from /Users/komidoveneymissiamenou/Documents/Master 1 DIT/DataEnge/spark_airflow/airflow_env/lib/python3.12/site-packages/airflow/example_dags/example_branch_datetime_operator.py
[2025-10-25T21:43:21.916+0000] {logging_mixin.py:190} INFO - [2025-10-25T21:43:21.916+0000] {dag.py:3239} INFO - Sync 3 DAGs
[2025-10-25T21:43:21.923+0000] {logging_mixin.py:190} INFO - [2025-10-25T21:43:21.923+0000] {dag.py:4180} INFO - Setting next_dagrun for example_branch_datetime_operator to 2025-10-24 00:00:00+00:00, run_after=2025-10-25 00:00:00+00:00
[2025-10-25T21:43:21.924+0000] {logging_mixin.py:190} INFO - [2025-10-25T21:43:21.924+0000] {dag.py:4180} INFO - Setting next_dagrun for example_branch_datetime_operator_2 to 2025-10-24 00:00:00+00:00, run_after=2025-10-25 00:00:00+00:00
[2025-10-25T21:43:21.925+0000] {logging_mixin.py:190} INFO - [2025-10-25T21:43:21.925+0000] {dag.py:4180} INFO - Setting next_dagrun for example_branch_datetime_operator_3 to 2025-10-24 00:00:00+00:00, run_after=2025-10-25 00:00:00+00:00
[2025-10-25T21:43:21.932+0000] {processor.py:208} INFO - Processing /Users/komidoveneymissiamenou/Documents/Master 1 DIT/DataEnge/spark_airflow/airflow_env/lib/python3.12/site-packages/airflow/example_dags/example_branch_datetime_operator.py took 0.061 seconds
[2025-10-25T21:46:05.292+0000] {processor.py:186} INFO - Started process (PID=37873) to work on /Users/komidoveneymissiamenou/Documents/Master 1 DIT/DataEnge/spark_airflow/airflow_env/lib/python3.12/site-packages/airflow/example_dags/example_branch_datetime_operator.py
[2025-10-25T21:46:05.293+0000] {processor.py:914} INFO - Processing file /Users/komidoveneymissiamenou/Documents/Master 1 DIT/DataEnge/spark_airflow/airflow_env/lib/python3.12/site-packages/airflow/example_dags/example_branch_datetime_operator.py for tasks to queue
[2025-10-25T21:46:05.294+0000] {logging_mixin.py:190} INFO - [2025-10-25T21:46:05.294+0000] {dagbag.py:588} INFO - Filling up the DagBag from /Users/komidoveneymissiamenou/Documents/Master 1 DIT/DataEnge/spark_airflow/airflow_env/lib/python3.12/site-packages/airflow/example_dags/example_branch_datetime_operator.py
[2025-10-25T21:46:05.311+0000] {processor.py:925} INFO - DAG(s) 'example_branch_datetime_operator_3', 'example_branch_datetime_operator_2', 'example_branch_datetime_operator' retrieved from /Users/komidoveneymissiamenou/Documents/Master 1 DIT/DataEnge/spark_airflow/airflow_env/lib/python3.12/site-packages/airflow/example_dags/example_branch_datetime_operator.py
[2025-10-25T21:46:05.385+0000] {logging_mixin.py:190} INFO - [2025-10-25T21:46:05.385+0000] {dag.py:3239} INFO - Sync 3 DAGs
[2025-10-25T21:46:05.393+0000] {logging_mixin.py:190} INFO - [2025-10-25T21:46:05.393+0000] {dag.py:4180} INFO - Setting next_dagrun for example_branch_datetime_operator to 2025-10-24 00:00:00+00:00, run_after=2025-10-25 00:00:00+00:00
[2025-10-25T21:46:05.394+0000] {logging_mixin.py:190} INFO - [2025-10-25T21:46:05.394+0000] {dag.py:4180} INFO - Setting next_dagrun for example_branch_datetime_operator_2 to 2025-10-24 00:00:00+00:00, run_after=2025-10-25 00:00:00+00:00
[2025-10-25T21:46:05.395+0000] {logging_mixin.py:190} INFO - [2025-10-25T21:46:05.395+0000] {dag.py:4180} INFO - Setting next_dagrun for example_branch_datetime_operator_3 to 2025-10-24 00:00:00+00:00, run_after=2025-10-25 00:00:00+00:00
[2025-10-25T21:46:05.409+0000] {processor.py:208} INFO - Processing /Users/komidoveneymissiamenou/Documents/Master 1 DIT/DataEnge/spark_airflow/airflow_env/lib/python3.12/site-packages/airflow/example_dags/example_branch_datetime_operator.py took 0.122 seconds
[2025-10-25T21:50:33.371+0000] {processor.py:186} INFO - Started process (PID=43657) to work on /Users/komidoveneymissiamenou/Documents/Master 1 DIT/DataEnge/spark_airflow/airflow_env/lib/python3.12/site-packages/airflow/example_dags/example_branch_datetime_operator.py
[2025-10-25T21:50:33.372+0000] {processor.py:914} INFO - Processing file /Users/komidoveneymissiamenou/Documents/Master 1 DIT/DataEnge/spark_airflow/airflow_env/lib/python3.12/site-packages/airflow/example_dags/example_branch_datetime_operator.py for tasks to queue
[2025-10-25T21:50:33.372+0000] {logging_mixin.py:190} INFO - [2025-10-25T21:50:33.372+0000] {dagbag.py:588} INFO - Filling up the DagBag from /Users/komidoveneymissiamenou/Documents/Master 1 DIT/DataEnge/spark_airflow/airflow_env/lib/python3.12/site-packages/airflow/example_dags/example_branch_datetime_operator.py
[2025-10-25T21:50:33.379+0000] {processor.py:925} INFO - DAG(s) 'example_branch_datetime_operator_3', 'example_branch_datetime_operator_2', 'example_branch_datetime_operator' retrieved from /Users/komidoveneymissiamenou/Documents/Master 1 DIT/DataEnge/spark_airflow/airflow_env/lib/python3.12/site-packages/airflow/example_dags/example_branch_datetime_operator.py
[2025-10-25T21:50:33.418+0000] {logging_mixin.py:190} INFO - [2025-10-25T21:50:33.418+0000] {dag.py:3239} INFO - Sync 3 DAGs
[2025-10-25T21:50:33.425+0000] {logging_mixin.py:190} INFO - [2025-10-25T21:50:33.425+0000] {dag.py:4180} INFO - Setting next_dagrun for example_branch_datetime_operator to 2025-10-24 00:00:00+00:00, run_after=2025-10-25 00:00:00+00:00
[2025-10-25T21:50:33.426+0000] {logging_mixin.py:190} INFO - [2025-10-25T21:50:33.426+0000] {dag.py:4180} INFO - Setting next_dagrun for example_branch_datetime_operator_2 to 2025-10-24 00:00:00+00:00, run_after=2025-10-25 00:00:00+00:00
[2025-10-25T21:50:33.427+0000] {logging_mixin.py:190} INFO - [2025-10-25T21:50:33.427+0000] {dag.py:4180} INFO - Setting next_dagrun for example_branch_datetime_operator_3 to 2025-10-24 00:00:00+00:00, run_after=2025-10-25 00:00:00+00:00
[2025-10-25T21:50:33.434+0000] {processor.py:208} INFO - Processing /Users/komidoveneymissiamenou/Documents/Master 1 DIT/DataEnge/spark_airflow/airflow_env/lib/python3.12/site-packages/airflow/example_dags/example_branch_datetime_operator.py took 0.064 seconds
[2025-10-25T21:53:44.587+0000] {processor.py:186} INFO - Started process (PID=46998) to work on /Users/komidoveneymissiamenou/Documents/Master 1 DIT/DataEnge/spark_airflow/airflow_env/lib/python3.12/site-packages/airflow/example_dags/example_branch_datetime_operator.py
[2025-10-25T21:53:44.588+0000] {processor.py:914} INFO - Processing file /Users/komidoveneymissiamenou/Documents/Master 1 DIT/DataEnge/spark_airflow/airflow_env/lib/python3.12/site-packages/airflow/example_dags/example_branch_datetime_operator.py for tasks to queue
[2025-10-25T21:53:44.589+0000] {logging_mixin.py:190} INFO - [2025-10-25T21:53:44.589+0000] {dagbag.py:588} INFO - Filling up the DagBag from /Users/komidoveneymissiamenou/Documents/Master 1 DIT/DataEnge/spark_airflow/airflow_env/lib/python3.12/site-packages/airflow/example_dags/example_branch_datetime_operator.py
[2025-10-25T21:53:44.598+0000] {processor.py:925} INFO - DAG(s) 'example_branch_datetime_operator', 'example_branch_datetime_operator_2', 'example_branch_datetime_operator_3' retrieved from /Users/komidoveneymissiamenou/Documents/Master 1 DIT/DataEnge/spark_airflow/airflow_env/lib/python3.12/site-packages/airflow/example_dags/example_branch_datetime_operator.py
[2025-10-25T21:53:44.646+0000] {logging_mixin.py:190} INFO - [2025-10-25T21:53:44.646+0000] {dag.py:3239} INFO - Sync 3 DAGs
[2025-10-25T21:53:44.653+0000] {logging_mixin.py:190} INFO - [2025-10-25T21:53:44.653+0000] {dag.py:4180} INFO - Setting next_dagrun for example_branch_datetime_operator to 2025-10-24 00:00:00+00:00, run_after=2025-10-25 00:00:00+00:00
[2025-10-25T21:53:44.654+0000] {logging_mixin.py:190} INFO - [2025-10-25T21:53:44.654+0000] {dag.py:4180} INFO - Setting next_dagrun for example_branch_datetime_operator_2 to 2025-10-24 00:00:00+00:00, run_after=2025-10-25 00:00:00+00:00
[2025-10-25T21:53:44.655+0000] {logging_mixin.py:190} INFO - [2025-10-25T21:53:44.655+0000] {dag.py:4180} INFO - Setting next_dagrun for example_branch_datetime_operator_3 to 2025-10-24 00:00:00+00:00, run_after=2025-10-25 00:00:00+00:00
[2025-10-25T21:53:44.662+0000] {processor.py:208} INFO - Processing /Users/komidoveneymissiamenou/Documents/Master 1 DIT/DataEnge/spark_airflow/airflow_env/lib/python3.12/site-packages/airflow/example_dags/example_branch_datetime_operator.py took 0.078 seconds
[2025-10-25T21:56:13.504+0000] {processor.py:186} INFO - Started process (PID=49904) to work on /Users/komidoveneymissiamenou/Documents/Master 1 DIT/DataEnge/spark_airflow/airflow_env/lib/python3.12/site-packages/airflow/example_dags/example_branch_datetime_operator.py
[2025-10-25T21:56:13.505+0000] {processor.py:914} INFO - Processing file /Users/komidoveneymissiamenou/Documents/Master 1 DIT/DataEnge/spark_airflow/airflow_env/lib/python3.12/site-packages/airflow/example_dags/example_branch_datetime_operator.py for tasks to queue
[2025-10-25T21:56:13.505+0000] {logging_mixin.py:190} INFO - [2025-10-25T21:56:13.505+0000] {dagbag.py:588} INFO - Filling up the DagBag from /Users/komidoveneymissiamenou/Documents/Master 1 DIT/DataEnge/spark_airflow/airflow_env/lib/python3.12/site-packages/airflow/example_dags/example_branch_datetime_operator.py
[2025-10-25T21:56:13.514+0000] {processor.py:925} INFO - DAG(s) 'example_branch_datetime_operator_3', 'example_branch_datetime_operator_2', 'example_branch_datetime_operator' retrieved from /Users/komidoveneymissiamenou/Documents/Master 1 DIT/DataEnge/spark_airflow/airflow_env/lib/python3.12/site-packages/airflow/example_dags/example_branch_datetime_operator.py
[2025-10-25T21:56:13.574+0000] {logging_mixin.py:190} INFO - [2025-10-25T21:56:13.573+0000] {dag.py:3239} INFO - Sync 3 DAGs
[2025-10-25T21:56:13.582+0000] {logging_mixin.py:190} INFO - [2025-10-25T21:56:13.582+0000] {dag.py:4180} INFO - Setting next_dagrun for example_branch_datetime_operator to 2025-10-24 00:00:00+00:00, run_after=2025-10-25 00:00:00+00:00
[2025-10-25T21:56:13.583+0000] {logging_mixin.py:190} INFO - [2025-10-25T21:56:13.583+0000] {dag.py:4180} INFO - Setting next_dagrun for example_branch_datetime_operator_2 to 2025-10-24 00:00:00+00:00, run_after=2025-10-25 00:00:00+00:00
[2025-10-25T21:56:13.584+0000] {logging_mixin.py:190} INFO - [2025-10-25T21:56:13.584+0000] {dag.py:4180} INFO - Setting next_dagrun for example_branch_datetime_operator_3 to 2025-10-24 00:00:00+00:00, run_after=2025-10-25 00:00:00+00:00
[2025-10-25T21:56:13.591+0000] {processor.py:208} INFO - Processing /Users/komidoveneymissiamenou/Documents/Master 1 DIT/DataEnge/spark_airflow/airflow_env/lib/python3.12/site-packages/airflow/example_dags/example_branch_datetime_operator.py took 0.089 seconds
[2025-10-25T21:59:09.397+0000] {processor.py:186} INFO - Started process (PID=51989) to work on /Users/komidoveneymissiamenou/Documents/Master 1 DIT/DataEnge/spark_airflow/airflow_env/lib/python3.12/site-packages/airflow/example_dags/example_branch_datetime_operator.py
[2025-10-25T21:59:09.398+0000] {processor.py:914} INFO - Processing file /Users/komidoveneymissiamenou/Documents/Master 1 DIT/DataEnge/spark_airflow/airflow_env/lib/python3.12/site-packages/airflow/example_dags/example_branch_datetime_operator.py for tasks to queue
[2025-10-25T21:59:09.398+0000] {logging_mixin.py:190} INFO - [2025-10-25T21:59:09.398+0000] {dagbag.py:588} INFO - Filling up the DagBag from /Users/komidoveneymissiamenou/Documents/Master 1 DIT/DataEnge/spark_airflow/airflow_env/lib/python3.12/site-packages/airflow/example_dags/example_branch_datetime_operator.py
[2025-10-25T21:59:09.407+0000] {processor.py:925} INFO - DAG(s) 'example_branch_datetime_operator_3', 'example_branch_datetime_operator', 'example_branch_datetime_operator_2' retrieved from /Users/komidoveneymissiamenou/Documents/Master 1 DIT/DataEnge/spark_airflow/airflow_env/lib/python3.12/site-packages/airflow/example_dags/example_branch_datetime_operator.py
[2025-10-25T21:59:09.455+0000] {logging_mixin.py:190} INFO - [2025-10-25T21:59:09.455+0000] {dag.py:3239} INFO - Sync 3 DAGs
[2025-10-25T21:59:09.462+0000] {logging_mixin.py:190} INFO - [2025-10-25T21:59:09.462+0000] {dag.py:4180} INFO - Setting next_dagrun for example_branch_datetime_operator to 2025-10-24 00:00:00+00:00, run_after=2025-10-25 00:00:00+00:00
[2025-10-25T21:59:09.464+0000] {logging_mixin.py:190} INFO - [2025-10-25T21:59:09.464+0000] {dag.py:4180} INFO - Setting next_dagrun for example_branch_datetime_operator_2 to 2025-10-24 00:00:00+00:00, run_after=2025-10-25 00:00:00+00:00
[2025-10-25T21:59:09.464+0000] {logging_mixin.py:190} INFO - [2025-10-25T21:59:09.464+0000] {dag.py:4180} INFO - Setting next_dagrun for example_branch_datetime_operator_3 to 2025-10-24 00:00:00+00:00, run_after=2025-10-25 00:00:00+00:00
[2025-10-25T21:59:09.471+0000] {processor.py:208} INFO - Processing /Users/komidoveneymissiamenou/Documents/Master 1 DIT/DataEnge/spark_airflow/airflow_env/lib/python3.12/site-packages/airflow/example_dags/example_branch_datetime_operator.py took 0.077 seconds
