[2025-10-25T21:39:44.111+0000] {processor.py:186} INFO - Started process (PID=32796) to work on /Users/komidoveneymissiamenou/Documents/Master 1 DIT/DataEnge/spark_airflow/airflow_env/lib/python3.12/site-packages/airflow/example_dags/example_sensors.py
[2025-10-25T21:39:44.112+0000] {processor.py:914} INFO - Processing file /Users/komidoveneymissiamenou/Documents/Master 1 DIT/DataEnge/spark_airflow/airflow_env/lib/python3.12/site-packages/airflow/example_dags/example_sensors.py for tasks to queue
[2025-10-25T21:39:44.113+0000] {logging_mixin.py:190} INFO - [2025-10-25T21:39:44.113+0000] {dagbag.py:588} INFO - Filling up the DagBag from /Users/komidoveneymissiamenou/Documents/Master 1 DIT/DataEnge/spark_airflow/airflow_env/lib/python3.12/site-packages/airflow/example_dags/example_sensors.py
[2025-10-25T21:39:44.122+0000] {processor.py:925} INFO - DAG(s) 'example_sensors' retrieved from /Users/komidoveneymissiamenou/Documents/Master 1 DIT/DataEnge/spark_airflow/airflow_env/lib/python3.12/site-packages/airflow/example_dags/example_sensors.py
[2025-10-25T21:39:44.161+0000] {logging_mixin.py:190} INFO - [2025-10-25T21:39:44.161+0000] {workday.py:41} WARNING - Could not import pandas. Holidays will not be considered.
[2025-10-25T21:39:44.208+0000] {logging_mixin.py:190} INFO - [2025-10-25T21:39:44.208+0000] {override.py:1900} INFO - Created Permission View: can edit on DAG:example_sensors
[2025-10-25T21:39:44.250+0000] {logging_mixin.py:190} INFO - [2025-10-25T21:39:44.250+0000] {override.py:1900} INFO - Created Permission View: can delete on DAG:example_sensors
[2025-10-25T21:39:44.252+0000] {logging_mixin.py:190} INFO - [2025-10-25T21:39:44.252+0000] {override.py:1900} INFO - Created Permission View: can read on DAG:example_sensors
[2025-10-25T21:39:44.255+0000] {logging_mixin.py:190} INFO - [2025-10-25T21:39:44.255+0000] {override.py:1900} INFO - Created Permission View: can create on DAG Run:example_sensors
[2025-10-25T21:39:44.257+0000] {logging_mixin.py:190} INFO - [2025-10-25T21:39:44.257+0000] {override.py:1900} INFO - Created Permission View: can delete on DAG Run:example_sensors
[2025-10-25T21:39:44.259+0000] {logging_mixin.py:190} INFO - [2025-10-25T21:39:44.259+0000] {override.py:1900} INFO - Created Permission View: can read on DAG Run:example_sensors
[2025-10-25T21:39:44.261+0000] {logging_mixin.py:190} INFO - [2025-10-25T21:39:44.261+0000] {override.py:1900} INFO - Created Permission View: menu access on DAG Run:example_sensors
[2025-10-25T21:39:44.262+0000] {logging_mixin.py:190} INFO - [2025-10-25T21:39:44.261+0000] {dag.py:3239} INFO - Sync 1 DAGs
[2025-10-25T21:39:44.266+0000] {logging_mixin.py:190} INFO - [2025-10-25T21:39:44.266+0000] {dag.py:3262} INFO - Creating ORM DAG for example_sensors
[2025-10-25T21:39:44.266+0000] {logging_mixin.py:190} INFO - [2025-10-25T21:39:44.266+0000] {dag.py:4180} INFO - Setting next_dagrun for example_sensors to None, run_after=None
[2025-10-25T21:39:44.272+0000] {processor.py:208} INFO - Processing /Users/komidoveneymissiamenou/Documents/Master 1 DIT/DataEnge/spark_airflow/airflow_env/lib/python3.12/site-packages/airflow/example_dags/example_sensors.py took 0.162 seconds
[2025-10-25T21:41:39.538+0000] {processor.py:186} INFO - Started process (PID=34229) to work on /Users/komidoveneymissiamenou/Documents/Master 1 DIT/DataEnge/spark_airflow/airflow_env/lib/python3.12/site-packages/airflow/example_dags/example_sensors.py
[2025-10-25T21:41:39.538+0000] {processor.py:914} INFO - Processing file /Users/komidoveneymissiamenou/Documents/Master 1 DIT/DataEnge/spark_airflow/airflow_env/lib/python3.12/site-packages/airflow/example_dags/example_sensors.py for tasks to queue
[2025-10-25T21:41:39.539+0000] {logging_mixin.py:190} INFO - [2025-10-25T21:41:39.539+0000] {dagbag.py:588} INFO - Filling up the DagBag from /Users/komidoveneymissiamenou/Documents/Master 1 DIT/DataEnge/spark_airflow/airflow_env/lib/python3.12/site-packages/airflow/example_dags/example_sensors.py
[2025-10-25T21:41:39.547+0000] {processor.py:925} INFO - DAG(s) 'example_sensors' retrieved from /Users/komidoveneymissiamenou/Documents/Master 1 DIT/DataEnge/spark_airflow/airflow_env/lib/python3.12/site-packages/airflow/example_dags/example_sensors.py
[2025-10-25T21:41:39.583+0000] {logging_mixin.py:190} INFO - [2025-10-25T21:41:39.583+0000] {workday.py:41} WARNING - Could not import pandas. Holidays will not be considered.
[2025-10-25T21:41:39.596+0000] {logging_mixin.py:190} INFO - [2025-10-25T21:41:39.595+0000] {dag.py:3239} INFO - Sync 1 DAGs
[2025-10-25T21:41:39.600+0000] {logging_mixin.py:190} INFO - [2025-10-25T21:41:39.600+0000] {dag.py:4180} INFO - Setting next_dagrun for example_sensors to None, run_after=None
[2025-10-25T21:41:39.607+0000] {processor.py:208} INFO - Processing /Users/komidoveneymissiamenou/Documents/Master 1 DIT/DataEnge/spark_airflow/airflow_env/lib/python3.12/site-packages/airflow/example_dags/example_sensors.py took 0.071 seconds
[2025-10-25T21:43:00.209+0000] {processor.py:186} INFO - Started process (PID=35213) to work on /Users/komidoveneymissiamenou/Documents/Master 1 DIT/DataEnge/spark_airflow/airflow_env/lib/python3.12/site-packages/airflow/example_dags/example_sensors.py
[2025-10-25T21:43:00.210+0000] {processor.py:914} INFO - Processing file /Users/komidoveneymissiamenou/Documents/Master 1 DIT/DataEnge/spark_airflow/airflow_env/lib/python3.12/site-packages/airflow/example_dags/example_sensors.py for tasks to queue
[2025-10-25T21:43:00.211+0000] {logging_mixin.py:190} INFO - [2025-10-25T21:43:00.211+0000] {dagbag.py:588} INFO - Filling up the DagBag from /Users/komidoveneymissiamenou/Documents/Master 1 DIT/DataEnge/spark_airflow/airflow_env/lib/python3.12/site-packages/airflow/example_dags/example_sensors.py
[2025-10-25T21:43:00.227+0000] {processor.py:925} INFO - DAG(s) 'example_sensors' retrieved from /Users/komidoveneymissiamenou/Documents/Master 1 DIT/DataEnge/spark_airflow/airflow_env/lib/python3.12/site-packages/airflow/example_dags/example_sensors.py
[2025-10-25T21:43:00.279+0000] {logging_mixin.py:190} INFO - [2025-10-25T21:43:00.279+0000] {workday.py:41} WARNING - Could not import pandas. Holidays will not be considered.
[2025-10-25T21:43:00.296+0000] {logging_mixin.py:190} INFO - [2025-10-25T21:43:00.295+0000] {dag.py:3239} INFO - Sync 1 DAGs
[2025-10-25T21:43:00.301+0000] {logging_mixin.py:190} INFO - [2025-10-25T21:43:00.301+0000] {dag.py:4180} INFO - Setting next_dagrun for example_sensors to None, run_after=None
[2025-10-25T21:43:00.309+0000] {processor.py:208} INFO - Processing /Users/komidoveneymissiamenou/Documents/Master 1 DIT/DataEnge/spark_airflow/airflow_env/lib/python3.12/site-packages/airflow/example_dags/example_sensors.py took 0.102 seconds
[2025-10-25T21:44:18.929+0000] {processor.py:186} INFO - Started process (PID=36162) to work on /Users/komidoveneymissiamenou/Documents/Master 1 DIT/DataEnge/spark_airflow/airflow_env/lib/python3.12/site-packages/airflow/example_dags/example_sensors.py
[2025-10-25T21:44:18.930+0000] {processor.py:914} INFO - Processing file /Users/komidoveneymissiamenou/Documents/Master 1 DIT/DataEnge/spark_airflow/airflow_env/lib/python3.12/site-packages/airflow/example_dags/example_sensors.py for tasks to queue
[2025-10-25T21:44:18.931+0000] {logging_mixin.py:190} INFO - [2025-10-25T21:44:18.931+0000] {dagbag.py:588} INFO - Filling up the DagBag from /Users/komidoveneymissiamenou/Documents/Master 1 DIT/DataEnge/spark_airflow/airflow_env/lib/python3.12/site-packages/airflow/example_dags/example_sensors.py
[2025-10-25T21:44:18.957+0000] {processor.py:925} INFO - DAG(s) 'example_sensors' retrieved from /Users/komidoveneymissiamenou/Documents/Master 1 DIT/DataEnge/spark_airflow/airflow_env/lib/python3.12/site-packages/airflow/example_dags/example_sensors.py
[2025-10-25T21:44:18.997+0000] {logging_mixin.py:190} INFO - [2025-10-25T21:44:18.997+0000] {workday.py:41} WARNING - Could not import pandas. Holidays will not be considered.
[2025-10-25T21:44:19.011+0000] {logging_mixin.py:190} INFO - [2025-10-25T21:44:19.011+0000] {dag.py:3239} INFO - Sync 1 DAGs
[2025-10-25T21:44:19.016+0000] {logging_mixin.py:190} INFO - [2025-10-25T21:44:19.016+0000] {dag.py:4180} INFO - Setting next_dagrun for example_sensors to None, run_after=None
[2025-10-25T21:44:19.023+0000] {processor.py:208} INFO - Processing /Users/komidoveneymissiamenou/Documents/Master 1 DIT/DataEnge/spark_airflow/airflow_env/lib/python3.12/site-packages/airflow/example_dags/example_sensors.py took 0.096 seconds
[2025-10-25T21:45:39.853+0000] {processor.py:186} INFO - Started process (PID=37483) to work on /Users/komidoveneymissiamenou/Documents/Master 1 DIT/DataEnge/spark_airflow/airflow_env/lib/python3.12/site-packages/airflow/example_dags/example_sensors.py
[2025-10-25T21:45:39.854+0000] {processor.py:914} INFO - Processing file /Users/komidoveneymissiamenou/Documents/Master 1 DIT/DataEnge/spark_airflow/airflow_env/lib/python3.12/site-packages/airflow/example_dags/example_sensors.py for tasks to queue
[2025-10-25T21:45:39.855+0000] {logging_mixin.py:190} INFO - [2025-10-25T21:45:39.854+0000] {dagbag.py:588} INFO - Filling up the DagBag from /Users/komidoveneymissiamenou/Documents/Master 1 DIT/DataEnge/spark_airflow/airflow_env/lib/python3.12/site-packages/airflow/example_dags/example_sensors.py
[2025-10-25T21:45:39.863+0000] {processor.py:925} INFO - DAG(s) 'example_sensors' retrieved from /Users/komidoveneymissiamenou/Documents/Master 1 DIT/DataEnge/spark_airflow/airflow_env/lib/python3.12/site-packages/airflow/example_dags/example_sensors.py
[2025-10-25T21:45:39.904+0000] {logging_mixin.py:190} INFO - [2025-10-25T21:45:39.904+0000] {workday.py:41} WARNING - Could not import pandas. Holidays will not be considered.
[2025-10-25T21:45:39.917+0000] {logging_mixin.py:190} INFO - [2025-10-25T21:45:39.916+0000] {dag.py:3239} INFO - Sync 1 DAGs
[2025-10-25T21:45:39.921+0000] {logging_mixin.py:190} INFO - [2025-10-25T21:45:39.921+0000] {dag.py:4180} INFO - Setting next_dagrun for example_sensors to None, run_after=None
[2025-10-25T21:45:39.928+0000] {processor.py:208} INFO - Processing /Users/komidoveneymissiamenou/Documents/Master 1 DIT/DataEnge/spark_airflow/airflow_env/lib/python3.12/site-packages/airflow/example_dags/example_sensors.py took 0.077 seconds
[2025-10-25T21:47:14.950+0000] {processor.py:186} INFO - Started process (PID=38801) to work on /Users/komidoveneymissiamenou/Documents/Master 1 DIT/DataEnge/spark_airflow/airflow_env/lib/python3.12/site-packages/airflow/example_dags/example_sensors.py
[2025-10-25T21:47:14.951+0000] {processor.py:914} INFO - Processing file /Users/komidoveneymissiamenou/Documents/Master 1 DIT/DataEnge/spark_airflow/airflow_env/lib/python3.12/site-packages/airflow/example_dags/example_sensors.py for tasks to queue
[2025-10-25T21:47:14.952+0000] {logging_mixin.py:190} INFO - [2025-10-25T21:47:14.952+0000] {dagbag.py:588} INFO - Filling up the DagBag from /Users/komidoveneymissiamenou/Documents/Master 1 DIT/DataEnge/spark_airflow/airflow_env/lib/python3.12/site-packages/airflow/example_dags/example_sensors.py
[2025-10-25T21:47:14.971+0000] {processor.py:925} INFO - DAG(s) 'example_sensors' retrieved from /Users/komidoveneymissiamenou/Documents/Master 1 DIT/DataEnge/spark_airflow/airflow_env/lib/python3.12/site-packages/airflow/example_dags/example_sensors.py
[2025-10-25T21:47:15.025+0000] {logging_mixin.py:190} INFO - [2025-10-25T21:47:15.024+0000] {workday.py:41} WARNING - Could not import pandas. Holidays will not be considered.
[2025-10-25T21:47:15.040+0000] {logging_mixin.py:190} INFO - [2025-10-25T21:47:15.040+0000] {dag.py:3239} INFO - Sync 1 DAGs
[2025-10-25T21:47:15.045+0000] {logging_mixin.py:190} INFO - [2025-10-25T21:47:15.045+0000] {dag.py:4180} INFO - Setting next_dagrun for example_sensors to None, run_after=None
[2025-10-25T21:47:15.054+0000] {processor.py:208} INFO - Processing /Users/komidoveneymissiamenou/Documents/Master 1 DIT/DataEnge/spark_airflow/airflow_env/lib/python3.12/site-packages/airflow/example_dags/example_sensors.py took 0.105 seconds
[2025-10-25T21:49:34.107+0000] {processor.py:186} INFO - Started process (PID=42577) to work on /Users/komidoveneymissiamenou/Documents/Master 1 DIT/DataEnge/spark_airflow/airflow_env/lib/python3.12/site-packages/airflow/example_dags/example_sensors.py
[2025-10-25T21:49:34.110+0000] {processor.py:914} INFO - Processing file /Users/komidoveneymissiamenou/Documents/Master 1 DIT/DataEnge/spark_airflow/airflow_env/lib/python3.12/site-packages/airflow/example_dags/example_sensors.py for tasks to queue
[2025-10-25T21:49:34.111+0000] {logging_mixin.py:190} INFO - [2025-10-25T21:49:34.111+0000] {dagbag.py:588} INFO - Filling up the DagBag from /Users/komidoveneymissiamenou/Documents/Master 1 DIT/DataEnge/spark_airflow/airflow_env/lib/python3.12/site-packages/airflow/example_dags/example_sensors.py
[2025-10-25T21:49:34.119+0000] {processor.py:925} INFO - DAG(s) 'example_sensors' retrieved from /Users/komidoveneymissiamenou/Documents/Master 1 DIT/DataEnge/spark_airflow/airflow_env/lib/python3.12/site-packages/airflow/example_dags/example_sensors.py
[2025-10-25T21:49:34.155+0000] {logging_mixin.py:190} INFO - [2025-10-25T21:49:34.155+0000] {workday.py:41} WARNING - Could not import pandas. Holidays will not be considered.
[2025-10-25T21:49:34.167+0000] {logging_mixin.py:190} INFO - [2025-10-25T21:49:34.167+0000] {dag.py:3239} INFO - Sync 1 DAGs
[2025-10-25T21:49:34.171+0000] {logging_mixin.py:190} INFO - [2025-10-25T21:49:34.171+0000] {dag.py:4180} INFO - Setting next_dagrun for example_sensors to None, run_after=None
[2025-10-25T21:49:34.178+0000] {processor.py:208} INFO - Processing /Users/komidoveneymissiamenou/Documents/Master 1 DIT/DataEnge/spark_airflow/airflow_env/lib/python3.12/site-packages/airflow/example_dags/example_sensors.py took 0.072 seconds
[2025-10-25T21:51:42.820+0000] {processor.py:186} INFO - Started process (PID=44831) to work on /Users/komidoveneymissiamenou/Documents/Master 1 DIT/DataEnge/spark_airflow/airflow_env/lib/python3.12/site-packages/airflow/example_dags/example_sensors.py
[2025-10-25T21:51:42.820+0000] {processor.py:914} INFO - Processing file /Users/komidoveneymissiamenou/Documents/Master 1 DIT/DataEnge/spark_airflow/airflow_env/lib/python3.12/site-packages/airflow/example_dags/example_sensors.py for tasks to queue
[2025-10-25T21:51:42.821+0000] {logging_mixin.py:190} INFO - [2025-10-25T21:51:42.821+0000] {dagbag.py:588} INFO - Filling up the DagBag from /Users/komidoveneymissiamenou/Documents/Master 1 DIT/DataEnge/spark_airflow/airflow_env/lib/python3.12/site-packages/airflow/example_dags/example_sensors.py
[2025-10-25T21:51:42.835+0000] {processor.py:925} INFO - DAG(s) 'example_sensors' retrieved from /Users/komidoveneymissiamenou/Documents/Master 1 DIT/DataEnge/spark_airflow/airflow_env/lib/python3.12/site-packages/airflow/example_dags/example_sensors.py
[2025-10-25T21:51:43.285+0000] {logging_mixin.py:190} INFO - [2025-10-25T21:51:43.285+0000] {dag.py:3239} INFO - Sync 1 DAGs
[2025-10-25T21:51:43.290+0000] {logging_mixin.py:190} INFO - [2025-10-25T21:51:43.290+0000] {dag.py:4180} INFO - Setting next_dagrun for example_sensors to None, run_after=None
[2025-10-25T21:51:43.299+0000] {processor.py:208} INFO - Processing /Users/komidoveneymissiamenou/Documents/Master 1 DIT/DataEnge/spark_airflow/airflow_env/lib/python3.12/site-packages/airflow/example_dags/example_sensors.py took 0.481 seconds
[2025-10-25T21:53:12.120+0000] {processor.py:186} INFO - Started process (PID=46594) to work on /Users/komidoveneymissiamenou/Documents/Master 1 DIT/DataEnge/spark_airflow/airflow_env/lib/python3.12/site-packages/airflow/example_dags/example_sensors.py
[2025-10-25T21:53:12.121+0000] {processor.py:914} INFO - Processing file /Users/komidoveneymissiamenou/Documents/Master 1 DIT/DataEnge/spark_airflow/airflow_env/lib/python3.12/site-packages/airflow/example_dags/example_sensors.py for tasks to queue
[2025-10-25T21:53:12.122+0000] {logging_mixin.py:190} INFO - [2025-10-25T21:53:12.122+0000] {dagbag.py:588} INFO - Filling up the DagBag from /Users/komidoveneymissiamenou/Documents/Master 1 DIT/DataEnge/spark_airflow/airflow_env/lib/python3.12/site-packages/airflow/example_dags/example_sensors.py
[2025-10-25T21:53:12.137+0000] {processor.py:925} INFO - DAG(s) 'example_sensors' retrieved from /Users/komidoveneymissiamenou/Documents/Master 1 DIT/DataEnge/spark_airflow/airflow_env/lib/python3.12/site-packages/airflow/example_dags/example_sensors.py
[2025-10-25T21:53:12.869+0000] {logging_mixin.py:190} INFO - [2025-10-25T21:53:12.869+0000] {dag.py:3239} INFO - Sync 1 DAGs
[2025-10-25T21:53:13.016+0000] {logging_mixin.py:190} INFO - [2025-10-25T21:53:13.016+0000] {dag.py:4180} INFO - Setting next_dagrun for example_sensors to None, run_after=None
[2025-10-25T21:53:13.033+0000] {processor.py:208} INFO - Processing /Users/komidoveneymissiamenou/Documents/Master 1 DIT/DataEnge/spark_airflow/airflow_env/lib/python3.12/site-packages/airflow/example_dags/example_sensors.py took 0.916 seconds
[2025-10-25T21:55:14.416+0000] {processor.py:186} INFO - Started process (PID=49213) to work on /Users/komidoveneymissiamenou/Documents/Master 1 DIT/DataEnge/spark_airflow/airflow_env/lib/python3.12/site-packages/airflow/example_dags/example_sensors.py
[2025-10-25T21:55:14.421+0000] {processor.py:914} INFO - Processing file /Users/komidoveneymissiamenou/Documents/Master 1 DIT/DataEnge/spark_airflow/airflow_env/lib/python3.12/site-packages/airflow/example_dags/example_sensors.py for tasks to queue
[2025-10-25T21:55:14.423+0000] {logging_mixin.py:190} INFO - [2025-10-25T21:55:14.421+0000] {dagbag.py:588} INFO - Filling up the DagBag from /Users/komidoveneymissiamenou/Documents/Master 1 DIT/DataEnge/spark_airflow/airflow_env/lib/python3.12/site-packages/airflow/example_dags/example_sensors.py
[2025-10-25T21:55:14.435+0000] {processor.py:925} INFO - DAG(s) 'example_sensors' retrieved from /Users/komidoveneymissiamenou/Documents/Master 1 DIT/DataEnge/spark_airflow/airflow_env/lib/python3.12/site-packages/airflow/example_dags/example_sensors.py
[2025-10-25T21:55:14.902+0000] {logging_mixin.py:190} INFO - [2025-10-25T21:55:14.902+0000] {dag.py:3239} INFO - Sync 1 DAGs
[2025-10-25T21:55:14.907+0000] {logging_mixin.py:190} INFO - [2025-10-25T21:55:14.907+0000] {dag.py:4180} INFO - Setting next_dagrun for example_sensors to None, run_after=None
[2025-10-25T21:55:14.914+0000] {processor.py:208} INFO - Processing /Users/komidoveneymissiamenou/Documents/Master 1 DIT/DataEnge/spark_airflow/airflow_env/lib/python3.12/site-packages/airflow/example_dags/example_sensors.py took 0.500 seconds
[2025-10-25T21:57:17.564+0000] {processor.py:186} INFO - Started process (PID=50671) to work on /Users/komidoveneymissiamenou/Documents/Master 1 DIT/DataEnge/spark_airflow/airflow_env/lib/python3.12/site-packages/airflow/example_dags/example_sensors.py
[2025-10-25T21:57:17.565+0000] {processor.py:914} INFO - Processing file /Users/komidoveneymissiamenou/Documents/Master 1 DIT/DataEnge/spark_airflow/airflow_env/lib/python3.12/site-packages/airflow/example_dags/example_sensors.py for tasks to queue
[2025-10-25T21:57:17.565+0000] {logging_mixin.py:190} INFO - [2025-10-25T21:57:17.565+0000] {dagbag.py:588} INFO - Filling up the DagBag from /Users/komidoveneymissiamenou/Documents/Master 1 DIT/DataEnge/spark_airflow/airflow_env/lib/python3.12/site-packages/airflow/example_dags/example_sensors.py
[2025-10-25T21:57:17.573+0000] {processor.py:925} INFO - DAG(s) 'example_sensors' retrieved from /Users/komidoveneymissiamenou/Documents/Master 1 DIT/DataEnge/spark_airflow/airflow_env/lib/python3.12/site-packages/airflow/example_dags/example_sensors.py
[2025-10-25T21:57:17.905+0000] {logging_mixin.py:190} INFO - [2025-10-25T21:57:17.905+0000] {dag.py:3239} INFO - Sync 1 DAGs
[2025-10-25T21:57:17.910+0000] {logging_mixin.py:190} INFO - [2025-10-25T21:57:17.910+0000] {dag.py:4180} INFO - Setting next_dagrun for example_sensors to None, run_after=None
[2025-10-25T21:57:17.917+0000] {processor.py:208} INFO - Processing /Users/komidoveneymissiamenou/Documents/Master 1 DIT/DataEnge/spark_airflow/airflow_env/lib/python3.12/site-packages/airflow/example_dags/example_sensors.py took 0.355 seconds
[2025-10-25T21:58:45.376+0000] {processor.py:186} INFO - Started process (PID=51706) to work on /Users/komidoveneymissiamenou/Documents/Master 1 DIT/DataEnge/spark_airflow/airflow_env/lib/python3.12/site-packages/airflow/example_dags/example_sensors.py
[2025-10-25T21:58:45.377+0000] {processor.py:914} INFO - Processing file /Users/komidoveneymissiamenou/Documents/Master 1 DIT/DataEnge/spark_airflow/airflow_env/lib/python3.12/site-packages/airflow/example_dags/example_sensors.py for tasks to queue
[2025-10-25T21:58:45.377+0000] {logging_mixin.py:190} INFO - [2025-10-25T21:58:45.377+0000] {dagbag.py:588} INFO - Filling up the DagBag from /Users/komidoveneymissiamenou/Documents/Master 1 DIT/DataEnge/spark_airflow/airflow_env/lib/python3.12/site-packages/airflow/example_dags/example_sensors.py
[2025-10-25T21:58:45.386+0000] {processor.py:925} INFO - DAG(s) 'example_sensors' retrieved from /Users/komidoveneymissiamenou/Documents/Master 1 DIT/DataEnge/spark_airflow/airflow_env/lib/python3.12/site-packages/airflow/example_dags/example_sensors.py
[2025-10-25T21:58:45.701+0000] {logging_mixin.py:190} INFO - [2025-10-25T21:58:45.701+0000] {dag.py:3239} INFO - Sync 1 DAGs
[2025-10-25T21:58:45.705+0000] {logging_mixin.py:190} INFO - [2025-10-25T21:58:45.705+0000] {dag.py:4180} INFO - Setting next_dagrun for example_sensors to None, run_after=None
[2025-10-25T21:58:45.711+0000] {processor.py:208} INFO - Processing /Users/komidoveneymissiamenou/Documents/Master 1 DIT/DataEnge/spark_airflow/airflow_env/lib/python3.12/site-packages/airflow/example_dags/example_sensors.py took 0.337 seconds
