[2025-10-25T21:39:23.992+0000] {processor.py:186} INFO - Started process (PID=32561) to work on /Users/komidoveneymissiamenou/Documents/Master 1 DIT/DataEnge/spark_airflow/airflow_env/lib/python3.12/site-packages/airflow/example_dags/example_time_delta_sensor_async.py
[2025-10-25T21:39:23.992+0000] {processor.py:914} INFO - Processing file /Users/komidoveneymissiamenou/Documents/Master 1 DIT/DataEnge/spark_airflow/airflow_env/lib/python3.12/site-packages/airflow/example_dags/example_time_delta_sensor_async.py for tasks to queue
[2025-10-25T21:39:23.992+0000] {logging_mixin.py:190} INFO - [2025-10-25T21:39:23.992+0000] {dagbag.py:588} INFO - Filling up the DagBag from /Users/komidoveneymissiamenou/Documents/Master 1 DIT/DataEnge/spark_airflow/airflow_env/lib/python3.12/site-packages/airflow/example_dags/example_time_delta_sensor_async.py
[2025-10-25T21:39:23.996+0000] {processor.py:925} INFO - DAG(s) 'example_time_delta_sensor_async' retrieved from /Users/komidoveneymissiamenou/Documents/Master 1 DIT/DataEnge/spark_airflow/airflow_env/lib/python3.12/site-packages/airflow/example_dags/example_time_delta_sensor_async.py
[2025-10-25T21:39:24.031+0000] {logging_mixin.py:190} INFO - [2025-10-25T21:39:24.031+0000] {workday.py:41} WARNING - Could not import pandas. Holidays will not be considered.
[2025-10-25T21:39:24.073+0000] {logging_mixin.py:190} INFO - [2025-10-25T21:39:24.073+0000] {override.py:1900} INFO - Created Permission View: can delete on DAG:example_time_delta_sensor_async
[2025-10-25T21:39:24.077+0000] {logging_mixin.py:190} INFO - [2025-10-25T21:39:24.077+0000] {override.py:1900} INFO - Created Permission View: can read on DAG:example_time_delta_sensor_async
[2025-10-25T21:39:24.085+0000] {logging_mixin.py:190} INFO - [2025-10-25T21:39:24.085+0000] {override.py:1900} INFO - Created Permission View: can edit on DAG:example_time_delta_sensor_async
[2025-10-25T21:39:24.088+0000] {logging_mixin.py:190} INFO - [2025-10-25T21:39:24.088+0000] {override.py:1900} INFO - Created Permission View: can delete on DAG Run:example_time_delta_sensor_async
[2025-10-25T21:39:24.090+0000] {logging_mixin.py:190} INFO - [2025-10-25T21:39:24.090+0000] {override.py:1900} INFO - Created Permission View: can read on DAG Run:example_time_delta_sensor_async
[2025-10-25T21:39:24.092+0000] {logging_mixin.py:190} INFO - [2025-10-25T21:39:24.092+0000] {override.py:1900} INFO - Created Permission View: can create on DAG Run:example_time_delta_sensor_async
[2025-10-25T21:39:24.094+0000] {logging_mixin.py:190} INFO - [2025-10-25T21:39:24.094+0000] {override.py:1900} INFO - Created Permission View: menu access on DAG Run:example_time_delta_sensor_async
[2025-10-25T21:39:24.094+0000] {logging_mixin.py:190} INFO - [2025-10-25T21:39:24.094+0000] {dag.py:3239} INFO - Sync 1 DAGs
[2025-10-25T21:39:24.129+0000] {logging_mixin.py:190} INFO - [2025-10-25T21:39:24.129+0000] {dag.py:3262} INFO - Creating ORM DAG for example_time_delta_sensor_async
[2025-10-25T21:39:24.129+0000] {logging_mixin.py:190} INFO - [2025-10-25T21:39:24.129+0000] {dag.py:4180} INFO - Setting next_dagrun for example_time_delta_sensor_async to None, run_after=None
[2025-10-25T21:39:24.136+0000] {processor.py:208} INFO - Processing /Users/komidoveneymissiamenou/Documents/Master 1 DIT/DataEnge/spark_airflow/airflow_env/lib/python3.12/site-packages/airflow/example_dags/example_time_delta_sensor_async.py took 0.146 seconds
[2025-10-25T21:41:23.077+0000] {processor.py:186} INFO - Started process (PID=34032) to work on /Users/komidoveneymissiamenou/Documents/Master 1 DIT/DataEnge/spark_airflow/airflow_env/lib/python3.12/site-packages/airflow/example_dags/example_time_delta_sensor_async.py
[2025-10-25T21:41:23.078+0000] {processor.py:914} INFO - Processing file /Users/komidoveneymissiamenou/Documents/Master 1 DIT/DataEnge/spark_airflow/airflow_env/lib/python3.12/site-packages/airflow/example_dags/example_time_delta_sensor_async.py for tasks to queue
[2025-10-25T21:41:23.078+0000] {logging_mixin.py:190} INFO - [2025-10-25T21:41:23.078+0000] {dagbag.py:588} INFO - Filling up the DagBag from /Users/komidoveneymissiamenou/Documents/Master 1 DIT/DataEnge/spark_airflow/airflow_env/lib/python3.12/site-packages/airflow/example_dags/example_time_delta_sensor_async.py
[2025-10-25T21:41:23.082+0000] {processor.py:925} INFO - DAG(s) 'example_time_delta_sensor_async' retrieved from /Users/komidoveneymissiamenou/Documents/Master 1 DIT/DataEnge/spark_airflow/airflow_env/lib/python3.12/site-packages/airflow/example_dags/example_time_delta_sensor_async.py
[2025-10-25T21:41:23.115+0000] {logging_mixin.py:190} INFO - [2025-10-25T21:41:23.115+0000] {workday.py:41} WARNING - Could not import pandas. Holidays will not be considered.
[2025-10-25T21:41:23.125+0000] {logging_mixin.py:190} INFO - [2025-10-25T21:41:23.124+0000] {dag.py:3239} INFO - Sync 1 DAGs
[2025-10-25T21:41:23.129+0000] {logging_mixin.py:190} INFO - [2025-10-25T21:41:23.128+0000] {dag.py:4180} INFO - Setting next_dagrun for example_time_delta_sensor_async to None, run_after=None
[2025-10-25T21:41:23.136+0000] {processor.py:208} INFO - Processing /Users/komidoveneymissiamenou/Documents/Master 1 DIT/DataEnge/spark_airflow/airflow_env/lib/python3.12/site-packages/airflow/example_dags/example_time_delta_sensor_async.py took 0.060 seconds
[2025-10-25T21:42:43.299+0000] {processor.py:186} INFO - Started process (PID=35014) to work on /Users/komidoveneymissiamenou/Documents/Master 1 DIT/DataEnge/spark_airflow/airflow_env/lib/python3.12/site-packages/airflow/example_dags/example_time_delta_sensor_async.py
[2025-10-25T21:42:43.300+0000] {processor.py:914} INFO - Processing file /Users/komidoveneymissiamenou/Documents/Master 1 DIT/DataEnge/spark_airflow/airflow_env/lib/python3.12/site-packages/airflow/example_dags/example_time_delta_sensor_async.py for tasks to queue
[2025-10-25T21:42:43.301+0000] {logging_mixin.py:190} INFO - [2025-10-25T21:42:43.300+0000] {dagbag.py:588} INFO - Filling up the DagBag from /Users/komidoveneymissiamenou/Documents/Master 1 DIT/DataEnge/spark_airflow/airflow_env/lib/python3.12/site-packages/airflow/example_dags/example_time_delta_sensor_async.py
[2025-10-25T21:42:43.304+0000] {processor.py:925} INFO - DAG(s) 'example_time_delta_sensor_async' retrieved from /Users/komidoveneymissiamenou/Documents/Master 1 DIT/DataEnge/spark_airflow/airflow_env/lib/python3.12/site-packages/airflow/example_dags/example_time_delta_sensor_async.py
[2025-10-25T21:42:43.338+0000] {logging_mixin.py:190} INFO - [2025-10-25T21:42:43.338+0000] {workday.py:41} WARNING - Could not import pandas. Holidays will not be considered.
[2025-10-25T21:42:43.347+0000] {logging_mixin.py:190} INFO - [2025-10-25T21:42:43.347+0000] {dag.py:3239} INFO - Sync 1 DAGs
[2025-10-25T21:42:43.351+0000] {logging_mixin.py:190} INFO - [2025-10-25T21:42:43.351+0000] {dag.py:4180} INFO - Setting next_dagrun for example_time_delta_sensor_async to None, run_after=None
[2025-10-25T21:42:43.358+0000] {processor.py:208} INFO - Processing /Users/komidoveneymissiamenou/Documents/Master 1 DIT/DataEnge/spark_airflow/airflow_env/lib/python3.12/site-packages/airflow/example_dags/example_time_delta_sensor_async.py took 0.061 seconds
[2025-10-25T21:43:58.798+0000] {processor.py:186} INFO - Started process (PID=35915) to work on /Users/komidoveneymissiamenou/Documents/Master 1 DIT/DataEnge/spark_airflow/airflow_env/lib/python3.12/site-packages/airflow/example_dags/example_time_delta_sensor_async.py
[2025-10-25T21:43:58.798+0000] {processor.py:914} INFO - Processing file /Users/komidoveneymissiamenou/Documents/Master 1 DIT/DataEnge/spark_airflow/airflow_env/lib/python3.12/site-packages/airflow/example_dags/example_time_delta_sensor_async.py for tasks to queue
[2025-10-25T21:43:58.799+0000] {logging_mixin.py:190} INFO - [2025-10-25T21:43:58.799+0000] {dagbag.py:588} INFO - Filling up the DagBag from /Users/komidoveneymissiamenou/Documents/Master 1 DIT/DataEnge/spark_airflow/airflow_env/lib/python3.12/site-packages/airflow/example_dags/example_time_delta_sensor_async.py
[2025-10-25T21:43:58.804+0000] {processor.py:925} INFO - DAG(s) 'example_time_delta_sensor_async' retrieved from /Users/komidoveneymissiamenou/Documents/Master 1 DIT/DataEnge/spark_airflow/airflow_env/lib/python3.12/site-packages/airflow/example_dags/example_time_delta_sensor_async.py
[2025-10-25T21:43:58.848+0000] {logging_mixin.py:190} INFO - [2025-10-25T21:43:58.848+0000] {workday.py:41} WARNING - Could not import pandas. Holidays will not be considered.
[2025-10-25T21:43:58.858+0000] {logging_mixin.py:190} INFO - [2025-10-25T21:43:58.858+0000] {dag.py:3239} INFO - Sync 1 DAGs
[2025-10-25T21:43:58.862+0000] {logging_mixin.py:190} INFO - [2025-10-25T21:43:58.862+0000] {dag.py:4180} INFO - Setting next_dagrun for example_time_delta_sensor_async to None, run_after=None
[2025-10-25T21:43:58.870+0000] {processor.py:208} INFO - Processing /Users/komidoveneymissiamenou/Documents/Master 1 DIT/DataEnge/spark_airflow/airflow_env/lib/python3.12/site-packages/airflow/example_dags/example_time_delta_sensor_async.py took 0.073 seconds
[2025-10-25T21:45:19.590+0000] {processor.py:186} INFO - Started process (PID=36887) to work on /Users/komidoveneymissiamenou/Documents/Master 1 DIT/DataEnge/spark_airflow/airflow_env/lib/python3.12/site-packages/airflow/example_dags/example_time_delta_sensor_async.py
[2025-10-25T21:45:19.591+0000] {processor.py:914} INFO - Processing file /Users/komidoveneymissiamenou/Documents/Master 1 DIT/DataEnge/spark_airflow/airflow_env/lib/python3.12/site-packages/airflow/example_dags/example_time_delta_sensor_async.py for tasks to queue
[2025-10-25T21:45:19.592+0000] {logging_mixin.py:190} INFO - [2025-10-25T21:45:19.591+0000] {dagbag.py:588} INFO - Filling up the DagBag from /Users/komidoveneymissiamenou/Documents/Master 1 DIT/DataEnge/spark_airflow/airflow_env/lib/python3.12/site-packages/airflow/example_dags/example_time_delta_sensor_async.py
[2025-10-25T21:45:19.596+0000] {processor.py:925} INFO - DAG(s) 'example_time_delta_sensor_async' retrieved from /Users/komidoveneymissiamenou/Documents/Master 1 DIT/DataEnge/spark_airflow/airflow_env/lib/python3.12/site-packages/airflow/example_dags/example_time_delta_sensor_async.py
[2025-10-25T21:45:19.629+0000] {logging_mixin.py:190} INFO - [2025-10-25T21:45:19.629+0000] {workday.py:41} WARNING - Could not import pandas. Holidays will not be considered.
[2025-10-25T21:45:19.638+0000] {logging_mixin.py:190} INFO - [2025-10-25T21:45:19.638+0000] {dag.py:3239} INFO - Sync 1 DAGs
[2025-10-25T21:45:19.642+0000] {logging_mixin.py:190} INFO - [2025-10-25T21:45:19.642+0000] {dag.py:4180} INFO - Setting next_dagrun for example_time_delta_sensor_async to None, run_after=None
[2025-10-25T21:45:19.649+0000] {processor.py:208} INFO - Processing /Users/komidoveneymissiamenou/Documents/Master 1 DIT/DataEnge/spark_airflow/airflow_env/lib/python3.12/site-packages/airflow/example_dags/example_time_delta_sensor_async.py took 0.061 seconds
[2025-10-25T21:46:55.033+0000] {processor.py:186} INFO - Started process (PID=38546) to work on /Users/komidoveneymissiamenou/Documents/Master 1 DIT/DataEnge/spark_airflow/airflow_env/lib/python3.12/site-packages/airflow/example_dags/example_time_delta_sensor_async.py
[2025-10-25T21:46:55.034+0000] {processor.py:914} INFO - Processing file /Users/komidoveneymissiamenou/Documents/Master 1 DIT/DataEnge/spark_airflow/airflow_env/lib/python3.12/site-packages/airflow/example_dags/example_time_delta_sensor_async.py for tasks to queue
[2025-10-25T21:46:55.036+0000] {logging_mixin.py:190} INFO - [2025-10-25T21:46:55.036+0000] {dagbag.py:588} INFO - Filling up the DagBag from /Users/komidoveneymissiamenou/Documents/Master 1 DIT/DataEnge/spark_airflow/airflow_env/lib/python3.12/site-packages/airflow/example_dags/example_time_delta_sensor_async.py
[2025-10-25T21:46:55.046+0000] {processor.py:925} INFO - DAG(s) 'example_time_delta_sensor_async' retrieved from /Users/komidoveneymissiamenou/Documents/Master 1 DIT/DataEnge/spark_airflow/airflow_env/lib/python3.12/site-packages/airflow/example_dags/example_time_delta_sensor_async.py
[2025-10-25T21:46:55.087+0000] {logging_mixin.py:190} INFO - [2025-10-25T21:46:55.087+0000] {workday.py:41} WARNING - Could not import pandas. Holidays will not be considered.
[2025-10-25T21:46:55.098+0000] {logging_mixin.py:190} INFO - [2025-10-25T21:46:55.098+0000] {dag.py:3239} INFO - Sync 1 DAGs
[2025-10-25T21:46:55.102+0000] {logging_mixin.py:190} INFO - [2025-10-25T21:46:55.102+0000] {dag.py:4180} INFO - Setting next_dagrun for example_time_delta_sensor_async to None, run_after=None
[2025-10-25T21:46:55.111+0000] {processor.py:208} INFO - Processing /Users/komidoveneymissiamenou/Documents/Master 1 DIT/DataEnge/spark_airflow/airflow_env/lib/python3.12/site-packages/airflow/example_dags/example_time_delta_sensor_async.py took 0.080 seconds
[2025-10-25T21:49:16.038+0000] {processor.py:186} INFO - Started process (PID=42136) to work on /Users/komidoveneymissiamenou/Documents/Master 1 DIT/DataEnge/spark_airflow/airflow_env/lib/python3.12/site-packages/airflow/example_dags/example_time_delta_sensor_async.py
[2025-10-25T21:49:16.038+0000] {processor.py:914} INFO - Processing file /Users/komidoveneymissiamenou/Documents/Master 1 DIT/DataEnge/spark_airflow/airflow_env/lib/python3.12/site-packages/airflow/example_dags/example_time_delta_sensor_async.py for tasks to queue
[2025-10-25T21:49:16.039+0000] {logging_mixin.py:190} INFO - [2025-10-25T21:49:16.039+0000] {dagbag.py:588} INFO - Filling up the DagBag from /Users/komidoveneymissiamenou/Documents/Master 1 DIT/DataEnge/spark_airflow/airflow_env/lib/python3.12/site-packages/airflow/example_dags/example_time_delta_sensor_async.py
[2025-10-25T21:49:16.043+0000] {processor.py:925} INFO - DAG(s) 'example_time_delta_sensor_async' retrieved from /Users/komidoveneymissiamenou/Documents/Master 1 DIT/DataEnge/spark_airflow/airflow_env/lib/python3.12/site-packages/airflow/example_dags/example_time_delta_sensor_async.py
[2025-10-25T21:49:16.087+0000] {logging_mixin.py:190} INFO - [2025-10-25T21:49:16.087+0000] {workday.py:41} WARNING - Could not import pandas. Holidays will not be considered.
[2025-10-25T21:49:16.097+0000] {logging_mixin.py:190} INFO - [2025-10-25T21:49:16.097+0000] {dag.py:3239} INFO - Sync 1 DAGs
[2025-10-25T21:49:16.102+0000] {logging_mixin.py:190} INFO - [2025-10-25T21:49:16.102+0000] {dag.py:4180} INFO - Setting next_dagrun for example_time_delta_sensor_async to None, run_after=None
[2025-10-25T21:49:16.109+0000] {processor.py:208} INFO - Processing /Users/komidoveneymissiamenou/Documents/Master 1 DIT/DataEnge/spark_airflow/airflow_env/lib/python3.12/site-packages/airflow/example_dags/example_time_delta_sensor_async.py took 0.074 seconds
[2025-10-25T21:51:22.935+0000] {processor.py:186} INFO - Started process (PID=44360) to work on /Users/komidoveneymissiamenou/Documents/Master 1 DIT/DataEnge/spark_airflow/airflow_env/lib/python3.12/site-packages/airflow/example_dags/example_time_delta_sensor_async.py
[2025-10-25T21:51:22.936+0000] {processor.py:914} INFO - Processing file /Users/komidoveneymissiamenou/Documents/Master 1 DIT/DataEnge/spark_airflow/airflow_env/lib/python3.12/site-packages/airflow/example_dags/example_time_delta_sensor_async.py for tasks to queue
[2025-10-25T21:51:22.936+0000] {logging_mixin.py:190} INFO - [2025-10-25T21:51:22.936+0000] {dagbag.py:588} INFO - Filling up the DagBag from /Users/komidoveneymissiamenou/Documents/Master 1 DIT/DataEnge/spark_airflow/airflow_env/lib/python3.12/site-packages/airflow/example_dags/example_time_delta_sensor_async.py
[2025-10-25T21:51:22.942+0000] {processor.py:925} INFO - DAG(s) 'example_time_delta_sensor_async' retrieved from /Users/komidoveneymissiamenou/Documents/Master 1 DIT/DataEnge/spark_airflow/airflow_env/lib/python3.12/site-packages/airflow/example_dags/example_time_delta_sensor_async.py
[2025-10-25T21:51:23.272+0000] {logging_mixin.py:190} INFO - [2025-10-25T21:51:23.272+0000] {dag.py:3239} INFO - Sync 1 DAGs
[2025-10-25T21:51:23.277+0000] {logging_mixin.py:190} INFO - [2025-10-25T21:51:23.276+0000] {dag.py:4180} INFO - Setting next_dagrun for example_time_delta_sensor_async to None, run_after=None
[2025-10-25T21:51:23.284+0000] {processor.py:208} INFO - Processing /Users/komidoveneymissiamenou/Documents/Master 1 DIT/DataEnge/spark_airflow/airflow_env/lib/python3.12/site-packages/airflow/example_dags/example_time_delta_sensor_async.py took 0.357 seconds
[2025-10-25T21:52:48.011+0000] {processor.py:186} INFO - Started process (PID=46307) to work on /Users/komidoveneymissiamenou/Documents/Master 1 DIT/DataEnge/spark_airflow/airflow_env/lib/python3.12/site-packages/airflow/example_dags/example_time_delta_sensor_async.py
[2025-10-25T21:52:48.012+0000] {processor.py:914} INFO - Processing file /Users/komidoveneymissiamenou/Documents/Master 1 DIT/DataEnge/spark_airflow/airflow_env/lib/python3.12/site-packages/airflow/example_dags/example_time_delta_sensor_async.py for tasks to queue
[2025-10-25T21:52:48.013+0000] {logging_mixin.py:190} INFO - [2025-10-25T21:52:48.013+0000] {dagbag.py:588} INFO - Filling up the DagBag from /Users/komidoveneymissiamenou/Documents/Master 1 DIT/DataEnge/spark_airflow/airflow_env/lib/python3.12/site-packages/airflow/example_dags/example_time_delta_sensor_async.py
[2025-10-25T21:52:48.016+0000] {processor.py:925} INFO - DAG(s) 'example_time_delta_sensor_async' retrieved from /Users/komidoveneymissiamenou/Documents/Master 1 DIT/DataEnge/spark_airflow/airflow_env/lib/python3.12/site-packages/airflow/example_dags/example_time_delta_sensor_async.py
[2025-10-25T21:52:48.262+0000] {logging_mixin.py:190} INFO - [2025-10-25T21:52:48.261+0000] {dag.py:3239} INFO - Sync 1 DAGs
[2025-10-25T21:52:48.266+0000] {logging_mixin.py:190} INFO - [2025-10-25T21:52:48.266+0000] {dag.py:4180} INFO - Setting next_dagrun for example_time_delta_sensor_async to None, run_after=None
[2025-10-25T21:52:48.273+0000] {processor.py:208} INFO - Processing /Users/komidoveneymissiamenou/Documents/Master 1 DIT/DataEnge/spark_airflow/airflow_env/lib/python3.12/site-packages/airflow/example_dags/example_time_delta_sensor_async.py took 0.263 seconds
[2025-10-25T21:54:47.967+0000] {processor.py:186} INFO - Started process (PID=48896) to work on /Users/komidoveneymissiamenou/Documents/Master 1 DIT/DataEnge/spark_airflow/airflow_env/lib/python3.12/site-packages/airflow/example_dags/example_time_delta_sensor_async.py
[2025-10-25T21:54:47.968+0000] {processor.py:914} INFO - Processing file /Users/komidoveneymissiamenou/Documents/Master 1 DIT/DataEnge/spark_airflow/airflow_env/lib/python3.12/site-packages/airflow/example_dags/example_time_delta_sensor_async.py for tasks to queue
[2025-10-25T21:54:47.968+0000] {logging_mixin.py:190} INFO - [2025-10-25T21:54:47.968+0000] {dagbag.py:588} INFO - Filling up the DagBag from /Users/komidoveneymissiamenou/Documents/Master 1 DIT/DataEnge/spark_airflow/airflow_env/lib/python3.12/site-packages/airflow/example_dags/example_time_delta_sensor_async.py
[2025-10-25T21:54:47.972+0000] {processor.py:925} INFO - DAG(s) 'example_time_delta_sensor_async' retrieved from /Users/komidoveneymissiamenou/Documents/Master 1 DIT/DataEnge/spark_airflow/airflow_env/lib/python3.12/site-packages/airflow/example_dags/example_time_delta_sensor_async.py
[2025-10-25T21:54:48.234+0000] {logging_mixin.py:190} INFO - [2025-10-25T21:54:48.234+0000] {dag.py:3239} INFO - Sync 1 DAGs
[2025-10-25T21:54:48.239+0000] {logging_mixin.py:190} INFO - [2025-10-25T21:54:48.238+0000] {dag.py:4180} INFO - Setting next_dagrun for example_time_delta_sensor_async to None, run_after=None
[2025-10-25T21:54:48.245+0000] {processor.py:208} INFO - Processing /Users/komidoveneymissiamenou/Documents/Master 1 DIT/DataEnge/spark_airflow/airflow_env/lib/python3.12/site-packages/airflow/example_dags/example_time_delta_sensor_async.py took 0.280 seconds
[2025-10-25T21:57:00.302+0000] {processor.py:186} INFO - Started process (PID=50461) to work on /Users/komidoveneymissiamenou/Documents/Master 1 DIT/DataEnge/spark_airflow/airflow_env/lib/python3.12/site-packages/airflow/example_dags/example_time_delta_sensor_async.py
[2025-10-25T21:57:00.303+0000] {processor.py:914} INFO - Processing file /Users/komidoveneymissiamenou/Documents/Master 1 DIT/DataEnge/spark_airflow/airflow_env/lib/python3.12/site-packages/airflow/example_dags/example_time_delta_sensor_async.py for tasks to queue
[2025-10-25T21:57:00.303+0000] {logging_mixin.py:190} INFO - [2025-10-25T21:57:00.303+0000] {dagbag.py:588} INFO - Filling up the DagBag from /Users/komidoveneymissiamenou/Documents/Master 1 DIT/DataEnge/spark_airflow/airflow_env/lib/python3.12/site-packages/airflow/example_dags/example_time_delta_sensor_async.py
[2025-10-25T21:57:00.309+0000] {processor.py:925} INFO - DAG(s) 'example_time_delta_sensor_async' retrieved from /Users/komidoveneymissiamenou/Documents/Master 1 DIT/DataEnge/spark_airflow/airflow_env/lib/python3.12/site-packages/airflow/example_dags/example_time_delta_sensor_async.py
[2025-10-25T21:57:00.611+0000] {logging_mixin.py:190} INFO - [2025-10-25T21:57:00.611+0000] {dag.py:3239} INFO - Sync 1 DAGs
[2025-10-25T21:57:00.616+0000] {logging_mixin.py:190} INFO - [2025-10-25T21:57:00.615+0000] {dag.py:4180} INFO - Setting next_dagrun for example_time_delta_sensor_async to None, run_after=None
[2025-10-25T21:57:00.622+0000] {processor.py:208} INFO - Processing /Users/komidoveneymissiamenou/Documents/Master 1 DIT/DataEnge/spark_airflow/airflow_env/lib/python3.12/site-packages/airflow/example_dags/example_time_delta_sensor_async.py took 0.322 seconds
[2025-10-25T21:58:23.799+0000] {processor.py:186} INFO - Started process (PID=51451) to work on /Users/komidoveneymissiamenou/Documents/Master 1 DIT/DataEnge/spark_airflow/airflow_env/lib/python3.12/site-packages/airflow/example_dags/example_time_delta_sensor_async.py
[2025-10-25T21:58:23.800+0000] {processor.py:914} INFO - Processing file /Users/komidoveneymissiamenou/Documents/Master 1 DIT/DataEnge/spark_airflow/airflow_env/lib/python3.12/site-packages/airflow/example_dags/example_time_delta_sensor_async.py for tasks to queue
[2025-10-25T21:58:23.801+0000] {logging_mixin.py:190} INFO - [2025-10-25T21:58:23.801+0000] {dagbag.py:588} INFO - Filling up the DagBag from /Users/komidoveneymissiamenou/Documents/Master 1 DIT/DataEnge/spark_airflow/airflow_env/lib/python3.12/site-packages/airflow/example_dags/example_time_delta_sensor_async.py
[2025-10-25T21:58:23.809+0000] {processor.py:925} INFO - DAG(s) 'example_time_delta_sensor_async' retrieved from /Users/komidoveneymissiamenou/Documents/Master 1 DIT/DataEnge/spark_airflow/airflow_env/lib/python3.12/site-packages/airflow/example_dags/example_time_delta_sensor_async.py
[2025-10-25T21:58:24.536+0000] {logging_mixin.py:190} INFO - [2025-10-25T21:58:24.535+0000] {dag.py:3239} INFO - Sync 1 DAGs
[2025-10-25T21:58:24.552+0000] {logging_mixin.py:190} INFO - [2025-10-25T21:58:24.551+0000] {dag.py:4180} INFO - Setting next_dagrun for example_time_delta_sensor_async to None, run_after=None
[2025-10-25T21:58:24.578+0000] {processor.py:208} INFO - Processing /Users/komidoveneymissiamenou/Documents/Master 1 DIT/DataEnge/spark_airflow/airflow_env/lib/python3.12/site-packages/airflow/example_dags/example_time_delta_sensor_async.py took 0.782 seconds
