[2025-10-25T21:39:42.056+0000] {processor.py:186} INFO - Started process (PID=32772) to work on /Users/komidoveneymissiamenou/Documents/Master 1 DIT/DataEnge/spark_airflow/airflow_env/lib/python3.12/site-packages/airflow/example_dags/example_setup_teardown.py
[2025-10-25T21:39:42.057+0000] {processor.py:914} INFO - Processing file /Users/komidoveneymissiamenou/Documents/Master 1 DIT/DataEnge/spark_airflow/airflow_env/lib/python3.12/site-packages/airflow/example_dags/example_setup_teardown.py for tasks to queue
[2025-10-25T21:39:42.057+0000] {logging_mixin.py:190} INFO - [2025-10-25T21:39:42.057+0000] {dagbag.py:588} INFO - Filling up the DagBag from /Users/komidoveneymissiamenou/Documents/Master 1 DIT/DataEnge/spark_airflow/airflow_env/lib/python3.12/site-packages/airflow/example_dags/example_setup_teardown.py
[2025-10-25T21:39:42.063+0000] {processor.py:925} INFO - DAG(s) 'example_setup_teardown' retrieved from /Users/komidoveneymissiamenou/Documents/Master 1 DIT/DataEnge/spark_airflow/airflow_env/lib/python3.12/site-packages/airflow/example_dags/example_setup_teardown.py
[2025-10-25T21:39:42.132+0000] {logging_mixin.py:190} INFO - [2025-10-25T21:39:42.131+0000] {override.py:1900} INFO - Created Permission View: can edit on DAG:example_setup_teardown
[2025-10-25T21:39:42.135+0000] {logging_mixin.py:190} INFO - [2025-10-25T21:39:42.135+0000] {override.py:1900} INFO - Created Permission View: can delete on DAG:example_setup_teardown
[2025-10-25T21:39:42.137+0000] {logging_mixin.py:190} INFO - [2025-10-25T21:39:42.137+0000] {override.py:1900} INFO - Created Permission View: can read on DAG:example_setup_teardown
[2025-10-25T21:39:42.140+0000] {logging_mixin.py:190} INFO - [2025-10-25T21:39:42.140+0000] {override.py:1900} INFO - Created Permission View: can delete on DAG Run:example_setup_teardown
[2025-10-25T21:39:42.142+0000] {logging_mixin.py:190} INFO - [2025-10-25T21:39:42.142+0000] {override.py:1900} INFO - Created Permission View: can create on DAG Run:example_setup_teardown
[2025-10-25T21:39:42.144+0000] {logging_mixin.py:190} INFO - [2025-10-25T21:39:42.144+0000] {override.py:1900} INFO - Created Permission View: can read on DAG Run:example_setup_teardown
[2025-10-25T21:39:42.146+0000] {logging_mixin.py:190} INFO - [2025-10-25T21:39:42.146+0000] {override.py:1900} INFO - Created Permission View: menu access on DAG Run:example_setup_teardown
[2025-10-25T21:39:42.146+0000] {logging_mixin.py:190} INFO - [2025-10-25T21:39:42.146+0000] {dag.py:3239} INFO - Sync 1 DAGs
[2025-10-25T21:39:42.178+0000] {logging_mixin.py:190} INFO - [2025-10-25T21:39:42.177+0000] {dag.py:3262} INFO - Creating ORM DAG for example_setup_teardown
[2025-10-25T21:39:42.178+0000] {logging_mixin.py:190} INFO - [2025-10-25T21:39:42.178+0000] {dag.py:4180} INFO - Setting next_dagrun for example_setup_teardown to None, run_after=None
[2025-10-25T21:39:42.184+0000] {processor.py:208} INFO - Processing /Users/komidoveneymissiamenou/Documents/Master 1 DIT/DataEnge/spark_airflow/airflow_env/lib/python3.12/site-packages/airflow/example_dags/example_setup_teardown.py took 0.129 seconds
[2025-10-25T21:41:37.539+0000] {processor.py:186} INFO - Started process (PID=34205) to work on /Users/komidoveneymissiamenou/Documents/Master 1 DIT/DataEnge/spark_airflow/airflow_env/lib/python3.12/site-packages/airflow/example_dags/example_setup_teardown.py
[2025-10-25T21:41:37.539+0000] {processor.py:914} INFO - Processing file /Users/komidoveneymissiamenou/Documents/Master 1 DIT/DataEnge/spark_airflow/airflow_env/lib/python3.12/site-packages/airflow/example_dags/example_setup_teardown.py for tasks to queue
[2025-10-25T21:41:37.540+0000] {logging_mixin.py:190} INFO - [2025-10-25T21:41:37.540+0000] {dagbag.py:588} INFO - Filling up the DagBag from /Users/komidoveneymissiamenou/Documents/Master 1 DIT/DataEnge/spark_airflow/airflow_env/lib/python3.12/site-packages/airflow/example_dags/example_setup_teardown.py
[2025-10-25T21:41:37.544+0000] {processor.py:925} INFO - DAG(s) 'example_setup_teardown' retrieved from /Users/komidoveneymissiamenou/Documents/Master 1 DIT/DataEnge/spark_airflow/airflow_env/lib/python3.12/site-packages/airflow/example_dags/example_setup_teardown.py
[2025-10-25T21:41:37.580+0000] {logging_mixin.py:190} INFO - [2025-10-25T21:41:37.580+0000] {dag.py:3239} INFO - Sync 1 DAGs
[2025-10-25T21:41:37.584+0000] {logging_mixin.py:190} INFO - [2025-10-25T21:41:37.584+0000] {dag.py:4180} INFO - Setting next_dagrun for example_setup_teardown to None, run_after=None
[2025-10-25T21:41:37.590+0000] {processor.py:208} INFO - Processing /Users/komidoveneymissiamenou/Documents/Master 1 DIT/DataEnge/spark_airflow/airflow_env/lib/python3.12/site-packages/airflow/example_dags/example_setup_teardown.py took 0.053 seconds
[2025-10-25T21:42:58.179+0000] {processor.py:186} INFO - Started process (PID=35188) to work on /Users/komidoveneymissiamenou/Documents/Master 1 DIT/DataEnge/spark_airflow/airflow_env/lib/python3.12/site-packages/airflow/example_dags/example_setup_teardown.py
[2025-10-25T21:42:58.180+0000] {processor.py:914} INFO - Processing file /Users/komidoveneymissiamenou/Documents/Master 1 DIT/DataEnge/spark_airflow/airflow_env/lib/python3.12/site-packages/airflow/example_dags/example_setup_teardown.py for tasks to queue
[2025-10-25T21:42:58.180+0000] {logging_mixin.py:190} INFO - [2025-10-25T21:42:58.180+0000] {dagbag.py:588} INFO - Filling up the DagBag from /Users/komidoveneymissiamenou/Documents/Master 1 DIT/DataEnge/spark_airflow/airflow_env/lib/python3.12/site-packages/airflow/example_dags/example_setup_teardown.py
[2025-10-25T21:42:58.184+0000] {processor.py:925} INFO - DAG(s) 'example_setup_teardown' retrieved from /Users/komidoveneymissiamenou/Documents/Master 1 DIT/DataEnge/spark_airflow/airflow_env/lib/python3.12/site-packages/airflow/example_dags/example_setup_teardown.py
[2025-10-25T21:42:58.222+0000] {logging_mixin.py:190} INFO - [2025-10-25T21:42:58.222+0000] {dag.py:3239} INFO - Sync 1 DAGs
[2025-10-25T21:42:58.226+0000] {logging_mixin.py:190} INFO - [2025-10-25T21:42:58.226+0000] {dag.py:4180} INFO - Setting next_dagrun for example_setup_teardown to None, run_after=None
[2025-10-25T21:42:58.233+0000] {processor.py:208} INFO - Processing /Users/komidoveneymissiamenou/Documents/Master 1 DIT/DataEnge/spark_airflow/airflow_env/lib/python3.12/site-packages/airflow/example_dags/example_setup_teardown.py took 0.055 seconds
[2025-10-25T21:44:16.855+0000] {processor.py:186} INFO - Started process (PID=36139) to work on /Users/komidoveneymissiamenou/Documents/Master 1 DIT/DataEnge/spark_airflow/airflow_env/lib/python3.12/site-packages/airflow/example_dags/example_setup_teardown.py
[2025-10-25T21:44:16.858+0000] {processor.py:914} INFO - Processing file /Users/komidoveneymissiamenou/Documents/Master 1 DIT/DataEnge/spark_airflow/airflow_env/lib/python3.12/site-packages/airflow/example_dags/example_setup_teardown.py for tasks to queue
[2025-10-25T21:44:16.858+0000] {logging_mixin.py:190} INFO - [2025-10-25T21:44:16.858+0000] {dagbag.py:588} INFO - Filling up the DagBag from /Users/komidoveneymissiamenou/Documents/Master 1 DIT/DataEnge/spark_airflow/airflow_env/lib/python3.12/site-packages/airflow/example_dags/example_setup_teardown.py
[2025-10-25T21:44:16.865+0000] {processor.py:925} INFO - DAG(s) 'example_setup_teardown' retrieved from /Users/komidoveneymissiamenou/Documents/Master 1 DIT/DataEnge/spark_airflow/airflow_env/lib/python3.12/site-packages/airflow/example_dags/example_setup_teardown.py
[2025-10-25T21:44:16.904+0000] {logging_mixin.py:190} INFO - [2025-10-25T21:44:16.904+0000] {dag.py:3239} INFO - Sync 1 DAGs
[2025-10-25T21:44:16.908+0000] {logging_mixin.py:190} INFO - [2025-10-25T21:44:16.908+0000] {dag.py:4180} INFO - Setting next_dagrun for example_setup_teardown to None, run_after=None
[2025-10-25T21:44:16.915+0000] {processor.py:208} INFO - Processing /Users/komidoveneymissiamenou/Documents/Master 1 DIT/DataEnge/spark_airflow/airflow_env/lib/python3.12/site-packages/airflow/example_dags/example_setup_teardown.py took 0.061 seconds
[2025-10-25T21:45:37.794+0000] {processor.py:186} INFO - Started process (PID=37452) to work on /Users/komidoveneymissiamenou/Documents/Master 1 DIT/DataEnge/spark_airflow/airflow_env/lib/python3.12/site-packages/airflow/example_dags/example_setup_teardown.py
[2025-10-25T21:45:37.796+0000] {processor.py:914} INFO - Processing file /Users/komidoveneymissiamenou/Documents/Master 1 DIT/DataEnge/spark_airflow/airflow_env/lib/python3.12/site-packages/airflow/example_dags/example_setup_teardown.py for tasks to queue
[2025-10-25T21:45:37.796+0000] {logging_mixin.py:190} INFO - [2025-10-25T21:45:37.796+0000] {dagbag.py:588} INFO - Filling up the DagBag from /Users/komidoveneymissiamenou/Documents/Master 1 DIT/DataEnge/spark_airflow/airflow_env/lib/python3.12/site-packages/airflow/example_dags/example_setup_teardown.py
[2025-10-25T21:45:37.801+0000] {processor.py:925} INFO - DAG(s) 'example_setup_teardown' retrieved from /Users/komidoveneymissiamenou/Documents/Master 1 DIT/DataEnge/spark_airflow/airflow_env/lib/python3.12/site-packages/airflow/example_dags/example_setup_teardown.py
[2025-10-25T21:45:37.840+0000] {logging_mixin.py:190} INFO - [2025-10-25T21:45:37.840+0000] {dag.py:3239} INFO - Sync 1 DAGs
[2025-10-25T21:45:37.844+0000] {logging_mixin.py:190} INFO - [2025-10-25T21:45:37.844+0000] {dag.py:4180} INFO - Setting next_dagrun for example_setup_teardown to None, run_after=None
[2025-10-25T21:45:37.851+0000] {processor.py:208} INFO - Processing /Users/komidoveneymissiamenou/Documents/Master 1 DIT/DataEnge/spark_airflow/airflow_env/lib/python3.12/site-packages/airflow/example_dags/example_setup_teardown.py took 0.058 seconds
[2025-10-25T21:47:12.669+0000] {processor.py:186} INFO - Started process (PID=38773) to work on /Users/komidoveneymissiamenou/Documents/Master 1 DIT/DataEnge/spark_airflow/airflow_env/lib/python3.12/site-packages/airflow/example_dags/example_setup_teardown.py
[2025-10-25T21:47:12.672+0000] {processor.py:914} INFO - Processing file /Users/komidoveneymissiamenou/Documents/Master 1 DIT/DataEnge/spark_airflow/airflow_env/lib/python3.12/site-packages/airflow/example_dags/example_setup_teardown.py for tasks to queue
[2025-10-25T21:47:12.673+0000] {logging_mixin.py:190} INFO - [2025-10-25T21:47:12.673+0000] {dagbag.py:588} INFO - Filling up the DagBag from /Users/komidoveneymissiamenou/Documents/Master 1 DIT/DataEnge/spark_airflow/airflow_env/lib/python3.12/site-packages/airflow/example_dags/example_setup_teardown.py
[2025-10-25T21:47:12.680+0000] {processor.py:925} INFO - DAG(s) 'example_setup_teardown' retrieved from /Users/komidoveneymissiamenou/Documents/Master 1 DIT/DataEnge/spark_airflow/airflow_env/lib/python3.12/site-packages/airflow/example_dags/example_setup_teardown.py
[2025-10-25T21:47:12.729+0000] {logging_mixin.py:190} INFO - [2025-10-25T21:47:12.729+0000] {dag.py:3239} INFO - Sync 1 DAGs
[2025-10-25T21:47:12.733+0000] {logging_mixin.py:190} INFO - [2025-10-25T21:47:12.733+0000] {dag.py:4180} INFO - Setting next_dagrun for example_setup_teardown to None, run_after=None
[2025-10-25T21:47:12.744+0000] {processor.py:208} INFO - Processing /Users/komidoveneymissiamenou/Documents/Master 1 DIT/DataEnge/spark_airflow/airflow_env/lib/python3.12/site-packages/airflow/example_dags/example_setup_teardown.py took 0.077 seconds
[2025-10-25T21:49:32.065+0000] {processor.py:186} INFO - Started process (PID=42560) to work on /Users/komidoveneymissiamenou/Documents/Master 1 DIT/DataEnge/spark_airflow/airflow_env/lib/python3.12/site-packages/airflow/example_dags/example_setup_teardown.py
[2025-10-25T21:49:32.066+0000] {processor.py:914} INFO - Processing file /Users/komidoveneymissiamenou/Documents/Master 1 DIT/DataEnge/spark_airflow/airflow_env/lib/python3.12/site-packages/airflow/example_dags/example_setup_teardown.py for tasks to queue
[2025-10-25T21:49:32.066+0000] {logging_mixin.py:190} INFO - [2025-10-25T21:49:32.066+0000] {dagbag.py:588} INFO - Filling up the DagBag from /Users/komidoveneymissiamenou/Documents/Master 1 DIT/DataEnge/spark_airflow/airflow_env/lib/python3.12/site-packages/airflow/example_dags/example_setup_teardown.py
[2025-10-25T21:49:32.074+0000] {processor.py:925} INFO - DAG(s) 'example_setup_teardown' retrieved from /Users/komidoveneymissiamenou/Documents/Master 1 DIT/DataEnge/spark_airflow/airflow_env/lib/python3.12/site-packages/airflow/example_dags/example_setup_teardown.py
[2025-10-25T21:49:32.114+0000] {logging_mixin.py:190} INFO - [2025-10-25T21:49:32.114+0000] {dag.py:3239} INFO - Sync 1 DAGs
[2025-10-25T21:49:32.118+0000] {logging_mixin.py:190} INFO - [2025-10-25T21:49:32.118+0000] {dag.py:4180} INFO - Setting next_dagrun for example_setup_teardown to None, run_after=None
[2025-10-25T21:49:32.126+0000] {processor.py:208} INFO - Processing /Users/komidoveneymissiamenou/Documents/Master 1 DIT/DataEnge/spark_airflow/airflow_env/lib/python3.12/site-packages/airflow/example_dags/example_setup_teardown.py took 0.064 seconds
[2025-10-25T21:51:41.275+0000] {processor.py:186} INFO - Started process (PID=44822) to work on /Users/komidoveneymissiamenou/Documents/Master 1 DIT/DataEnge/spark_airflow/airflow_env/lib/python3.12/site-packages/airflow/example_dags/example_setup_teardown.py
[2025-10-25T21:51:41.276+0000] {processor.py:914} INFO - Processing file /Users/komidoveneymissiamenou/Documents/Master 1 DIT/DataEnge/spark_airflow/airflow_env/lib/python3.12/site-packages/airflow/example_dags/example_setup_teardown.py for tasks to queue
[2025-10-25T21:51:41.276+0000] {logging_mixin.py:190} INFO - [2025-10-25T21:51:41.276+0000] {dagbag.py:588} INFO - Filling up the DagBag from /Users/komidoveneymissiamenou/Documents/Master 1 DIT/DataEnge/spark_airflow/airflow_env/lib/python3.12/site-packages/airflow/example_dags/example_setup_teardown.py
[2025-10-25T21:51:41.280+0000] {processor.py:925} INFO - DAG(s) 'example_setup_teardown' retrieved from /Users/komidoveneymissiamenou/Documents/Master 1 DIT/DataEnge/spark_airflow/airflow_env/lib/python3.12/site-packages/airflow/example_dags/example_setup_teardown.py
[2025-10-25T21:51:41.318+0000] {logging_mixin.py:190} INFO - [2025-10-25T21:51:41.318+0000] {dag.py:3239} INFO - Sync 1 DAGs
[2025-10-25T21:51:41.322+0000] {logging_mixin.py:190} INFO - [2025-10-25T21:51:41.322+0000] {dag.py:4180} INFO - Setting next_dagrun for example_setup_teardown to None, run_after=None
[2025-10-25T21:51:41.330+0000] {processor.py:208} INFO - Processing /Users/komidoveneymissiamenou/Documents/Master 1 DIT/DataEnge/spark_airflow/airflow_env/lib/python3.12/site-packages/airflow/example_dags/example_setup_teardown.py took 0.056 seconds
[2025-10-25T21:53:09.965+0000] {processor.py:186} INFO - Started process (PID=46553) to work on /Users/komidoveneymissiamenou/Documents/Master 1 DIT/DataEnge/spark_airflow/airflow_env/lib/python3.12/site-packages/airflow/example_dags/example_setup_teardown.py
[2025-10-25T21:53:09.966+0000] {processor.py:914} INFO - Processing file /Users/komidoveneymissiamenou/Documents/Master 1 DIT/DataEnge/spark_airflow/airflow_env/lib/python3.12/site-packages/airflow/example_dags/example_setup_teardown.py for tasks to queue
[2025-10-25T21:53:09.967+0000] {logging_mixin.py:190} INFO - [2025-10-25T21:53:09.967+0000] {dagbag.py:588} INFO - Filling up the DagBag from /Users/komidoveneymissiamenou/Documents/Master 1 DIT/DataEnge/spark_airflow/airflow_env/lib/python3.12/site-packages/airflow/example_dags/example_setup_teardown.py
[2025-10-25T21:53:09.976+0000] {processor.py:925} INFO - DAG(s) 'example_setup_teardown' retrieved from /Users/komidoveneymissiamenou/Documents/Master 1 DIT/DataEnge/spark_airflow/airflow_env/lib/python3.12/site-packages/airflow/example_dags/example_setup_teardown.py
[2025-10-25T21:53:10.024+0000] {logging_mixin.py:190} INFO - [2025-10-25T21:53:10.024+0000] {dag.py:3239} INFO - Sync 1 DAGs
[2025-10-25T21:53:10.029+0000] {logging_mixin.py:190} INFO - [2025-10-25T21:53:10.029+0000] {dag.py:4180} INFO - Setting next_dagrun for example_setup_teardown to None, run_after=None
[2025-10-25T21:53:10.036+0000] {processor.py:208} INFO - Processing /Users/komidoveneymissiamenou/Documents/Master 1 DIT/DataEnge/spark_airflow/airflow_env/lib/python3.12/site-packages/airflow/example_dags/example_setup_teardown.py took 0.073 seconds
[2025-10-25T21:55:12.244+0000] {processor.py:186} INFO - Started process (PID=49192) to work on /Users/komidoveneymissiamenou/Documents/Master 1 DIT/DataEnge/spark_airflow/airflow_env/lib/python3.12/site-packages/airflow/example_dags/example_setup_teardown.py
[2025-10-25T21:55:12.248+0000] {processor.py:914} INFO - Processing file /Users/komidoveneymissiamenou/Documents/Master 1 DIT/DataEnge/spark_airflow/airflow_env/lib/python3.12/site-packages/airflow/example_dags/example_setup_teardown.py for tasks to queue
[2025-10-25T21:55:12.250+0000] {logging_mixin.py:190} INFO - [2025-10-25T21:55:12.249+0000] {dagbag.py:588} INFO - Filling up the DagBag from /Users/komidoveneymissiamenou/Documents/Master 1 DIT/DataEnge/spark_airflow/airflow_env/lib/python3.12/site-packages/airflow/example_dags/example_setup_teardown.py
[2025-10-25T21:55:12.259+0000] {processor.py:925} INFO - DAG(s) 'example_setup_teardown' retrieved from /Users/komidoveneymissiamenou/Documents/Master 1 DIT/DataEnge/spark_airflow/airflow_env/lib/python3.12/site-packages/airflow/example_dags/example_setup_teardown.py
[2025-10-25T21:55:12.305+0000] {logging_mixin.py:190} INFO - [2025-10-25T21:55:12.305+0000] {dag.py:3239} INFO - Sync 1 DAGs
[2025-10-25T21:55:12.310+0000] {logging_mixin.py:190} INFO - [2025-10-25T21:55:12.310+0000] {dag.py:4180} INFO - Setting next_dagrun for example_setup_teardown to None, run_after=None
[2025-10-25T21:55:12.318+0000] {processor.py:208} INFO - Processing /Users/komidoveneymissiamenou/Documents/Master 1 DIT/DataEnge/spark_airflow/airflow_env/lib/python3.12/site-packages/airflow/example_dags/example_setup_teardown.py took 0.076 seconds
[2025-10-25T21:57:15.651+0000] {processor.py:186} INFO - Started process (PID=50644) to work on /Users/komidoveneymissiamenou/Documents/Master 1 DIT/DataEnge/spark_airflow/airflow_env/lib/python3.12/site-packages/airflow/example_dags/example_setup_teardown.py
[2025-10-25T21:57:15.652+0000] {processor.py:914} INFO - Processing file /Users/komidoveneymissiamenou/Documents/Master 1 DIT/DataEnge/spark_airflow/airflow_env/lib/python3.12/site-packages/airflow/example_dags/example_setup_teardown.py for tasks to queue
[2025-10-25T21:57:15.652+0000] {logging_mixin.py:190} INFO - [2025-10-25T21:57:15.652+0000] {dagbag.py:588} INFO - Filling up the DagBag from /Users/komidoveneymissiamenou/Documents/Master 1 DIT/DataEnge/spark_airflow/airflow_env/lib/python3.12/site-packages/airflow/example_dags/example_setup_teardown.py
[2025-10-25T21:57:15.656+0000] {processor.py:925} INFO - DAG(s) 'example_setup_teardown' retrieved from /Users/komidoveneymissiamenou/Documents/Master 1 DIT/DataEnge/spark_airflow/airflow_env/lib/python3.12/site-packages/airflow/example_dags/example_setup_teardown.py
[2025-10-25T21:57:15.691+0000] {logging_mixin.py:190} INFO - [2025-10-25T21:57:15.691+0000] {dag.py:3239} INFO - Sync 1 DAGs
[2025-10-25T21:57:15.695+0000] {logging_mixin.py:190} INFO - [2025-10-25T21:57:15.694+0000] {dag.py:4180} INFO - Setting next_dagrun for example_setup_teardown to None, run_after=None
[2025-10-25T21:57:15.701+0000] {processor.py:208} INFO - Processing /Users/komidoveneymissiamenou/Documents/Master 1 DIT/DataEnge/spark_airflow/airflow_env/lib/python3.12/site-packages/airflow/example_dags/example_setup_teardown.py took 0.051 seconds
[2025-10-25T21:58:43.874+0000] {processor.py:186} INFO - Started process (PID=51696) to work on /Users/komidoveneymissiamenou/Documents/Master 1 DIT/DataEnge/spark_airflow/airflow_env/lib/python3.12/site-packages/airflow/example_dags/example_setup_teardown.py
[2025-10-25T21:58:43.875+0000] {processor.py:914} INFO - Processing file /Users/komidoveneymissiamenou/Documents/Master 1 DIT/DataEnge/spark_airflow/airflow_env/lib/python3.12/site-packages/airflow/example_dags/example_setup_teardown.py for tasks to queue
[2025-10-25T21:58:43.876+0000] {logging_mixin.py:190} INFO - [2025-10-25T21:58:43.876+0000] {dagbag.py:588} INFO - Filling up the DagBag from /Users/komidoveneymissiamenou/Documents/Master 1 DIT/DataEnge/spark_airflow/airflow_env/lib/python3.12/site-packages/airflow/example_dags/example_setup_teardown.py
[2025-10-25T21:58:43.880+0000] {processor.py:925} INFO - DAG(s) 'example_setup_teardown' retrieved from /Users/komidoveneymissiamenou/Documents/Master 1 DIT/DataEnge/spark_airflow/airflow_env/lib/python3.12/site-packages/airflow/example_dags/example_setup_teardown.py
[2025-10-25T21:58:43.925+0000] {logging_mixin.py:190} INFO - [2025-10-25T21:58:43.925+0000] {dag.py:3239} INFO - Sync 1 DAGs
[2025-10-25T21:58:43.930+0000] {logging_mixin.py:190} INFO - [2025-10-25T21:58:43.929+0000] {dag.py:4180} INFO - Setting next_dagrun for example_setup_teardown to None, run_after=None
[2025-10-25T21:58:43.936+0000] {processor.py:208} INFO - Processing /Users/komidoveneymissiamenou/Documents/Master 1 DIT/DataEnge/spark_airflow/airflow_env/lib/python3.12/site-packages/airflow/example_dags/example_setup_teardown.py took 0.063 seconds
