[2025-10-25T21:39:55.456+0000] {processor.py:186} INFO - Started process (PID=32934) to work on /Users/komidoveneymissiamenou/Documents/Master 1 DIT/DataEnge/spark_airflow/airflow_env/lib/python3.12/site-packages/airflow/example_dags/example_params_trigger_ui.py
[2025-10-25T21:39:55.456+0000] {processor.py:914} INFO - Processing file /Users/komidoveneymissiamenou/Documents/Master 1 DIT/DataEnge/spark_airflow/airflow_env/lib/python3.12/site-packages/airflow/example_dags/example_params_trigger_ui.py for tasks to queue
[2025-10-25T21:39:55.457+0000] {logging_mixin.py:190} INFO - [2025-10-25T21:39:55.456+0000] {dagbag.py:588} INFO - Filling up the DagBag from /Users/komidoveneymissiamenou/Documents/Master 1 DIT/DataEnge/spark_airflow/airflow_env/lib/python3.12/site-packages/airflow/example_dags/example_params_trigger_ui.py
[2025-10-25T21:39:55.474+0000] {processor.py:925} INFO - DAG(s) 'example_params_trigger_ui' retrieved from /Users/komidoveneymissiamenou/Documents/Master 1 DIT/DataEnge/spark_airflow/airflow_env/lib/python3.12/site-packages/airflow/example_dags/example_params_trigger_ui.py
[2025-10-25T21:39:55.581+0000] {logging_mixin.py:190} INFO - [2025-10-25T21:39:55.580+0000] {override.py:1900} INFO - Created Permission View: can read on DAG:example_params_trigger_ui
[2025-10-25T21:39:55.584+0000] {logging_mixin.py:190} INFO - [2025-10-25T21:39:55.584+0000] {override.py:1900} INFO - Created Permission View: can edit on DAG:example_params_trigger_ui
[2025-10-25T21:39:55.587+0000] {logging_mixin.py:190} INFO - [2025-10-25T21:39:55.586+0000] {override.py:1900} INFO - Created Permission View: can delete on DAG:example_params_trigger_ui
[2025-10-25T21:39:55.590+0000] {logging_mixin.py:190} INFO - [2025-10-25T21:39:55.590+0000] {override.py:1900} INFO - Created Permission View: can create on DAG Run:example_params_trigger_ui
[2025-10-25T21:39:55.592+0000] {logging_mixin.py:190} INFO - [2025-10-25T21:39:55.592+0000] {override.py:1900} INFO - Created Permission View: can read on DAG Run:example_params_trigger_ui
[2025-10-25T21:39:55.594+0000] {logging_mixin.py:190} INFO - [2025-10-25T21:39:55.594+0000] {override.py:1900} INFO - Created Permission View: menu access on DAG Run:example_params_trigger_ui
[2025-10-25T21:39:55.596+0000] {logging_mixin.py:190} INFO - [2025-10-25T21:39:55.596+0000] {override.py:1900} INFO - Created Permission View: can delete on DAG Run:example_params_trigger_ui
[2025-10-25T21:39:55.596+0000] {logging_mixin.py:190} INFO - [2025-10-25T21:39:55.596+0000] {dag.py:3239} INFO - Sync 1 DAGs
[2025-10-25T21:39:55.601+0000] {logging_mixin.py:190} INFO - [2025-10-25T21:39:55.601+0000] {dag.py:3262} INFO - Creating ORM DAG for example_params_trigger_ui
[2025-10-25T21:39:55.601+0000] {logging_mixin.py:190} INFO - [2025-10-25T21:39:55.601+0000] {dag.py:4180} INFO - Setting next_dagrun for example_params_trigger_ui to None, run_after=None
[2025-10-25T21:39:55.607+0000] {processor.py:208} INFO - Processing /Users/komidoveneymissiamenou/Documents/Master 1 DIT/DataEnge/spark_airflow/airflow_env/lib/python3.12/site-packages/airflow/example_dags/example_params_trigger_ui.py took 0.153 seconds
[2025-10-25T21:41:50.550+0000] {processor.py:186} INFO - Started process (PID=34369) to work on /Users/komidoveneymissiamenou/Documents/Master 1 DIT/DataEnge/spark_airflow/airflow_env/lib/python3.12/site-packages/airflow/example_dags/example_params_trigger_ui.py
[2025-10-25T21:41:50.551+0000] {processor.py:914} INFO - Processing file /Users/komidoveneymissiamenou/Documents/Master 1 DIT/DataEnge/spark_airflow/airflow_env/lib/python3.12/site-packages/airflow/example_dags/example_params_trigger_ui.py for tasks to queue
[2025-10-25T21:41:50.551+0000] {logging_mixin.py:190} INFO - [2025-10-25T21:41:50.551+0000] {dagbag.py:588} INFO - Filling up the DagBag from /Users/komidoveneymissiamenou/Documents/Master 1 DIT/DataEnge/spark_airflow/airflow_env/lib/python3.12/site-packages/airflow/example_dags/example_params_trigger_ui.py
[2025-10-25T21:41:50.567+0000] {processor.py:925} INFO - DAG(s) 'example_params_trigger_ui' retrieved from /Users/komidoveneymissiamenou/Documents/Master 1 DIT/DataEnge/spark_airflow/airflow_env/lib/python3.12/site-packages/airflow/example_dags/example_params_trigger_ui.py
[2025-10-25T21:41:50.609+0000] {logging_mixin.py:190} INFO - [2025-10-25T21:41:50.609+0000] {dag.py:3239} INFO - Sync 1 DAGs
[2025-10-25T21:41:50.613+0000] {logging_mixin.py:190} INFO - [2025-10-25T21:41:50.613+0000] {dag.py:4180} INFO - Setting next_dagrun for example_params_trigger_ui to None, run_after=None
[2025-10-25T21:41:50.620+0000] {processor.py:208} INFO - Processing /Users/komidoveneymissiamenou/Documents/Master 1 DIT/DataEnge/spark_airflow/airflow_env/lib/python3.12/site-packages/airflow/example_dags/example_params_trigger_ui.py took 0.072 seconds
[2025-10-25T21:44:24.909+0000] {processor.py:186} INFO - Started process (PID=36229) to work on /Users/komidoveneymissiamenou/Documents/Master 1 DIT/DataEnge/spark_airflow/airflow_env/lib/python3.12/site-packages/airflow/example_dags/example_params_trigger_ui.py
[2025-10-25T21:44:24.910+0000] {processor.py:914} INFO - Processing file /Users/komidoveneymissiamenou/Documents/Master 1 DIT/DataEnge/spark_airflow/airflow_env/lib/python3.12/site-packages/airflow/example_dags/example_params_trigger_ui.py for tasks to queue
[2025-10-25T21:44:24.910+0000] {logging_mixin.py:190} INFO - [2025-10-25T21:44:24.910+0000] {dagbag.py:588} INFO - Filling up the DagBag from /Users/komidoveneymissiamenou/Documents/Master 1 DIT/DataEnge/spark_airflow/airflow_env/lib/python3.12/site-packages/airflow/example_dags/example_params_trigger_ui.py
[2025-10-25T21:44:24.934+0000] {processor.py:925} INFO - DAG(s) 'example_params_trigger_ui' retrieved from /Users/komidoveneymissiamenou/Documents/Master 1 DIT/DataEnge/spark_airflow/airflow_env/lib/python3.12/site-packages/airflow/example_dags/example_params_trigger_ui.py
[2025-10-25T21:44:24.985+0000] {logging_mixin.py:190} INFO - [2025-10-25T21:44:24.985+0000] {dag.py:3239} INFO - Sync 1 DAGs
[2025-10-25T21:44:24.989+0000] {logging_mixin.py:190} INFO - [2025-10-25T21:44:24.989+0000] {dag.py:4180} INFO - Setting next_dagrun for example_params_trigger_ui to None, run_after=None
[2025-10-25T21:44:24.996+0000] {processor.py:208} INFO - Processing /Users/komidoveneymissiamenou/Documents/Master 1 DIT/DataEnge/spark_airflow/airflow_env/lib/python3.12/site-packages/airflow/example_dags/example_params_trigger_ui.py took 0.089 seconds
[2025-10-25T21:47:26.910+0000] {processor.py:186} INFO - Started process (PID=39111) to work on /Users/komidoveneymissiamenou/Documents/Master 1 DIT/DataEnge/spark_airflow/airflow_env/lib/python3.12/site-packages/airflow/example_dags/example_params_trigger_ui.py
[2025-10-25T21:47:26.911+0000] {processor.py:914} INFO - Processing file /Users/komidoveneymissiamenou/Documents/Master 1 DIT/DataEnge/spark_airflow/airflow_env/lib/python3.12/site-packages/airflow/example_dags/example_params_trigger_ui.py for tasks to queue
[2025-10-25T21:47:26.911+0000] {logging_mixin.py:190} INFO - [2025-10-25T21:47:26.911+0000] {dagbag.py:588} INFO - Filling up the DagBag from /Users/komidoveneymissiamenou/Documents/Master 1 DIT/DataEnge/spark_airflow/airflow_env/lib/python3.12/site-packages/airflow/example_dags/example_params_trigger_ui.py
[2025-10-25T21:47:26.934+0000] {processor.py:925} INFO - DAG(s) 'example_params_trigger_ui' retrieved from /Users/komidoveneymissiamenou/Documents/Master 1 DIT/DataEnge/spark_airflow/airflow_env/lib/python3.12/site-packages/airflow/example_dags/example_params_trigger_ui.py
[2025-10-25T21:47:26.981+0000] {logging_mixin.py:190} INFO - [2025-10-25T21:47:26.981+0000] {dag.py:3239} INFO - Sync 1 DAGs
[2025-10-25T21:47:26.985+0000] {logging_mixin.py:190} INFO - [2025-10-25T21:47:26.985+0000] {dag.py:4180} INFO - Setting next_dagrun for example_params_trigger_ui to None, run_after=None
[2025-10-25T21:47:26.993+0000] {processor.py:208} INFO - Processing /Users/komidoveneymissiamenou/Documents/Master 1 DIT/DataEnge/spark_airflow/airflow_env/lib/python3.12/site-packages/airflow/example_dags/example_params_trigger_ui.py took 0.085 seconds
[2025-10-25T21:49:45.825+0000] {processor.py:186} INFO - Started process (PID=42786) to work on /Users/komidoveneymissiamenou/Documents/Master 1 DIT/DataEnge/spark_airflow/airflow_env/lib/python3.12/site-packages/airflow/example_dags/example_params_trigger_ui.py
[2025-10-25T21:49:45.827+0000] {processor.py:914} INFO - Processing file /Users/komidoveneymissiamenou/Documents/Master 1 DIT/DataEnge/spark_airflow/airflow_env/lib/python3.12/site-packages/airflow/example_dags/example_params_trigger_ui.py for tasks to queue
[2025-10-25T21:49:45.828+0000] {logging_mixin.py:190} INFO - [2025-10-25T21:49:45.827+0000] {dagbag.py:588} INFO - Filling up the DagBag from /Users/komidoveneymissiamenou/Documents/Master 1 DIT/DataEnge/spark_airflow/airflow_env/lib/python3.12/site-packages/airflow/example_dags/example_params_trigger_ui.py
[2025-10-25T21:49:45.847+0000] {processor.py:925} INFO - DAG(s) 'example_params_trigger_ui' retrieved from /Users/komidoveneymissiamenou/Documents/Master 1 DIT/DataEnge/spark_airflow/airflow_env/lib/python3.12/site-packages/airflow/example_dags/example_params_trigger_ui.py
[2025-10-25T21:49:45.890+0000] {logging_mixin.py:190} INFO - [2025-10-25T21:49:45.890+0000] {dag.py:3239} INFO - Sync 1 DAGs
[2025-10-25T21:49:45.894+0000] {logging_mixin.py:190} INFO - [2025-10-25T21:49:45.894+0000] {dag.py:4180} INFO - Setting next_dagrun for example_params_trigger_ui to None, run_after=None
[2025-10-25T21:49:45.902+0000] {processor.py:208} INFO - Processing /Users/komidoveneymissiamenou/Documents/Master 1 DIT/DataEnge/spark_airflow/airflow_env/lib/python3.12/site-packages/airflow/example_dags/example_params_trigger_ui.py took 0.078 seconds
[2025-10-25T21:51:55.195+0000] {processor.py:186} INFO - Started process (PID=44979) to work on /Users/komidoveneymissiamenou/Documents/Master 1 DIT/DataEnge/spark_airflow/airflow_env/lib/python3.12/site-packages/airflow/example_dags/example_params_trigger_ui.py
[2025-10-25T21:51:55.196+0000] {processor.py:914} INFO - Processing file /Users/komidoveneymissiamenou/Documents/Master 1 DIT/DataEnge/spark_airflow/airflow_env/lib/python3.12/site-packages/airflow/example_dags/example_params_trigger_ui.py for tasks to queue
[2025-10-25T21:51:55.197+0000] {logging_mixin.py:190} INFO - [2025-10-25T21:51:55.197+0000] {dagbag.py:588} INFO - Filling up the DagBag from /Users/komidoveneymissiamenou/Documents/Master 1 DIT/DataEnge/spark_airflow/airflow_env/lib/python3.12/site-packages/airflow/example_dags/example_params_trigger_ui.py
[2025-10-25T21:51:55.220+0000] {processor.py:925} INFO - DAG(s) 'example_params_trigger_ui' retrieved from /Users/komidoveneymissiamenou/Documents/Master 1 DIT/DataEnge/spark_airflow/airflow_env/lib/python3.12/site-packages/airflow/example_dags/example_params_trigger_ui.py
[2025-10-25T21:51:55.264+0000] {logging_mixin.py:190} INFO - [2025-10-25T21:51:55.264+0000] {dag.py:3239} INFO - Sync 1 DAGs
[2025-10-25T21:51:55.268+0000] {logging_mixin.py:190} INFO - [2025-10-25T21:51:55.268+0000] {dag.py:4180} INFO - Setting next_dagrun for example_params_trigger_ui to None, run_after=None
[2025-10-25T21:51:55.275+0000] {processor.py:208} INFO - Processing /Users/komidoveneymissiamenou/Documents/Master 1 DIT/DataEnge/spark_airflow/airflow_env/lib/python3.12/site-packages/airflow/example_dags/example_params_trigger_ui.py took 0.081 seconds
[2025-10-25T21:55:27.600+0000] {processor.py:186} INFO - Started process (PID=49370) to work on /Users/komidoveneymissiamenou/Documents/Master 1 DIT/DataEnge/spark_airflow/airflow_env/lib/python3.12/site-packages/airflow/example_dags/example_params_trigger_ui.py
[2025-10-25T21:55:27.601+0000] {processor.py:914} INFO - Processing file /Users/komidoveneymissiamenou/Documents/Master 1 DIT/DataEnge/spark_airflow/airflow_env/lib/python3.12/site-packages/airflow/example_dags/example_params_trigger_ui.py for tasks to queue
[2025-10-25T21:55:27.601+0000] {logging_mixin.py:190} INFO - [2025-10-25T21:55:27.601+0000] {dagbag.py:588} INFO - Filling up the DagBag from /Users/komidoveneymissiamenou/Documents/Master 1 DIT/DataEnge/spark_airflow/airflow_env/lib/python3.12/site-packages/airflow/example_dags/example_params_trigger_ui.py
[2025-10-25T21:55:27.617+0000] {processor.py:925} INFO - DAG(s) 'example_params_trigger_ui' retrieved from /Users/komidoveneymissiamenou/Documents/Master 1 DIT/DataEnge/spark_airflow/airflow_env/lib/python3.12/site-packages/airflow/example_dags/example_params_trigger_ui.py
[2025-10-25T21:55:27.660+0000] {logging_mixin.py:190} INFO - [2025-10-25T21:55:27.659+0000] {dag.py:3239} INFO - Sync 1 DAGs
[2025-10-25T21:55:27.663+0000] {logging_mixin.py:190} INFO - [2025-10-25T21:55:27.663+0000] {dag.py:4180} INFO - Setting next_dagrun for example_params_trigger_ui to None, run_after=None
[2025-10-25T21:55:27.671+0000] {processor.py:208} INFO - Processing /Users/komidoveneymissiamenou/Documents/Master 1 DIT/DataEnge/spark_airflow/airflow_env/lib/python3.12/site-packages/airflow/example_dags/example_params_trigger_ui.py took 0.072 seconds
[2025-10-25T21:57:29.493+0000] {processor.py:186} INFO - Started process (PID=50810) to work on /Users/komidoveneymissiamenou/Documents/Master 1 DIT/DataEnge/spark_airflow/airflow_env/lib/python3.12/site-packages/airflow/example_dags/example_params_trigger_ui.py
[2025-10-25T21:57:29.493+0000] {processor.py:914} INFO - Processing file /Users/komidoveneymissiamenou/Documents/Master 1 DIT/DataEnge/spark_airflow/airflow_env/lib/python3.12/site-packages/airflow/example_dags/example_params_trigger_ui.py for tasks to queue
[2025-10-25T21:57:29.494+0000] {logging_mixin.py:190} INFO - [2025-10-25T21:57:29.494+0000] {dagbag.py:588} INFO - Filling up the DagBag from /Users/komidoveneymissiamenou/Documents/Master 1 DIT/DataEnge/spark_airflow/airflow_env/lib/python3.12/site-packages/airflow/example_dags/example_params_trigger_ui.py
[2025-10-25T21:57:29.511+0000] {processor.py:925} INFO - DAG(s) 'example_params_trigger_ui' retrieved from /Users/komidoveneymissiamenou/Documents/Master 1 DIT/DataEnge/spark_airflow/airflow_env/lib/python3.12/site-packages/airflow/example_dags/example_params_trigger_ui.py
[2025-10-25T21:57:29.553+0000] {logging_mixin.py:190} INFO - [2025-10-25T21:57:29.553+0000] {dag.py:3239} INFO - Sync 1 DAGs
[2025-10-25T21:57:29.557+0000] {logging_mixin.py:190} INFO - [2025-10-25T21:57:29.557+0000] {dag.py:4180} INFO - Setting next_dagrun for example_params_trigger_ui to None, run_after=None
[2025-10-25T21:57:29.564+0000] {processor.py:208} INFO - Processing /Users/komidoveneymissiamenou/Documents/Master 1 DIT/DataEnge/spark_airflow/airflow_env/lib/python3.12/site-packages/airflow/example_dags/example_params_trigger_ui.py took 0.072 seconds
