[2025-10-25T21:40:09.536+0000] {processor.py:186} INFO - Started process (PID=33106) to work on /Users/komidoveneymissiamenou/Documents/Master 1 DIT/DataEnge/spark_airflow/airflow_env/lib/python3.12/site-packages/airflow/example_dags/example_inlet_event_extra.py
[2025-10-25T21:40:09.536+0000] {processor.py:914} INFO - Processing file /Users/komidoveneymissiamenou/Documents/Master 1 DIT/DataEnge/spark_airflow/airflow_env/lib/python3.12/site-packages/airflow/example_dags/example_inlet_event_extra.py for tasks to queue
[2025-10-25T21:40:09.537+0000] {logging_mixin.py:190} INFO - [2025-10-25T21:40:09.537+0000] {dagbag.py:588} INFO - Filling up the DagBag from /Users/komidoveneymissiamenou/Documents/Master 1 DIT/DataEnge/spark_airflow/airflow_env/lib/python3.12/site-packages/airflow/example_dags/example_inlet_event_extra.py
[2025-10-25T21:40:09.579+0000] {processor.py:925} INFO - DAG(s) 'read_dataset_event', 'read_dataset_event_from_classic' retrieved from /Users/komidoveneymissiamenou/Documents/Master 1 DIT/DataEnge/spark_airflow/airflow_env/lib/python3.12/site-packages/airflow/example_dags/example_inlet_event_extra.py
[2025-10-25T21:40:09.684+0000] {logging_mixin.py:190} INFO - [2025-10-25T21:40:09.684+0000] {override.py:1900} INFO - Created Permission View: can read on DAG:read_dataset_event
[2025-10-25T21:40:09.688+0000] {logging_mixin.py:190} INFO - [2025-10-25T21:40:09.687+0000] {override.py:1900} INFO - Created Permission View: can delete on DAG:read_dataset_event
[2025-10-25T21:40:09.690+0000] {logging_mixin.py:190} INFO - [2025-10-25T21:40:09.690+0000] {override.py:1900} INFO - Created Permission View: can edit on DAG:read_dataset_event
[2025-10-25T21:40:09.693+0000] {logging_mixin.py:190} INFO - [2025-10-25T21:40:09.693+0000] {override.py:1900} INFO - Created Permission View: can read on DAG Run:read_dataset_event
[2025-10-25T21:40:09.696+0000] {logging_mixin.py:190} INFO - [2025-10-25T21:40:09.695+0000] {override.py:1900} INFO - Created Permission View: can create on DAG Run:read_dataset_event
[2025-10-25T21:40:09.698+0000] {logging_mixin.py:190} INFO - [2025-10-25T21:40:09.698+0000] {override.py:1900} INFO - Created Permission View: menu access on DAG Run:read_dataset_event
[2025-10-25T21:40:09.701+0000] {logging_mixin.py:190} INFO - [2025-10-25T21:40:09.701+0000] {override.py:1900} INFO - Created Permission View: can delete on DAG Run:read_dataset_event
[2025-10-25T21:40:09.707+0000] {logging_mixin.py:190} INFO - [2025-10-25T21:40:09.707+0000] {override.py:1900} INFO - Created Permission View: can read on DAG:read_dataset_event_from_classic
[2025-10-25T21:40:09.710+0000] {logging_mixin.py:190} INFO - [2025-10-25T21:40:09.710+0000] {override.py:1900} INFO - Created Permission View: can delete on DAG:read_dataset_event_from_classic
[2025-10-25T21:40:09.713+0000] {logging_mixin.py:190} INFO - [2025-10-25T21:40:09.713+0000] {override.py:1900} INFO - Created Permission View: can edit on DAG:read_dataset_event_from_classic
[2025-10-25T21:40:09.721+0000] {logging_mixin.py:190} INFO - [2025-10-25T21:40:09.721+0000] {override.py:1900} INFO - Created Permission View: can read on DAG Run:read_dataset_event_from_classic
[2025-10-25T21:40:09.724+0000] {logging_mixin.py:190} INFO - [2025-10-25T21:40:09.724+0000] {override.py:1900} INFO - Created Permission View: can create on DAG Run:read_dataset_event_from_classic
[2025-10-25T21:40:09.727+0000] {logging_mixin.py:190} INFO - [2025-10-25T21:40:09.727+0000] {override.py:1900} INFO - Created Permission View: menu access on DAG Run:read_dataset_event_from_classic
[2025-10-25T21:40:09.731+0000] {logging_mixin.py:190} INFO - [2025-10-25T21:40:09.731+0000] {override.py:1900} INFO - Created Permission View: can delete on DAG Run:read_dataset_event_from_classic
[2025-10-25T21:40:09.731+0000] {logging_mixin.py:190} INFO - [2025-10-25T21:40:09.731+0000] {dag.py:3239} INFO - Sync 2 DAGs
[2025-10-25T21:40:09.737+0000] {logging_mixin.py:190} INFO - [2025-10-25T21:40:09.737+0000] {dag.py:3262} INFO - Creating ORM DAG for read_dataset_event
[2025-10-25T21:40:09.737+0000] {logging_mixin.py:190} INFO - [2025-10-25T21:40:09.737+0000] {dag.py:3262} INFO - Creating ORM DAG for read_dataset_event_from_classic
[2025-10-25T21:40:09.745+0000] {logging_mixin.py:190} INFO - [2025-10-25T21:40:09.745+0000] {dag.py:4180} INFO - Setting next_dagrun for read_dataset_event to 2025-10-24 00:00:00+00:00, run_after=2025-10-25 00:00:00+00:00
[2025-10-25T21:40:09.746+0000] {logging_mixin.py:190} INFO - [2025-10-25T21:40:09.746+0000] {dag.py:4180} INFO - Setting next_dagrun for read_dataset_event_from_classic to 2025-10-24 00:00:00+00:00, run_after=2025-10-25 00:00:00+00:00
[2025-10-25T21:40:09.759+0000] {processor.py:208} INFO - Processing /Users/komidoveneymissiamenou/Documents/Master 1 DIT/DataEnge/spark_airflow/airflow_env/lib/python3.12/site-packages/airflow/example_dags/example_inlet_event_extra.py took 0.225 seconds
[2025-10-25T21:42:02.272+0000] {processor.py:186} INFO - Started process (PID=34518) to work on /Users/komidoveneymissiamenou/Documents/Master 1 DIT/DataEnge/spark_airflow/airflow_env/lib/python3.12/site-packages/airflow/example_dags/example_inlet_event_extra.py
[2025-10-25T21:42:02.273+0000] {processor.py:914} INFO - Processing file /Users/komidoveneymissiamenou/Documents/Master 1 DIT/DataEnge/spark_airflow/airflow_env/lib/python3.12/site-packages/airflow/example_dags/example_inlet_event_extra.py for tasks to queue
[2025-10-25T21:42:02.273+0000] {logging_mixin.py:190} INFO - [2025-10-25T21:42:02.273+0000] {dagbag.py:588} INFO - Filling up the DagBag from /Users/komidoveneymissiamenou/Documents/Master 1 DIT/DataEnge/spark_airflow/airflow_env/lib/python3.12/site-packages/airflow/example_dags/example_inlet_event_extra.py
[2025-10-25T21:42:02.312+0000] {processor.py:925} INFO - DAG(s) 'read_dataset_event', 'read_dataset_event_from_classic' retrieved from /Users/komidoveneymissiamenou/Documents/Master 1 DIT/DataEnge/spark_airflow/airflow_env/lib/python3.12/site-packages/airflow/example_dags/example_inlet_event_extra.py
[2025-10-25T21:42:02.347+0000] {logging_mixin.py:190} INFO - [2025-10-25T21:42:02.347+0000] {dag.py:3239} INFO - Sync 2 DAGs
[2025-10-25T21:42:02.354+0000] {logging_mixin.py:190} INFO - [2025-10-25T21:42:02.354+0000] {dag.py:4180} INFO - Setting next_dagrun for read_dataset_event to 2025-10-24 00:00:00+00:00, run_after=2025-10-25 00:00:00+00:00
[2025-10-25T21:42:02.355+0000] {logging_mixin.py:190} INFO - [2025-10-25T21:42:02.355+0000] {dag.py:4180} INFO - Setting next_dagrun for read_dataset_event_from_classic to 2025-10-24 00:00:00+00:00, run_after=2025-10-25 00:00:00+00:00
[2025-10-25T21:42:02.361+0000] {processor.py:208} INFO - Processing /Users/komidoveneymissiamenou/Documents/Master 1 DIT/DataEnge/spark_airflow/airflow_env/lib/python3.12/site-packages/airflow/example_dags/example_inlet_event_extra.py took 0.090 seconds
[2025-10-25T21:44:38.657+0000] {processor.py:186} INFO - Started process (PID=36398) to work on /Users/komidoveneymissiamenou/Documents/Master 1 DIT/DataEnge/spark_airflow/airflow_env/lib/python3.12/site-packages/airflow/example_dags/example_inlet_event_extra.py
[2025-10-25T21:44:38.658+0000] {processor.py:914} INFO - Processing file /Users/komidoveneymissiamenou/Documents/Master 1 DIT/DataEnge/spark_airflow/airflow_env/lib/python3.12/site-packages/airflow/example_dags/example_inlet_event_extra.py for tasks to queue
[2025-10-25T21:44:38.658+0000] {logging_mixin.py:190} INFO - [2025-10-25T21:44:38.658+0000] {dagbag.py:588} INFO - Filling up the DagBag from /Users/komidoveneymissiamenou/Documents/Master 1 DIT/DataEnge/spark_airflow/airflow_env/lib/python3.12/site-packages/airflow/example_dags/example_inlet_event_extra.py
[2025-10-25T21:44:38.704+0000] {processor.py:925} INFO - DAG(s) 'read_dataset_event_from_classic', 'read_dataset_event' retrieved from /Users/komidoveneymissiamenou/Documents/Master 1 DIT/DataEnge/spark_airflow/airflow_env/lib/python3.12/site-packages/airflow/example_dags/example_inlet_event_extra.py
[2025-10-25T21:44:38.743+0000] {logging_mixin.py:190} INFO - [2025-10-25T21:44:38.743+0000] {dag.py:3239} INFO - Sync 2 DAGs
[2025-10-25T21:44:38.751+0000] {logging_mixin.py:190} INFO - [2025-10-25T21:44:38.750+0000] {dag.py:4180} INFO - Setting next_dagrun for read_dataset_event to 2025-10-24 00:00:00+00:00, run_after=2025-10-25 00:00:00+00:00
[2025-10-25T21:44:38.752+0000] {logging_mixin.py:190} INFO - [2025-10-25T21:44:38.752+0000] {dag.py:4180} INFO - Setting next_dagrun for read_dataset_event_from_classic to 2025-10-24 00:00:00+00:00, run_after=2025-10-25 00:00:00+00:00
[2025-10-25T21:44:38.758+0000] {processor.py:208} INFO - Processing /Users/komidoveneymissiamenou/Documents/Master 1 DIT/DataEnge/spark_airflow/airflow_env/lib/python3.12/site-packages/airflow/example_dags/example_inlet_event_extra.py took 0.103 seconds
[2025-10-25T21:47:42.705+0000] {processor.py:186} INFO - Started process (PID=39412) to work on /Users/komidoveneymissiamenou/Documents/Master 1 DIT/DataEnge/spark_airflow/airflow_env/lib/python3.12/site-packages/airflow/example_dags/example_inlet_event_extra.py
[2025-10-25T21:47:42.707+0000] {processor.py:914} INFO - Processing file /Users/komidoveneymissiamenou/Documents/Master 1 DIT/DataEnge/spark_airflow/airflow_env/lib/python3.12/site-packages/airflow/example_dags/example_inlet_event_extra.py for tasks to queue
[2025-10-25T21:47:42.707+0000] {logging_mixin.py:190} INFO - [2025-10-25T21:47:42.707+0000] {dagbag.py:588} INFO - Filling up the DagBag from /Users/komidoveneymissiamenou/Documents/Master 1 DIT/DataEnge/spark_airflow/airflow_env/lib/python3.12/site-packages/airflow/example_dags/example_inlet_event_extra.py
[2025-10-25T21:47:42.761+0000] {processor.py:925} INFO - DAG(s) 'read_dataset_event', 'read_dataset_event_from_classic' retrieved from /Users/komidoveneymissiamenou/Documents/Master 1 DIT/DataEnge/spark_airflow/airflow_env/lib/python3.12/site-packages/airflow/example_dags/example_inlet_event_extra.py
[2025-10-25T21:47:42.803+0000] {logging_mixin.py:190} INFO - [2025-10-25T21:47:42.803+0000] {dag.py:3239} INFO - Sync 2 DAGs
[2025-10-25T21:47:42.811+0000] {logging_mixin.py:190} INFO - [2025-10-25T21:47:42.811+0000] {dag.py:4180} INFO - Setting next_dagrun for read_dataset_event to 2025-10-24 00:00:00+00:00, run_after=2025-10-25 00:00:00+00:00
[2025-10-25T21:47:42.813+0000] {logging_mixin.py:190} INFO - [2025-10-25T21:47:42.813+0000] {dag.py:4180} INFO - Setting next_dagrun for read_dataset_event_from_classic to 2025-10-24 00:00:00+00:00, run_after=2025-10-25 00:00:00+00:00
[2025-10-25T21:47:42.819+0000] {processor.py:208} INFO - Processing /Users/komidoveneymissiamenou/Documents/Master 1 DIT/DataEnge/spark_airflow/airflow_env/lib/python3.12/site-packages/airflow/example_dags/example_inlet_event_extra.py took 0.115 seconds
[2025-10-25T21:50:04.507+0000] {processor.py:186} INFO - Started process (PID=43076) to work on /Users/komidoveneymissiamenou/Documents/Master 1 DIT/DataEnge/spark_airflow/airflow_env/lib/python3.12/site-packages/airflow/example_dags/example_inlet_event_extra.py
[2025-10-25T21:50:04.507+0000] {processor.py:914} INFO - Processing file /Users/komidoveneymissiamenou/Documents/Master 1 DIT/DataEnge/spark_airflow/airflow_env/lib/python3.12/site-packages/airflow/example_dags/example_inlet_event_extra.py for tasks to queue
[2025-10-25T21:50:04.508+0000] {logging_mixin.py:190} INFO - [2025-10-25T21:50:04.508+0000] {dagbag.py:588} INFO - Filling up the DagBag from /Users/komidoveneymissiamenou/Documents/Master 1 DIT/DataEnge/spark_airflow/airflow_env/lib/python3.12/site-packages/airflow/example_dags/example_inlet_event_extra.py
[2025-10-25T21:50:04.562+0000] {processor.py:925} INFO - DAG(s) 'read_dataset_event', 'read_dataset_event_from_classic' retrieved from /Users/komidoveneymissiamenou/Documents/Master 1 DIT/DataEnge/spark_airflow/airflow_env/lib/python3.12/site-packages/airflow/example_dags/example_inlet_event_extra.py
[2025-10-25T21:50:04.602+0000] {logging_mixin.py:190} INFO - [2025-10-25T21:50:04.602+0000] {dag.py:3239} INFO - Sync 2 DAGs
[2025-10-25T21:50:04.611+0000] {logging_mixin.py:190} INFO - [2025-10-25T21:50:04.611+0000] {dag.py:4180} INFO - Setting next_dagrun for read_dataset_event to 2025-10-24 00:00:00+00:00, run_after=2025-10-25 00:00:00+00:00
[2025-10-25T21:50:04.613+0000] {logging_mixin.py:190} INFO - [2025-10-25T21:50:04.613+0000] {dag.py:4180} INFO - Setting next_dagrun for read_dataset_event_from_classic to 2025-10-24 00:00:00+00:00, run_after=2025-10-25 00:00:00+00:00
[2025-10-25T21:50:04.621+0000] {processor.py:208} INFO - Processing /Users/komidoveneymissiamenou/Documents/Master 1 DIT/DataEnge/spark_airflow/airflow_env/lib/python3.12/site-packages/airflow/example_dags/example_inlet_event_extra.py took 0.116 seconds
[2025-10-25T21:52:09.015+0000] {processor.py:186} INFO - Started process (PID=45150) to work on /Users/komidoveneymissiamenou/Documents/Master 1 DIT/DataEnge/spark_airflow/airflow_env/lib/python3.12/site-packages/airflow/example_dags/example_inlet_event_extra.py
[2025-10-25T21:52:09.016+0000] {processor.py:914} INFO - Processing file /Users/komidoveneymissiamenou/Documents/Master 1 DIT/DataEnge/spark_airflow/airflow_env/lib/python3.12/site-packages/airflow/example_dags/example_inlet_event_extra.py for tasks to queue
[2025-10-25T21:52:09.016+0000] {logging_mixin.py:190} INFO - [2025-10-25T21:52:09.016+0000] {dagbag.py:588} INFO - Filling up the DagBag from /Users/komidoveneymissiamenou/Documents/Master 1 DIT/DataEnge/spark_airflow/airflow_env/lib/python3.12/site-packages/airflow/example_dags/example_inlet_event_extra.py
[2025-10-25T21:52:09.066+0000] {processor.py:925} INFO - DAG(s) 'read_dataset_event_from_classic', 'read_dataset_event' retrieved from /Users/komidoveneymissiamenou/Documents/Master 1 DIT/DataEnge/spark_airflow/airflow_env/lib/python3.12/site-packages/airflow/example_dags/example_inlet_event_extra.py
[2025-10-25T21:52:09.104+0000] {logging_mixin.py:190} INFO - [2025-10-25T21:52:09.104+0000] {dag.py:3239} INFO - Sync 2 DAGs
[2025-10-25T21:52:09.111+0000] {logging_mixin.py:190} INFO - [2025-10-25T21:52:09.111+0000] {dag.py:4180} INFO - Setting next_dagrun for read_dataset_event to 2025-10-24 00:00:00+00:00, run_after=2025-10-25 00:00:00+00:00
[2025-10-25T21:52:09.113+0000] {logging_mixin.py:190} INFO - [2025-10-25T21:52:09.113+0000] {dag.py:4180} INFO - Setting next_dagrun for read_dataset_event_from_classic to 2025-10-24 00:00:00+00:00, run_after=2025-10-25 00:00:00+00:00
[2025-10-25T21:52:09.122+0000] {processor.py:208} INFO - Processing /Users/komidoveneymissiamenou/Documents/Master 1 DIT/DataEnge/spark_airflow/airflow_env/lib/python3.12/site-packages/airflow/example_dags/example_inlet_event_extra.py took 0.109 seconds
[2025-10-25T21:55:43.966+0000] {processor.py:186} INFO - Started process (PID=49560) to work on /Users/komidoveneymissiamenou/Documents/Master 1 DIT/DataEnge/spark_airflow/airflow_env/lib/python3.12/site-packages/airflow/example_dags/example_inlet_event_extra.py
[2025-10-25T21:55:43.967+0000] {processor.py:914} INFO - Processing file /Users/komidoveneymissiamenou/Documents/Master 1 DIT/DataEnge/spark_airflow/airflow_env/lib/python3.12/site-packages/airflow/example_dags/example_inlet_event_extra.py for tasks to queue
[2025-10-25T21:55:43.967+0000] {logging_mixin.py:190} INFO - [2025-10-25T21:55:43.967+0000] {dagbag.py:588} INFO - Filling up the DagBag from /Users/komidoveneymissiamenou/Documents/Master 1 DIT/DataEnge/spark_airflow/airflow_env/lib/python3.12/site-packages/airflow/example_dags/example_inlet_event_extra.py
[2025-10-25T21:55:44.017+0000] {processor.py:925} INFO - DAG(s) 'read_dataset_event_from_classic', 'read_dataset_event' retrieved from /Users/komidoveneymissiamenou/Documents/Master 1 DIT/DataEnge/spark_airflow/airflow_env/lib/python3.12/site-packages/airflow/example_dags/example_inlet_event_extra.py
[2025-10-25T21:55:44.059+0000] {logging_mixin.py:190} INFO - [2025-10-25T21:55:44.058+0000] {dag.py:3239} INFO - Sync 2 DAGs
[2025-10-25T21:55:44.067+0000] {logging_mixin.py:190} INFO - [2025-10-25T21:55:44.067+0000] {dag.py:4180} INFO - Setting next_dagrun for read_dataset_event to 2025-10-24 00:00:00+00:00, run_after=2025-10-25 00:00:00+00:00
[2025-10-25T21:55:44.069+0000] {logging_mixin.py:190} INFO - [2025-10-25T21:55:44.069+0000] {dag.py:4180} INFO - Setting next_dagrun for read_dataset_event_from_classic to 2025-10-24 00:00:00+00:00, run_after=2025-10-25 00:00:00+00:00
[2025-10-25T21:55:44.076+0000] {processor.py:208} INFO - Processing /Users/komidoveneymissiamenou/Documents/Master 1 DIT/DataEnge/spark_airflow/airflow_env/lib/python3.12/site-packages/airflow/example_dags/example_inlet_event_extra.py took 0.112 seconds
[2025-10-25T21:57:41.452+0000] {processor.py:186} INFO - Started process (PID=50946) to work on /Users/komidoveneymissiamenou/Documents/Master 1 DIT/DataEnge/spark_airflow/airflow_env/lib/python3.12/site-packages/airflow/example_dags/example_inlet_event_extra.py
[2025-10-25T21:57:41.453+0000] {processor.py:914} INFO - Processing file /Users/komidoveneymissiamenou/Documents/Master 1 DIT/DataEnge/spark_airflow/airflow_env/lib/python3.12/site-packages/airflow/example_dags/example_inlet_event_extra.py for tasks to queue
[2025-10-25T21:57:41.453+0000] {logging_mixin.py:190} INFO - [2025-10-25T21:57:41.453+0000] {dagbag.py:588} INFO - Filling up the DagBag from /Users/komidoveneymissiamenou/Documents/Master 1 DIT/DataEnge/spark_airflow/airflow_env/lib/python3.12/site-packages/airflow/example_dags/example_inlet_event_extra.py
[2025-10-25T21:57:41.492+0000] {processor.py:925} INFO - DAG(s) 'read_dataset_event_from_classic', 'read_dataset_event' retrieved from /Users/komidoveneymissiamenou/Documents/Master 1 DIT/DataEnge/spark_airflow/airflow_env/lib/python3.12/site-packages/airflow/example_dags/example_inlet_event_extra.py
[2025-10-25T21:57:41.527+0000] {logging_mixin.py:190} INFO - [2025-10-25T21:57:41.527+0000] {dag.py:3239} INFO - Sync 2 DAGs
[2025-10-25T21:57:41.534+0000] {logging_mixin.py:190} INFO - [2025-10-25T21:57:41.534+0000] {dag.py:4180} INFO - Setting next_dagrun for read_dataset_event to 2025-10-24 00:00:00+00:00, run_after=2025-10-25 00:00:00+00:00
[2025-10-25T21:57:41.536+0000] {logging_mixin.py:190} INFO - [2025-10-25T21:57:41.535+0000] {dag.py:4180} INFO - Setting next_dagrun for read_dataset_event_from_classic to 2025-10-24 00:00:00+00:00, run_after=2025-10-25 00:00:00+00:00
[2025-10-25T21:57:41.541+0000] {processor.py:208} INFO - Processing /Users/komidoveneymissiamenou/Documents/Master 1 DIT/DataEnge/spark_airflow/airflow_env/lib/python3.12/site-packages/airflow/example_dags/example_inlet_event_extra.py took 0.090 seconds
