[2025-10-25T21:40:40.729+0000] {processor.py:186} INFO - Started process (PID=33485) to work on /Users/komidoveneymissiamenou/Documents/Master 1 DIT/DataEnge/spark_airflow/airflow_env/lib/python3.12/site-packages/airflow/example_dags/example_branch_labels.py
[2025-10-25T21:40:40.730+0000] {processor.py:914} INFO - Processing file /Users/komidoveneymissiamenou/Documents/Master 1 DIT/DataEnge/spark_airflow/airflow_env/lib/python3.12/site-packages/airflow/example_dags/example_branch_labels.py for tasks to queue
[2025-10-25T21:40:40.731+0000] {logging_mixin.py:190} INFO - [2025-10-25T21:40:40.731+0000] {dagbag.py:588} INFO - Filling up the DagBag from /Users/komidoveneymissiamenou/Documents/Master 1 DIT/DataEnge/spark_airflow/airflow_env/lib/python3.12/site-packages/airflow/example_dags/example_branch_labels.py
[2025-10-25T21:40:40.741+0000] {processor.py:925} INFO - DAG(s) 'example_branch_labels' retrieved from /Users/komidoveneymissiamenou/Documents/Master 1 DIT/DataEnge/spark_airflow/airflow_env/lib/python3.12/site-packages/airflow/example_dags/example_branch_labels.py
[2025-10-25T21:40:40.857+0000] {logging_mixin.py:190} INFO - [2025-10-25T21:40:40.857+0000] {override.py:1900} INFO - Created Permission View: can read on DAG:example_branch_labels
[2025-10-25T21:40:40.862+0000] {logging_mixin.py:190} INFO - [2025-10-25T21:40:40.862+0000] {override.py:1900} INFO - Created Permission View: can edit on DAG:example_branch_labels
[2025-10-25T21:40:40.865+0000] {logging_mixin.py:190} INFO - [2025-10-25T21:40:40.864+0000] {override.py:1900} INFO - Created Permission View: can delete on DAG:example_branch_labels
[2025-10-25T21:40:40.868+0000] {logging_mixin.py:190} INFO - [2025-10-25T21:40:40.868+0000] {override.py:1900} INFO - Created Permission View: can read on DAG Run:example_branch_labels
[2025-10-25T21:40:40.871+0000] {logging_mixin.py:190} INFO - [2025-10-25T21:40:40.871+0000] {override.py:1900} INFO - Created Permission View: menu access on DAG Run:example_branch_labels
[2025-10-25T21:40:40.873+0000] {logging_mixin.py:190} INFO - [2025-10-25T21:40:40.873+0000] {override.py:1900} INFO - Created Permission View: can delete on DAG Run:example_branch_labels
[2025-10-25T21:40:40.876+0000] {logging_mixin.py:190} INFO - [2025-10-25T21:40:40.876+0000] {override.py:1900} INFO - Created Permission View: can create on DAG Run:example_branch_labels
[2025-10-25T21:40:40.876+0000] {logging_mixin.py:190} INFO - [2025-10-25T21:40:40.876+0000] {dag.py:3239} INFO - Sync 1 DAGs
[2025-10-25T21:40:40.915+0000] {logging_mixin.py:190} INFO - [2025-10-25T21:40:40.915+0000] {dag.py:3262} INFO - Creating ORM DAG for example_branch_labels
[2025-10-25T21:40:40.918+0000] {logging_mixin.py:190} INFO - [2025-10-25T21:40:40.918+0000] {dag.py:4180} INFO - Setting next_dagrun for example_branch_labels to 2025-10-24 00:00:00+00:00, run_after=2025-10-25 00:00:00+00:00
[2025-10-25T21:40:40.925+0000] {processor.py:208} INFO - Processing /Users/komidoveneymissiamenou/Documents/Master 1 DIT/DataEnge/spark_airflow/airflow_env/lib/python3.12/site-packages/airflow/example_dags/example_branch_labels.py took 0.198 seconds
[2025-10-25T21:43:17.981+0000] {processor.py:186} INFO - Started process (PID=35426) to work on /Users/komidoveneymissiamenou/Documents/Master 1 DIT/DataEnge/spark_airflow/airflow_env/lib/python3.12/site-packages/airflow/example_dags/example_branch_labels.py
[2025-10-25T21:43:17.982+0000] {processor.py:914} INFO - Processing file /Users/komidoveneymissiamenou/Documents/Master 1 DIT/DataEnge/spark_airflow/airflow_env/lib/python3.12/site-packages/airflow/example_dags/example_branch_labels.py for tasks to queue
[2025-10-25T21:43:17.982+0000] {logging_mixin.py:190} INFO - [2025-10-25T21:43:17.982+0000] {dagbag.py:588} INFO - Filling up the DagBag from /Users/komidoveneymissiamenou/Documents/Master 1 DIT/DataEnge/spark_airflow/airflow_env/lib/python3.12/site-packages/airflow/example_dags/example_branch_labels.py
[2025-10-25T21:43:17.987+0000] {processor.py:925} INFO - DAG(s) 'example_branch_labels' retrieved from /Users/komidoveneymissiamenou/Documents/Master 1 DIT/DataEnge/spark_airflow/airflow_env/lib/python3.12/site-packages/airflow/example_dags/example_branch_labels.py
[2025-10-25T21:43:18.024+0000] {logging_mixin.py:190} INFO - [2025-10-25T21:43:18.024+0000] {dag.py:3239} INFO - Sync 1 DAGs
[2025-10-25T21:43:18.031+0000] {logging_mixin.py:190} INFO - [2025-10-25T21:43:18.030+0000] {dag.py:4180} INFO - Setting next_dagrun for example_branch_labels to 2025-10-24 00:00:00+00:00, run_after=2025-10-25 00:00:00+00:00
[2025-10-25T21:43:18.038+0000] {processor.py:208} INFO - Processing /Users/komidoveneymissiamenou/Documents/Master 1 DIT/DataEnge/spark_airflow/airflow_env/lib/python3.12/site-packages/airflow/example_dags/example_branch_labels.py took 0.058 seconds
[2025-10-25T21:46:00.931+0000] {processor.py:186} INFO - Started process (PID=37730) to work on /Users/komidoveneymissiamenou/Documents/Master 1 DIT/DataEnge/spark_airflow/airflow_env/lib/python3.12/site-packages/airflow/example_dags/example_branch_labels.py
[2025-10-25T21:46:00.932+0000] {processor.py:914} INFO - Processing file /Users/komidoveneymissiamenou/Documents/Master 1 DIT/DataEnge/spark_airflow/airflow_env/lib/python3.12/site-packages/airflow/example_dags/example_branch_labels.py for tasks to queue
[2025-10-25T21:46:00.932+0000] {logging_mixin.py:190} INFO - [2025-10-25T21:46:00.932+0000] {dagbag.py:588} INFO - Filling up the DagBag from /Users/komidoveneymissiamenou/Documents/Master 1 DIT/DataEnge/spark_airflow/airflow_env/lib/python3.12/site-packages/airflow/example_dags/example_branch_labels.py
[2025-10-25T21:46:00.937+0000] {processor.py:925} INFO - DAG(s) 'example_branch_labels' retrieved from /Users/komidoveneymissiamenou/Documents/Master 1 DIT/DataEnge/spark_airflow/airflow_env/lib/python3.12/site-packages/airflow/example_dags/example_branch_labels.py
[2025-10-25T21:46:00.975+0000] {logging_mixin.py:190} INFO - [2025-10-25T21:46:00.975+0000] {dag.py:3239} INFO - Sync 1 DAGs
[2025-10-25T21:46:00.981+0000] {logging_mixin.py:190} INFO - [2025-10-25T21:46:00.981+0000] {dag.py:4180} INFO - Setting next_dagrun for example_branch_labels to 2025-10-24 00:00:00+00:00, run_after=2025-10-25 00:00:00+00:00
[2025-10-25T21:46:00.988+0000] {processor.py:208} INFO - Processing /Users/komidoveneymissiamenou/Documents/Master 1 DIT/DataEnge/spark_airflow/airflow_env/lib/python3.12/site-packages/airflow/example_dags/example_branch_labels.py took 0.059 seconds
[2025-10-25T21:50:30.111+0000] {processor.py:186} INFO - Started process (PID=43618) to work on /Users/komidoveneymissiamenou/Documents/Master 1 DIT/DataEnge/spark_airflow/airflow_env/lib/python3.12/site-packages/airflow/example_dags/example_branch_labels.py
[2025-10-25T21:50:30.112+0000] {processor.py:914} INFO - Processing file /Users/komidoveneymissiamenou/Documents/Master 1 DIT/DataEnge/spark_airflow/airflow_env/lib/python3.12/site-packages/airflow/example_dags/example_branch_labels.py for tasks to queue
[2025-10-25T21:50:30.112+0000] {logging_mixin.py:190} INFO - [2025-10-25T21:50:30.112+0000] {dagbag.py:588} INFO - Filling up the DagBag from /Users/komidoveneymissiamenou/Documents/Master 1 DIT/DataEnge/spark_airflow/airflow_env/lib/python3.12/site-packages/airflow/example_dags/example_branch_labels.py
[2025-10-25T21:50:30.117+0000] {processor.py:925} INFO - DAG(s) 'example_branch_labels' retrieved from /Users/komidoveneymissiamenou/Documents/Master 1 DIT/DataEnge/spark_airflow/airflow_env/lib/python3.12/site-packages/airflow/example_dags/example_branch_labels.py
[2025-10-25T21:50:30.155+0000] {logging_mixin.py:190} INFO - [2025-10-25T21:50:30.155+0000] {dag.py:3239} INFO - Sync 1 DAGs
[2025-10-25T21:50:30.161+0000] {logging_mixin.py:190} INFO - [2025-10-25T21:50:30.161+0000] {dag.py:4180} INFO - Setting next_dagrun for example_branch_labels to 2025-10-24 00:00:00+00:00, run_after=2025-10-25 00:00:00+00:00
[2025-10-25T21:50:30.169+0000] {processor.py:208} INFO - Processing /Users/komidoveneymissiamenou/Documents/Master 1 DIT/DataEnge/spark_airflow/airflow_env/lib/python3.12/site-packages/airflow/example_dags/example_branch_labels.py took 0.060 seconds
[2025-10-25T21:53:41.352+0000] {processor.py:186} INFO - Started process (PID=46958) to work on /Users/komidoveneymissiamenou/Documents/Master 1 DIT/DataEnge/spark_airflow/airflow_env/lib/python3.12/site-packages/airflow/example_dags/example_branch_labels.py
[2025-10-25T21:53:41.354+0000] {processor.py:914} INFO - Processing file /Users/komidoveneymissiamenou/Documents/Master 1 DIT/DataEnge/spark_airflow/airflow_env/lib/python3.12/site-packages/airflow/example_dags/example_branch_labels.py for tasks to queue
[2025-10-25T21:53:41.355+0000] {logging_mixin.py:190} INFO - [2025-10-25T21:53:41.355+0000] {dagbag.py:588} INFO - Filling up the DagBag from /Users/komidoveneymissiamenou/Documents/Master 1 DIT/DataEnge/spark_airflow/airflow_env/lib/python3.12/site-packages/airflow/example_dags/example_branch_labels.py
[2025-10-25T21:53:41.365+0000] {processor.py:925} INFO - DAG(s) 'example_branch_labels' retrieved from /Users/komidoveneymissiamenou/Documents/Master 1 DIT/DataEnge/spark_airflow/airflow_env/lib/python3.12/site-packages/airflow/example_dags/example_branch_labels.py
[2025-10-25T21:53:41.412+0000] {logging_mixin.py:190} INFO - [2025-10-25T21:53:41.412+0000] {dag.py:3239} INFO - Sync 1 DAGs
[2025-10-25T21:53:41.421+0000] {logging_mixin.py:190} INFO - [2025-10-25T21:53:41.421+0000] {dag.py:4180} INFO - Setting next_dagrun for example_branch_labels to 2025-10-24 00:00:00+00:00, run_after=2025-10-25 00:00:00+00:00
[2025-10-25T21:53:41.429+0000] {processor.py:208} INFO - Processing /Users/komidoveneymissiamenou/Documents/Master 1 DIT/DataEnge/spark_airflow/airflow_env/lib/python3.12/site-packages/airflow/example_dags/example_branch_labels.py took 0.081 seconds
[2025-10-25T21:56:09.501+0000] {processor.py:186} INFO - Started process (PID=49857) to work on /Users/komidoveneymissiamenou/Documents/Master 1 DIT/DataEnge/spark_airflow/airflow_env/lib/python3.12/site-packages/airflow/example_dags/example_branch_labels.py
[2025-10-25T21:56:09.503+0000] {processor.py:914} INFO - Processing file /Users/komidoveneymissiamenou/Documents/Master 1 DIT/DataEnge/spark_airflow/airflow_env/lib/python3.12/site-packages/airflow/example_dags/example_branch_labels.py for tasks to queue
[2025-10-25T21:56:09.503+0000] {logging_mixin.py:190} INFO - [2025-10-25T21:56:09.503+0000] {dagbag.py:588} INFO - Filling up the DagBag from /Users/komidoveneymissiamenou/Documents/Master 1 DIT/DataEnge/spark_airflow/airflow_env/lib/python3.12/site-packages/airflow/example_dags/example_branch_labels.py
[2025-10-25T21:56:09.509+0000] {processor.py:925} INFO - DAG(s) 'example_branch_labels' retrieved from /Users/komidoveneymissiamenou/Documents/Master 1 DIT/DataEnge/spark_airflow/airflow_env/lib/python3.12/site-packages/airflow/example_dags/example_branch_labels.py
[2025-10-25T21:56:09.548+0000] {logging_mixin.py:190} INFO - [2025-10-25T21:56:09.548+0000] {dag.py:3239} INFO - Sync 1 DAGs
[2025-10-25T21:56:09.555+0000] {logging_mixin.py:190} INFO - [2025-10-25T21:56:09.555+0000] {dag.py:4180} INFO - Setting next_dagrun for example_branch_labels to 2025-10-24 00:00:00+00:00, run_after=2025-10-25 00:00:00+00:00
[2025-10-25T21:56:09.563+0000] {processor.py:208} INFO - Processing /Users/komidoveneymissiamenou/Documents/Master 1 DIT/DataEnge/spark_airflow/airflow_env/lib/python3.12/site-packages/airflow/example_dags/example_branch_labels.py took 0.065 seconds
[2025-10-25T21:59:05.202+0000] {processor.py:186} INFO - Started process (PID=51942) to work on /Users/komidoveneymissiamenou/Documents/Master 1 DIT/DataEnge/spark_airflow/airflow_env/lib/python3.12/site-packages/airflow/example_dags/example_branch_labels.py
[2025-10-25T21:59:05.203+0000] {processor.py:914} INFO - Processing file /Users/komidoveneymissiamenou/Documents/Master 1 DIT/DataEnge/spark_airflow/airflow_env/lib/python3.12/site-packages/airflow/example_dags/example_branch_labels.py for tasks to queue
[2025-10-25T21:59:05.203+0000] {logging_mixin.py:190} INFO - [2025-10-25T21:59:05.203+0000] {dagbag.py:588} INFO - Filling up the DagBag from /Users/komidoveneymissiamenou/Documents/Master 1 DIT/DataEnge/spark_airflow/airflow_env/lib/python3.12/site-packages/airflow/example_dags/example_branch_labels.py
[2025-10-25T21:59:05.208+0000] {processor.py:925} INFO - DAG(s) 'example_branch_labels' retrieved from /Users/komidoveneymissiamenou/Documents/Master 1 DIT/DataEnge/spark_airflow/airflow_env/lib/python3.12/site-packages/airflow/example_dags/example_branch_labels.py
[2025-10-25T21:59:05.267+0000] {logging_mixin.py:190} INFO - [2025-10-25T21:59:05.267+0000] {dag.py:3239} INFO - Sync 1 DAGs
[2025-10-25T21:59:05.274+0000] {logging_mixin.py:190} INFO - [2025-10-25T21:59:05.274+0000] {dag.py:4180} INFO - Setting next_dagrun for example_branch_labels to 2025-10-24 00:00:00+00:00, run_after=2025-10-25 00:00:00+00:00
[2025-10-25T21:59:05.282+0000] {processor.py:208} INFO - Processing /Users/komidoveneymissiamenou/Documents/Master 1 DIT/DataEnge/spark_airflow/airflow_env/lib/python3.12/site-packages/airflow/example_dags/example_branch_labels.py took 0.081 seconds
