[2025-10-25T21:40:20.794+0000] {processor.py:186} INFO - Started process (PID=33243) to work on /Users/komidoveneymissiamenou/Documents/Master 1 DIT/DataEnge/spark_airflow/airflow_env/lib/python3.12/site-packages/airflow/example_dags/example_datasets.py
[2025-10-25T21:40:20.795+0000] {processor.py:914} INFO - Processing file /Users/komidoveneymissiamenou/Documents/Master 1 DIT/DataEnge/spark_airflow/airflow_env/lib/python3.12/site-packages/airflow/example_dags/example_datasets.py for tasks to queue
[2025-10-25T21:40:20.796+0000] {logging_mixin.py:190} INFO - [2025-10-25T21:40:20.796+0000] {dagbag.py:588} INFO - Filling up the DagBag from /Users/komidoveneymissiamenou/Documents/Master 1 DIT/DataEnge/spark_airflow/airflow_env/lib/python3.12/site-packages/airflow/example_dags/example_datasets.py
[2025-10-25T21:40:20.842+0000] {processor.py:925} INFO - DAG(s) 'dataset_consumes_1_never_scheduled', 'dataset_produces_2', 'conditional_dataset_and_time_based_timetable', 'dataset_consumes_1_and_2', 'consume_1_or_2_with_dataset_expressions', 'dataset_consumes_unknown_never_scheduled', 'consume_1_and_2_with_dataset_expressions', 'dataset_consumes_1', 'consume_1_or_both_2_and_3_with_dataset_expressions', 'dataset_produces_1' retrieved from /Users/komidoveneymissiamenou/Documents/Master 1 DIT/DataEnge/spark_airflow/airflow_env/lib/python3.12/site-packages/airflow/example_dags/example_datasets.py
[2025-10-25T21:40:20.915+0000] {logging_mixin.py:190} INFO - [2025-10-25T21:40:20.915+0000] {override.py:1900} INFO - Created Permission View: can read on DAG:dataset_consumes_1_never_scheduled
[2025-10-25T21:40:20.949+0000] {logging_mixin.py:190} INFO - [2025-10-25T21:40:20.949+0000] {override.py:1900} INFO - Created Permission View: can edit on DAG:dataset_consumes_1_never_scheduled
[2025-10-25T21:40:20.951+0000] {logging_mixin.py:190} INFO - [2025-10-25T21:40:20.951+0000] {override.py:1900} INFO - Created Permission View: can delete on DAG:dataset_consumes_1_never_scheduled
[2025-10-25T21:40:20.954+0000] {logging_mixin.py:190} INFO - [2025-10-25T21:40:20.954+0000] {override.py:1900} INFO - Created Permission View: can create on DAG Run:dataset_consumes_1_never_scheduled
[2025-10-25T21:40:20.957+0000] {logging_mixin.py:190} INFO - [2025-10-25T21:40:20.956+0000] {override.py:1900} INFO - Created Permission View: can read on DAG Run:dataset_consumes_1_never_scheduled
[2025-10-25T21:40:20.959+0000] {logging_mixin.py:190} INFO - [2025-10-25T21:40:20.959+0000] {override.py:1900} INFO - Created Permission View: menu access on DAG Run:dataset_consumes_1_never_scheduled
[2025-10-25T21:40:20.961+0000] {logging_mixin.py:190} INFO - [2025-10-25T21:40:20.960+0000] {override.py:1900} INFO - Created Permission View: can delete on DAG Run:dataset_consumes_1_never_scheduled
[2025-10-25T21:40:20.966+0000] {logging_mixin.py:190} INFO - [2025-10-25T21:40:20.965+0000] {override.py:1900} INFO - Created Permission View: can read on DAG:dataset_produces_2
[2025-10-25T21:40:20.969+0000] {logging_mixin.py:190} INFO - [2025-10-25T21:40:20.969+0000] {override.py:1900} INFO - Created Permission View: can edit on DAG:dataset_produces_2
[2025-10-25T21:40:20.972+0000] {logging_mixin.py:190} INFO - [2025-10-25T21:40:20.972+0000] {override.py:1900} INFO - Created Permission View: can delete on DAG:dataset_produces_2
[2025-10-25T21:40:20.976+0000] {logging_mixin.py:190} INFO - [2025-10-25T21:40:20.976+0000] {override.py:1900} INFO - Created Permission View: can create on DAG Run:dataset_produces_2
[2025-10-25T21:40:20.979+0000] {logging_mixin.py:190} INFO - [2025-10-25T21:40:20.979+0000] {override.py:1900} INFO - Created Permission View: can read on DAG Run:dataset_produces_2
[2025-10-25T21:40:20.982+0000] {logging_mixin.py:190} INFO - [2025-10-25T21:40:20.982+0000] {override.py:1900} INFO - Created Permission View: menu access on DAG Run:dataset_produces_2
[2025-10-25T21:40:20.985+0000] {logging_mixin.py:190} INFO - [2025-10-25T21:40:20.985+0000] {override.py:1900} INFO - Created Permission View: can delete on DAG Run:dataset_produces_2
[2025-10-25T21:40:20.990+0000] {logging_mixin.py:190} INFO - [2025-10-25T21:40:20.990+0000] {override.py:1900} INFO - Created Permission View: can read on DAG:conditional_dataset_and_time_based_timetable
[2025-10-25T21:40:20.993+0000] {logging_mixin.py:190} INFO - [2025-10-25T21:40:20.993+0000] {override.py:1900} INFO - Created Permission View: can edit on DAG:conditional_dataset_and_time_based_timetable
[2025-10-25T21:40:20.995+0000] {logging_mixin.py:190} INFO - [2025-10-25T21:40:20.995+0000] {override.py:1900} INFO - Created Permission View: can delete on DAG:conditional_dataset_and_time_based_timetable
[2025-10-25T21:40:20.999+0000] {logging_mixin.py:190} INFO - [2025-10-25T21:40:20.998+0000] {override.py:1900} INFO - Created Permission View: can create on DAG Run:conditional_dataset_and_time_based_timetable
[2025-10-25T21:40:21.001+0000] {logging_mixin.py:190} INFO - [2025-10-25T21:40:21.001+0000] {override.py:1900} INFO - Created Permission View: can read on DAG Run:conditional_dataset_and_time_based_timetable
[2025-10-25T21:40:21.003+0000] {logging_mixin.py:190} INFO - [2025-10-25T21:40:21.003+0000] {override.py:1900} INFO - Created Permission View: menu access on DAG Run:conditional_dataset_and_time_based_timetable
[2025-10-25T21:40:21.006+0000] {logging_mixin.py:190} INFO - [2025-10-25T21:40:21.005+0000] {override.py:1900} INFO - Created Permission View: can delete on DAG Run:conditional_dataset_and_time_based_timetable
[2025-10-25T21:40:21.010+0000] {logging_mixin.py:190} INFO - [2025-10-25T21:40:21.010+0000] {override.py:1900} INFO - Created Permission View: can read on DAG:dataset_consumes_1_and_2
[2025-10-25T21:40:21.012+0000] {logging_mixin.py:190} INFO - [2025-10-25T21:40:21.012+0000] {override.py:1900} INFO - Created Permission View: can edit on DAG:dataset_consumes_1_and_2
[2025-10-25T21:40:21.014+0000] {logging_mixin.py:190} INFO - [2025-10-25T21:40:21.014+0000] {override.py:1900} INFO - Created Permission View: can delete on DAG:dataset_consumes_1_and_2
[2025-10-25T21:40:21.017+0000] {logging_mixin.py:190} INFO - [2025-10-25T21:40:21.017+0000] {override.py:1900} INFO - Created Permission View: can create on DAG Run:dataset_consumes_1_and_2
[2025-10-25T21:40:21.019+0000] {logging_mixin.py:190} INFO - [2025-10-25T21:40:21.019+0000] {override.py:1900} INFO - Created Permission View: can read on DAG Run:dataset_consumes_1_and_2
[2025-10-25T21:40:21.021+0000] {logging_mixin.py:190} INFO - [2025-10-25T21:40:21.021+0000] {override.py:1900} INFO - Created Permission View: menu access on DAG Run:dataset_consumes_1_and_2
[2025-10-25T21:40:21.023+0000] {logging_mixin.py:190} INFO - [2025-10-25T21:40:21.023+0000] {override.py:1900} INFO - Created Permission View: can delete on DAG Run:dataset_consumes_1_and_2
[2025-10-25T21:40:21.027+0000] {logging_mixin.py:190} INFO - [2025-10-25T21:40:21.027+0000] {override.py:1900} INFO - Created Permission View: can read on DAG:consume_1_or_2_with_dataset_expressions
[2025-10-25T21:40:21.029+0000] {logging_mixin.py:190} INFO - [2025-10-25T21:40:21.029+0000] {override.py:1900} INFO - Created Permission View: can edit on DAG:consume_1_or_2_with_dataset_expressions
[2025-10-25T21:40:21.031+0000] {logging_mixin.py:190} INFO - [2025-10-25T21:40:21.031+0000] {override.py:1900} INFO - Created Permission View: can delete on DAG:consume_1_or_2_with_dataset_expressions
[2025-10-25T21:40:21.035+0000] {logging_mixin.py:190} INFO - [2025-10-25T21:40:21.035+0000] {override.py:1900} INFO - Created Permission View: can create on DAG Run:consume_1_or_2_with_dataset_expressions
[2025-10-25T21:40:21.037+0000] {logging_mixin.py:190} INFO - [2025-10-25T21:40:21.037+0000] {override.py:1900} INFO - Created Permission View: can read on DAG Run:consume_1_or_2_with_dataset_expressions
[2025-10-25T21:40:21.039+0000] {logging_mixin.py:190} INFO - [2025-10-25T21:40:21.039+0000] {override.py:1900} INFO - Created Permission View: menu access on DAG Run:consume_1_or_2_with_dataset_expressions
[2025-10-25T21:40:21.041+0000] {logging_mixin.py:190} INFO - [2025-10-25T21:40:21.041+0000] {override.py:1900} INFO - Created Permission View: can delete on DAG Run:consume_1_or_2_with_dataset_expressions
[2025-10-25T21:40:21.045+0000] {logging_mixin.py:190} INFO - [2025-10-25T21:40:21.045+0000] {override.py:1900} INFO - Created Permission View: can read on DAG:dataset_consumes_unknown_never_scheduled
[2025-10-25T21:40:21.048+0000] {logging_mixin.py:190} INFO - [2025-10-25T21:40:21.047+0000] {override.py:1900} INFO - Created Permission View: can edit on DAG:dataset_consumes_unknown_never_scheduled
[2025-10-25T21:40:21.050+0000] {logging_mixin.py:190} INFO - [2025-10-25T21:40:21.050+0000] {override.py:1900} INFO - Created Permission View: can delete on DAG:dataset_consumes_unknown_never_scheduled
[2025-10-25T21:40:21.053+0000] {logging_mixin.py:190} INFO - [2025-10-25T21:40:21.053+0000] {override.py:1900} INFO - Created Permission View: can create on DAG Run:dataset_consumes_unknown_never_scheduled
[2025-10-25T21:40:21.055+0000] {logging_mixin.py:190} INFO - [2025-10-25T21:40:21.055+0000] {override.py:1900} INFO - Created Permission View: can read on DAG Run:dataset_consumes_unknown_never_scheduled
[2025-10-25T21:40:21.057+0000] {logging_mixin.py:190} INFO - [2025-10-25T21:40:21.056+0000] {override.py:1900} INFO - Created Permission View: menu access on DAG Run:dataset_consumes_unknown_never_scheduled
[2025-10-25T21:40:21.059+0000] {logging_mixin.py:190} INFO - [2025-10-25T21:40:21.058+0000] {override.py:1900} INFO - Created Permission View: can delete on DAG Run:dataset_consumes_unknown_never_scheduled
[2025-10-25T21:40:21.063+0000] {logging_mixin.py:190} INFO - [2025-10-25T21:40:21.063+0000] {override.py:1900} INFO - Created Permission View: can read on DAG:consume_1_and_2_with_dataset_expressions
[2025-10-25T21:40:21.066+0000] {logging_mixin.py:190} INFO - [2025-10-25T21:40:21.066+0000] {override.py:1900} INFO - Created Permission View: can edit on DAG:consume_1_and_2_with_dataset_expressions
[2025-10-25T21:40:21.068+0000] {logging_mixin.py:190} INFO - [2025-10-25T21:40:21.068+0000] {override.py:1900} INFO - Created Permission View: can delete on DAG:consume_1_and_2_with_dataset_expressions
[2025-10-25T21:40:21.071+0000] {logging_mixin.py:190} INFO - [2025-10-25T21:40:21.071+0000] {override.py:1900} INFO - Created Permission View: can create on DAG Run:consume_1_and_2_with_dataset_expressions
[2025-10-25T21:40:21.073+0000] {logging_mixin.py:190} INFO - [2025-10-25T21:40:21.073+0000] {override.py:1900} INFO - Created Permission View: can read on DAG Run:consume_1_and_2_with_dataset_expressions
[2025-10-25T21:40:21.075+0000] {logging_mixin.py:190} INFO - [2025-10-25T21:40:21.075+0000] {override.py:1900} INFO - Created Permission View: menu access on DAG Run:consume_1_and_2_with_dataset_expressions
[2025-10-25T21:40:21.077+0000] {logging_mixin.py:190} INFO - [2025-10-25T21:40:21.077+0000] {override.py:1900} INFO - Created Permission View: can delete on DAG Run:consume_1_and_2_with_dataset_expressions
[2025-10-25T21:40:21.081+0000] {logging_mixin.py:190} INFO - [2025-10-25T21:40:21.081+0000] {override.py:1900} INFO - Created Permission View: can read on DAG:dataset_consumes_1
[2025-10-25T21:40:21.083+0000] {logging_mixin.py:190} INFO - [2025-10-25T21:40:21.083+0000] {override.py:1900} INFO - Created Permission View: can edit on DAG:dataset_consumes_1
[2025-10-25T21:40:21.085+0000] {logging_mixin.py:190} INFO - [2025-10-25T21:40:21.085+0000] {override.py:1900} INFO - Created Permission View: can delete on DAG:dataset_consumes_1
[2025-10-25T21:40:21.088+0000] {logging_mixin.py:190} INFO - [2025-10-25T21:40:21.088+0000] {override.py:1900} INFO - Created Permission View: can create on DAG Run:dataset_consumes_1
[2025-10-25T21:40:21.090+0000] {logging_mixin.py:190} INFO - [2025-10-25T21:40:21.090+0000] {override.py:1900} INFO - Created Permission View: can read on DAG Run:dataset_consumes_1
[2025-10-25T21:40:21.092+0000] {logging_mixin.py:190} INFO - [2025-10-25T21:40:21.092+0000] {override.py:1900} INFO - Created Permission View: menu access on DAG Run:dataset_consumes_1
[2025-10-25T21:40:21.094+0000] {logging_mixin.py:190} INFO - [2025-10-25T21:40:21.094+0000] {override.py:1900} INFO - Created Permission View: can delete on DAG Run:dataset_consumes_1
[2025-10-25T21:40:21.098+0000] {logging_mixin.py:190} INFO - [2025-10-25T21:40:21.098+0000] {override.py:1900} INFO - Created Permission View: can read on DAG:consume_1_or_both_2_and_3_with_dataset_expressions
[2025-10-25T21:40:21.100+0000] {logging_mixin.py:190} INFO - [2025-10-25T21:40:21.100+0000] {override.py:1900} INFO - Created Permission View: can edit on DAG:consume_1_or_both_2_and_3_with_dataset_expressions
[2025-10-25T21:40:21.102+0000] {logging_mixin.py:190} INFO - [2025-10-25T21:40:21.102+0000] {override.py:1900} INFO - Created Permission View: can delete on DAG:consume_1_or_both_2_and_3_with_dataset_expressions
[2025-10-25T21:40:21.106+0000] {logging_mixin.py:190} INFO - [2025-10-25T21:40:21.105+0000] {override.py:1900} INFO - Created Permission View: can create on DAG Run:consume_1_or_both_2_and_3_with_dataset_expressions
[2025-10-25T21:40:21.108+0000] {logging_mixin.py:190} INFO - [2025-10-25T21:40:21.108+0000] {override.py:1900} INFO - Created Permission View: can read on DAG Run:consume_1_or_both_2_and_3_with_dataset_expressions
[2025-10-25T21:40:21.110+0000] {logging_mixin.py:190} INFO - [2025-10-25T21:40:21.110+0000] {override.py:1900} INFO - Created Permission View: menu access on DAG Run:consume_1_or_both_2_and_3_with_dataset_expressions
[2025-10-25T21:40:21.112+0000] {logging_mixin.py:190} INFO - [2025-10-25T21:40:21.112+0000] {override.py:1900} INFO - Created Permission View: can delete on DAG Run:consume_1_or_both_2_and_3_with_dataset_expressions
[2025-10-25T21:40:21.116+0000] {logging_mixin.py:190} INFO - [2025-10-25T21:40:21.116+0000] {override.py:1900} INFO - Created Permission View: can read on DAG:dataset_produces_1
[2025-10-25T21:40:21.119+0000] {logging_mixin.py:190} INFO - [2025-10-25T21:40:21.118+0000] {override.py:1900} INFO - Created Permission View: can edit on DAG:dataset_produces_1
[2025-10-25T21:40:21.121+0000] {logging_mixin.py:190} INFO - [2025-10-25T21:40:21.121+0000] {override.py:1900} INFO - Created Permission View: can delete on DAG:dataset_produces_1
[2025-10-25T21:40:21.124+0000] {logging_mixin.py:190} INFO - [2025-10-25T21:40:21.124+0000] {override.py:1900} INFO - Created Permission View: can create on DAG Run:dataset_produces_1
[2025-10-25T21:40:21.126+0000] {logging_mixin.py:190} INFO - [2025-10-25T21:40:21.126+0000] {override.py:1900} INFO - Created Permission View: can read on DAG Run:dataset_produces_1
[2025-10-25T21:40:21.128+0000] {logging_mixin.py:190} INFO - [2025-10-25T21:40:21.128+0000] {override.py:1900} INFO - Created Permission View: menu access on DAG Run:dataset_produces_1
[2025-10-25T21:40:21.130+0000] {logging_mixin.py:190} INFO - [2025-10-25T21:40:21.130+0000] {override.py:1900} INFO - Created Permission View: can delete on DAG Run:dataset_produces_1
[2025-10-25T21:40:21.130+0000] {logging_mixin.py:190} INFO - [2025-10-25T21:40:21.130+0000] {dag.py:3239} INFO - Sync 10 DAGs
[2025-10-25T21:40:21.134+0000] {logging_mixin.py:190} INFO - [2025-10-25T21:40:21.134+0000] {dag.py:3262} INFO - Creating ORM DAG for dataset_consumes_1_never_scheduled
[2025-10-25T21:40:21.134+0000] {logging_mixin.py:190} INFO - [2025-10-25T21:40:21.134+0000] {dag.py:3262} INFO - Creating ORM DAG for dataset_consumes_1
[2025-10-25T21:40:21.134+0000] {logging_mixin.py:190} INFO - [2025-10-25T21:40:21.134+0000] {dag.py:3262} INFO - Creating ORM DAG for consume_1_or_2_with_dataset_expressions
[2025-10-25T21:40:21.135+0000] {logging_mixin.py:190} INFO - [2025-10-25T21:40:21.135+0000] {dag.py:3262} INFO - Creating ORM DAG for dataset_consumes_unknown_never_scheduled
[2025-10-25T21:40:21.135+0000] {logging_mixin.py:190} INFO - [2025-10-25T21:40:21.135+0000] {dag.py:3262} INFO - Creating ORM DAG for dataset_produces_1
[2025-10-25T21:40:21.135+0000] {logging_mixin.py:190} INFO - [2025-10-25T21:40:21.135+0000] {dag.py:3262} INFO - Creating ORM DAG for consume_1_and_2_with_dataset_expressions
[2025-10-25T21:40:21.135+0000] {logging_mixin.py:190} INFO - [2025-10-25T21:40:21.135+0000] {dag.py:3262} INFO - Creating ORM DAG for dataset_produces_2
[2025-10-25T21:40:21.135+0000] {logging_mixin.py:190} INFO - [2025-10-25T21:40:21.135+0000] {dag.py:3262} INFO - Creating ORM DAG for conditional_dataset_and_time_based_timetable
[2025-10-25T21:40:21.135+0000] {logging_mixin.py:190} INFO - [2025-10-25T21:40:21.135+0000] {dag.py:3262} INFO - Creating ORM DAG for consume_1_or_both_2_and_3_with_dataset_expressions
[2025-10-25T21:40:21.136+0000] {logging_mixin.py:190} INFO - [2025-10-25T21:40:21.136+0000] {dag.py:3262} INFO - Creating ORM DAG for dataset_consumes_1_and_2
[2025-10-25T21:40:21.139+0000] {logging_mixin.py:190} INFO - [2025-10-25T21:40:21.139+0000] {dag.py:4180} INFO - Setting next_dagrun for conditional_dataset_and_time_based_timetable to 2025-10-22 01:00:00+00:00, run_after=2025-10-22 01:00:00+00:00
[2025-10-25T21:40:21.139+0000] {logging_mixin.py:190} INFO - [2025-10-25T21:40:21.139+0000] {dag.py:4180} INFO - Setting next_dagrun for consume_1_and_2_with_dataset_expressions to None, run_after=None
[2025-10-25T21:40:21.140+0000] {logging_mixin.py:190} INFO - [2025-10-25T21:40:21.139+0000] {dag.py:4180} INFO - Setting next_dagrun for consume_1_or_2_with_dataset_expressions to None, run_after=None
[2025-10-25T21:40:21.140+0000] {logging_mixin.py:190} INFO - [2025-10-25T21:40:21.140+0000] {dag.py:4180} INFO - Setting next_dagrun for consume_1_or_both_2_and_3_with_dataset_expressions to None, run_after=None
[2025-10-25T21:40:21.140+0000] {logging_mixin.py:190} INFO - [2025-10-25T21:40:21.140+0000] {dag.py:4180} INFO - Setting next_dagrun for dataset_consumes_1 to None, run_after=None
[2025-10-25T21:40:21.140+0000] {logging_mixin.py:190} INFO - [2025-10-25T21:40:21.140+0000] {dag.py:4180} INFO - Setting next_dagrun for dataset_consumes_1_and_2 to None, run_after=None
[2025-10-25T21:40:21.140+0000] {logging_mixin.py:190} INFO - [2025-10-25T21:40:21.140+0000] {dag.py:4180} INFO - Setting next_dagrun for dataset_consumes_1_never_scheduled to None, run_after=None
[2025-10-25T21:40:21.140+0000] {logging_mixin.py:190} INFO - [2025-10-25T21:40:21.140+0000] {dag.py:4180} INFO - Setting next_dagrun for dataset_consumes_unknown_never_scheduled to None, run_after=None
[2025-10-25T21:40:21.141+0000] {logging_mixin.py:190} INFO - [2025-10-25T21:40:21.141+0000] {dag.py:4180} INFO - Setting next_dagrun for dataset_produces_1 to 2025-10-24 00:00:00+00:00, run_after=2025-10-25 00:00:00+00:00
[2025-10-25T21:40:21.141+0000] {logging_mixin.py:190} INFO - [2025-10-25T21:40:21.141+0000] {dag.py:4180} INFO - Setting next_dagrun for dataset_produces_2 to None, run_after=None
[2025-10-25T21:40:21.150+0000] {logging_mixin.py:190} INFO - [2025-10-25T21:40:21.150+0000] {workday.py:41} WARNING - Could not import pandas. Holidays will not be considered.
[2025-10-25T21:40:21.158+0000] {processor.py:208} INFO - Processing /Users/komidoveneymissiamenou/Documents/Master 1 DIT/DataEnge/spark_airflow/airflow_env/lib/python3.12/site-packages/airflow/example_dags/example_datasets.py took 0.365 seconds
[2025-10-25T21:42:12.214+0000] {processor.py:186} INFO - Started process (PID=34633) to work on /Users/komidoveneymissiamenou/Documents/Master 1 DIT/DataEnge/spark_airflow/airflow_env/lib/python3.12/site-packages/airflow/example_dags/example_datasets.py
[2025-10-25T21:42:12.215+0000] {processor.py:914} INFO - Processing file /Users/komidoveneymissiamenou/Documents/Master 1 DIT/DataEnge/spark_airflow/airflow_env/lib/python3.12/site-packages/airflow/example_dags/example_datasets.py for tasks to queue
[2025-10-25T21:42:12.216+0000] {logging_mixin.py:190} INFO - [2025-10-25T21:42:12.216+0000] {dagbag.py:588} INFO - Filling up the DagBag from /Users/komidoveneymissiamenou/Documents/Master 1 DIT/DataEnge/spark_airflow/airflow_env/lib/python3.12/site-packages/airflow/example_dags/example_datasets.py
[2025-10-25T21:42:12.251+0000] {processor.py:925} INFO - DAG(s) 'dataset_consumes_1_never_scheduled', 'consume_1_or_both_2_and_3_with_dataset_expressions', 'dataset_produces_1', 'conditional_dataset_and_time_based_timetable', 'dataset_produces_2', 'consume_1_and_2_with_dataset_expressions', 'consume_1_or_2_with_dataset_expressions', 'dataset_consumes_unknown_never_scheduled', 'dataset_consumes_1', 'dataset_consumes_1_and_2' retrieved from /Users/komidoveneymissiamenou/Documents/Master 1 DIT/DataEnge/spark_airflow/airflow_env/lib/python3.12/site-packages/airflow/example_dags/example_datasets.py
[2025-10-25T21:42:12.293+0000] {logging_mixin.py:190} INFO - [2025-10-25T21:42:12.293+0000] {dag.py:3239} INFO - Sync 10 DAGs
[2025-10-25T21:42:12.302+0000] {logging_mixin.py:190} INFO - [2025-10-25T21:42:12.302+0000] {dag.py:4180} INFO - Setting next_dagrun for conditional_dataset_and_time_based_timetable to 2025-10-22 01:00:00+00:00, run_after=2025-10-22 01:00:00+00:00
[2025-10-25T21:42:12.303+0000] {logging_mixin.py:190} INFO - [2025-10-25T21:42:12.303+0000] {dag.py:4180} INFO - Setting next_dagrun for consume_1_and_2_with_dataset_expressions to None, run_after=None
[2025-10-25T21:42:12.303+0000] {logging_mixin.py:190} INFO - [2025-10-25T21:42:12.303+0000] {dag.py:4180} INFO - Setting next_dagrun for consume_1_or_2_with_dataset_expressions to None, run_after=None
[2025-10-25T21:42:12.304+0000] {logging_mixin.py:190} INFO - [2025-10-25T21:42:12.303+0000] {dag.py:4180} INFO - Setting next_dagrun for consume_1_or_both_2_and_3_with_dataset_expressions to None, run_after=None
[2025-10-25T21:42:12.304+0000] {logging_mixin.py:190} INFO - [2025-10-25T21:42:12.304+0000] {dag.py:4180} INFO - Setting next_dagrun for dataset_consumes_1 to None, run_after=None
[2025-10-25T21:42:12.304+0000] {logging_mixin.py:190} INFO - [2025-10-25T21:42:12.304+0000] {dag.py:4180} INFO - Setting next_dagrun for dataset_consumes_1_and_2 to None, run_after=None
[2025-10-25T21:42:12.304+0000] {logging_mixin.py:190} INFO - [2025-10-25T21:42:12.304+0000] {dag.py:4180} INFO - Setting next_dagrun for dataset_consumes_1_never_scheduled to None, run_after=None
[2025-10-25T21:42:12.305+0000] {logging_mixin.py:190} INFO - [2025-10-25T21:42:12.305+0000] {dag.py:4180} INFO - Setting next_dagrun for dataset_consumes_unknown_never_scheduled to None, run_after=None
[2025-10-25T21:42:12.305+0000] {logging_mixin.py:190} INFO - [2025-10-25T21:42:12.305+0000] {dag.py:4180} INFO - Setting next_dagrun for dataset_produces_1 to 2025-10-24 00:00:00+00:00, run_after=2025-10-25 00:00:00+00:00
[2025-10-25T21:42:12.306+0000] {logging_mixin.py:190} INFO - [2025-10-25T21:42:12.305+0000] {dag.py:4180} INFO - Setting next_dagrun for dataset_produces_2 to None, run_after=None
[2025-10-25T21:42:12.316+0000] {processor.py:208} INFO - Processing /Users/komidoveneymissiamenou/Documents/Master 1 DIT/DataEnge/spark_airflow/airflow_env/lib/python3.12/site-packages/airflow/example_dags/example_datasets.py took 0.103 seconds
[2025-10-25T21:44:48.639+0000] {processor.py:186} INFO - Started process (PID=36518) to work on /Users/komidoveneymissiamenou/Documents/Master 1 DIT/DataEnge/spark_airflow/airflow_env/lib/python3.12/site-packages/airflow/example_dags/example_datasets.py
[2025-10-25T21:44:48.641+0000] {processor.py:914} INFO - Processing file /Users/komidoveneymissiamenou/Documents/Master 1 DIT/DataEnge/spark_airflow/airflow_env/lib/python3.12/site-packages/airflow/example_dags/example_datasets.py for tasks to queue
[2025-10-25T21:44:48.641+0000] {logging_mixin.py:190} INFO - [2025-10-25T21:44:48.641+0000] {dagbag.py:588} INFO - Filling up the DagBag from /Users/komidoveneymissiamenou/Documents/Master 1 DIT/DataEnge/spark_airflow/airflow_env/lib/python3.12/site-packages/airflow/example_dags/example_datasets.py
[2025-10-25T21:44:48.688+0000] {processor.py:925} INFO - DAG(s) 'dataset_consumes_1', 'conditional_dataset_and_time_based_timetable', 'dataset_produces_1', 'consume_1_or_2_with_dataset_expressions', 'dataset_produces_2', 'dataset_consumes_1_never_scheduled', 'consume_1_and_2_with_dataset_expressions', 'dataset_consumes_1_and_2', 'consume_1_or_both_2_and_3_with_dataset_expressions', 'dataset_consumes_unknown_never_scheduled' retrieved from /Users/komidoveneymissiamenou/Documents/Master 1 DIT/DataEnge/spark_airflow/airflow_env/lib/python3.12/site-packages/airflow/example_dags/example_datasets.py
[2025-10-25T21:44:48.732+0000] {logging_mixin.py:190} INFO - [2025-10-25T21:44:48.732+0000] {dag.py:3239} INFO - Sync 10 DAGs
[2025-10-25T21:44:48.741+0000] {logging_mixin.py:190} INFO - [2025-10-25T21:44:48.740+0000] {dag.py:4180} INFO - Setting next_dagrun for conditional_dataset_and_time_based_timetable to 2025-10-22 01:00:00+00:00, run_after=2025-10-22 01:00:00+00:00
[2025-10-25T21:44:48.742+0000] {logging_mixin.py:190} INFO - [2025-10-25T21:44:48.742+0000] {dag.py:4180} INFO - Setting next_dagrun for consume_1_and_2_with_dataset_expressions to None, run_after=None
[2025-10-25T21:44:48.742+0000] {logging_mixin.py:190} INFO - [2025-10-25T21:44:48.742+0000] {dag.py:4180} INFO - Setting next_dagrun for consume_1_or_2_with_dataset_expressions to None, run_after=None
[2025-10-25T21:44:48.742+0000] {logging_mixin.py:190} INFO - [2025-10-25T21:44:48.742+0000] {dag.py:4180} INFO - Setting next_dagrun for consume_1_or_both_2_and_3_with_dataset_expressions to None, run_after=None
[2025-10-25T21:44:48.743+0000] {logging_mixin.py:190} INFO - [2025-10-25T21:44:48.743+0000] {dag.py:4180} INFO - Setting next_dagrun for dataset_consumes_1 to None, run_after=None
[2025-10-25T21:44:48.743+0000] {logging_mixin.py:190} INFO - [2025-10-25T21:44:48.743+0000] {dag.py:4180} INFO - Setting next_dagrun for dataset_consumes_1_and_2 to None, run_after=None
[2025-10-25T21:44:48.743+0000] {logging_mixin.py:190} INFO - [2025-10-25T21:44:48.743+0000] {dag.py:4180} INFO - Setting next_dagrun for dataset_consumes_1_never_scheduled to None, run_after=None
[2025-10-25T21:44:48.743+0000] {logging_mixin.py:190} INFO - [2025-10-25T21:44:48.743+0000] {dag.py:4180} INFO - Setting next_dagrun for dataset_consumes_unknown_never_scheduled to None, run_after=None
[2025-10-25T21:44:48.744+0000] {logging_mixin.py:190} INFO - [2025-10-25T21:44:48.744+0000] {dag.py:4180} INFO - Setting next_dagrun for dataset_produces_1 to 2025-10-24 00:00:00+00:00, run_after=2025-10-25 00:00:00+00:00
[2025-10-25T21:44:48.744+0000] {logging_mixin.py:190} INFO - [2025-10-25T21:44:48.744+0000] {dag.py:4180} INFO - Setting next_dagrun for dataset_produces_2 to None, run_after=None
[2025-10-25T21:44:48.755+0000] {processor.py:208} INFO - Processing /Users/komidoveneymissiamenou/Documents/Master 1 DIT/DataEnge/spark_airflow/airflow_env/lib/python3.12/site-packages/airflow/example_dags/example_datasets.py took 0.118 seconds
[2025-10-25T21:47:52.390+0000] {processor.py:186} INFO - Started process (PID=39616) to work on /Users/komidoveneymissiamenou/Documents/Master 1 DIT/DataEnge/spark_airflow/airflow_env/lib/python3.12/site-packages/airflow/example_dags/example_datasets.py
[2025-10-25T21:47:52.390+0000] {processor.py:914} INFO - Processing file /Users/komidoveneymissiamenou/Documents/Master 1 DIT/DataEnge/spark_airflow/airflow_env/lib/python3.12/site-packages/airflow/example_dags/example_datasets.py for tasks to queue
[2025-10-25T21:47:52.391+0000] {logging_mixin.py:190} INFO - [2025-10-25T21:47:52.391+0000] {dagbag.py:588} INFO - Filling up the DagBag from /Users/komidoveneymissiamenou/Documents/Master 1 DIT/DataEnge/spark_airflow/airflow_env/lib/python3.12/site-packages/airflow/example_dags/example_datasets.py
[2025-10-25T21:47:52.430+0000] {processor.py:925} INFO - DAG(s) 'conditional_dataset_and_time_based_timetable', 'consume_1_and_2_with_dataset_expressions', 'dataset_consumes_1_and_2', 'dataset_consumes_1_never_scheduled', 'dataset_consumes_unknown_never_scheduled', 'dataset_consumes_1', 'dataset_produces_1', 'consume_1_or_both_2_and_3_with_dataset_expressions', 'dataset_produces_2', 'consume_1_or_2_with_dataset_expressions' retrieved from /Users/komidoveneymissiamenou/Documents/Master 1 DIT/DataEnge/spark_airflow/airflow_env/lib/python3.12/site-packages/airflow/example_dags/example_datasets.py
[2025-10-25T21:47:52.478+0000] {logging_mixin.py:190} INFO - [2025-10-25T21:47:52.478+0000] {dag.py:3239} INFO - Sync 10 DAGs
[2025-10-25T21:47:52.487+0000] {logging_mixin.py:190} INFO - [2025-10-25T21:47:52.487+0000] {dag.py:4180} INFO - Setting next_dagrun for conditional_dataset_and_time_based_timetable to 2025-10-22 01:00:00+00:00, run_after=2025-10-22 01:00:00+00:00
[2025-10-25T21:47:52.489+0000] {logging_mixin.py:190} INFO - [2025-10-25T21:47:52.489+0000] {dag.py:4180} INFO - Setting next_dagrun for consume_1_and_2_with_dataset_expressions to None, run_after=None
[2025-10-25T21:47:52.489+0000] {logging_mixin.py:190} INFO - [2025-10-25T21:47:52.489+0000] {dag.py:4180} INFO - Setting next_dagrun for consume_1_or_2_with_dataset_expressions to None, run_after=None
[2025-10-25T21:47:52.490+0000] {logging_mixin.py:190} INFO - [2025-10-25T21:47:52.490+0000] {dag.py:4180} INFO - Setting next_dagrun for consume_1_or_both_2_and_3_with_dataset_expressions to None, run_after=None
[2025-10-25T21:47:52.490+0000] {logging_mixin.py:190} INFO - [2025-10-25T21:47:52.490+0000] {dag.py:4180} INFO - Setting next_dagrun for dataset_consumes_1 to None, run_after=None
[2025-10-25T21:47:52.490+0000] {logging_mixin.py:190} INFO - [2025-10-25T21:47:52.490+0000] {dag.py:4180} INFO - Setting next_dagrun for dataset_consumes_1_and_2 to None, run_after=None
[2025-10-25T21:47:52.491+0000] {logging_mixin.py:190} INFO - [2025-10-25T21:47:52.490+0000] {dag.py:4180} INFO - Setting next_dagrun for dataset_consumes_1_never_scheduled to None, run_after=None
[2025-10-25T21:47:52.491+0000] {logging_mixin.py:190} INFO - [2025-10-25T21:47:52.491+0000] {dag.py:4180} INFO - Setting next_dagrun for dataset_consumes_unknown_never_scheduled to None, run_after=None
[2025-10-25T21:47:52.491+0000] {logging_mixin.py:190} INFO - [2025-10-25T21:47:52.491+0000] {dag.py:4180} INFO - Setting next_dagrun for dataset_produces_1 to 2025-10-24 00:00:00+00:00, run_after=2025-10-25 00:00:00+00:00
[2025-10-25T21:47:52.492+0000] {logging_mixin.py:190} INFO - [2025-10-25T21:47:52.492+0000] {dag.py:4180} INFO - Setting next_dagrun for dataset_produces_2 to None, run_after=None
[2025-10-25T21:47:52.502+0000] {processor.py:208} INFO - Processing /Users/komidoveneymissiamenou/Documents/Master 1 DIT/DataEnge/spark_airflow/airflow_env/lib/python3.12/site-packages/airflow/example_dags/example_datasets.py took 0.114 seconds
[2025-10-25T21:50:14.159+0000] {processor.py:186} INFO - Started process (PID=43318) to work on /Users/komidoveneymissiamenou/Documents/Master 1 DIT/DataEnge/spark_airflow/airflow_env/lib/python3.12/site-packages/airflow/example_dags/example_datasets.py
[2025-10-25T21:50:14.160+0000] {processor.py:914} INFO - Processing file /Users/komidoveneymissiamenou/Documents/Master 1 DIT/DataEnge/spark_airflow/airflow_env/lib/python3.12/site-packages/airflow/example_dags/example_datasets.py for tasks to queue
[2025-10-25T21:50:14.160+0000] {logging_mixin.py:190} INFO - [2025-10-25T21:50:14.160+0000] {dagbag.py:588} INFO - Filling up the DagBag from /Users/komidoveneymissiamenou/Documents/Master 1 DIT/DataEnge/spark_airflow/airflow_env/lib/python3.12/site-packages/airflow/example_dags/example_datasets.py
[2025-10-25T21:50:14.192+0000] {processor.py:925} INFO - DAG(s) 'consume_1_and_2_with_dataset_expressions', 'dataset_produces_2', 'consume_1_or_both_2_and_3_with_dataset_expressions', 'consume_1_or_2_with_dataset_expressions', 'dataset_produces_1', 'dataset_consumes_1', 'dataset_consumes_1_never_scheduled', 'dataset_consumes_unknown_never_scheduled', 'dataset_consumes_1_and_2', 'conditional_dataset_and_time_based_timetable' retrieved from /Users/komidoveneymissiamenou/Documents/Master 1 DIT/DataEnge/spark_airflow/airflow_env/lib/python3.12/site-packages/airflow/example_dags/example_datasets.py
[2025-10-25T21:50:14.239+0000] {logging_mixin.py:190} INFO - [2025-10-25T21:50:14.239+0000] {dag.py:3239} INFO - Sync 10 DAGs
[2025-10-25T21:50:14.248+0000] {logging_mixin.py:190} INFO - [2025-10-25T21:50:14.248+0000] {dag.py:4180} INFO - Setting next_dagrun for conditional_dataset_and_time_based_timetable to 2025-10-22 01:00:00+00:00, run_after=2025-10-22 01:00:00+00:00
[2025-10-25T21:50:14.249+0000] {logging_mixin.py:190} INFO - [2025-10-25T21:50:14.249+0000] {dag.py:4180} INFO - Setting next_dagrun for consume_1_and_2_with_dataset_expressions to None, run_after=None
[2025-10-25T21:50:14.250+0000] {logging_mixin.py:190} INFO - [2025-10-25T21:50:14.250+0000] {dag.py:4180} INFO - Setting next_dagrun for consume_1_or_2_with_dataset_expressions to None, run_after=None
[2025-10-25T21:50:14.250+0000] {logging_mixin.py:190} INFO - [2025-10-25T21:50:14.250+0000] {dag.py:4180} INFO - Setting next_dagrun for consume_1_or_both_2_and_3_with_dataset_expressions to None, run_after=None
[2025-10-25T21:50:14.251+0000] {logging_mixin.py:190} INFO - [2025-10-25T21:50:14.251+0000] {dag.py:4180} INFO - Setting next_dagrun for dataset_consumes_1 to None, run_after=None
[2025-10-25T21:50:14.251+0000] {logging_mixin.py:190} INFO - [2025-10-25T21:50:14.251+0000] {dag.py:4180} INFO - Setting next_dagrun for dataset_consumes_1_and_2 to None, run_after=None
[2025-10-25T21:50:14.251+0000] {logging_mixin.py:190} INFO - [2025-10-25T21:50:14.251+0000] {dag.py:4180} INFO - Setting next_dagrun for dataset_consumes_1_never_scheduled to None, run_after=None
[2025-10-25T21:50:14.251+0000] {logging_mixin.py:190} INFO - [2025-10-25T21:50:14.251+0000] {dag.py:4180} INFO - Setting next_dagrun for dataset_consumes_unknown_never_scheduled to None, run_after=None
[2025-10-25T21:50:14.252+0000] {logging_mixin.py:190} INFO - [2025-10-25T21:50:14.252+0000] {dag.py:4180} INFO - Setting next_dagrun for dataset_produces_1 to 2025-10-24 00:00:00+00:00, run_after=2025-10-25 00:00:00+00:00
[2025-10-25T21:50:14.252+0000] {logging_mixin.py:190} INFO - [2025-10-25T21:50:14.252+0000] {dag.py:4180} INFO - Setting next_dagrun for dataset_produces_2 to None, run_after=None
[2025-10-25T21:50:14.265+0000] {processor.py:208} INFO - Processing /Users/komidoveneymissiamenou/Documents/Master 1 DIT/DataEnge/spark_airflow/airflow_env/lib/python3.12/site-packages/airflow/example_dags/example_datasets.py took 0.107 seconds
[2025-10-25T21:53:19.208+0000] {processor.py:186} INFO - Started process (PID=46686) to work on /Users/komidoveneymissiamenou/Documents/Master 1 DIT/DataEnge/spark_airflow/airflow_env/lib/python3.12/site-packages/airflow/example_dags/example_datasets.py
[2025-10-25T21:53:19.209+0000] {processor.py:914} INFO - Processing file /Users/komidoveneymissiamenou/Documents/Master 1 DIT/DataEnge/spark_airflow/airflow_env/lib/python3.12/site-packages/airflow/example_dags/example_datasets.py for tasks to queue
[2025-10-25T21:53:19.209+0000] {logging_mixin.py:190} INFO - [2025-10-25T21:53:19.209+0000] {dagbag.py:588} INFO - Filling up the DagBag from /Users/komidoveneymissiamenou/Documents/Master 1 DIT/DataEnge/spark_airflow/airflow_env/lib/python3.12/site-packages/airflow/example_dags/example_datasets.py
[2025-10-25T21:53:19.253+0000] {processor.py:925} INFO - DAG(s) 'consume_1_or_both_2_and_3_with_dataset_expressions', 'dataset_consumes_1_never_scheduled', 'consume_1_and_2_with_dataset_expressions', 'dataset_consumes_1_and_2', 'dataset_produces_2', 'conditional_dataset_and_time_based_timetable', 'dataset_produces_1', 'dataset_consumes_1', 'dataset_consumes_unknown_never_scheduled', 'consume_1_or_2_with_dataset_expressions' retrieved from /Users/komidoveneymissiamenou/Documents/Master 1 DIT/DataEnge/spark_airflow/airflow_env/lib/python3.12/site-packages/airflow/example_dags/example_datasets.py
[2025-10-25T21:53:19.295+0000] {logging_mixin.py:190} INFO - [2025-10-25T21:53:19.295+0000] {dag.py:3239} INFO - Sync 10 DAGs
[2025-10-25T21:53:19.304+0000] {logging_mixin.py:190} INFO - [2025-10-25T21:53:19.304+0000] {dag.py:4180} INFO - Setting next_dagrun for conditional_dataset_and_time_based_timetable to 2025-10-22 01:00:00+00:00, run_after=2025-10-22 01:00:00+00:00
[2025-10-25T21:53:19.305+0000] {logging_mixin.py:190} INFO - [2025-10-25T21:53:19.305+0000] {dag.py:4180} INFO - Setting next_dagrun for consume_1_and_2_with_dataset_expressions to None, run_after=None
[2025-10-25T21:53:19.306+0000] {logging_mixin.py:190} INFO - [2025-10-25T21:53:19.305+0000] {dag.py:4180} INFO - Setting next_dagrun for consume_1_or_2_with_dataset_expressions to None, run_after=None
[2025-10-25T21:53:19.306+0000] {logging_mixin.py:190} INFO - [2025-10-25T21:53:19.306+0000] {dag.py:4180} INFO - Setting next_dagrun for consume_1_or_both_2_and_3_with_dataset_expressions to None, run_after=None
[2025-10-25T21:53:19.306+0000] {logging_mixin.py:190} INFO - [2025-10-25T21:53:19.306+0000] {dag.py:4180} INFO - Setting next_dagrun for dataset_consumes_1 to None, run_after=None
[2025-10-25T21:53:19.306+0000] {logging_mixin.py:190} INFO - [2025-10-25T21:53:19.306+0000] {dag.py:4180} INFO - Setting next_dagrun for dataset_consumes_1_and_2 to None, run_after=None
[2025-10-25T21:53:19.307+0000] {logging_mixin.py:190} INFO - [2025-10-25T21:53:19.307+0000] {dag.py:4180} INFO - Setting next_dagrun for dataset_consumes_1_never_scheduled to None, run_after=None
[2025-10-25T21:53:19.307+0000] {logging_mixin.py:190} INFO - [2025-10-25T21:53:19.307+0000] {dag.py:4180} INFO - Setting next_dagrun for dataset_consumes_unknown_never_scheduled to None, run_after=None
[2025-10-25T21:53:19.308+0000] {logging_mixin.py:190} INFO - [2025-10-25T21:53:19.307+0000] {dag.py:4180} INFO - Setting next_dagrun for dataset_produces_1 to 2025-10-24 00:00:00+00:00, run_after=2025-10-25 00:00:00+00:00
[2025-10-25T21:53:19.308+0000] {logging_mixin.py:190} INFO - [2025-10-25T21:53:19.308+0000] {dag.py:4180} INFO - Setting next_dagrun for dataset_produces_2 to None, run_after=None
[2025-10-25T21:53:19.318+0000] {processor.py:208} INFO - Processing /Users/komidoveneymissiamenou/Documents/Master 1 DIT/DataEnge/spark_airflow/airflow_env/lib/python3.12/site-packages/airflow/example_dags/example_datasets.py took 0.112 seconds
[2025-10-25T21:55:53.893+0000] {processor.py:186} INFO - Started process (PID=49674) to work on /Users/komidoveneymissiamenou/Documents/Master 1 DIT/DataEnge/spark_airflow/airflow_env/lib/python3.12/site-packages/airflow/example_dags/example_datasets.py
[2025-10-25T21:55:53.893+0000] {processor.py:914} INFO - Processing file /Users/komidoveneymissiamenou/Documents/Master 1 DIT/DataEnge/spark_airflow/airflow_env/lib/python3.12/site-packages/airflow/example_dags/example_datasets.py for tasks to queue
[2025-10-25T21:55:53.894+0000] {logging_mixin.py:190} INFO - [2025-10-25T21:55:53.894+0000] {dagbag.py:588} INFO - Filling up the DagBag from /Users/komidoveneymissiamenou/Documents/Master 1 DIT/DataEnge/spark_airflow/airflow_env/lib/python3.12/site-packages/airflow/example_dags/example_datasets.py
[2025-10-25T21:55:53.938+0000] {processor.py:925} INFO - DAG(s) 'dataset_produces_1', 'conditional_dataset_and_time_based_timetable', 'consume_1_or_2_with_dataset_expressions', 'dataset_consumes_unknown_never_scheduled', 'dataset_consumes_1_never_scheduled', 'dataset_consumes_1', 'consume_1_or_both_2_and_3_with_dataset_expressions', 'dataset_consumes_1_and_2', 'dataset_produces_2', 'consume_1_and_2_with_dataset_expressions' retrieved from /Users/komidoveneymissiamenou/Documents/Master 1 DIT/DataEnge/spark_airflow/airflow_env/lib/python3.12/site-packages/airflow/example_dags/example_datasets.py
[2025-10-25T21:55:53.983+0000] {logging_mixin.py:190} INFO - [2025-10-25T21:55:53.983+0000] {dag.py:3239} INFO - Sync 10 DAGs
[2025-10-25T21:55:53.991+0000] {logging_mixin.py:190} INFO - [2025-10-25T21:55:53.991+0000] {dag.py:4180} INFO - Setting next_dagrun for conditional_dataset_and_time_based_timetable to 2025-10-22 01:00:00+00:00, run_after=2025-10-22 01:00:00+00:00
[2025-10-25T21:55:53.992+0000] {logging_mixin.py:190} INFO - [2025-10-25T21:55:53.992+0000] {dag.py:4180} INFO - Setting next_dagrun for consume_1_and_2_with_dataset_expressions to None, run_after=None
[2025-10-25T21:55:53.993+0000] {logging_mixin.py:190} INFO - [2025-10-25T21:55:53.993+0000] {dag.py:4180} INFO - Setting next_dagrun for consume_1_or_2_with_dataset_expressions to None, run_after=None
[2025-10-25T21:55:53.993+0000] {logging_mixin.py:190} INFO - [2025-10-25T21:55:53.993+0000] {dag.py:4180} INFO - Setting next_dagrun for consume_1_or_both_2_and_3_with_dataset_expressions to None, run_after=None
[2025-10-25T21:55:53.993+0000] {logging_mixin.py:190} INFO - [2025-10-25T21:55:53.993+0000] {dag.py:4180} INFO - Setting next_dagrun for dataset_consumes_1 to None, run_after=None
[2025-10-25T21:55:53.994+0000] {logging_mixin.py:190} INFO - [2025-10-25T21:55:53.994+0000] {dag.py:4180} INFO - Setting next_dagrun for dataset_consumes_1_and_2 to None, run_after=None
[2025-10-25T21:55:53.994+0000] {logging_mixin.py:190} INFO - [2025-10-25T21:55:53.994+0000] {dag.py:4180} INFO - Setting next_dagrun for dataset_consumes_1_never_scheduled to None, run_after=None
[2025-10-25T21:55:53.994+0000] {logging_mixin.py:190} INFO - [2025-10-25T21:55:53.994+0000] {dag.py:4180} INFO - Setting next_dagrun for dataset_consumes_unknown_never_scheduled to None, run_after=None
[2025-10-25T21:55:53.995+0000] {logging_mixin.py:190} INFO - [2025-10-25T21:55:53.995+0000] {dag.py:4180} INFO - Setting next_dagrun for dataset_produces_1 to 2025-10-24 00:00:00+00:00, run_after=2025-10-25 00:00:00+00:00
[2025-10-25T21:55:53.995+0000] {logging_mixin.py:190} INFO - [2025-10-25T21:55:53.995+0000] {dag.py:4180} INFO - Setting next_dagrun for dataset_produces_2 to None, run_after=None
[2025-10-25T21:55:54.005+0000] {processor.py:208} INFO - Processing /Users/komidoveneymissiamenou/Documents/Master 1 DIT/DataEnge/spark_airflow/airflow_env/lib/python3.12/site-packages/airflow/example_dags/example_datasets.py took 0.115 seconds
[2025-10-25T21:58:49.784+0000] {processor.py:186} INFO - Started process (PID=51760) to work on /Users/komidoveneymissiamenou/Documents/Master 1 DIT/DataEnge/spark_airflow/airflow_env/lib/python3.12/site-packages/airflow/example_dags/example_datasets.py
[2025-10-25T21:58:49.785+0000] {processor.py:914} INFO - Processing file /Users/komidoveneymissiamenou/Documents/Master 1 DIT/DataEnge/spark_airflow/airflow_env/lib/python3.12/site-packages/airflow/example_dags/example_datasets.py for tasks to queue
[2025-10-25T21:58:49.785+0000] {logging_mixin.py:190} INFO - [2025-10-25T21:58:49.785+0000] {dagbag.py:588} INFO - Filling up the DagBag from /Users/komidoveneymissiamenou/Documents/Master 1 DIT/DataEnge/spark_airflow/airflow_env/lib/python3.12/site-packages/airflow/example_dags/example_datasets.py
[2025-10-25T21:58:49.831+0000] {processor.py:925} INFO - DAG(s) 'consume_1_or_2_with_dataset_expressions', 'dataset_consumes_1_and_2', 'consume_1_and_2_with_dataset_expressions', 'dataset_consumes_1_never_scheduled', 'dataset_consumes_unknown_never_scheduled', 'dataset_produces_1', 'consume_1_or_both_2_and_3_with_dataset_expressions', 'dataset_produces_2', 'dataset_consumes_1', 'conditional_dataset_and_time_based_timetable' retrieved from /Users/komidoveneymissiamenou/Documents/Master 1 DIT/DataEnge/spark_airflow/airflow_env/lib/python3.12/site-packages/airflow/example_dags/example_datasets.py
[2025-10-25T21:58:49.872+0000] {logging_mixin.py:190} INFO - [2025-10-25T21:58:49.872+0000] {dag.py:3239} INFO - Sync 10 DAGs
[2025-10-25T21:58:49.880+0000] {logging_mixin.py:190} INFO - [2025-10-25T21:58:49.880+0000] {dag.py:4180} INFO - Setting next_dagrun for conditional_dataset_and_time_based_timetable to 2025-10-22 01:00:00+00:00, run_after=2025-10-22 01:00:00+00:00
[2025-10-25T21:58:49.881+0000] {logging_mixin.py:190} INFO - [2025-10-25T21:58:49.881+0000] {dag.py:4180} INFO - Setting next_dagrun for consume_1_and_2_with_dataset_expressions to None, run_after=None
[2025-10-25T21:58:49.882+0000] {logging_mixin.py:190} INFO - [2025-10-25T21:58:49.882+0000] {dag.py:4180} INFO - Setting next_dagrun for consume_1_or_2_with_dataset_expressions to None, run_after=None
[2025-10-25T21:58:49.882+0000] {logging_mixin.py:190} INFO - [2025-10-25T21:58:49.882+0000] {dag.py:4180} INFO - Setting next_dagrun for consume_1_or_both_2_and_3_with_dataset_expressions to None, run_after=None
[2025-10-25T21:58:49.882+0000] {logging_mixin.py:190} INFO - [2025-10-25T21:58:49.882+0000] {dag.py:4180} INFO - Setting next_dagrun for dataset_consumes_1 to None, run_after=None
[2025-10-25T21:58:49.883+0000] {logging_mixin.py:190} INFO - [2025-10-25T21:58:49.883+0000] {dag.py:4180} INFO - Setting next_dagrun for dataset_consumes_1_and_2 to None, run_after=None
[2025-10-25T21:58:49.883+0000] {logging_mixin.py:190} INFO - [2025-10-25T21:58:49.883+0000] {dag.py:4180} INFO - Setting next_dagrun for dataset_consumes_1_never_scheduled to None, run_after=None
[2025-10-25T21:58:49.883+0000] {logging_mixin.py:190} INFO - [2025-10-25T21:58:49.883+0000] {dag.py:4180} INFO - Setting next_dagrun for dataset_consumes_unknown_never_scheduled to None, run_after=None
[2025-10-25T21:58:49.884+0000] {logging_mixin.py:190} INFO - [2025-10-25T21:58:49.884+0000] {dag.py:4180} INFO - Setting next_dagrun for dataset_produces_1 to 2025-10-24 00:00:00+00:00, run_after=2025-10-25 00:00:00+00:00
[2025-10-25T21:58:49.884+0000] {logging_mixin.py:190} INFO - [2025-10-25T21:58:49.884+0000] {dag.py:4180} INFO - Setting next_dagrun for dataset_produces_2 to None, run_after=None
[2025-10-25T21:58:49.894+0000] {processor.py:208} INFO - Processing /Users/komidoveneymissiamenou/Documents/Master 1 DIT/DataEnge/spark_airflow/airflow_env/lib/python3.12/site-packages/airflow/example_dags/example_datasets.py took 0.111 seconds
