[2025-10-25T21:40:16.320+0000] {processor.py:186} INFO - Started process (PID=33181) to work on /Users/komidoveneymissiamenou/Documents/Master 1 DIT/DataEnge/spark_airflow/airflow_env/lib/python3.12/site-packages/airflow/example_dags/example_dynamic_task_mapping.py
[2025-10-25T21:40:16.324+0000] {processor.py:914} INFO - Processing file /Users/komidoveneymissiamenou/Documents/Master 1 DIT/DataEnge/spark_airflow/airflow_env/lib/python3.12/site-packages/airflow/example_dags/example_dynamic_task_mapping.py for tasks to queue
[2025-10-25T21:40:16.326+0000] {logging_mixin.py:190} INFO - [2025-10-25T21:40:16.325+0000] {dagbag.py:588} INFO - Filling up the DagBag from /Users/komidoveneymissiamenou/Documents/Master 1 DIT/DataEnge/spark_airflow/airflow_env/lib/python3.12/site-packages/airflow/example_dags/example_dynamic_task_mapping.py
[2025-10-25T21:40:16.379+0000] {processor.py:925} INFO - DAG(s) 'example_dynamic_task_mapping' retrieved from /Users/komidoveneymissiamenou/Documents/Master 1 DIT/DataEnge/spark_airflow/airflow_env/lib/python3.12/site-packages/airflow/example_dags/example_dynamic_task_mapping.py
[2025-10-25T21:40:16.522+0000] {logging_mixin.py:190} INFO - [2025-10-25T21:40:16.522+0000] {override.py:1900} INFO - Created Permission View: can delete on DAG:example_dynamic_task_mapping
[2025-10-25T21:40:16.526+0000] {logging_mixin.py:190} INFO - [2025-10-25T21:40:16.525+0000] {override.py:1900} INFO - Created Permission View: can read on DAG:example_dynamic_task_mapping
[2025-10-25T21:40:16.528+0000] {logging_mixin.py:190} INFO - [2025-10-25T21:40:16.528+0000] {override.py:1900} INFO - Created Permission View: can edit on DAG:example_dynamic_task_mapping
[2025-10-25T21:40:16.531+0000] {logging_mixin.py:190} INFO - [2025-10-25T21:40:16.531+0000] {override.py:1900} INFO - Created Permission View: can create on DAG Run:example_dynamic_task_mapping
[2025-10-25T21:40:16.533+0000] {logging_mixin.py:190} INFO - [2025-10-25T21:40:16.533+0000] {override.py:1900} INFO - Created Permission View: can delete on DAG Run:example_dynamic_task_mapping
[2025-10-25T21:40:16.535+0000] {logging_mixin.py:190} INFO - [2025-10-25T21:40:16.535+0000] {override.py:1900} INFO - Created Permission View: can read on DAG Run:example_dynamic_task_mapping
[2025-10-25T21:40:16.537+0000] {logging_mixin.py:190} INFO - [2025-10-25T21:40:16.537+0000] {override.py:1900} INFO - Created Permission View: menu access on DAG Run:example_dynamic_task_mapping
[2025-10-25T21:40:16.537+0000] {logging_mixin.py:190} INFO - [2025-10-25T21:40:16.537+0000] {dag.py:3239} INFO - Sync 1 DAGs
[2025-10-25T21:40:16.541+0000] {logging_mixin.py:190} INFO - [2025-10-25T21:40:16.541+0000] {dag.py:3262} INFO - Creating ORM DAG for example_dynamic_task_mapping
[2025-10-25T21:40:16.542+0000] {logging_mixin.py:190} INFO - [2025-10-25T21:40:16.542+0000] {dag.py:4180} INFO - Setting next_dagrun for example_dynamic_task_mapping to None, run_after=None
[2025-10-25T21:40:16.547+0000] {processor.py:208} INFO - Processing /Users/komidoveneymissiamenou/Documents/Master 1 DIT/DataEnge/spark_airflow/airflow_env/lib/python3.12/site-packages/airflow/example_dags/example_dynamic_task_mapping.py took 0.232 seconds
[2025-10-25T21:42:08.235+0000] {processor.py:186} INFO - Started process (PID=34594) to work on /Users/komidoveneymissiamenou/Documents/Master 1 DIT/DataEnge/spark_airflow/airflow_env/lib/python3.12/site-packages/airflow/example_dags/example_dynamic_task_mapping.py
[2025-10-25T21:42:08.236+0000] {processor.py:914} INFO - Processing file /Users/komidoveneymissiamenou/Documents/Master 1 DIT/DataEnge/spark_airflow/airflow_env/lib/python3.12/site-packages/airflow/example_dags/example_dynamic_task_mapping.py for tasks to queue
[2025-10-25T21:42:08.237+0000] {logging_mixin.py:190} INFO - [2025-10-25T21:42:08.237+0000] {dagbag.py:588} INFO - Filling up the DagBag from /Users/komidoveneymissiamenou/Documents/Master 1 DIT/DataEnge/spark_airflow/airflow_env/lib/python3.12/site-packages/airflow/example_dags/example_dynamic_task_mapping.py
[2025-10-25T21:42:08.254+0000] {processor.py:925} INFO - DAG(s) 'example_dynamic_task_mapping' retrieved from /Users/komidoveneymissiamenou/Documents/Master 1 DIT/DataEnge/spark_airflow/airflow_env/lib/python3.12/site-packages/airflow/example_dags/example_dynamic_task_mapping.py
[2025-10-25T21:42:08.290+0000] {logging_mixin.py:190} INFO - [2025-10-25T21:42:08.290+0000] {dag.py:3239} INFO - Sync 1 DAGs
[2025-10-25T21:42:08.294+0000] {logging_mixin.py:190} INFO - [2025-10-25T21:42:08.294+0000] {dag.py:4180} INFO - Setting next_dagrun for example_dynamic_task_mapping to None, run_after=None
[2025-10-25T21:42:08.300+0000] {processor.py:208} INFO - Processing /Users/komidoveneymissiamenou/Documents/Master 1 DIT/DataEnge/spark_airflow/airflow_env/lib/python3.12/site-packages/airflow/example_dags/example_dynamic_task_mapping.py took 0.066 seconds
[2025-10-25T21:44:44.753+0000] {processor.py:186} INFO - Started process (PID=36468) to work on /Users/komidoveneymissiamenou/Documents/Master 1 DIT/DataEnge/spark_airflow/airflow_env/lib/python3.12/site-packages/airflow/example_dags/example_dynamic_task_mapping.py
[2025-10-25T21:44:44.753+0000] {processor.py:914} INFO - Processing file /Users/komidoveneymissiamenou/Documents/Master 1 DIT/DataEnge/spark_airflow/airflow_env/lib/python3.12/site-packages/airflow/example_dags/example_dynamic_task_mapping.py for tasks to queue
[2025-10-25T21:44:44.754+0000] {logging_mixin.py:190} INFO - [2025-10-25T21:44:44.754+0000] {dagbag.py:588} INFO - Filling up the DagBag from /Users/komidoveneymissiamenou/Documents/Master 1 DIT/DataEnge/spark_airflow/airflow_env/lib/python3.12/site-packages/airflow/example_dags/example_dynamic_task_mapping.py
[2025-10-25T21:44:44.781+0000] {processor.py:925} INFO - DAG(s) 'example_dynamic_task_mapping' retrieved from /Users/komidoveneymissiamenou/Documents/Master 1 DIT/DataEnge/spark_airflow/airflow_env/lib/python3.12/site-packages/airflow/example_dags/example_dynamic_task_mapping.py
[2025-10-25T21:44:44.817+0000] {logging_mixin.py:190} INFO - [2025-10-25T21:44:44.816+0000] {dag.py:3239} INFO - Sync 1 DAGs
[2025-10-25T21:44:44.820+0000] {logging_mixin.py:190} INFO - [2025-10-25T21:44:44.820+0000] {dag.py:4180} INFO - Setting next_dagrun for example_dynamic_task_mapping to None, run_after=None
[2025-10-25T21:44:44.827+0000] {processor.py:208} INFO - Processing /Users/komidoveneymissiamenou/Documents/Master 1 DIT/DataEnge/spark_airflow/airflow_env/lib/python3.12/site-packages/airflow/example_dags/example_dynamic_task_mapping.py took 0.076 seconds
[2025-10-25T21:47:48.994+0000] {processor.py:186} INFO - Started process (PID=39570) to work on /Users/komidoveneymissiamenou/Documents/Master 1 DIT/DataEnge/spark_airflow/airflow_env/lib/python3.12/site-packages/airflow/example_dags/example_dynamic_task_mapping.py
[2025-10-25T21:47:48.995+0000] {processor.py:914} INFO - Processing file /Users/komidoveneymissiamenou/Documents/Master 1 DIT/DataEnge/spark_airflow/airflow_env/lib/python3.12/site-packages/airflow/example_dags/example_dynamic_task_mapping.py for tasks to queue
[2025-10-25T21:47:48.996+0000] {logging_mixin.py:190} INFO - [2025-10-25T21:47:48.996+0000] {dagbag.py:588} INFO - Filling up the DagBag from /Users/komidoveneymissiamenou/Documents/Master 1 DIT/DataEnge/spark_airflow/airflow_env/lib/python3.12/site-packages/airflow/example_dags/example_dynamic_task_mapping.py
[2025-10-25T21:47:49.023+0000] {processor.py:925} INFO - DAG(s) 'example_dynamic_task_mapping' retrieved from /Users/komidoveneymissiamenou/Documents/Master 1 DIT/DataEnge/spark_airflow/airflow_env/lib/python3.12/site-packages/airflow/example_dags/example_dynamic_task_mapping.py
[2025-10-25T21:47:49.069+0000] {logging_mixin.py:190} INFO - [2025-10-25T21:47:49.068+0000] {dag.py:3239} INFO - Sync 1 DAGs
[2025-10-25T21:47:49.074+0000] {logging_mixin.py:190} INFO - [2025-10-25T21:47:49.074+0000] {dag.py:4180} INFO - Setting next_dagrun for example_dynamic_task_mapping to None, run_after=None
[2025-10-25T21:47:49.083+0000] {processor.py:208} INFO - Processing /Users/komidoveneymissiamenou/Documents/Master 1 DIT/DataEnge/spark_airflow/airflow_env/lib/python3.12/site-packages/airflow/example_dags/example_dynamic_task_mapping.py took 0.091 seconds
[2025-10-25T21:50:10.126+0000] {processor.py:186} INFO - Started process (PID=43269) to work on /Users/komidoveneymissiamenou/Documents/Master 1 DIT/DataEnge/spark_airflow/airflow_env/lib/python3.12/site-packages/airflow/example_dags/example_dynamic_task_mapping.py
[2025-10-25T21:50:10.126+0000] {processor.py:914} INFO - Processing file /Users/komidoveneymissiamenou/Documents/Master 1 DIT/DataEnge/spark_airflow/airflow_env/lib/python3.12/site-packages/airflow/example_dags/example_dynamic_task_mapping.py for tasks to queue
[2025-10-25T21:50:10.127+0000] {logging_mixin.py:190} INFO - [2025-10-25T21:50:10.127+0000] {dagbag.py:588} INFO - Filling up the DagBag from /Users/komidoveneymissiamenou/Documents/Master 1 DIT/DataEnge/spark_airflow/airflow_env/lib/python3.12/site-packages/airflow/example_dags/example_dynamic_task_mapping.py
[2025-10-25T21:50:10.154+0000] {processor.py:925} INFO - DAG(s) 'example_dynamic_task_mapping' retrieved from /Users/komidoveneymissiamenou/Documents/Master 1 DIT/DataEnge/spark_airflow/airflow_env/lib/python3.12/site-packages/airflow/example_dags/example_dynamic_task_mapping.py
[2025-10-25T21:50:10.195+0000] {logging_mixin.py:190} INFO - [2025-10-25T21:50:10.194+0000] {dag.py:3239} INFO - Sync 1 DAGs
[2025-10-25T21:50:10.199+0000] {logging_mixin.py:190} INFO - [2025-10-25T21:50:10.199+0000] {dag.py:4180} INFO - Setting next_dagrun for example_dynamic_task_mapping to None, run_after=None
[2025-10-25T21:50:10.205+0000] {processor.py:208} INFO - Processing /Users/komidoveneymissiamenou/Documents/Master 1 DIT/DataEnge/spark_airflow/airflow_env/lib/python3.12/site-packages/airflow/example_dags/example_dynamic_task_mapping.py took 0.081 seconds
[2025-10-25T21:52:14.782+0000] {processor.py:186} INFO - Started process (PID=45205) to work on /Users/komidoveneymissiamenou/Documents/Master 1 DIT/DataEnge/spark_airflow/airflow_env/lib/python3.12/site-packages/airflow/example_dags/example_dynamic_task_mapping.py
[2025-10-25T21:52:14.786+0000] {processor.py:914} INFO - Processing file /Users/komidoveneymissiamenou/Documents/Master 1 DIT/DataEnge/spark_airflow/airflow_env/lib/python3.12/site-packages/airflow/example_dags/example_dynamic_task_mapping.py for tasks to queue
[2025-10-25T21:52:14.787+0000] {logging_mixin.py:190} INFO - [2025-10-25T21:52:14.787+0000] {dagbag.py:588} INFO - Filling up the DagBag from /Users/komidoveneymissiamenou/Documents/Master 1 DIT/DataEnge/spark_airflow/airflow_env/lib/python3.12/site-packages/airflow/example_dags/example_dynamic_task_mapping.py
[2025-10-25T21:52:14.810+0000] {processor.py:925} INFO - DAG(s) 'example_dynamic_task_mapping' retrieved from /Users/komidoveneymissiamenou/Documents/Master 1 DIT/DataEnge/spark_airflow/airflow_env/lib/python3.12/site-packages/airflow/example_dags/example_dynamic_task_mapping.py
[2025-10-25T21:52:14.850+0000] {logging_mixin.py:190} INFO - [2025-10-25T21:52:14.850+0000] {dag.py:3239} INFO - Sync 1 DAGs
[2025-10-25T21:52:14.854+0000] {logging_mixin.py:190} INFO - [2025-10-25T21:52:14.854+0000] {dag.py:4180} INFO - Setting next_dagrun for example_dynamic_task_mapping to None, run_after=None
[2025-10-25T21:52:14.861+0000] {processor.py:208} INFO - Processing /Users/komidoveneymissiamenou/Documents/Master 1 DIT/DataEnge/spark_airflow/airflow_env/lib/python3.12/site-packages/airflow/example_dags/example_dynamic_task_mapping.py took 0.081 seconds
[2025-10-25T21:55:49.869+0000] {processor.py:186} INFO - Started process (PID=49627) to work on /Users/komidoveneymissiamenou/Documents/Master 1 DIT/DataEnge/spark_airflow/airflow_env/lib/python3.12/site-packages/airflow/example_dags/example_dynamic_task_mapping.py
[2025-10-25T21:55:49.870+0000] {processor.py:914} INFO - Processing file /Users/komidoveneymissiamenou/Documents/Master 1 DIT/DataEnge/spark_airflow/airflow_env/lib/python3.12/site-packages/airflow/example_dags/example_dynamic_task_mapping.py for tasks to queue
[2025-10-25T21:55:49.870+0000] {logging_mixin.py:190} INFO - [2025-10-25T21:55:49.870+0000] {dagbag.py:588} INFO - Filling up the DagBag from /Users/komidoveneymissiamenou/Documents/Master 1 DIT/DataEnge/spark_airflow/airflow_env/lib/python3.12/site-packages/airflow/example_dags/example_dynamic_task_mapping.py
[2025-10-25T21:55:49.889+0000] {processor.py:925} INFO - DAG(s) 'example_dynamic_task_mapping' retrieved from /Users/komidoveneymissiamenou/Documents/Master 1 DIT/DataEnge/spark_airflow/airflow_env/lib/python3.12/site-packages/airflow/example_dags/example_dynamic_task_mapping.py
[2025-10-25T21:55:49.925+0000] {logging_mixin.py:190} INFO - [2025-10-25T21:55:49.924+0000] {dag.py:3239} INFO - Sync 1 DAGs
[2025-10-25T21:55:49.929+0000] {logging_mixin.py:190} INFO - [2025-10-25T21:55:49.928+0000] {dag.py:4180} INFO - Setting next_dagrun for example_dynamic_task_mapping to None, run_after=None
[2025-10-25T21:55:49.935+0000] {processor.py:208} INFO - Processing /Users/komidoveneymissiamenou/Documents/Master 1 DIT/DataEnge/spark_airflow/airflow_env/lib/python3.12/site-packages/airflow/example_dags/example_dynamic_task_mapping.py took 0.068 seconds
[2025-10-25T21:57:47.554+0000] {processor.py:186} INFO - Started process (PID=51028) to work on /Users/komidoveneymissiamenou/Documents/Master 1 DIT/DataEnge/spark_airflow/airflow_env/lib/python3.12/site-packages/airflow/example_dags/example_dynamic_task_mapping.py
[2025-10-25T21:57:47.554+0000] {processor.py:914} INFO - Processing file /Users/komidoveneymissiamenou/Documents/Master 1 DIT/DataEnge/spark_airflow/airflow_env/lib/python3.12/site-packages/airflow/example_dags/example_dynamic_task_mapping.py for tasks to queue
[2025-10-25T21:57:47.555+0000] {logging_mixin.py:190} INFO - [2025-10-25T21:57:47.555+0000] {dagbag.py:588} INFO - Filling up the DagBag from /Users/komidoveneymissiamenou/Documents/Master 1 DIT/DataEnge/spark_airflow/airflow_env/lib/python3.12/site-packages/airflow/example_dags/example_dynamic_task_mapping.py
[2025-10-25T21:57:47.581+0000] {processor.py:925} INFO - DAG(s) 'example_dynamic_task_mapping' retrieved from /Users/komidoveneymissiamenou/Documents/Master 1 DIT/DataEnge/spark_airflow/airflow_env/lib/python3.12/site-packages/airflow/example_dags/example_dynamic_task_mapping.py
[2025-10-25T21:57:47.619+0000] {logging_mixin.py:190} INFO - [2025-10-25T21:57:47.619+0000] {dag.py:3239} INFO - Sync 1 DAGs
[2025-10-25T21:57:47.623+0000] {logging_mixin.py:190} INFO - [2025-10-25T21:57:47.623+0000] {dag.py:4180} INFO - Setting next_dagrun for example_dynamic_task_mapping to None, run_after=None
[2025-10-25T21:57:47.630+0000] {processor.py:208} INFO - Processing /Users/komidoveneymissiamenou/Documents/Master 1 DIT/DataEnge/spark_airflow/airflow_env/lib/python3.12/site-packages/airflow/example_dags/example_dynamic_task_mapping.py took 0.078 seconds
