[2025-10-25T21:40:11.543+0000] {processor.py:186} INFO - Started process (PID=33127) to work on /Users/komidoveneymissiamenou/Documents/Master 1 DIT/DataEnge/spark_airflow/airflow_env/lib/python3.12/site-packages/airflow/example_dags/example_external_task_marker_dag.py
[2025-10-25T21:40:11.543+0000] {processor.py:914} INFO - Processing file /Users/komidoveneymissiamenou/Documents/Master 1 DIT/DataEnge/spark_airflow/airflow_env/lib/python3.12/site-packages/airflow/example_dags/example_external_task_marker_dag.py for tasks to queue
[2025-10-25T21:40:11.544+0000] {logging_mixin.py:190} INFO - [2025-10-25T21:40:11.544+0000] {dagbag.py:588} INFO - Filling up the DagBag from /Users/komidoveneymissiamenou/Documents/Master 1 DIT/DataEnge/spark_airflow/airflow_env/lib/python3.12/site-packages/airflow/example_dags/example_external_task_marker_dag.py
[2025-10-25T21:40:11.551+0000] {processor.py:925} INFO - DAG(s) 'example_external_task_marker_child', 'example_external_task_marker_parent' retrieved from /Users/komidoveneymissiamenou/Documents/Master 1 DIT/DataEnge/spark_airflow/airflow_env/lib/python3.12/site-packages/airflow/example_dags/example_external_task_marker_dag.py
[2025-10-25T21:40:11.584+0000] {logging_mixin.py:190} INFO - [2025-10-25T21:40:11.584+0000] {workday.py:41} WARNING - Could not import pandas. Holidays will not be considered.
[2025-10-25T21:40:11.628+0000] {logging_mixin.py:190} INFO - [2025-10-25T21:40:11.628+0000] {override.py:1900} INFO - Created Permission View: can read on DAG:example_external_task_marker_child
[2025-10-25T21:40:11.633+0000] {logging_mixin.py:190} INFO - [2025-10-25T21:40:11.633+0000] {override.py:1900} INFO - Created Permission View: can delete on DAG:example_external_task_marker_child
[2025-10-25T21:40:11.636+0000] {logging_mixin.py:190} INFO - [2025-10-25T21:40:11.636+0000] {override.py:1900} INFO - Created Permission View: can edit on DAG:example_external_task_marker_child
[2025-10-25T21:40:11.640+0000] {logging_mixin.py:190} INFO - [2025-10-25T21:40:11.640+0000] {override.py:1900} INFO - Created Permission View: can create on DAG Run:example_external_task_marker_child
[2025-10-25T21:40:11.642+0000] {logging_mixin.py:190} INFO - [2025-10-25T21:40:11.641+0000] {override.py:1900} INFO - Created Permission View: can read on DAG Run:example_external_task_marker_child
[2025-10-25T21:40:11.644+0000] {logging_mixin.py:190} INFO - [2025-10-25T21:40:11.644+0000] {override.py:1900} INFO - Created Permission View: can delete on DAG Run:example_external_task_marker_child
[2025-10-25T21:40:11.647+0000] {logging_mixin.py:190} INFO - [2025-10-25T21:40:11.647+0000] {override.py:1900} INFO - Created Permission View: menu access on DAG Run:example_external_task_marker_child
[2025-10-25T21:40:11.653+0000] {logging_mixin.py:190} INFO - [2025-10-25T21:40:11.653+0000] {override.py:1900} INFO - Created Permission View: can read on DAG:example_external_task_marker_parent
[2025-10-25T21:40:11.655+0000] {logging_mixin.py:190} INFO - [2025-10-25T21:40:11.655+0000] {override.py:1900} INFO - Created Permission View: can delete on DAG:example_external_task_marker_parent
[2025-10-25T21:40:11.657+0000] {logging_mixin.py:190} INFO - [2025-10-25T21:40:11.657+0000] {override.py:1900} INFO - Created Permission View: can edit on DAG:example_external_task_marker_parent
[2025-10-25T21:40:11.660+0000] {logging_mixin.py:190} INFO - [2025-10-25T21:40:11.660+0000] {override.py:1900} INFO - Created Permission View: can create on DAG Run:example_external_task_marker_parent
[2025-10-25T21:40:11.662+0000] {logging_mixin.py:190} INFO - [2025-10-25T21:40:11.662+0000] {override.py:1900} INFO - Created Permission View: can read on DAG Run:example_external_task_marker_parent
[2025-10-25T21:40:11.664+0000] {logging_mixin.py:190} INFO - [2025-10-25T21:40:11.664+0000] {override.py:1900} INFO - Created Permission View: can delete on DAG Run:example_external_task_marker_parent
[2025-10-25T21:40:11.695+0000] {logging_mixin.py:190} INFO - [2025-10-25T21:40:11.695+0000] {override.py:1900} INFO - Created Permission View: menu access on DAG Run:example_external_task_marker_parent
[2025-10-25T21:40:11.695+0000] {logging_mixin.py:190} INFO - [2025-10-25T21:40:11.695+0000] {dag.py:3239} INFO - Sync 2 DAGs
[2025-10-25T21:40:11.700+0000] {logging_mixin.py:190} INFO - [2025-10-25T21:40:11.700+0000] {dag.py:3262} INFO - Creating ORM DAG for example_external_task_marker_child
[2025-10-25T21:40:11.700+0000] {logging_mixin.py:190} INFO - [2025-10-25T21:40:11.700+0000] {dag.py:3262} INFO - Creating ORM DAG for example_external_task_marker_parent
[2025-10-25T21:40:11.700+0000] {logging_mixin.py:190} INFO - [2025-10-25T21:40:11.700+0000] {dag.py:4180} INFO - Setting next_dagrun for example_external_task_marker_child to None, run_after=None
[2025-10-25T21:40:11.700+0000] {logging_mixin.py:190} INFO - [2025-10-25T21:40:11.700+0000] {dag.py:4180} INFO - Setting next_dagrun for example_external_task_marker_parent to None, run_after=None
[2025-10-25T21:40:11.708+0000] {processor.py:208} INFO - Processing /Users/komidoveneymissiamenou/Documents/Master 1 DIT/DataEnge/spark_airflow/airflow_env/lib/python3.12/site-packages/airflow/example_dags/example_external_task_marker_dag.py took 0.167 seconds
[2025-10-25T21:42:04.212+0000] {processor.py:186} INFO - Started process (PID=34542) to work on /Users/komidoveneymissiamenou/Documents/Master 1 DIT/DataEnge/spark_airflow/airflow_env/lib/python3.12/site-packages/airflow/example_dags/example_external_task_marker_dag.py
[2025-10-25T21:42:04.213+0000] {processor.py:914} INFO - Processing file /Users/komidoveneymissiamenou/Documents/Master 1 DIT/DataEnge/spark_airflow/airflow_env/lib/python3.12/site-packages/airflow/example_dags/example_external_task_marker_dag.py for tasks to queue
[2025-10-25T21:42:04.214+0000] {logging_mixin.py:190} INFO - [2025-10-25T21:42:04.213+0000] {dagbag.py:588} INFO - Filling up the DagBag from /Users/komidoveneymissiamenou/Documents/Master 1 DIT/DataEnge/spark_airflow/airflow_env/lib/python3.12/site-packages/airflow/example_dags/example_external_task_marker_dag.py
[2025-10-25T21:42:04.221+0000] {processor.py:925} INFO - DAG(s) 'example_external_task_marker_child', 'example_external_task_marker_parent' retrieved from /Users/komidoveneymissiamenou/Documents/Master 1 DIT/DataEnge/spark_airflow/airflow_env/lib/python3.12/site-packages/airflow/example_dags/example_external_task_marker_dag.py
[2025-10-25T21:42:04.258+0000] {logging_mixin.py:190} INFO - [2025-10-25T21:42:04.258+0000] {workday.py:41} WARNING - Could not import pandas. Holidays will not be considered.
[2025-10-25T21:42:04.267+0000] {logging_mixin.py:190} INFO - [2025-10-25T21:42:04.267+0000] {dag.py:3239} INFO - Sync 2 DAGs
[2025-10-25T21:42:04.271+0000] {logging_mixin.py:190} INFO - [2025-10-25T21:42:04.271+0000] {dag.py:4180} INFO - Setting next_dagrun for example_external_task_marker_child to None, run_after=None
[2025-10-25T21:42:04.272+0000] {logging_mixin.py:190} INFO - [2025-10-25T21:42:04.272+0000] {dag.py:4180} INFO - Setting next_dagrun for example_external_task_marker_parent to None, run_after=None
[2025-10-25T21:42:04.278+0000] {processor.py:208} INFO - Processing /Users/komidoveneymissiamenou/Documents/Master 1 DIT/DataEnge/spark_airflow/airflow_env/lib/python3.12/site-packages/airflow/example_dags/example_external_task_marker_dag.py took 0.067 seconds
[2025-10-25T21:44:40.664+0000] {processor.py:186} INFO - Started process (PID=36418) to work on /Users/komidoveneymissiamenou/Documents/Master 1 DIT/DataEnge/spark_airflow/airflow_env/lib/python3.12/site-packages/airflow/example_dags/example_external_task_marker_dag.py
[2025-10-25T21:44:40.665+0000] {processor.py:914} INFO - Processing file /Users/komidoveneymissiamenou/Documents/Master 1 DIT/DataEnge/spark_airflow/airflow_env/lib/python3.12/site-packages/airflow/example_dags/example_external_task_marker_dag.py for tasks to queue
[2025-10-25T21:44:40.665+0000] {logging_mixin.py:190} INFO - [2025-10-25T21:44:40.665+0000] {dagbag.py:588} INFO - Filling up the DagBag from /Users/komidoveneymissiamenou/Documents/Master 1 DIT/DataEnge/spark_airflow/airflow_env/lib/python3.12/site-packages/airflow/example_dags/example_external_task_marker_dag.py
[2025-10-25T21:44:40.671+0000] {processor.py:925} INFO - DAG(s) 'example_external_task_marker_parent', 'example_external_task_marker_child' retrieved from /Users/komidoveneymissiamenou/Documents/Master 1 DIT/DataEnge/spark_airflow/airflow_env/lib/python3.12/site-packages/airflow/example_dags/example_external_task_marker_dag.py
[2025-10-25T21:44:40.714+0000] {logging_mixin.py:190} INFO - [2025-10-25T21:44:40.713+0000] {workday.py:41} WARNING - Could not import pandas. Holidays will not be considered.
[2025-10-25T21:44:40.720+0000] {logging_mixin.py:190} INFO - [2025-10-25T21:44:40.720+0000] {dag.py:3239} INFO - Sync 2 DAGs
[2025-10-25T21:44:40.724+0000] {logging_mixin.py:190} INFO - [2025-10-25T21:44:40.724+0000] {dag.py:4180} INFO - Setting next_dagrun for example_external_task_marker_child to None, run_after=None
[2025-10-25T21:44:40.725+0000] {logging_mixin.py:190} INFO - [2025-10-25T21:44:40.725+0000] {dag.py:4180} INFO - Setting next_dagrun for example_external_task_marker_parent to None, run_after=None
[2025-10-25T21:44:40.734+0000] {processor.py:208} INFO - Processing /Users/komidoveneymissiamenou/Documents/Master 1 DIT/DataEnge/spark_airflow/airflow_env/lib/python3.12/site-packages/airflow/example_dags/example_external_task_marker_dag.py took 0.071 seconds
[2025-10-25T21:47:45.217+0000] {processor.py:186} INFO - Started process (PID=39522) to work on /Users/komidoveneymissiamenou/Documents/Master 1 DIT/DataEnge/spark_airflow/airflow_env/lib/python3.12/site-packages/airflow/example_dags/example_external_task_marker_dag.py
[2025-10-25T21:47:45.219+0000] {processor.py:914} INFO - Processing file /Users/komidoveneymissiamenou/Documents/Master 1 DIT/DataEnge/spark_airflow/airflow_env/lib/python3.12/site-packages/airflow/example_dags/example_external_task_marker_dag.py for tasks to queue
[2025-10-25T21:47:45.220+0000] {logging_mixin.py:190} INFO - [2025-10-25T21:47:45.220+0000] {dagbag.py:588} INFO - Filling up the DagBag from /Users/komidoveneymissiamenou/Documents/Master 1 DIT/DataEnge/spark_airflow/airflow_env/lib/python3.12/site-packages/airflow/example_dags/example_external_task_marker_dag.py
[2025-10-25T21:47:45.236+0000] {processor.py:925} INFO - DAG(s) 'example_external_task_marker_child', 'example_external_task_marker_parent' retrieved from /Users/komidoveneymissiamenou/Documents/Master 1 DIT/DataEnge/spark_airflow/airflow_env/lib/python3.12/site-packages/airflow/example_dags/example_external_task_marker_dag.py
[2025-10-25T21:47:45.282+0000] {logging_mixin.py:190} INFO - [2025-10-25T21:47:45.282+0000] {workday.py:41} WARNING - Could not import pandas. Holidays will not be considered.
[2025-10-25T21:47:45.294+0000] {logging_mixin.py:190} INFO - [2025-10-25T21:47:45.294+0000] {dag.py:3239} INFO - Sync 2 DAGs
[2025-10-25T21:47:45.299+0000] {logging_mixin.py:190} INFO - [2025-10-25T21:47:45.299+0000] {dag.py:4180} INFO - Setting next_dagrun for example_external_task_marker_child to None, run_after=None
[2025-10-25T21:47:45.300+0000] {logging_mixin.py:190} INFO - [2025-10-25T21:47:45.300+0000] {dag.py:4180} INFO - Setting next_dagrun for example_external_task_marker_parent to None, run_after=None
[2025-10-25T21:47:45.309+0000] {processor.py:208} INFO - Processing /Users/komidoveneymissiamenou/Documents/Master 1 DIT/DataEnge/spark_airflow/airflow_env/lib/python3.12/site-packages/airflow/example_dags/example_external_task_marker_dag.py took 0.094 seconds
[2025-10-25T21:50:06.044+0000] {processor.py:186} INFO - Started process (PID=43107) to work on /Users/komidoveneymissiamenou/Documents/Master 1 DIT/DataEnge/spark_airflow/airflow_env/lib/python3.12/site-packages/airflow/example_dags/example_external_task_marker_dag.py
[2025-10-25T21:50:06.046+0000] {processor.py:914} INFO - Processing file /Users/komidoveneymissiamenou/Documents/Master 1 DIT/DataEnge/spark_airflow/airflow_env/lib/python3.12/site-packages/airflow/example_dags/example_external_task_marker_dag.py for tasks to queue
[2025-10-25T21:50:06.047+0000] {logging_mixin.py:190} INFO - [2025-10-25T21:50:06.046+0000] {dagbag.py:588} INFO - Filling up the DagBag from /Users/komidoveneymissiamenou/Documents/Master 1 DIT/DataEnge/spark_airflow/airflow_env/lib/python3.12/site-packages/airflow/example_dags/example_external_task_marker_dag.py
[2025-10-25T21:50:06.061+0000] {processor.py:925} INFO - DAG(s) 'example_external_task_marker_parent', 'example_external_task_marker_child' retrieved from /Users/komidoveneymissiamenou/Documents/Master 1 DIT/DataEnge/spark_airflow/airflow_env/lib/python3.12/site-packages/airflow/example_dags/example_external_task_marker_dag.py
[2025-10-25T21:50:06.105+0000] {logging_mixin.py:190} INFO - [2025-10-25T21:50:06.105+0000] {workday.py:41} WARNING - Could not import pandas. Holidays will not be considered.
[2025-10-25T21:50:06.113+0000] {logging_mixin.py:190} INFO - [2025-10-25T21:50:06.113+0000] {dag.py:3239} INFO - Sync 2 DAGs
[2025-10-25T21:50:06.117+0000] {logging_mixin.py:190} INFO - [2025-10-25T21:50:06.117+0000] {dag.py:4180} INFO - Setting next_dagrun for example_external_task_marker_child to None, run_after=None
[2025-10-25T21:50:06.118+0000] {logging_mixin.py:190} INFO - [2025-10-25T21:50:06.118+0000] {dag.py:4180} INFO - Setting next_dagrun for example_external_task_marker_parent to None, run_after=None
[2025-10-25T21:50:06.125+0000] {processor.py:208} INFO - Processing /Users/komidoveneymissiamenou/Documents/Master 1 DIT/DataEnge/spark_airflow/airflow_env/lib/python3.12/site-packages/airflow/example_dags/example_external_task_marker_dag.py took 0.084 seconds
[2025-10-25T21:52:11.068+0000] {processor.py:186} INFO - Started process (PID=45167) to work on /Users/komidoveneymissiamenou/Documents/Master 1 DIT/DataEnge/spark_airflow/airflow_env/lib/python3.12/site-packages/airflow/example_dags/example_external_task_marker_dag.py
[2025-10-25T21:52:11.068+0000] {processor.py:914} INFO - Processing file /Users/komidoveneymissiamenou/Documents/Master 1 DIT/DataEnge/spark_airflow/airflow_env/lib/python3.12/site-packages/airflow/example_dags/example_external_task_marker_dag.py for tasks to queue
[2025-10-25T21:52:11.069+0000] {logging_mixin.py:190} INFO - [2025-10-25T21:52:11.069+0000] {dagbag.py:588} INFO - Filling up the DagBag from /Users/komidoveneymissiamenou/Documents/Master 1 DIT/DataEnge/spark_airflow/airflow_env/lib/python3.12/site-packages/airflow/example_dags/example_external_task_marker_dag.py
[2025-10-25T21:52:11.075+0000] {processor.py:925} INFO - DAG(s) 'example_external_task_marker_child', 'example_external_task_marker_parent' retrieved from /Users/komidoveneymissiamenou/Documents/Master 1 DIT/DataEnge/spark_airflow/airflow_env/lib/python3.12/site-packages/airflow/example_dags/example_external_task_marker_dag.py
[2025-10-25T21:52:11.510+0000] {logging_mixin.py:190} INFO - [2025-10-25T21:52:11.510+0000] {dag.py:3239} INFO - Sync 2 DAGs
[2025-10-25T21:52:11.515+0000] {logging_mixin.py:190} INFO - [2025-10-25T21:52:11.515+0000] {dag.py:4180} INFO - Setting next_dagrun for example_external_task_marker_child to None, run_after=None
[2025-10-25T21:52:11.516+0000] {logging_mixin.py:190} INFO - [2025-10-25T21:52:11.516+0000] {dag.py:4180} INFO - Setting next_dagrun for example_external_task_marker_parent to None, run_after=None
[2025-10-25T21:52:11.523+0000] {processor.py:208} INFO - Processing /Users/komidoveneymissiamenou/Documents/Master 1 DIT/DataEnge/spark_airflow/airflow_env/lib/python3.12/site-packages/airflow/example_dags/example_external_task_marker_dag.py took 0.457 seconds
[2025-10-25T21:55:45.693+0000] {processor.py:186} INFO - Started process (PID=49578) to work on /Users/komidoveneymissiamenou/Documents/Master 1 DIT/DataEnge/spark_airflow/airflow_env/lib/python3.12/site-packages/airflow/example_dags/example_external_task_marker_dag.py
[2025-10-25T21:55:45.694+0000] {processor.py:914} INFO - Processing file /Users/komidoveneymissiamenou/Documents/Master 1 DIT/DataEnge/spark_airflow/airflow_env/lib/python3.12/site-packages/airflow/example_dags/example_external_task_marker_dag.py for tasks to queue
[2025-10-25T21:55:45.694+0000] {logging_mixin.py:190} INFO - [2025-10-25T21:55:45.694+0000] {dagbag.py:588} INFO - Filling up the DagBag from /Users/komidoveneymissiamenou/Documents/Master 1 DIT/DataEnge/spark_airflow/airflow_env/lib/python3.12/site-packages/airflow/example_dags/example_external_task_marker_dag.py
[2025-10-25T21:55:45.699+0000] {processor.py:925} INFO - DAG(s) 'example_external_task_marker_child', 'example_external_task_marker_parent' retrieved from /Users/komidoveneymissiamenou/Documents/Master 1 DIT/DataEnge/spark_airflow/airflow_env/lib/python3.12/site-packages/airflow/example_dags/example_external_task_marker_dag.py
[2025-10-25T21:55:46.027+0000] {logging_mixin.py:190} INFO - [2025-10-25T21:55:46.027+0000] {dag.py:3239} INFO - Sync 2 DAGs
[2025-10-25T21:55:46.032+0000] {logging_mixin.py:190} INFO - [2025-10-25T21:55:46.032+0000] {dag.py:4180} INFO - Setting next_dagrun for example_external_task_marker_child to None, run_after=None
[2025-10-25T21:55:46.033+0000] {logging_mixin.py:190} INFO - [2025-10-25T21:55:46.033+0000] {dag.py:4180} INFO - Setting next_dagrun for example_external_task_marker_parent to None, run_after=None
[2025-10-25T21:55:46.039+0000] {processor.py:208} INFO - Processing /Users/komidoveneymissiamenou/Documents/Master 1 DIT/DataEnge/spark_airflow/airflow_env/lib/python3.12/site-packages/airflow/example_dags/example_external_task_marker_dag.py took 0.348 seconds
[2025-10-25T21:57:43.439+0000] {processor.py:186} INFO - Started process (PID=50971) to work on /Users/komidoveneymissiamenou/Documents/Master 1 DIT/DataEnge/spark_airflow/airflow_env/lib/python3.12/site-packages/airflow/example_dags/example_external_task_marker_dag.py
[2025-10-25T21:57:43.440+0000] {processor.py:914} INFO - Processing file /Users/komidoveneymissiamenou/Documents/Master 1 DIT/DataEnge/spark_airflow/airflow_env/lib/python3.12/site-packages/airflow/example_dags/example_external_task_marker_dag.py for tasks to queue
[2025-10-25T21:57:43.440+0000] {logging_mixin.py:190} INFO - [2025-10-25T21:57:43.440+0000] {dagbag.py:588} INFO - Filling up the DagBag from /Users/komidoveneymissiamenou/Documents/Master 1 DIT/DataEnge/spark_airflow/airflow_env/lib/python3.12/site-packages/airflow/example_dags/example_external_task_marker_dag.py
[2025-10-25T21:57:43.448+0000] {processor.py:925} INFO - DAG(s) 'example_external_task_marker_parent', 'example_external_task_marker_child' retrieved from /Users/komidoveneymissiamenou/Documents/Master 1 DIT/DataEnge/spark_airflow/airflow_env/lib/python3.12/site-packages/airflow/example_dags/example_external_task_marker_dag.py
[2025-10-25T21:57:43.775+0000] {logging_mixin.py:190} INFO - [2025-10-25T21:57:43.775+0000] {dag.py:3239} INFO - Sync 2 DAGs
[2025-10-25T21:57:43.780+0000] {logging_mixin.py:190} INFO - [2025-10-25T21:57:43.780+0000] {dag.py:4180} INFO - Setting next_dagrun for example_external_task_marker_child to None, run_after=None
[2025-10-25T21:57:43.782+0000] {logging_mixin.py:190} INFO - [2025-10-25T21:57:43.782+0000] {dag.py:4180} INFO - Setting next_dagrun for example_external_task_marker_parent to None, run_after=None
[2025-10-25T21:57:43.788+0000] {processor.py:208} INFO - Processing /Users/komidoveneymissiamenou/Documents/Master 1 DIT/DataEnge/spark_airflow/airflow_env/lib/python3.12/site-packages/airflow/example_dags/example_external_task_marker_dag.py took 0.351 seconds
