[2025-10-25T21:40:44.685+0000] {processor.py:186} INFO - Started process (PID=33518) to work on /Users/komidoveneymissiamenou/Documents/Master 1 DIT/DataEnge/spark_airflow/airflow_env/lib/python3.12/site-packages/airflow/example_dags/example_branch_day_of_week_operator.py
[2025-10-25T21:40:44.687+0000] {processor.py:914} INFO - Processing file /Users/komidoveneymissiamenou/Documents/Master 1 DIT/DataEnge/spark_airflow/airflow_env/lib/python3.12/site-packages/airflow/example_dags/example_branch_day_of_week_operator.py for tasks to queue
[2025-10-25T21:40:44.688+0000] {logging_mixin.py:190} INFO - [2025-10-25T21:40:44.687+0000] {dagbag.py:588} INFO - Filling up the DagBag from /Users/komidoveneymissiamenou/Documents/Master 1 DIT/DataEnge/spark_airflow/airflow_env/lib/python3.12/site-packages/airflow/example_dags/example_branch_day_of_week_operator.py
[2025-10-25T21:40:44.695+0000] {processor.py:925} INFO - DAG(s) 'example_weekday_branch_operator' retrieved from /Users/komidoveneymissiamenou/Documents/Master 1 DIT/DataEnge/spark_airflow/airflow_env/lib/python3.12/site-packages/airflow/example_dags/example_branch_day_of_week_operator.py
[2025-10-25T21:40:44.801+0000] {logging_mixin.py:190} INFO - [2025-10-25T21:40:44.801+0000] {override.py:1900} INFO - Created Permission View: can read on DAG:example_weekday_branch_operator
[2025-10-25T21:40:44.806+0000] {logging_mixin.py:190} INFO - [2025-10-25T21:40:44.806+0000] {override.py:1900} INFO - Created Permission View: can edit on DAG:example_weekday_branch_operator
[2025-10-25T21:40:44.808+0000] {logging_mixin.py:190} INFO - [2025-10-25T21:40:44.808+0000] {override.py:1900} INFO - Created Permission View: can delete on DAG:example_weekday_branch_operator
[2025-10-25T21:40:44.811+0000] {logging_mixin.py:190} INFO - [2025-10-25T21:40:44.811+0000] {override.py:1900} INFO - Created Permission View: can read on DAG Run:example_weekday_branch_operator
[2025-10-25T21:40:44.814+0000] {logging_mixin.py:190} INFO - [2025-10-25T21:40:44.813+0000] {override.py:1900} INFO - Created Permission View: menu access on DAG Run:example_weekday_branch_operator
[2025-10-25T21:40:44.816+0000] {logging_mixin.py:190} INFO - [2025-10-25T21:40:44.815+0000] {override.py:1900} INFO - Created Permission View: can create on DAG Run:example_weekday_branch_operator
[2025-10-25T21:40:44.818+0000] {logging_mixin.py:190} INFO - [2025-10-25T21:40:44.818+0000] {override.py:1900} INFO - Created Permission View: can delete on DAG Run:example_weekday_branch_operator
[2025-10-25T21:40:44.818+0000] {logging_mixin.py:190} INFO - [2025-10-25T21:40:44.818+0000] {dag.py:3239} INFO - Sync 1 DAGs
[2025-10-25T21:40:44.856+0000] {logging_mixin.py:190} INFO - [2025-10-25T21:40:44.856+0000] {dag.py:3262} INFO - Creating ORM DAG for example_weekday_branch_operator
[2025-10-25T21:40:44.859+0000] {logging_mixin.py:190} INFO - [2025-10-25T21:40:44.859+0000] {dag.py:4180} INFO - Setting next_dagrun for example_weekday_branch_operator to 2025-10-24 00:00:00+00:00, run_after=2025-10-25 00:00:00+00:00
[2025-10-25T21:40:44.868+0000] {processor.py:208} INFO - Processing /Users/komidoveneymissiamenou/Documents/Master 1 DIT/DataEnge/spark_airflow/airflow_env/lib/python3.12/site-packages/airflow/example_dags/example_branch_day_of_week_operator.py took 0.185 seconds
[2025-10-25T21:43:19.904+0000] {processor.py:186} INFO - Started process (PID=35447) to work on /Users/komidoveneymissiamenou/Documents/Master 1 DIT/DataEnge/spark_airflow/airflow_env/lib/python3.12/site-packages/airflow/example_dags/example_branch_day_of_week_operator.py
[2025-10-25T21:43:19.905+0000] {processor.py:914} INFO - Processing file /Users/komidoveneymissiamenou/Documents/Master 1 DIT/DataEnge/spark_airflow/airflow_env/lib/python3.12/site-packages/airflow/example_dags/example_branch_day_of_week_operator.py for tasks to queue
[2025-10-25T21:43:19.905+0000] {logging_mixin.py:190} INFO - [2025-10-25T21:43:19.905+0000] {dagbag.py:588} INFO - Filling up the DagBag from /Users/komidoveneymissiamenou/Documents/Master 1 DIT/DataEnge/spark_airflow/airflow_env/lib/python3.12/site-packages/airflow/example_dags/example_branch_day_of_week_operator.py
[2025-10-25T21:43:19.911+0000] {processor.py:925} INFO - DAG(s) 'example_weekday_branch_operator' retrieved from /Users/komidoveneymissiamenou/Documents/Master 1 DIT/DataEnge/spark_airflow/airflow_env/lib/python3.12/site-packages/airflow/example_dags/example_branch_day_of_week_operator.py
[2025-10-25T21:43:19.949+0000] {logging_mixin.py:190} INFO - [2025-10-25T21:43:19.949+0000] {dag.py:3239} INFO - Sync 1 DAGs
[2025-10-25T21:43:19.955+0000] {logging_mixin.py:190} INFO - [2025-10-25T21:43:19.955+0000] {dag.py:4180} INFO - Setting next_dagrun for example_weekday_branch_operator to 2025-10-24 00:00:00+00:00, run_after=2025-10-25 00:00:00+00:00
[2025-10-25T21:43:19.962+0000] {processor.py:208} INFO - Processing /Users/komidoveneymissiamenou/Documents/Master 1 DIT/DataEnge/spark_airflow/airflow_env/lib/python3.12/site-packages/airflow/example_dags/example_branch_day_of_week_operator.py took 0.060 seconds
[2025-10-25T21:46:02.968+0000] {processor.py:186} INFO - Started process (PID=37747) to work on /Users/komidoveneymissiamenou/Documents/Master 1 DIT/DataEnge/spark_airflow/airflow_env/lib/python3.12/site-packages/airflow/example_dags/example_branch_day_of_week_operator.py
[2025-10-25T21:46:02.968+0000] {processor.py:914} INFO - Processing file /Users/komidoveneymissiamenou/Documents/Master 1 DIT/DataEnge/spark_airflow/airflow_env/lib/python3.12/site-packages/airflow/example_dags/example_branch_day_of_week_operator.py for tasks to queue
[2025-10-25T21:46:02.970+0000] {logging_mixin.py:190} INFO - [2025-10-25T21:46:02.970+0000] {dagbag.py:588} INFO - Filling up the DagBag from /Users/komidoveneymissiamenou/Documents/Master 1 DIT/DataEnge/spark_airflow/airflow_env/lib/python3.12/site-packages/airflow/example_dags/example_branch_day_of_week_operator.py
[2025-10-25T21:46:02.980+0000] {processor.py:925} INFO - DAG(s) 'example_weekday_branch_operator' retrieved from /Users/komidoveneymissiamenou/Documents/Master 1 DIT/DataEnge/spark_airflow/airflow_env/lib/python3.12/site-packages/airflow/example_dags/example_branch_day_of_week_operator.py
[2025-10-25T21:46:03.036+0000] {logging_mixin.py:190} INFO - [2025-10-25T21:46:03.036+0000] {dag.py:3239} INFO - Sync 1 DAGs
[2025-10-25T21:46:03.043+0000] {logging_mixin.py:190} INFO - [2025-10-25T21:46:03.043+0000] {dag.py:4180} INFO - Setting next_dagrun for example_weekday_branch_operator to 2025-10-24 00:00:00+00:00, run_after=2025-10-25 00:00:00+00:00
[2025-10-25T21:46:03.050+0000] {processor.py:208} INFO - Processing /Users/komidoveneymissiamenou/Documents/Master 1 DIT/DataEnge/spark_airflow/airflow_env/lib/python3.12/site-packages/airflow/example_dags/example_branch_day_of_week_operator.py took 0.084 seconds
[2025-10-25T21:50:31.333+0000] {processor.py:186} INFO - Started process (PID=43636) to work on /Users/komidoveneymissiamenou/Documents/Master 1 DIT/DataEnge/spark_airflow/airflow_env/lib/python3.12/site-packages/airflow/example_dags/example_branch_day_of_week_operator.py
[2025-10-25T21:50:31.334+0000] {processor.py:914} INFO - Processing file /Users/komidoveneymissiamenou/Documents/Master 1 DIT/DataEnge/spark_airflow/airflow_env/lib/python3.12/site-packages/airflow/example_dags/example_branch_day_of_week_operator.py for tasks to queue
[2025-10-25T21:50:31.334+0000] {logging_mixin.py:190} INFO - [2025-10-25T21:50:31.334+0000] {dagbag.py:588} INFO - Filling up the DagBag from /Users/komidoveneymissiamenou/Documents/Master 1 DIT/DataEnge/spark_airflow/airflow_env/lib/python3.12/site-packages/airflow/example_dags/example_branch_day_of_week_operator.py
[2025-10-25T21:50:31.339+0000] {processor.py:925} INFO - DAG(s) 'example_weekday_branch_operator' retrieved from /Users/komidoveneymissiamenou/Documents/Master 1 DIT/DataEnge/spark_airflow/airflow_env/lib/python3.12/site-packages/airflow/example_dags/example_branch_day_of_week_operator.py
[2025-10-25T21:50:31.377+0000] {logging_mixin.py:190} INFO - [2025-10-25T21:50:31.377+0000] {dag.py:3239} INFO - Sync 1 DAGs
[2025-10-25T21:50:31.384+0000] {logging_mixin.py:190} INFO - [2025-10-25T21:50:31.384+0000] {dag.py:4180} INFO - Setting next_dagrun for example_weekday_branch_operator to 2025-10-24 00:00:00+00:00, run_after=2025-10-25 00:00:00+00:00
[2025-10-25T21:50:31.391+0000] {processor.py:208} INFO - Processing /Users/komidoveneymissiamenou/Documents/Master 1 DIT/DataEnge/spark_airflow/airflow_env/lib/python3.12/site-packages/airflow/example_dags/example_branch_day_of_week_operator.py took 0.061 seconds
[2025-10-25T21:53:42.453+0000] {processor.py:186} INFO - Started process (PID=46972) to work on /Users/komidoveneymissiamenou/Documents/Master 1 DIT/DataEnge/spark_airflow/airflow_env/lib/python3.12/site-packages/airflow/example_dags/example_branch_day_of_week_operator.py
[2025-10-25T21:53:42.454+0000] {processor.py:914} INFO - Processing file /Users/komidoveneymissiamenou/Documents/Master 1 DIT/DataEnge/spark_airflow/airflow_env/lib/python3.12/site-packages/airflow/example_dags/example_branch_day_of_week_operator.py for tasks to queue
[2025-10-25T21:53:42.455+0000] {logging_mixin.py:190} INFO - [2025-10-25T21:53:42.454+0000] {dagbag.py:588} INFO - Filling up the DagBag from /Users/komidoveneymissiamenou/Documents/Master 1 DIT/DataEnge/spark_airflow/airflow_env/lib/python3.12/site-packages/airflow/example_dags/example_branch_day_of_week_operator.py
[2025-10-25T21:53:42.464+0000] {processor.py:925} INFO - DAG(s) 'example_weekday_branch_operator' retrieved from /Users/komidoveneymissiamenou/Documents/Master 1 DIT/DataEnge/spark_airflow/airflow_env/lib/python3.12/site-packages/airflow/example_dags/example_branch_day_of_week_operator.py
[2025-10-25T21:53:42.529+0000] {logging_mixin.py:190} INFO - [2025-10-25T21:53:42.528+0000] {dag.py:3239} INFO - Sync 1 DAGs
[2025-10-25T21:53:42.546+0000] {logging_mixin.py:190} INFO - [2025-10-25T21:53:42.545+0000] {dag.py:4180} INFO - Setting next_dagrun for example_weekday_branch_operator to 2025-10-24 00:00:00+00:00, run_after=2025-10-25 00:00:00+00:00
[2025-10-25T21:53:42.559+0000] {processor.py:208} INFO - Processing /Users/komidoveneymissiamenou/Documents/Master 1 DIT/DataEnge/spark_airflow/airflow_env/lib/python3.12/site-packages/airflow/example_dags/example_branch_day_of_week_operator.py took 0.108 seconds
[2025-10-25T21:56:11.529+0000] {processor.py:186} INFO - Started process (PID=49883) to work on /Users/komidoveneymissiamenou/Documents/Master 1 DIT/DataEnge/spark_airflow/airflow_env/lib/python3.12/site-packages/airflow/example_dags/example_branch_day_of_week_operator.py
[2025-10-25T21:56:11.529+0000] {processor.py:914} INFO - Processing file /Users/komidoveneymissiamenou/Documents/Master 1 DIT/DataEnge/spark_airflow/airflow_env/lib/python3.12/site-packages/airflow/example_dags/example_branch_day_of_week_operator.py for tasks to queue
[2025-10-25T21:56:11.530+0000] {logging_mixin.py:190} INFO - [2025-10-25T21:56:11.530+0000] {dagbag.py:588} INFO - Filling up the DagBag from /Users/komidoveneymissiamenou/Documents/Master 1 DIT/DataEnge/spark_airflow/airflow_env/lib/python3.12/site-packages/airflow/example_dags/example_branch_day_of_week_operator.py
[2025-10-25T21:56:11.535+0000] {processor.py:925} INFO - DAG(s) 'example_weekday_branch_operator' retrieved from /Users/komidoveneymissiamenou/Documents/Master 1 DIT/DataEnge/spark_airflow/airflow_env/lib/python3.12/site-packages/airflow/example_dags/example_branch_day_of_week_operator.py
[2025-10-25T21:56:11.571+0000] {logging_mixin.py:190} INFO - [2025-10-25T21:56:11.571+0000] {dag.py:3239} INFO - Sync 1 DAGs
[2025-10-25T21:56:11.577+0000] {logging_mixin.py:190} INFO - [2025-10-25T21:56:11.577+0000] {dag.py:4180} INFO - Setting next_dagrun for example_weekday_branch_operator to 2025-10-24 00:00:00+00:00, run_after=2025-10-25 00:00:00+00:00
[2025-10-25T21:56:11.584+0000] {processor.py:208} INFO - Processing /Users/komidoveneymissiamenou/Documents/Master 1 DIT/DataEnge/spark_airflow/airflow_env/lib/python3.12/site-packages/airflow/example_dags/example_branch_day_of_week_operator.py took 0.057 seconds
[2025-10-25T21:59:07.253+0000] {processor.py:186} INFO - Started process (PID=51968) to work on /Users/komidoveneymissiamenou/Documents/Master 1 DIT/DataEnge/spark_airflow/airflow_env/lib/python3.12/site-packages/airflow/example_dags/example_branch_day_of_week_operator.py
[2025-10-25T21:59:07.254+0000] {processor.py:914} INFO - Processing file /Users/komidoveneymissiamenou/Documents/Master 1 DIT/DataEnge/spark_airflow/airflow_env/lib/python3.12/site-packages/airflow/example_dags/example_branch_day_of_week_operator.py for tasks to queue
[2025-10-25T21:59:07.255+0000] {logging_mixin.py:190} INFO - [2025-10-25T21:59:07.255+0000] {dagbag.py:588} INFO - Filling up the DagBag from /Users/komidoveneymissiamenou/Documents/Master 1 DIT/DataEnge/spark_airflow/airflow_env/lib/python3.12/site-packages/airflow/example_dags/example_branch_day_of_week_operator.py
[2025-10-25T21:59:07.260+0000] {processor.py:925} INFO - DAG(s) 'example_weekday_branch_operator' retrieved from /Users/komidoveneymissiamenou/Documents/Master 1 DIT/DataEnge/spark_airflow/airflow_env/lib/python3.12/site-packages/airflow/example_dags/example_branch_day_of_week_operator.py
[2025-10-25T21:59:07.299+0000] {logging_mixin.py:190} INFO - [2025-10-25T21:59:07.299+0000] {dag.py:3239} INFO - Sync 1 DAGs
[2025-10-25T21:59:07.306+0000] {logging_mixin.py:190} INFO - [2025-10-25T21:59:07.306+0000] {dag.py:4180} INFO - Setting next_dagrun for example_weekday_branch_operator to 2025-10-24 00:00:00+00:00, run_after=2025-10-25 00:00:00+00:00
[2025-10-25T21:59:07.314+0000] {processor.py:208} INFO - Processing /Users/komidoveneymissiamenou/Documents/Master 1 DIT/DataEnge/spark_airflow/airflow_env/lib/python3.12/site-packages/airflow/example_dags/example_branch_day_of_week_operator.py took 0.062 seconds
