[2025-10-25T21:40:34.026+0000] {processor.py:186} INFO - Started process (PID=33392) to work on /Users/komidoveneymissiamenou/Documents/Master 1 DIT/DataEnge/spark_airflow/airflow_env/lib/python3.12/site-packages/airflow/example_dags/example_branch_python_dop_operator_3.py
[2025-10-25T21:40:34.028+0000] {processor.py:914} INFO - Processing file /Users/komidoveneymissiamenou/Documents/Master 1 DIT/DataEnge/spark_airflow/airflow_env/lib/python3.12/site-packages/airflow/example_dags/example_branch_python_dop_operator_3.py for tasks to queue
[2025-10-25T21:40:34.028+0000] {logging_mixin.py:190} INFO - [2025-10-25T21:40:34.028+0000] {dagbag.py:588} INFO - Filling up the DagBag from /Users/komidoveneymissiamenou/Documents/Master 1 DIT/DataEnge/spark_airflow/airflow_env/lib/python3.12/site-packages/airflow/example_dags/example_branch_python_dop_operator_3.py
[2025-10-25T21:40:34.057+0000] {processor.py:925} INFO - DAG(s) 'example_branch_dop_operator_v3' retrieved from /Users/komidoveneymissiamenou/Documents/Master 1 DIT/DataEnge/spark_airflow/airflow_env/lib/python3.12/site-packages/airflow/example_dags/example_branch_python_dop_operator_3.py
[2025-10-25T21:40:34.188+0000] {logging_mixin.py:190} INFO - [2025-10-25T21:40:34.187+0000] {override.py:1900} INFO - Created Permission View: can delete on DAG:example_branch_dop_operator_v3
[2025-10-25T21:40:34.192+0000] {logging_mixin.py:190} INFO - [2025-10-25T21:40:34.192+0000] {override.py:1900} INFO - Created Permission View: can read on DAG:example_branch_dop_operator_v3
[2025-10-25T21:40:34.194+0000] {logging_mixin.py:190} INFO - [2025-10-25T21:40:34.194+0000] {override.py:1900} INFO - Created Permission View: can edit on DAG:example_branch_dop_operator_v3
[2025-10-25T21:40:34.198+0000] {logging_mixin.py:190} INFO - [2025-10-25T21:40:34.198+0000] {override.py:1900} INFO - Created Permission View: can delete on DAG Run:example_branch_dop_operator_v3
[2025-10-25T21:40:34.200+0000] {logging_mixin.py:190} INFO - [2025-10-25T21:40:34.200+0000] {override.py:1900} INFO - Created Permission View: menu access on DAG Run:example_branch_dop_operator_v3
[2025-10-25T21:40:34.203+0000] {logging_mixin.py:190} INFO - [2025-10-25T21:40:34.203+0000] {override.py:1900} INFO - Created Permission View: can create on DAG Run:example_branch_dop_operator_v3
[2025-10-25T21:40:34.205+0000] {logging_mixin.py:190} INFO - [2025-10-25T21:40:34.205+0000] {override.py:1900} INFO - Created Permission View: can read on DAG Run:example_branch_dop_operator_v3
[2025-10-25T21:40:34.205+0000] {logging_mixin.py:190} INFO - [2025-10-25T21:40:34.205+0000] {dag.py:3239} INFO - Sync 1 DAGs
[2025-10-25T21:40:34.210+0000] {logging_mixin.py:190} INFO - [2025-10-25T21:40:34.210+0000] {dag.py:3262} INFO - Creating ORM DAG for example_branch_dop_operator_v3
[2025-10-25T21:40:34.215+0000] {logging_mixin.py:190} INFO - [2025-10-25T21:40:34.215+0000] {dag.py:4180} INFO - Setting next_dagrun for example_branch_dop_operator_v3 to 2025-10-25 21:39:00+00:00, run_after=2025-10-25 21:40:00+00:00
[2025-10-25T21:40:34.225+0000] {processor.py:208} INFO - Processing /Users/komidoveneymissiamenou/Documents/Master 1 DIT/DataEnge/spark_airflow/airflow_env/lib/python3.12/site-packages/airflow/example_dags/example_branch_python_dop_operator_3.py took 0.202 seconds
[2025-10-25T21:43:12.204+0000] {processor.py:186} INFO - Started process (PID=35356) to work on /Users/komidoveneymissiamenou/Documents/Master 1 DIT/DataEnge/spark_airflow/airflow_env/lib/python3.12/site-packages/airflow/example_dags/example_branch_python_dop_operator_3.py
[2025-10-25T21:43:12.205+0000] {processor.py:914} INFO - Processing file /Users/komidoveneymissiamenou/Documents/Master 1 DIT/DataEnge/spark_airflow/airflow_env/lib/python3.12/site-packages/airflow/example_dags/example_branch_python_dop_operator_3.py for tasks to queue
[2025-10-25T21:43:12.205+0000] {logging_mixin.py:190} INFO - [2025-10-25T21:43:12.205+0000] {dagbag.py:588} INFO - Filling up the DagBag from /Users/komidoveneymissiamenou/Documents/Master 1 DIT/DataEnge/spark_airflow/airflow_env/lib/python3.12/site-packages/airflow/example_dags/example_branch_python_dop_operator_3.py
[2025-10-25T21:43:12.222+0000] {processor.py:925} INFO - DAG(s) 'example_branch_dop_operator_v3' retrieved from /Users/komidoveneymissiamenou/Documents/Master 1 DIT/DataEnge/spark_airflow/airflow_env/lib/python3.12/site-packages/airflow/example_dags/example_branch_python_dop_operator_3.py
[2025-10-25T21:43:12.256+0000] {logging_mixin.py:190} INFO - [2025-10-25T21:43:12.256+0000] {dag.py:3239} INFO - Sync 1 DAGs
[2025-10-25T21:43:12.264+0000] {logging_mixin.py:190} INFO - [2025-10-25T21:43:12.264+0000] {dag.py:4180} INFO - Setting next_dagrun for example_branch_dop_operator_v3 to 2025-10-25 21:42:00+00:00, run_after=2025-10-25 21:43:00+00:00
[2025-10-25T21:43:12.270+0000] {processor.py:208} INFO - Processing /Users/komidoveneymissiamenou/Documents/Master 1 DIT/DataEnge/spark_airflow/airflow_env/lib/python3.12/site-packages/airflow/example_dags/example_branch_python_dop_operator_3.py took 0.068 seconds
[2025-10-25T21:45:55.936+0000] {processor.py:186} INFO - Started process (PID=37670) to work on /Users/komidoveneymissiamenou/Documents/Master 1 DIT/DataEnge/spark_airflow/airflow_env/lib/python3.12/site-packages/airflow/example_dags/example_branch_python_dop_operator_3.py
[2025-10-25T21:45:55.937+0000] {processor.py:914} INFO - Processing file /Users/komidoveneymissiamenou/Documents/Master 1 DIT/DataEnge/spark_airflow/airflow_env/lib/python3.12/site-packages/airflow/example_dags/example_branch_python_dop_operator_3.py for tasks to queue
[2025-10-25T21:45:55.938+0000] {logging_mixin.py:190} INFO - [2025-10-25T21:45:55.938+0000] {dagbag.py:588} INFO - Filling up the DagBag from /Users/komidoveneymissiamenou/Documents/Master 1 DIT/DataEnge/spark_airflow/airflow_env/lib/python3.12/site-packages/airflow/example_dags/example_branch_python_dop_operator_3.py
[2025-10-25T21:45:55.965+0000] {processor.py:925} INFO - DAG(s) 'example_branch_dop_operator_v3' retrieved from /Users/komidoveneymissiamenou/Documents/Master 1 DIT/DataEnge/spark_airflow/airflow_env/lib/python3.12/site-packages/airflow/example_dags/example_branch_python_dop_operator_3.py
[2025-10-25T21:45:56.003+0000] {logging_mixin.py:190} INFO - [2025-10-25T21:45:56.002+0000] {dag.py:3239} INFO - Sync 1 DAGs
[2025-10-25T21:45:56.011+0000] {logging_mixin.py:190} INFO - [2025-10-25T21:45:56.011+0000] {dag.py:4180} INFO - Setting next_dagrun for example_branch_dop_operator_v3 to 2025-10-25 21:44:00+00:00, run_after=2025-10-25 21:45:00+00:00
[2025-10-25T21:45:56.018+0000] {processor.py:208} INFO - Processing /Users/komidoveneymissiamenou/Documents/Master 1 DIT/DataEnge/spark_airflow/airflow_env/lib/python3.12/site-packages/airflow/example_dags/example_branch_python_dop_operator_3.py took 0.084 seconds
[2025-10-25T21:50:24.121+0000] {processor.py:186} INFO - Started process (PID=43552) to work on /Users/komidoveneymissiamenou/Documents/Master 1 DIT/DataEnge/spark_airflow/airflow_env/lib/python3.12/site-packages/airflow/example_dags/example_branch_python_dop_operator_3.py
[2025-10-25T21:50:24.122+0000] {processor.py:914} INFO - Processing file /Users/komidoveneymissiamenou/Documents/Master 1 DIT/DataEnge/spark_airflow/airflow_env/lib/python3.12/site-packages/airflow/example_dags/example_branch_python_dop_operator_3.py for tasks to queue
[2025-10-25T21:50:24.123+0000] {logging_mixin.py:190} INFO - [2025-10-25T21:50:24.123+0000] {dagbag.py:588} INFO - Filling up the DagBag from /Users/komidoveneymissiamenou/Documents/Master 1 DIT/DataEnge/spark_airflow/airflow_env/lib/python3.12/site-packages/airflow/example_dags/example_branch_python_dop_operator_3.py
[2025-10-25T21:50:24.144+0000] {processor.py:925} INFO - DAG(s) 'example_branch_dop_operator_v3' retrieved from /Users/komidoveneymissiamenou/Documents/Master 1 DIT/DataEnge/spark_airflow/airflow_env/lib/python3.12/site-packages/airflow/example_dags/example_branch_python_dop_operator_3.py
[2025-10-25T21:50:24.181+0000] {logging_mixin.py:190} INFO - [2025-10-25T21:50:24.180+0000] {dag.py:3239} INFO - Sync 1 DAGs
[2025-10-25T21:50:24.189+0000] {logging_mixin.py:190} INFO - [2025-10-25T21:50:24.189+0000] {dag.py:4180} INFO - Setting next_dagrun for example_branch_dop_operator_v3 to 2025-10-25 21:49:00+00:00, run_after=2025-10-25 21:50:00+00:00
[2025-10-25T21:50:24.195+0000] {processor.py:208} INFO - Processing /Users/komidoveneymissiamenou/Documents/Master 1 DIT/DataEnge/spark_airflow/airflow_env/lib/python3.12/site-packages/airflow/example_dags/example_branch_python_dop_operator_3.py took 0.076 seconds
[2025-10-25T21:53:31.134+0000] {processor.py:186} INFO - Started process (PID=46834) to work on /Users/komidoveneymissiamenou/Documents/Master 1 DIT/DataEnge/spark_airflow/airflow_env/lib/python3.12/site-packages/airflow/example_dags/example_branch_python_dop_operator_3.py
[2025-10-25T21:53:31.141+0000] {processor.py:914} INFO - Processing file /Users/komidoveneymissiamenou/Documents/Master 1 DIT/DataEnge/spark_airflow/airflow_env/lib/python3.12/site-packages/airflow/example_dags/example_branch_python_dop_operator_3.py for tasks to queue
[2025-10-25T21:53:31.143+0000] {logging_mixin.py:190} INFO - [2025-10-25T21:53:31.142+0000] {dagbag.py:588} INFO - Filling up the DagBag from /Users/komidoveneymissiamenou/Documents/Master 1 DIT/DataEnge/spark_airflow/airflow_env/lib/python3.12/site-packages/airflow/example_dags/example_branch_python_dop_operator_3.py
[2025-10-25T21:53:31.196+0000] {processor.py:925} INFO - DAG(s) 'example_branch_dop_operator_v3' retrieved from /Users/komidoveneymissiamenou/Documents/Master 1 DIT/DataEnge/spark_airflow/airflow_env/lib/python3.12/site-packages/airflow/example_dags/example_branch_python_dop_operator_3.py
[2025-10-25T21:53:31.235+0000] {logging_mixin.py:190} INFO - [2025-10-25T21:53:31.235+0000] {dag.py:3239} INFO - Sync 1 DAGs
[2025-10-25T21:53:31.242+0000] {logging_mixin.py:190} INFO - [2025-10-25T21:53:31.242+0000] {dag.py:4180} INFO - Setting next_dagrun for example_branch_dop_operator_v3 to 2025-10-25 21:52:00+00:00, run_after=2025-10-25 21:53:00+00:00
[2025-10-25T21:53:31.250+0000] {processor.py:208} INFO - Processing /Users/komidoveneymissiamenou/Documents/Master 1 DIT/DataEnge/spark_airflow/airflow_env/lib/python3.12/site-packages/airflow/example_dags/example_branch_python_dop_operator_3.py took 0.121 seconds
[2025-10-25T21:56:04.502+0000] {processor.py:186} INFO - Started process (PID=49797) to work on /Users/komidoveneymissiamenou/Documents/Master 1 DIT/DataEnge/spark_airflow/airflow_env/lib/python3.12/site-packages/airflow/example_dags/example_branch_python_dop_operator_3.py
[2025-10-25T21:56:04.504+0000] {processor.py:914} INFO - Processing file /Users/komidoveneymissiamenou/Documents/Master 1 DIT/DataEnge/spark_airflow/airflow_env/lib/python3.12/site-packages/airflow/example_dags/example_branch_python_dop_operator_3.py for tasks to queue
[2025-10-25T21:56:04.505+0000] {logging_mixin.py:190} INFO - [2025-10-25T21:56:04.504+0000] {dagbag.py:588} INFO - Filling up the DagBag from /Users/komidoveneymissiamenou/Documents/Master 1 DIT/DataEnge/spark_airflow/airflow_env/lib/python3.12/site-packages/airflow/example_dags/example_branch_python_dop_operator_3.py
[2025-10-25T21:56:04.526+0000] {processor.py:925} INFO - DAG(s) 'example_branch_dop_operator_v3' retrieved from /Users/komidoveneymissiamenou/Documents/Master 1 DIT/DataEnge/spark_airflow/airflow_env/lib/python3.12/site-packages/airflow/example_dags/example_branch_python_dop_operator_3.py
[2025-10-25T21:56:04.562+0000] {logging_mixin.py:190} INFO - [2025-10-25T21:56:04.562+0000] {dag.py:3239} INFO - Sync 1 DAGs
[2025-10-25T21:56:04.570+0000] {logging_mixin.py:190} INFO - [2025-10-25T21:56:04.570+0000] {dag.py:4180} INFO - Setting next_dagrun for example_branch_dop_operator_v3 to 2025-10-25 21:55:00+00:00, run_after=2025-10-25 21:56:00+00:00
[2025-10-25T21:56:04.578+0000] {processor.py:208} INFO - Processing /Users/komidoveneymissiamenou/Documents/Master 1 DIT/DataEnge/spark_airflow/airflow_env/lib/python3.12/site-packages/airflow/example_dags/example_branch_python_dop_operator_3.py took 0.078 seconds
[2025-10-25T21:58:59.780+0000] {processor.py:186} INFO - Started process (PID=51875) to work on /Users/komidoveneymissiamenou/Documents/Master 1 DIT/DataEnge/spark_airflow/airflow_env/lib/python3.12/site-packages/airflow/example_dags/example_branch_python_dop_operator_3.py
[2025-10-25T21:58:59.781+0000] {processor.py:914} INFO - Processing file /Users/komidoveneymissiamenou/Documents/Master 1 DIT/DataEnge/spark_airflow/airflow_env/lib/python3.12/site-packages/airflow/example_dags/example_branch_python_dop_operator_3.py for tasks to queue
[2025-10-25T21:58:59.782+0000] {logging_mixin.py:190} INFO - [2025-10-25T21:58:59.782+0000] {dagbag.py:588} INFO - Filling up the DagBag from /Users/komidoveneymissiamenou/Documents/Master 1 DIT/DataEnge/spark_airflow/airflow_env/lib/python3.12/site-packages/airflow/example_dags/example_branch_python_dop_operator_3.py
[2025-10-25T21:58:59.801+0000] {processor.py:925} INFO - DAG(s) 'example_branch_dop_operator_v3' retrieved from /Users/komidoveneymissiamenou/Documents/Master 1 DIT/DataEnge/spark_airflow/airflow_env/lib/python3.12/site-packages/airflow/example_dags/example_branch_python_dop_operator_3.py
[2025-10-25T21:58:59.836+0000] {logging_mixin.py:190} INFO - [2025-10-25T21:58:59.835+0000] {dag.py:3239} INFO - Sync 1 DAGs
[2025-10-25T21:58:59.843+0000] {logging_mixin.py:190} INFO - [2025-10-25T21:58:59.843+0000] {dag.py:4180} INFO - Setting next_dagrun for example_branch_dop_operator_v3 to 2025-10-25 21:57:00+00:00, run_after=2025-10-25 21:58:00+00:00
[2025-10-25T21:58:59.850+0000] {processor.py:208} INFO - Processing /Users/komidoveneymissiamenou/Documents/Master 1 DIT/DataEnge/spark_airflow/airflow_env/lib/python3.12/site-packages/airflow/example_dags/example_branch_python_dop_operator_3.py took 0.070 seconds
