[2025-10-25T21:39:34.194+0000] {processor.py:186} INFO - Started process (PID=32682) to work on /Users/komidoveneymissiamenou/Documents/Master 1 DIT/DataEnge/spark_airflow/airflow_env/lib/python3.12/site-packages/airflow/example_dags/example_skip_dag.py
[2025-10-25T21:39:34.195+0000] {processor.py:914} INFO - Processing file /Users/komidoveneymissiamenou/Documents/Master 1 DIT/DataEnge/spark_airflow/airflow_env/lib/python3.12/site-packages/airflow/example_dags/example_skip_dag.py for tasks to queue
[2025-10-25T21:39:34.195+0000] {logging_mixin.py:190} INFO - [2025-10-25T21:39:34.195+0000] {dagbag.py:588} INFO - Filling up the DagBag from /Users/komidoveneymissiamenou/Documents/Master 1 DIT/DataEnge/spark_airflow/airflow_env/lib/python3.12/site-packages/airflow/example_dags/example_skip_dag.py
[2025-10-25T21:39:34.198+0000] {processor.py:925} INFO - DAG(s) 'example_skip_dag' retrieved from /Users/komidoveneymissiamenou/Documents/Master 1 DIT/DataEnge/spark_airflow/airflow_env/lib/python3.12/site-packages/airflow/example_dags/example_skip_dag.py
[2025-10-25T21:39:34.275+0000] {logging_mixin.py:190} INFO - [2025-10-25T21:39:34.274+0000] {override.py:1900} INFO - Created Permission View: can delete on DAG:example_skip_dag
[2025-10-25T21:39:34.278+0000] {logging_mixin.py:190} INFO - [2025-10-25T21:39:34.278+0000] {override.py:1900} INFO - Created Permission View: can read on DAG:example_skip_dag
[2025-10-25T21:39:34.280+0000] {logging_mixin.py:190} INFO - [2025-10-25T21:39:34.280+0000] {override.py:1900} INFO - Created Permission View: can edit on DAG:example_skip_dag
[2025-10-25T21:39:34.283+0000] {logging_mixin.py:190} INFO - [2025-10-25T21:39:34.283+0000] {override.py:1900} INFO - Created Permission View: can delete on DAG Run:example_skip_dag
[2025-10-25T21:39:34.286+0000] {logging_mixin.py:190} INFO - [2025-10-25T21:39:34.286+0000] {override.py:1900} INFO - Created Permission View: can read on DAG Run:example_skip_dag
[2025-10-25T21:39:34.288+0000] {logging_mixin.py:190} INFO - [2025-10-25T21:39:34.287+0000] {override.py:1900} INFO - Created Permission View: can create on DAG Run:example_skip_dag
[2025-10-25T21:39:34.290+0000] {logging_mixin.py:190} INFO - [2025-10-25T21:39:34.290+0000] {override.py:1900} INFO - Created Permission View: menu access on DAG Run:example_skip_dag
[2025-10-25T21:39:34.290+0000] {logging_mixin.py:190} INFO - [2025-10-25T21:39:34.290+0000] {dag.py:3239} INFO - Sync 1 DAGs
[2025-10-25T21:39:34.323+0000] {logging_mixin.py:190} INFO - [2025-10-25T21:39:34.323+0000] {dag.py:3262} INFO - Creating ORM DAG for example_skip_dag
[2025-10-25T21:39:34.327+0000] {logging_mixin.py:190} INFO - [2025-10-25T21:39:34.327+0000] {dag.py:4180} INFO - Setting next_dagrun for example_skip_dag to 2025-10-24 00:00:00+00:00, run_after=2025-10-25 00:00:00+00:00
[2025-10-25T21:39:34.334+0000] {processor.py:208} INFO - Processing /Users/komidoveneymissiamenou/Documents/Master 1 DIT/DataEnge/spark_airflow/airflow_env/lib/python3.12/site-packages/airflow/example_dags/example_skip_dag.py took 0.141 seconds
[2025-10-25T21:41:31.810+0000] {processor.py:186} INFO - Started process (PID=34132) to work on /Users/komidoveneymissiamenou/Documents/Master 1 DIT/DataEnge/spark_airflow/airflow_env/lib/python3.12/site-packages/airflow/example_dags/example_skip_dag.py
[2025-10-25T21:41:31.811+0000] {processor.py:914} INFO - Processing file /Users/komidoveneymissiamenou/Documents/Master 1 DIT/DataEnge/spark_airflow/airflow_env/lib/python3.12/site-packages/airflow/example_dags/example_skip_dag.py for tasks to queue
[2025-10-25T21:41:31.812+0000] {logging_mixin.py:190} INFO - [2025-10-25T21:41:31.811+0000] {dagbag.py:588} INFO - Filling up the DagBag from /Users/komidoveneymissiamenou/Documents/Master 1 DIT/DataEnge/spark_airflow/airflow_env/lib/python3.12/site-packages/airflow/example_dags/example_skip_dag.py
[2025-10-25T21:41:31.818+0000] {processor.py:925} INFO - DAG(s) 'example_skip_dag' retrieved from /Users/komidoveneymissiamenou/Documents/Master 1 DIT/DataEnge/spark_airflow/airflow_env/lib/python3.12/site-packages/airflow/example_dags/example_skip_dag.py
[2025-10-25T21:41:31.854+0000] {logging_mixin.py:190} INFO - [2025-10-25T21:41:31.854+0000] {dag.py:3239} INFO - Sync 1 DAGs
[2025-10-25T21:41:31.860+0000] {logging_mixin.py:190} INFO - [2025-10-25T21:41:31.860+0000] {dag.py:4180} INFO - Setting next_dagrun for example_skip_dag to 2025-10-24 00:00:00+00:00, run_after=2025-10-25 00:00:00+00:00
[2025-10-25T21:41:31.867+0000] {processor.py:208} INFO - Processing /Users/komidoveneymissiamenou/Documents/Master 1 DIT/DataEnge/spark_airflow/airflow_env/lib/python3.12/site-packages/airflow/example_dags/example_skip_dag.py took 0.058 seconds
[2025-10-25T21:42:51.865+0000] {processor.py:186} INFO - Started process (PID=35113) to work on /Users/komidoveneymissiamenou/Documents/Master 1 DIT/DataEnge/spark_airflow/airflow_env/lib/python3.12/site-packages/airflow/example_dags/example_skip_dag.py
[2025-10-25T21:42:51.865+0000] {processor.py:914} INFO - Processing file /Users/komidoveneymissiamenou/Documents/Master 1 DIT/DataEnge/spark_airflow/airflow_env/lib/python3.12/site-packages/airflow/example_dags/example_skip_dag.py for tasks to queue
[2025-10-25T21:42:51.866+0000] {logging_mixin.py:190} INFO - [2025-10-25T21:42:51.866+0000] {dagbag.py:588} INFO - Filling up the DagBag from /Users/komidoveneymissiamenou/Documents/Master 1 DIT/DataEnge/spark_airflow/airflow_env/lib/python3.12/site-packages/airflow/example_dags/example_skip_dag.py
[2025-10-25T21:42:51.869+0000] {processor.py:925} INFO - DAG(s) 'example_skip_dag' retrieved from /Users/komidoveneymissiamenou/Documents/Master 1 DIT/DataEnge/spark_airflow/airflow_env/lib/python3.12/site-packages/airflow/example_dags/example_skip_dag.py
[2025-10-25T21:42:51.909+0000] {logging_mixin.py:190} INFO - [2025-10-25T21:42:51.908+0000] {dag.py:3239} INFO - Sync 1 DAGs
[2025-10-25T21:42:51.916+0000] {logging_mixin.py:190} INFO - [2025-10-25T21:42:51.916+0000] {dag.py:4180} INFO - Setting next_dagrun for example_skip_dag to 2025-10-24 00:00:00+00:00, run_after=2025-10-25 00:00:00+00:00
[2025-10-25T21:42:51.923+0000] {processor.py:208} INFO - Processing /Users/komidoveneymissiamenou/Documents/Master 1 DIT/DataEnge/spark_airflow/airflow_env/lib/python3.12/site-packages/airflow/example_dags/example_skip_dag.py took 0.060 seconds
[2025-10-25T21:44:08.817+0000] {processor.py:186} INFO - Started process (PID=36041) to work on /Users/komidoveneymissiamenou/Documents/Master 1 DIT/DataEnge/spark_airflow/airflow_env/lib/python3.12/site-packages/airflow/example_dags/example_skip_dag.py
[2025-10-25T21:44:08.818+0000] {processor.py:914} INFO - Processing file /Users/komidoveneymissiamenou/Documents/Master 1 DIT/DataEnge/spark_airflow/airflow_env/lib/python3.12/site-packages/airflow/example_dags/example_skip_dag.py for tasks to queue
[2025-10-25T21:44:08.818+0000] {logging_mixin.py:190} INFO - [2025-10-25T21:44:08.818+0000] {dagbag.py:588} INFO - Filling up the DagBag from /Users/komidoveneymissiamenou/Documents/Master 1 DIT/DataEnge/spark_airflow/airflow_env/lib/python3.12/site-packages/airflow/example_dags/example_skip_dag.py
[2025-10-25T21:44:08.822+0000] {processor.py:925} INFO - DAG(s) 'example_skip_dag' retrieved from /Users/komidoveneymissiamenou/Documents/Master 1 DIT/DataEnge/spark_airflow/airflow_env/lib/python3.12/site-packages/airflow/example_dags/example_skip_dag.py
[2025-10-25T21:44:08.861+0000] {logging_mixin.py:190} INFO - [2025-10-25T21:44:08.861+0000] {dag.py:3239} INFO - Sync 1 DAGs
[2025-10-25T21:44:08.868+0000] {logging_mixin.py:190} INFO - [2025-10-25T21:44:08.868+0000] {dag.py:4180} INFO - Setting next_dagrun for example_skip_dag to 2025-10-24 00:00:00+00:00, run_after=2025-10-25 00:00:00+00:00
[2025-10-25T21:44:08.877+0000] {processor.py:208} INFO - Processing /Users/komidoveneymissiamenou/Documents/Master 1 DIT/DataEnge/spark_airflow/airflow_env/lib/python3.12/site-packages/airflow/example_dags/example_skip_dag.py took 0.061 seconds
[2025-10-25T21:45:29.854+0000] {processor.py:186} INFO - Started process (PID=37351) to work on /Users/komidoveneymissiamenou/Documents/Master 1 DIT/DataEnge/spark_airflow/airflow_env/lib/python3.12/site-packages/airflow/example_dags/example_skip_dag.py
[2025-10-25T21:45:29.855+0000] {processor.py:914} INFO - Processing file /Users/komidoveneymissiamenou/Documents/Master 1 DIT/DataEnge/spark_airflow/airflow_env/lib/python3.12/site-packages/airflow/example_dags/example_skip_dag.py for tasks to queue
[2025-10-25T21:45:29.855+0000] {logging_mixin.py:190} INFO - [2025-10-25T21:45:29.855+0000] {dagbag.py:588} INFO - Filling up the DagBag from /Users/komidoveneymissiamenou/Documents/Master 1 DIT/DataEnge/spark_airflow/airflow_env/lib/python3.12/site-packages/airflow/example_dags/example_skip_dag.py
[2025-10-25T21:45:29.859+0000] {processor.py:925} INFO - DAG(s) 'example_skip_dag' retrieved from /Users/komidoveneymissiamenou/Documents/Master 1 DIT/DataEnge/spark_airflow/airflow_env/lib/python3.12/site-packages/airflow/example_dags/example_skip_dag.py
[2025-10-25T21:45:29.898+0000] {logging_mixin.py:190} INFO - [2025-10-25T21:45:29.897+0000] {dag.py:3239} INFO - Sync 1 DAGs
[2025-10-25T21:45:29.904+0000] {logging_mixin.py:190} INFO - [2025-10-25T21:45:29.904+0000] {dag.py:4180} INFO - Setting next_dagrun for example_skip_dag to 2025-10-24 00:00:00+00:00, run_after=2025-10-25 00:00:00+00:00
[2025-10-25T21:45:29.912+0000] {processor.py:208} INFO - Processing /Users/komidoveneymissiamenou/Documents/Master 1 DIT/DataEnge/spark_airflow/airflow_env/lib/python3.12/site-packages/airflow/example_dags/example_skip_dag.py took 0.059 seconds
[2025-10-25T21:47:04.444+0000] {processor.py:186} INFO - Started process (PID=38666) to work on /Users/komidoveneymissiamenou/Documents/Master 1 DIT/DataEnge/spark_airflow/airflow_env/lib/python3.12/site-packages/airflow/example_dags/example_skip_dag.py
[2025-10-25T21:47:04.445+0000] {processor.py:914} INFO - Processing file /Users/komidoveneymissiamenou/Documents/Master 1 DIT/DataEnge/spark_airflow/airflow_env/lib/python3.12/site-packages/airflow/example_dags/example_skip_dag.py for tasks to queue
[2025-10-25T21:47:04.446+0000] {logging_mixin.py:190} INFO - [2025-10-25T21:47:04.446+0000] {dagbag.py:588} INFO - Filling up the DagBag from /Users/komidoveneymissiamenou/Documents/Master 1 DIT/DataEnge/spark_airflow/airflow_env/lib/python3.12/site-packages/airflow/example_dags/example_skip_dag.py
[2025-10-25T21:47:04.450+0000] {processor.py:925} INFO - DAG(s) 'example_skip_dag' retrieved from /Users/komidoveneymissiamenou/Documents/Master 1 DIT/DataEnge/spark_airflow/airflow_env/lib/python3.12/site-packages/airflow/example_dags/example_skip_dag.py
[2025-10-25T21:47:04.499+0000] {logging_mixin.py:190} INFO - [2025-10-25T21:47:04.498+0000] {dag.py:3239} INFO - Sync 1 DAGs
[2025-10-25T21:47:04.507+0000] {logging_mixin.py:190} INFO - [2025-10-25T21:47:04.506+0000] {dag.py:4180} INFO - Setting next_dagrun for example_skip_dag to 2025-10-24 00:00:00+00:00, run_after=2025-10-25 00:00:00+00:00
[2025-10-25T21:47:04.515+0000] {processor.py:208} INFO - Processing /Users/komidoveneymissiamenou/Documents/Master 1 DIT/DataEnge/spark_airflow/airflow_env/lib/python3.12/site-packages/airflow/example_dags/example_skip_dag.py took 0.073 seconds
[2025-10-25T21:49:25.057+0000] {processor.py:186} INFO - Started process (PID=42481) to work on /Users/komidoveneymissiamenou/Documents/Master 1 DIT/DataEnge/spark_airflow/airflow_env/lib/python3.12/site-packages/airflow/example_dags/example_skip_dag.py
[2025-10-25T21:49:25.058+0000] {processor.py:914} INFO - Processing file /Users/komidoveneymissiamenou/Documents/Master 1 DIT/DataEnge/spark_airflow/airflow_env/lib/python3.12/site-packages/airflow/example_dags/example_skip_dag.py for tasks to queue
[2025-10-25T21:49:25.059+0000] {logging_mixin.py:190} INFO - [2025-10-25T21:49:25.059+0000] {dagbag.py:588} INFO - Filling up the DagBag from /Users/komidoveneymissiamenou/Documents/Master 1 DIT/DataEnge/spark_airflow/airflow_env/lib/python3.12/site-packages/airflow/example_dags/example_skip_dag.py
[2025-10-25T21:49:25.063+0000] {processor.py:925} INFO - DAG(s) 'example_skip_dag' retrieved from /Users/komidoveneymissiamenou/Documents/Master 1 DIT/DataEnge/spark_airflow/airflow_env/lib/python3.12/site-packages/airflow/example_dags/example_skip_dag.py
[2025-10-25T21:49:25.101+0000] {logging_mixin.py:190} INFO - [2025-10-25T21:49:25.101+0000] {dag.py:3239} INFO - Sync 1 DAGs
[2025-10-25T21:49:25.107+0000] {logging_mixin.py:190} INFO - [2025-10-25T21:49:25.107+0000] {dag.py:4180} INFO - Setting next_dagrun for example_skip_dag to 2025-10-24 00:00:00+00:00, run_after=2025-10-25 00:00:00+00:00
[2025-10-25T21:49:25.115+0000] {processor.py:208} INFO - Processing /Users/komidoveneymissiamenou/Documents/Master 1 DIT/DataEnge/spark_airflow/airflow_env/lib/python3.12/site-packages/airflow/example_dags/example_skip_dag.py took 0.059 seconds
[2025-10-25T21:51:33.001+0000] {processor.py:186} INFO - Started process (PID=44474) to work on /Users/komidoveneymissiamenou/Documents/Master 1 DIT/DataEnge/spark_airflow/airflow_env/lib/python3.12/site-packages/airflow/example_dags/example_skip_dag.py
[2025-10-25T21:51:33.001+0000] {processor.py:914} INFO - Processing file /Users/komidoveneymissiamenou/Documents/Master 1 DIT/DataEnge/spark_airflow/airflow_env/lib/python3.12/site-packages/airflow/example_dags/example_skip_dag.py for tasks to queue
[2025-10-25T21:51:33.002+0000] {logging_mixin.py:190} INFO - [2025-10-25T21:51:33.002+0000] {dagbag.py:588} INFO - Filling up the DagBag from /Users/komidoveneymissiamenou/Documents/Master 1 DIT/DataEnge/spark_airflow/airflow_env/lib/python3.12/site-packages/airflow/example_dags/example_skip_dag.py
[2025-10-25T21:51:33.007+0000] {processor.py:925} INFO - DAG(s) 'example_skip_dag' retrieved from /Users/komidoveneymissiamenou/Documents/Master 1 DIT/DataEnge/spark_airflow/airflow_env/lib/python3.12/site-packages/airflow/example_dags/example_skip_dag.py
[2025-10-25T21:51:33.048+0000] {logging_mixin.py:190} INFO - [2025-10-25T21:51:33.048+0000] {dag.py:3239} INFO - Sync 1 DAGs
[2025-10-25T21:51:33.056+0000] {logging_mixin.py:190} INFO - [2025-10-25T21:51:33.055+0000] {dag.py:4180} INFO - Setting next_dagrun for example_skip_dag to 2025-10-24 00:00:00+00:00, run_after=2025-10-25 00:00:00+00:00
[2025-10-25T21:51:33.063+0000] {processor.py:208} INFO - Processing /Users/komidoveneymissiamenou/Documents/Master 1 DIT/DataEnge/spark_airflow/airflow_env/lib/python3.12/site-packages/airflow/example_dags/example_skip_dag.py took 0.065 seconds
[2025-10-25T21:52:58.224+0000] {processor.py:186} INFO - Started process (PID=46431) to work on /Users/komidoveneymissiamenou/Documents/Master 1 DIT/DataEnge/spark_airflow/airflow_env/lib/python3.12/site-packages/airflow/example_dags/example_skip_dag.py
[2025-10-25T21:52:58.225+0000] {processor.py:914} INFO - Processing file /Users/komidoveneymissiamenou/Documents/Master 1 DIT/DataEnge/spark_airflow/airflow_env/lib/python3.12/site-packages/airflow/example_dags/example_skip_dag.py for tasks to queue
[2025-10-25T21:52:58.225+0000] {logging_mixin.py:190} INFO - [2025-10-25T21:52:58.225+0000] {dagbag.py:588} INFO - Filling up the DagBag from /Users/komidoveneymissiamenou/Documents/Master 1 DIT/DataEnge/spark_airflow/airflow_env/lib/python3.12/site-packages/airflow/example_dags/example_skip_dag.py
[2025-10-25T21:52:58.229+0000] {processor.py:925} INFO - DAG(s) 'example_skip_dag' retrieved from /Users/komidoveneymissiamenou/Documents/Master 1 DIT/DataEnge/spark_airflow/airflow_env/lib/python3.12/site-packages/airflow/example_dags/example_skip_dag.py
[2025-10-25T21:52:58.267+0000] {logging_mixin.py:190} INFO - [2025-10-25T21:52:58.267+0000] {dag.py:3239} INFO - Sync 1 DAGs
[2025-10-25T21:52:58.274+0000] {logging_mixin.py:190} INFO - [2025-10-25T21:52:58.274+0000] {dag.py:4180} INFO - Setting next_dagrun for example_skip_dag to 2025-10-24 00:00:00+00:00, run_after=2025-10-25 00:00:00+00:00
[2025-10-25T21:52:58.282+0000] {processor.py:208} INFO - Processing /Users/komidoveneymissiamenou/Documents/Master 1 DIT/DataEnge/spark_airflow/airflow_env/lib/python3.12/site-packages/airflow/example_dags/example_skip_dag.py took 0.059 seconds
[2025-10-25T21:55:04.691+0000] {processor.py:186} INFO - Started process (PID=49088) to work on /Users/komidoveneymissiamenou/Documents/Master 1 DIT/DataEnge/spark_airflow/airflow_env/lib/python3.12/site-packages/airflow/example_dags/example_skip_dag.py
[2025-10-25T21:55:04.694+0000] {processor.py:914} INFO - Processing file /Users/komidoveneymissiamenou/Documents/Master 1 DIT/DataEnge/spark_airflow/airflow_env/lib/python3.12/site-packages/airflow/example_dags/example_skip_dag.py for tasks to queue
[2025-10-25T21:55:04.696+0000] {logging_mixin.py:190} INFO - [2025-10-25T21:55:04.695+0000] {dagbag.py:588} INFO - Filling up the DagBag from /Users/komidoveneymissiamenou/Documents/Master 1 DIT/DataEnge/spark_airflow/airflow_env/lib/python3.12/site-packages/airflow/example_dags/example_skip_dag.py
[2025-10-25T21:55:04.706+0000] {processor.py:925} INFO - DAG(s) 'example_skip_dag' retrieved from /Users/komidoveneymissiamenou/Documents/Master 1 DIT/DataEnge/spark_airflow/airflow_env/lib/python3.12/site-packages/airflow/example_dags/example_skip_dag.py
[2025-10-25T21:55:04.755+0000] {logging_mixin.py:190} INFO - [2025-10-25T21:55:04.755+0000] {dag.py:3239} INFO - Sync 1 DAGs
[2025-10-25T21:55:04.761+0000] {logging_mixin.py:190} INFO - [2025-10-25T21:55:04.761+0000] {dag.py:4180} INFO - Setting next_dagrun for example_skip_dag to 2025-10-24 00:00:00+00:00, run_after=2025-10-25 00:00:00+00:00
[2025-10-25T21:55:04.772+0000] {processor.py:208} INFO - Processing /Users/komidoveneymissiamenou/Documents/Master 1 DIT/DataEnge/spark_airflow/airflow_env/lib/python3.12/site-packages/airflow/example_dags/example_skip_dag.py took 0.083 seconds
[2025-10-25T21:57:09.741+0000] {processor.py:186} INFO - Started process (PID=50577) to work on /Users/komidoveneymissiamenou/Documents/Master 1 DIT/DataEnge/spark_airflow/airflow_env/lib/python3.12/site-packages/airflow/example_dags/example_skip_dag.py
[2025-10-25T21:57:09.742+0000] {processor.py:914} INFO - Processing file /Users/komidoveneymissiamenou/Documents/Master 1 DIT/DataEnge/spark_airflow/airflow_env/lib/python3.12/site-packages/airflow/example_dags/example_skip_dag.py for tasks to queue
[2025-10-25T21:57:09.743+0000] {logging_mixin.py:190} INFO - [2025-10-25T21:57:09.742+0000] {dagbag.py:588} INFO - Filling up the DagBag from /Users/komidoveneymissiamenou/Documents/Master 1 DIT/DataEnge/spark_airflow/airflow_env/lib/python3.12/site-packages/airflow/example_dags/example_skip_dag.py
[2025-10-25T21:57:09.746+0000] {processor.py:925} INFO - DAG(s) 'example_skip_dag' retrieved from /Users/komidoveneymissiamenou/Documents/Master 1 DIT/DataEnge/spark_airflow/airflow_env/lib/python3.12/site-packages/airflow/example_dags/example_skip_dag.py
[2025-10-25T21:57:09.787+0000] {logging_mixin.py:190} INFO - [2025-10-25T21:57:09.787+0000] {dag.py:3239} INFO - Sync 1 DAGs
[2025-10-25T21:57:09.794+0000] {logging_mixin.py:190} INFO - [2025-10-25T21:57:09.794+0000] {dag.py:4180} INFO - Setting next_dagrun for example_skip_dag to 2025-10-24 00:00:00+00:00, run_after=2025-10-25 00:00:00+00:00
[2025-10-25T21:57:09.802+0000] {processor.py:208} INFO - Processing /Users/komidoveneymissiamenou/Documents/Master 1 DIT/DataEnge/spark_airflow/airflow_env/lib/python3.12/site-packages/airflow/example_dags/example_skip_dag.py took 0.062 seconds
[2025-10-25T21:58:35.901+0000] {processor.py:186} INFO - Started process (PID=51598) to work on /Users/komidoveneymissiamenou/Documents/Master 1 DIT/DataEnge/spark_airflow/airflow_env/lib/python3.12/site-packages/airflow/example_dags/example_skip_dag.py
[2025-10-25T21:58:35.901+0000] {processor.py:914} INFO - Processing file /Users/komidoveneymissiamenou/Documents/Master 1 DIT/DataEnge/spark_airflow/airflow_env/lib/python3.12/site-packages/airflow/example_dags/example_skip_dag.py for tasks to queue
[2025-10-25T21:58:35.902+0000] {logging_mixin.py:190} INFO - [2025-10-25T21:58:35.902+0000] {dagbag.py:588} INFO - Filling up the DagBag from /Users/komidoveneymissiamenou/Documents/Master 1 DIT/DataEnge/spark_airflow/airflow_env/lib/python3.12/site-packages/airflow/example_dags/example_skip_dag.py
[2025-10-25T21:58:35.907+0000] {processor.py:925} INFO - DAG(s) 'example_skip_dag' retrieved from /Users/komidoveneymissiamenou/Documents/Master 1 DIT/DataEnge/spark_airflow/airflow_env/lib/python3.12/site-packages/airflow/example_dags/example_skip_dag.py
[2025-10-25T21:58:35.952+0000] {logging_mixin.py:190} INFO - [2025-10-25T21:58:35.951+0000] {dag.py:3239} INFO - Sync 1 DAGs
[2025-10-25T21:58:35.959+0000] {logging_mixin.py:190} INFO - [2025-10-25T21:58:35.959+0000] {dag.py:4180} INFO - Setting next_dagrun for example_skip_dag to 2025-10-24 00:00:00+00:00, run_after=2025-10-25 00:00:00+00:00
[2025-10-25T21:58:35.968+0000] {processor.py:208} INFO - Processing /Users/komidoveneymissiamenou/Documents/Master 1 DIT/DataEnge/spark_airflow/airflow_env/lib/python3.12/site-packages/airflow/example_dags/example_skip_dag.py took 0.068 seconds
