[2025-10-25T21:39:45.257+0000] {processor.py:186} INFO - Started process (PID=32813) to work on /Users/komidoveneymissiamenou/Documents/Master 1 DIT/DataEnge/spark_airflow/airflow_env/lib/python3.12/site-packages/airflow/example_dags/example_sensor_decorator.py
[2025-10-25T21:39:45.257+0000] {processor.py:914} INFO - Processing file /Users/komidoveneymissiamenou/Documents/Master 1 DIT/DataEnge/spark_airflow/airflow_env/lib/python3.12/site-packages/airflow/example_dags/example_sensor_decorator.py for tasks to queue
[2025-10-25T21:39:45.257+0000] {logging_mixin.py:190} INFO - [2025-10-25T21:39:45.257+0000] {dagbag.py:588} INFO - Filling up the DagBag from /Users/komidoveneymissiamenou/Documents/Master 1 DIT/DataEnge/spark_airflow/airflow_env/lib/python3.12/site-packages/airflow/example_dags/example_sensor_decorator.py
[2025-10-25T21:39:45.276+0000] {processor.py:925} INFO - DAG(s) 'example_sensor_decorator' retrieved from /Users/komidoveneymissiamenou/Documents/Master 1 DIT/DataEnge/spark_airflow/airflow_env/lib/python3.12/site-packages/airflow/example_dags/example_sensor_decorator.py
[2025-10-25T21:39:45.311+0000] {logging_mixin.py:190} INFO - [2025-10-25T21:39:45.311+0000] {workday.py:41} WARNING - Could not import pandas. Holidays will not be considered.
[2025-10-25T21:39:45.383+0000] {logging_mixin.py:190} INFO - [2025-10-25T21:39:45.382+0000] {override.py:1900} INFO - Created Permission View: can delete on DAG:example_sensor_decorator
[2025-10-25T21:39:45.386+0000] {logging_mixin.py:190} INFO - [2025-10-25T21:39:45.386+0000] {override.py:1900} INFO - Created Permission View: can edit on DAG:example_sensor_decorator
[2025-10-25T21:39:45.388+0000] {logging_mixin.py:190} INFO - [2025-10-25T21:39:45.388+0000] {override.py:1900} INFO - Created Permission View: can read on DAG:example_sensor_decorator
[2025-10-25T21:39:45.392+0000] {logging_mixin.py:190} INFO - [2025-10-25T21:39:45.391+0000] {override.py:1900} INFO - Created Permission View: can delete on DAG Run:example_sensor_decorator
[2025-10-25T21:39:45.394+0000] {logging_mixin.py:190} INFO - [2025-10-25T21:39:45.393+0000] {override.py:1900} INFO - Created Permission View: can create on DAG Run:example_sensor_decorator
[2025-10-25T21:39:45.396+0000] {logging_mixin.py:190} INFO - [2025-10-25T21:39:45.396+0000] {override.py:1900} INFO - Created Permission View: can read on DAG Run:example_sensor_decorator
[2025-10-25T21:39:45.398+0000] {logging_mixin.py:190} INFO - [2025-10-25T21:39:45.398+0000] {override.py:1900} INFO - Created Permission View: menu access on DAG Run:example_sensor_decorator
[2025-10-25T21:39:45.398+0000] {logging_mixin.py:190} INFO - [2025-10-25T21:39:45.398+0000] {dag.py:3239} INFO - Sync 1 DAGs
[2025-10-25T21:39:45.402+0000] {logging_mixin.py:190} INFO - [2025-10-25T21:39:45.402+0000] {dag.py:3262} INFO - Creating ORM DAG for example_sensor_decorator
[2025-10-25T21:39:45.403+0000] {logging_mixin.py:190} INFO - [2025-10-25T21:39:45.403+0000] {dag.py:4180} INFO - Setting next_dagrun for example_sensor_decorator to None, run_after=None
[2025-10-25T21:39:45.410+0000] {processor.py:208} INFO - Processing /Users/komidoveneymissiamenou/Documents/Master 1 DIT/DataEnge/spark_airflow/airflow_env/lib/python3.12/site-packages/airflow/example_dags/example_sensor_decorator.py took 0.154 seconds
[2025-10-25T21:41:41.501+0000] {processor.py:186} INFO - Started process (PID=34258) to work on /Users/komidoveneymissiamenou/Documents/Master 1 DIT/DataEnge/spark_airflow/airflow_env/lib/python3.12/site-packages/airflow/example_dags/example_sensor_decorator.py
[2025-10-25T21:41:41.502+0000] {processor.py:914} INFO - Processing file /Users/komidoveneymissiamenou/Documents/Master 1 DIT/DataEnge/spark_airflow/airflow_env/lib/python3.12/site-packages/airflow/example_dags/example_sensor_decorator.py for tasks to queue
[2025-10-25T21:41:41.502+0000] {logging_mixin.py:190} INFO - [2025-10-25T21:41:41.502+0000] {dagbag.py:588} INFO - Filling up the DagBag from /Users/komidoveneymissiamenou/Documents/Master 1 DIT/DataEnge/spark_airflow/airflow_env/lib/python3.12/site-packages/airflow/example_dags/example_sensor_decorator.py
[2025-10-25T21:41:41.525+0000] {processor.py:925} INFO - DAG(s) 'example_sensor_decorator' retrieved from /Users/komidoveneymissiamenou/Documents/Master 1 DIT/DataEnge/spark_airflow/airflow_env/lib/python3.12/site-packages/airflow/example_dags/example_sensor_decorator.py
[2025-10-25T21:41:41.556+0000] {logging_mixin.py:190} INFO - [2025-10-25T21:41:41.556+0000] {workday.py:41} WARNING - Could not import pandas. Holidays will not be considered.
[2025-10-25T21:41:41.566+0000] {logging_mixin.py:190} INFO - [2025-10-25T21:41:41.566+0000] {dag.py:3239} INFO - Sync 1 DAGs
[2025-10-25T21:41:41.570+0000] {logging_mixin.py:190} INFO - [2025-10-25T21:41:41.570+0000] {dag.py:4180} INFO - Setting next_dagrun for example_sensor_decorator to None, run_after=None
[2025-10-25T21:41:41.577+0000] {processor.py:208} INFO - Processing /Users/komidoveneymissiamenou/Documents/Master 1 DIT/DataEnge/spark_airflow/airflow_env/lib/python3.12/site-packages/airflow/example_dags/example_sensor_decorator.py took 0.077 seconds
[2025-10-25T21:43:02.309+0000] {processor.py:186} INFO - Started process (PID=35232) to work on /Users/komidoveneymissiamenou/Documents/Master 1 DIT/DataEnge/spark_airflow/airflow_env/lib/python3.12/site-packages/airflow/example_dags/example_sensor_decorator.py
[2025-10-25T21:43:02.310+0000] {processor.py:914} INFO - Processing file /Users/komidoveneymissiamenou/Documents/Master 1 DIT/DataEnge/spark_airflow/airflow_env/lib/python3.12/site-packages/airflow/example_dags/example_sensor_decorator.py for tasks to queue
[2025-10-25T21:43:02.310+0000] {logging_mixin.py:190} INFO - [2025-10-25T21:43:02.310+0000] {dagbag.py:588} INFO - Filling up the DagBag from /Users/komidoveneymissiamenou/Documents/Master 1 DIT/DataEnge/spark_airflow/airflow_env/lib/python3.12/site-packages/airflow/example_dags/example_sensor_decorator.py
[2025-10-25T21:43:02.330+0000] {processor.py:925} INFO - DAG(s) 'example_sensor_decorator' retrieved from /Users/komidoveneymissiamenou/Documents/Master 1 DIT/DataEnge/spark_airflow/airflow_env/lib/python3.12/site-packages/airflow/example_dags/example_sensor_decorator.py
[2025-10-25T21:43:02.362+0000] {logging_mixin.py:190} INFO - [2025-10-25T21:43:02.362+0000] {workday.py:41} WARNING - Could not import pandas. Holidays will not be considered.
[2025-10-25T21:43:02.373+0000] {logging_mixin.py:190} INFO - [2025-10-25T21:43:02.373+0000] {dag.py:3239} INFO - Sync 1 DAGs
[2025-10-25T21:43:02.377+0000] {logging_mixin.py:190} INFO - [2025-10-25T21:43:02.377+0000] {dag.py:4180} INFO - Setting next_dagrun for example_sensor_decorator to None, run_after=None
[2025-10-25T21:43:02.385+0000] {processor.py:208} INFO - Processing /Users/komidoveneymissiamenou/Documents/Master 1 DIT/DataEnge/spark_airflow/airflow_env/lib/python3.12/site-packages/airflow/example_dags/example_sensor_decorator.py took 0.078 seconds
[2025-10-25T21:45:41.848+0000] {processor.py:186} INFO - Started process (PID=37500) to work on /Users/komidoveneymissiamenou/Documents/Master 1 DIT/DataEnge/spark_airflow/airflow_env/lib/python3.12/site-packages/airflow/example_dags/example_sensor_decorator.py
[2025-10-25T21:45:41.849+0000] {processor.py:914} INFO - Processing file /Users/komidoveneymissiamenou/Documents/Master 1 DIT/DataEnge/spark_airflow/airflow_env/lib/python3.12/site-packages/airflow/example_dags/example_sensor_decorator.py for tasks to queue
[2025-10-25T21:45:41.849+0000] {logging_mixin.py:190} INFO - [2025-10-25T21:45:41.849+0000] {dagbag.py:588} INFO - Filling up the DagBag from /Users/komidoveneymissiamenou/Documents/Master 1 DIT/DataEnge/spark_airflow/airflow_env/lib/python3.12/site-packages/airflow/example_dags/example_sensor_decorator.py
[2025-10-25T21:45:41.870+0000] {processor.py:925} INFO - DAG(s) 'example_sensor_decorator' retrieved from /Users/komidoveneymissiamenou/Documents/Master 1 DIT/DataEnge/spark_airflow/airflow_env/lib/python3.12/site-packages/airflow/example_dags/example_sensor_decorator.py
[2025-10-25T21:45:41.901+0000] {logging_mixin.py:190} INFO - [2025-10-25T21:45:41.901+0000] {workday.py:41} WARNING - Could not import pandas. Holidays will not be considered.
[2025-10-25T21:45:41.912+0000] {logging_mixin.py:190} INFO - [2025-10-25T21:45:41.911+0000] {dag.py:3239} INFO - Sync 1 DAGs
[2025-10-25T21:45:41.915+0000] {logging_mixin.py:190} INFO - [2025-10-25T21:45:41.915+0000] {dag.py:4180} INFO - Setting next_dagrun for example_sensor_decorator to None, run_after=None
[2025-10-25T21:45:41.922+0000] {processor.py:208} INFO - Processing /Users/komidoveneymissiamenou/Documents/Master 1 DIT/DataEnge/spark_airflow/airflow_env/lib/python3.12/site-packages/airflow/example_dags/example_sensor_decorator.py took 0.076 seconds
[2025-10-25T21:47:16.605+0000] {processor.py:186} INFO - Started process (PID=38823) to work on /Users/komidoveneymissiamenou/Documents/Master 1 DIT/DataEnge/spark_airflow/airflow_env/lib/python3.12/site-packages/airflow/example_dags/example_sensor_decorator.py
[2025-10-25T21:47:16.606+0000] {processor.py:914} INFO - Processing file /Users/komidoveneymissiamenou/Documents/Master 1 DIT/DataEnge/spark_airflow/airflow_env/lib/python3.12/site-packages/airflow/example_dags/example_sensor_decorator.py for tasks to queue
[2025-10-25T21:47:16.607+0000] {logging_mixin.py:190} INFO - [2025-10-25T21:47:16.606+0000] {dagbag.py:588} INFO - Filling up the DagBag from /Users/komidoveneymissiamenou/Documents/Master 1 DIT/DataEnge/spark_airflow/airflow_env/lib/python3.12/site-packages/airflow/example_dags/example_sensor_decorator.py
[2025-10-25T21:47:16.643+0000] {processor.py:925} INFO - DAG(s) 'example_sensor_decorator' retrieved from /Users/komidoveneymissiamenou/Documents/Master 1 DIT/DataEnge/spark_airflow/airflow_env/lib/python3.12/site-packages/airflow/example_dags/example_sensor_decorator.py
[2025-10-25T21:47:16.678+0000] {logging_mixin.py:190} INFO - [2025-10-25T21:47:16.678+0000] {workday.py:41} WARNING - Could not import pandas. Holidays will not be considered.
[2025-10-25T21:47:16.691+0000] {logging_mixin.py:190} INFO - [2025-10-25T21:47:16.690+0000] {dag.py:3239} INFO - Sync 1 DAGs
[2025-10-25T21:47:16.695+0000] {logging_mixin.py:190} INFO - [2025-10-25T21:47:16.695+0000] {dag.py:4180} INFO - Setting next_dagrun for example_sensor_decorator to None, run_after=None
[2025-10-25T21:47:16.702+0000] {processor.py:208} INFO - Processing /Users/komidoveneymissiamenou/Documents/Master 1 DIT/DataEnge/spark_airflow/airflow_env/lib/python3.12/site-packages/airflow/example_dags/example_sensor_decorator.py took 0.098 seconds
[2025-10-25T21:49:36.081+0000] {processor.py:186} INFO - Started process (PID=42607) to work on /Users/komidoveneymissiamenou/Documents/Master 1 DIT/DataEnge/spark_airflow/airflow_env/lib/python3.12/site-packages/airflow/example_dags/example_sensor_decorator.py
[2025-10-25T21:49:36.082+0000] {processor.py:914} INFO - Processing file /Users/komidoveneymissiamenou/Documents/Master 1 DIT/DataEnge/spark_airflow/airflow_env/lib/python3.12/site-packages/airflow/example_dags/example_sensor_decorator.py for tasks to queue
[2025-10-25T21:49:36.082+0000] {logging_mixin.py:190} INFO - [2025-10-25T21:49:36.082+0000] {dagbag.py:588} INFO - Filling up the DagBag from /Users/komidoveneymissiamenou/Documents/Master 1 DIT/DataEnge/spark_airflow/airflow_env/lib/python3.12/site-packages/airflow/example_dags/example_sensor_decorator.py
[2025-10-25T21:49:36.112+0000] {processor.py:925} INFO - DAG(s) 'example_sensor_decorator' retrieved from /Users/komidoveneymissiamenou/Documents/Master 1 DIT/DataEnge/spark_airflow/airflow_env/lib/python3.12/site-packages/airflow/example_dags/example_sensor_decorator.py
[2025-10-25T21:49:36.161+0000] {logging_mixin.py:190} INFO - [2025-10-25T21:49:36.161+0000] {workday.py:41} WARNING - Could not import pandas. Holidays will not be considered.
[2025-10-25T21:49:36.175+0000] {logging_mixin.py:190} INFO - [2025-10-25T21:49:36.175+0000] {dag.py:3239} INFO - Sync 1 DAGs
[2025-10-25T21:49:36.180+0000] {logging_mixin.py:190} INFO - [2025-10-25T21:49:36.180+0000] {dag.py:4180} INFO - Setting next_dagrun for example_sensor_decorator to None, run_after=None
[2025-10-25T21:49:36.193+0000] {processor.py:208} INFO - Processing /Users/komidoveneymissiamenou/Documents/Master 1 DIT/DataEnge/spark_airflow/airflow_env/lib/python3.12/site-packages/airflow/example_dags/example_sensor_decorator.py took 0.114 seconds
[2025-10-25T21:51:45.310+0000] {processor.py:186} INFO - Started process (PID=44874) to work on /Users/komidoveneymissiamenou/Documents/Master 1 DIT/DataEnge/spark_airflow/airflow_env/lib/python3.12/site-packages/airflow/example_dags/example_sensor_decorator.py
[2025-10-25T21:51:45.312+0000] {processor.py:914} INFO - Processing file /Users/komidoveneymissiamenou/Documents/Master 1 DIT/DataEnge/spark_airflow/airflow_env/lib/python3.12/site-packages/airflow/example_dags/example_sensor_decorator.py for tasks to queue
[2025-10-25T21:51:45.312+0000] {logging_mixin.py:190} INFO - [2025-10-25T21:51:45.312+0000] {dagbag.py:588} INFO - Filling up the DagBag from /Users/komidoveneymissiamenou/Documents/Master 1 DIT/DataEnge/spark_airflow/airflow_env/lib/python3.12/site-packages/airflow/example_dags/example_sensor_decorator.py
[2025-10-25T21:51:45.342+0000] {processor.py:925} INFO - DAG(s) 'example_sensor_decorator' retrieved from /Users/komidoveneymissiamenou/Documents/Master 1 DIT/DataEnge/spark_airflow/airflow_env/lib/python3.12/site-packages/airflow/example_dags/example_sensor_decorator.py
[2025-10-25T21:51:45.646+0000] {logging_mixin.py:190} INFO - [2025-10-25T21:51:45.646+0000] {dag.py:3239} INFO - Sync 1 DAGs
[2025-10-25T21:51:45.651+0000] {logging_mixin.py:190} INFO - [2025-10-25T21:51:45.650+0000] {dag.py:4180} INFO - Setting next_dagrun for example_sensor_decorator to None, run_after=None
[2025-10-25T21:51:45.658+0000] {processor.py:208} INFO - Processing /Users/komidoveneymissiamenou/Documents/Master 1 DIT/DataEnge/spark_airflow/airflow_env/lib/python3.12/site-packages/airflow/example_dags/example_sensor_decorator.py took 0.350 seconds
[2025-10-25T21:53:15.222+0000] {processor.py:186} INFO - Started process (PID=46637) to work on /Users/komidoveneymissiamenou/Documents/Master 1 DIT/DataEnge/spark_airflow/airflow_env/lib/python3.12/site-packages/airflow/example_dags/example_sensor_decorator.py
[2025-10-25T21:53:15.223+0000] {processor.py:914} INFO - Processing file /Users/komidoveneymissiamenou/Documents/Master 1 DIT/DataEnge/spark_airflow/airflow_env/lib/python3.12/site-packages/airflow/example_dags/example_sensor_decorator.py for tasks to queue
[2025-10-25T21:53:15.223+0000] {logging_mixin.py:190} INFO - [2025-10-25T21:53:15.223+0000] {dagbag.py:588} INFO - Filling up the DagBag from /Users/komidoveneymissiamenou/Documents/Master 1 DIT/DataEnge/spark_airflow/airflow_env/lib/python3.12/site-packages/airflow/example_dags/example_sensor_decorator.py
[2025-10-25T21:53:15.257+0000] {processor.py:925} INFO - DAG(s) 'example_sensor_decorator' retrieved from /Users/komidoveneymissiamenou/Documents/Master 1 DIT/DataEnge/spark_airflow/airflow_env/lib/python3.12/site-packages/airflow/example_dags/example_sensor_decorator.py
[2025-10-25T21:53:15.644+0000] {logging_mixin.py:190} INFO - [2025-10-25T21:53:15.643+0000] {dag.py:3239} INFO - Sync 1 DAGs
[2025-10-25T21:53:15.648+0000] {logging_mixin.py:190} INFO - [2025-10-25T21:53:15.648+0000] {dag.py:4180} INFO - Setting next_dagrun for example_sensor_decorator to None, run_after=None
[2025-10-25T21:53:15.657+0000] {processor.py:208} INFO - Processing /Users/komidoveneymissiamenou/Documents/Master 1 DIT/DataEnge/spark_airflow/airflow_env/lib/python3.12/site-packages/airflow/example_dags/example_sensor_decorator.py took 0.438 seconds
[2025-10-25T21:55:16.997+0000] {processor.py:186} INFO - Started process (PID=49244) to work on /Users/komidoveneymissiamenou/Documents/Master 1 DIT/DataEnge/spark_airflow/airflow_env/lib/python3.12/site-packages/airflow/example_dags/example_sensor_decorator.py
[2025-10-25T21:55:16.999+0000] {processor.py:914} INFO - Processing file /Users/komidoveneymissiamenou/Documents/Master 1 DIT/DataEnge/spark_airflow/airflow_env/lib/python3.12/site-packages/airflow/example_dags/example_sensor_decorator.py for tasks to queue
[2025-10-25T21:55:17.000+0000] {logging_mixin.py:190} INFO - [2025-10-25T21:55:17.000+0000] {dagbag.py:588} INFO - Filling up the DagBag from /Users/komidoveneymissiamenou/Documents/Master 1 DIT/DataEnge/spark_airflow/airflow_env/lib/python3.12/site-packages/airflow/example_dags/example_sensor_decorator.py
[2025-10-25T21:55:17.021+0000] {processor.py:925} INFO - DAG(s) 'example_sensor_decorator' retrieved from /Users/komidoveneymissiamenou/Documents/Master 1 DIT/DataEnge/spark_airflow/airflow_env/lib/python3.12/site-packages/airflow/example_dags/example_sensor_decorator.py
[2025-10-25T21:55:17.295+0000] {logging_mixin.py:190} INFO - [2025-10-25T21:55:17.295+0000] {dag.py:3239} INFO - Sync 1 DAGs
[2025-10-25T21:55:17.299+0000] {logging_mixin.py:190} INFO - [2025-10-25T21:55:17.299+0000] {dag.py:4180} INFO - Setting next_dagrun for example_sensor_decorator to None, run_after=None
[2025-10-25T21:55:17.307+0000] {processor.py:208} INFO - Processing /Users/komidoveneymissiamenou/Documents/Master 1 DIT/DataEnge/spark_airflow/airflow_env/lib/python3.12/site-packages/airflow/example_dags/example_sensor_decorator.py took 0.314 seconds
[2025-10-25T21:57:19.833+0000] {processor.py:186} INFO - Started process (PID=50694) to work on /Users/komidoveneymissiamenou/Documents/Master 1 DIT/DataEnge/spark_airflow/airflow_env/lib/python3.12/site-packages/airflow/example_dags/example_sensor_decorator.py
[2025-10-25T21:57:19.834+0000] {processor.py:914} INFO - Processing file /Users/komidoveneymissiamenou/Documents/Master 1 DIT/DataEnge/spark_airflow/airflow_env/lib/python3.12/site-packages/airflow/example_dags/example_sensor_decorator.py for tasks to queue
[2025-10-25T21:57:19.834+0000] {logging_mixin.py:190} INFO - [2025-10-25T21:57:19.834+0000] {dagbag.py:588} INFO - Filling up the DagBag from /Users/komidoveneymissiamenou/Documents/Master 1 DIT/DataEnge/spark_airflow/airflow_env/lib/python3.12/site-packages/airflow/example_dags/example_sensor_decorator.py
[2025-10-25T21:57:19.852+0000] {processor.py:925} INFO - DAG(s) 'example_sensor_decorator' retrieved from /Users/komidoveneymissiamenou/Documents/Master 1 DIT/DataEnge/spark_airflow/airflow_env/lib/python3.12/site-packages/airflow/example_dags/example_sensor_decorator.py
[2025-10-25T21:57:20.112+0000] {logging_mixin.py:190} INFO - [2025-10-25T21:57:20.112+0000] {dag.py:3239} INFO - Sync 1 DAGs
[2025-10-25T21:57:20.116+0000] {logging_mixin.py:190} INFO - [2025-10-25T21:57:20.116+0000] {dag.py:4180} INFO - Setting next_dagrun for example_sensor_decorator to None, run_after=None
[2025-10-25T21:57:20.122+0000] {processor.py:208} INFO - Processing /Users/komidoveneymissiamenou/Documents/Master 1 DIT/DataEnge/spark_airflow/airflow_env/lib/python3.12/site-packages/airflow/example_dags/example_sensor_decorator.py took 0.291 seconds
[2025-10-25T21:58:47.659+0000] {processor.py:186} INFO - Started process (PID=51731) to work on /Users/komidoveneymissiamenou/Documents/Master 1 DIT/DataEnge/spark_airflow/airflow_env/lib/python3.12/site-packages/airflow/example_dags/example_sensor_decorator.py
[2025-10-25T21:58:47.660+0000] {processor.py:914} INFO - Processing file /Users/komidoveneymissiamenou/Documents/Master 1 DIT/DataEnge/spark_airflow/airflow_env/lib/python3.12/site-packages/airflow/example_dags/example_sensor_decorator.py for tasks to queue
[2025-10-25T21:58:47.660+0000] {logging_mixin.py:190} INFO - [2025-10-25T21:58:47.660+0000] {dagbag.py:588} INFO - Filling up the DagBag from /Users/komidoveneymissiamenou/Documents/Master 1 DIT/DataEnge/spark_airflow/airflow_env/lib/python3.12/site-packages/airflow/example_dags/example_sensor_decorator.py
[2025-10-25T21:58:47.676+0000] {processor.py:925} INFO - DAG(s) 'example_sensor_decorator' retrieved from /Users/komidoveneymissiamenou/Documents/Master 1 DIT/DataEnge/spark_airflow/airflow_env/lib/python3.12/site-packages/airflow/example_dags/example_sensor_decorator.py
[2025-10-25T21:58:47.907+0000] {logging_mixin.py:190} INFO - [2025-10-25T21:58:47.907+0000] {dag.py:3239} INFO - Sync 1 DAGs
[2025-10-25T21:58:47.911+0000] {logging_mixin.py:190} INFO - [2025-10-25T21:58:47.911+0000] {dag.py:4180} INFO - Setting next_dagrun for example_sensor_decorator to None, run_after=None
[2025-10-25T21:58:47.918+0000] {processor.py:208} INFO - Processing /Users/komidoveneymissiamenou/Documents/Master 1 DIT/DataEnge/spark_airflow/airflow_env/lib/python3.12/site-packages/airflow/example_dags/example_sensor_decorator.py took 0.260 seconds
