[2025-10-25T21:39:26.036+0000] {processor.py:186} INFO - Started process (PID=32582) to work on /Users/komidoveneymissiamenou/Documents/Master 1 DIT/DataEnge/spark_airflow/airflow_env/lib/python3.12/site-packages/airflow/example_dags/example_task_group_decorator.py
[2025-10-25T21:39:26.037+0000] {processor.py:914} INFO - Processing file /Users/komidoveneymissiamenou/Documents/Master 1 DIT/DataEnge/spark_airflow/airflow_env/lib/python3.12/site-packages/airflow/example_dags/example_task_group_decorator.py for tasks to queue
[2025-10-25T21:39:26.038+0000] {logging_mixin.py:190} INFO - [2025-10-25T21:39:26.038+0000] {dagbag.py:588} INFO - Filling up the DagBag from /Users/komidoveneymissiamenou/Documents/Master 1 DIT/DataEnge/spark_airflow/airflow_env/lib/python3.12/site-packages/airflow/example_dags/example_task_group_decorator.py
[2025-10-25T21:39:26.067+0000] {processor.py:925} INFO - DAG(s) 'example_task_group_decorator' retrieved from /Users/komidoveneymissiamenou/Documents/Master 1 DIT/DataEnge/spark_airflow/airflow_env/lib/python3.12/site-packages/airflow/example_dags/example_task_group_decorator.py
[2025-10-25T21:39:26.173+0000] {logging_mixin.py:190} INFO - [2025-10-25T21:39:26.173+0000] {override.py:1900} INFO - Created Permission View: can edit on DAG:example_task_group_decorator
[2025-10-25T21:39:26.176+0000] {logging_mixin.py:190} INFO - [2025-10-25T21:39:26.176+0000] {override.py:1900} INFO - Created Permission View: can delete on DAG:example_task_group_decorator
[2025-10-25T21:39:26.178+0000] {logging_mixin.py:190} INFO - [2025-10-25T21:39:26.178+0000] {override.py:1900} INFO - Created Permission View: can read on DAG:example_task_group_decorator
[2025-10-25T21:39:26.181+0000] {logging_mixin.py:190} INFO - [2025-10-25T21:39:26.181+0000] {override.py:1900} INFO - Created Permission View: can delete on DAG Run:example_task_group_decorator
[2025-10-25T21:39:26.184+0000] {logging_mixin.py:190} INFO - [2025-10-25T21:39:26.183+0000] {override.py:1900} INFO - Created Permission View: can create on DAG Run:example_task_group_decorator
[2025-10-25T21:39:26.186+0000] {logging_mixin.py:190} INFO - [2025-10-25T21:39:26.186+0000] {override.py:1900} INFO - Created Permission View: can read on DAG Run:example_task_group_decorator
[2025-10-25T21:39:26.189+0000] {logging_mixin.py:190} INFO - [2025-10-25T21:39:26.189+0000] {override.py:1900} INFO - Created Permission View: menu access on DAG Run:example_task_group_decorator
[2025-10-25T21:39:26.189+0000] {logging_mixin.py:190} INFO - [2025-10-25T21:39:26.189+0000] {dag.py:3239} INFO - Sync 1 DAGs
[2025-10-25T21:39:26.196+0000] {logging_mixin.py:190} INFO - [2025-10-25T21:39:26.196+0000] {dag.py:3262} INFO - Creating ORM DAG for example_task_group_decorator
[2025-10-25T21:39:26.196+0000] {logging_mixin.py:190} INFO - [2025-10-25T21:39:26.196+0000] {dag.py:4180} INFO - Setting next_dagrun for example_task_group_decorator to None, run_after=None
[2025-10-25T21:39:26.204+0000] {processor.py:208} INFO - Processing /Users/komidoveneymissiamenou/Documents/Master 1 DIT/DataEnge/spark_airflow/airflow_env/lib/python3.12/site-packages/airflow/example_dags/example_task_group_decorator.py took 0.170 seconds
[2025-10-25T21:41:25.029+0000] {processor.py:186} INFO - Started process (PID=34051) to work on /Users/komidoveneymissiamenou/Documents/Master 1 DIT/DataEnge/spark_airflow/airflow_env/lib/python3.12/site-packages/airflow/example_dags/example_task_group_decorator.py
[2025-10-25T21:41:25.030+0000] {processor.py:914} INFO - Processing file /Users/komidoveneymissiamenou/Documents/Master 1 DIT/DataEnge/spark_airflow/airflow_env/lib/python3.12/site-packages/airflow/example_dags/example_task_group_decorator.py for tasks to queue
[2025-10-25T21:41:25.031+0000] {logging_mixin.py:190} INFO - [2025-10-25T21:41:25.030+0000] {dagbag.py:588} INFO - Filling up the DagBag from /Users/komidoveneymissiamenou/Documents/Master 1 DIT/DataEnge/spark_airflow/airflow_env/lib/python3.12/site-packages/airflow/example_dags/example_task_group_decorator.py
[2025-10-25T21:41:25.051+0000] {processor.py:925} INFO - DAG(s) 'example_task_group_decorator' retrieved from /Users/komidoveneymissiamenou/Documents/Master 1 DIT/DataEnge/spark_airflow/airflow_env/lib/python3.12/site-packages/airflow/example_dags/example_task_group_decorator.py
[2025-10-25T21:41:25.088+0000] {logging_mixin.py:190} INFO - [2025-10-25T21:41:25.088+0000] {dag.py:3239} INFO - Sync 1 DAGs
[2025-10-25T21:41:25.091+0000] {logging_mixin.py:190} INFO - [2025-10-25T21:41:25.091+0000] {dag.py:4180} INFO - Setting next_dagrun for example_task_group_decorator to None, run_after=None
[2025-10-25T21:41:25.098+0000] {processor.py:208} INFO - Processing /Users/komidoveneymissiamenou/Documents/Master 1 DIT/DataEnge/spark_airflow/airflow_env/lib/python3.12/site-packages/airflow/example_dags/example_task_group_decorator.py took 0.072 seconds
[2025-10-25T21:42:45.259+0000] {processor.py:186} INFO - Started process (PID=35033) to work on /Users/komidoveneymissiamenou/Documents/Master 1 DIT/DataEnge/spark_airflow/airflow_env/lib/python3.12/site-packages/airflow/example_dags/example_task_group_decorator.py
[2025-10-25T21:42:45.260+0000] {processor.py:914} INFO - Processing file /Users/komidoveneymissiamenou/Documents/Master 1 DIT/DataEnge/spark_airflow/airflow_env/lib/python3.12/site-packages/airflow/example_dags/example_task_group_decorator.py for tasks to queue
[2025-10-25T21:42:45.261+0000] {logging_mixin.py:190} INFO - [2025-10-25T21:42:45.260+0000] {dagbag.py:588} INFO - Filling up the DagBag from /Users/komidoveneymissiamenou/Documents/Master 1 DIT/DataEnge/spark_airflow/airflow_env/lib/python3.12/site-packages/airflow/example_dags/example_task_group_decorator.py
[2025-10-25T21:42:45.287+0000] {processor.py:925} INFO - DAG(s) 'example_task_group_decorator' retrieved from /Users/komidoveneymissiamenou/Documents/Master 1 DIT/DataEnge/spark_airflow/airflow_env/lib/python3.12/site-packages/airflow/example_dags/example_task_group_decorator.py
[2025-10-25T21:42:45.326+0000] {logging_mixin.py:190} INFO - [2025-10-25T21:42:45.326+0000] {dag.py:3239} INFO - Sync 1 DAGs
[2025-10-25T21:42:45.331+0000] {logging_mixin.py:190} INFO - [2025-10-25T21:42:45.331+0000] {dag.py:4180} INFO - Setting next_dagrun for example_task_group_decorator to None, run_after=None
[2025-10-25T21:42:45.338+0000] {processor.py:208} INFO - Processing /Users/komidoveneymissiamenou/Documents/Master 1 DIT/DataEnge/spark_airflow/airflow_env/lib/python3.12/site-packages/airflow/example_dags/example_task_group_decorator.py took 0.080 seconds
[2025-10-25T21:44:00.929+0000] {processor.py:186} INFO - Started process (PID=35941) to work on /Users/komidoveneymissiamenou/Documents/Master 1 DIT/DataEnge/spark_airflow/airflow_env/lib/python3.12/site-packages/airflow/example_dags/example_task_group_decorator.py
[2025-10-25T21:44:00.930+0000] {processor.py:914} INFO - Processing file /Users/komidoveneymissiamenou/Documents/Master 1 DIT/DataEnge/spark_airflow/airflow_env/lib/python3.12/site-packages/airflow/example_dags/example_task_group_decorator.py for tasks to queue
[2025-10-25T21:44:00.931+0000] {logging_mixin.py:190} INFO - [2025-10-25T21:44:00.930+0000] {dagbag.py:588} INFO - Filling up the DagBag from /Users/komidoveneymissiamenou/Documents/Master 1 DIT/DataEnge/spark_airflow/airflow_env/lib/python3.12/site-packages/airflow/example_dags/example_task_group_decorator.py
[2025-10-25T21:44:00.963+0000] {processor.py:925} INFO - DAG(s) 'example_task_group_decorator' retrieved from /Users/komidoveneymissiamenou/Documents/Master 1 DIT/DataEnge/spark_airflow/airflow_env/lib/python3.12/site-packages/airflow/example_dags/example_task_group_decorator.py
[2025-10-25T21:44:01.004+0000] {logging_mixin.py:190} INFO - [2025-10-25T21:44:01.004+0000] {dag.py:3239} INFO - Sync 1 DAGs
[2025-10-25T21:44:01.009+0000] {logging_mixin.py:190} INFO - [2025-10-25T21:44:01.008+0000] {dag.py:4180} INFO - Setting next_dagrun for example_task_group_decorator to None, run_after=None
[2025-10-25T21:44:01.015+0000] {processor.py:208} INFO - Processing /Users/komidoveneymissiamenou/Documents/Master 1 DIT/DataEnge/spark_airflow/airflow_env/lib/python3.12/site-packages/airflow/example_dags/example_task_group_decorator.py took 0.089 seconds
[2025-10-25T21:45:21.711+0000] {processor.py:186} INFO - Started process (PID=36912) to work on /Users/komidoveneymissiamenou/Documents/Master 1 DIT/DataEnge/spark_airflow/airflow_env/lib/python3.12/site-packages/airflow/example_dags/example_task_group_decorator.py
[2025-10-25T21:45:21.712+0000] {processor.py:914} INFO - Processing file /Users/komidoveneymissiamenou/Documents/Master 1 DIT/DataEnge/spark_airflow/airflow_env/lib/python3.12/site-packages/airflow/example_dags/example_task_group_decorator.py for tasks to queue
[2025-10-25T21:45:21.712+0000] {logging_mixin.py:190} INFO - [2025-10-25T21:45:21.712+0000] {dagbag.py:588} INFO - Filling up the DagBag from /Users/komidoveneymissiamenou/Documents/Master 1 DIT/DataEnge/spark_airflow/airflow_env/lib/python3.12/site-packages/airflow/example_dags/example_task_group_decorator.py
[2025-10-25T21:45:21.745+0000] {processor.py:925} INFO - DAG(s) 'example_task_group_decorator' retrieved from /Users/komidoveneymissiamenou/Documents/Master 1 DIT/DataEnge/spark_airflow/airflow_env/lib/python3.12/site-packages/airflow/example_dags/example_task_group_decorator.py
[2025-10-25T21:45:21.787+0000] {logging_mixin.py:190} INFO - [2025-10-25T21:45:21.786+0000] {dag.py:3239} INFO - Sync 1 DAGs
[2025-10-25T21:45:21.791+0000] {logging_mixin.py:190} INFO - [2025-10-25T21:45:21.791+0000] {dag.py:4180} INFO - Setting next_dagrun for example_task_group_decorator to None, run_after=None
[2025-10-25T21:45:21.798+0000] {processor.py:208} INFO - Processing /Users/komidoveneymissiamenou/Documents/Master 1 DIT/DataEnge/spark_airflow/airflow_env/lib/python3.12/site-packages/airflow/example_dags/example_task_group_decorator.py took 0.089 seconds
[2025-10-25T21:46:57.138+0000] {processor.py:186} INFO - Started process (PID=38569) to work on /Users/komidoveneymissiamenou/Documents/Master 1 DIT/DataEnge/spark_airflow/airflow_env/lib/python3.12/site-packages/airflow/example_dags/example_task_group_decorator.py
[2025-10-25T21:46:57.138+0000] {processor.py:914} INFO - Processing file /Users/komidoveneymissiamenou/Documents/Master 1 DIT/DataEnge/spark_airflow/airflow_env/lib/python3.12/site-packages/airflow/example_dags/example_task_group_decorator.py for tasks to queue
[2025-10-25T21:46:57.139+0000] {logging_mixin.py:190} INFO - [2025-10-25T21:46:57.139+0000] {dagbag.py:588} INFO - Filling up the DagBag from /Users/komidoveneymissiamenou/Documents/Master 1 DIT/DataEnge/spark_airflow/airflow_env/lib/python3.12/site-packages/airflow/example_dags/example_task_group_decorator.py
[2025-10-25T21:46:57.170+0000] {processor.py:925} INFO - DAG(s) 'example_task_group_decorator' retrieved from /Users/komidoveneymissiamenou/Documents/Master 1 DIT/DataEnge/spark_airflow/airflow_env/lib/python3.12/site-packages/airflow/example_dags/example_task_group_decorator.py
[2025-10-25T21:46:57.213+0000] {logging_mixin.py:190} INFO - [2025-10-25T21:46:57.212+0000] {dag.py:3239} INFO - Sync 1 DAGs
[2025-10-25T21:46:57.217+0000] {logging_mixin.py:190} INFO - [2025-10-25T21:46:57.217+0000] {dag.py:4180} INFO - Setting next_dagrun for example_task_group_decorator to None, run_after=None
[2025-10-25T21:46:57.225+0000] {processor.py:208} INFO - Processing /Users/komidoveneymissiamenou/Documents/Master 1 DIT/DataEnge/spark_airflow/airflow_env/lib/python3.12/site-packages/airflow/example_dags/example_task_group_decorator.py took 0.089 seconds
[2025-10-25T21:49:17.026+0000] {processor.py:186} INFO - Started process (PID=42145) to work on /Users/komidoveneymissiamenou/Documents/Master 1 DIT/DataEnge/spark_airflow/airflow_env/lib/python3.12/site-packages/airflow/example_dags/example_task_group_decorator.py
[2025-10-25T21:49:17.026+0000] {processor.py:914} INFO - Processing file /Users/komidoveneymissiamenou/Documents/Master 1 DIT/DataEnge/spark_airflow/airflow_env/lib/python3.12/site-packages/airflow/example_dags/example_task_group_decorator.py for tasks to queue
[2025-10-25T21:49:17.027+0000] {logging_mixin.py:190} INFO - [2025-10-25T21:49:17.027+0000] {dagbag.py:588} INFO - Filling up the DagBag from /Users/komidoveneymissiamenou/Documents/Master 1 DIT/DataEnge/spark_airflow/airflow_env/lib/python3.12/site-packages/airflow/example_dags/example_task_group_decorator.py
[2025-10-25T21:49:17.051+0000] {processor.py:925} INFO - DAG(s) 'example_task_group_decorator' retrieved from /Users/komidoveneymissiamenou/Documents/Master 1 DIT/DataEnge/spark_airflow/airflow_env/lib/python3.12/site-packages/airflow/example_dags/example_task_group_decorator.py
[2025-10-25T21:49:17.091+0000] {logging_mixin.py:190} INFO - [2025-10-25T21:49:17.090+0000] {dag.py:3239} INFO - Sync 1 DAGs
[2025-10-25T21:49:17.094+0000] {logging_mixin.py:190} INFO - [2025-10-25T21:49:17.094+0000] {dag.py:4180} INFO - Setting next_dagrun for example_task_group_decorator to None, run_after=None
[2025-10-25T21:49:17.103+0000] {processor.py:208} INFO - Processing /Users/komidoveneymissiamenou/Documents/Master 1 DIT/DataEnge/spark_airflow/airflow_env/lib/python3.12/site-packages/airflow/example_dags/example_task_group_decorator.py took 0.078 seconds
[2025-10-25T21:51:24.893+0000] {processor.py:186} INFO - Started process (PID=44379) to work on /Users/komidoveneymissiamenou/Documents/Master 1 DIT/DataEnge/spark_airflow/airflow_env/lib/python3.12/site-packages/airflow/example_dags/example_task_group_decorator.py
[2025-10-25T21:51:24.894+0000] {processor.py:914} INFO - Processing file /Users/komidoveneymissiamenou/Documents/Master 1 DIT/DataEnge/spark_airflow/airflow_env/lib/python3.12/site-packages/airflow/example_dags/example_task_group_decorator.py for tasks to queue
[2025-10-25T21:51:24.894+0000] {logging_mixin.py:190} INFO - [2025-10-25T21:51:24.894+0000] {dagbag.py:588} INFO - Filling up the DagBag from /Users/komidoveneymissiamenou/Documents/Master 1 DIT/DataEnge/spark_airflow/airflow_env/lib/python3.12/site-packages/airflow/example_dags/example_task_group_decorator.py
[2025-10-25T21:51:24.914+0000] {processor.py:925} INFO - DAG(s) 'example_task_group_decorator' retrieved from /Users/komidoveneymissiamenou/Documents/Master 1 DIT/DataEnge/spark_airflow/airflow_env/lib/python3.12/site-packages/airflow/example_dags/example_task_group_decorator.py
[2025-10-25T21:51:24.952+0000] {logging_mixin.py:190} INFO - [2025-10-25T21:51:24.951+0000] {dag.py:3239} INFO - Sync 1 DAGs
[2025-10-25T21:51:24.956+0000] {logging_mixin.py:190} INFO - [2025-10-25T21:51:24.956+0000] {dag.py:4180} INFO - Setting next_dagrun for example_task_group_decorator to None, run_after=None
[2025-10-25T21:51:24.963+0000] {processor.py:208} INFO - Processing /Users/komidoveneymissiamenou/Documents/Master 1 DIT/DataEnge/spark_airflow/airflow_env/lib/python3.12/site-packages/airflow/example_dags/example_task_group_decorator.py took 0.072 seconds
[2025-10-25T21:52:50.227+0000] {processor.py:186} INFO - Started process (PID=46337) to work on /Users/komidoveneymissiamenou/Documents/Master 1 DIT/DataEnge/spark_airflow/airflow_env/lib/python3.12/site-packages/airflow/example_dags/example_task_group_decorator.py
[2025-10-25T21:52:50.230+0000] {processor.py:914} INFO - Processing file /Users/komidoveneymissiamenou/Documents/Master 1 DIT/DataEnge/spark_airflow/airflow_env/lib/python3.12/site-packages/airflow/example_dags/example_task_group_decorator.py for tasks to queue
[2025-10-25T21:52:50.231+0000] {logging_mixin.py:190} INFO - [2025-10-25T21:52:50.231+0000] {dagbag.py:588} INFO - Filling up the DagBag from /Users/komidoveneymissiamenou/Documents/Master 1 DIT/DataEnge/spark_airflow/airflow_env/lib/python3.12/site-packages/airflow/example_dags/example_task_group_decorator.py
[2025-10-25T21:52:50.276+0000] {processor.py:925} INFO - DAG(s) 'example_task_group_decorator' retrieved from /Users/komidoveneymissiamenou/Documents/Master 1 DIT/DataEnge/spark_airflow/airflow_env/lib/python3.12/site-packages/airflow/example_dags/example_task_group_decorator.py
[2025-10-25T21:52:50.323+0000] {logging_mixin.py:190} INFO - [2025-10-25T21:52:50.323+0000] {dag.py:3239} INFO - Sync 1 DAGs
[2025-10-25T21:52:50.327+0000] {logging_mixin.py:190} INFO - [2025-10-25T21:52:50.327+0000] {dag.py:4180} INFO - Setting next_dagrun for example_task_group_decorator to None, run_after=None
[2025-10-25T21:52:50.337+0000] {processor.py:208} INFO - Processing /Users/komidoveneymissiamenou/Documents/Master 1 DIT/DataEnge/spark_airflow/airflow_env/lib/python3.12/site-packages/airflow/example_dags/example_task_group_decorator.py took 0.111 seconds
[2025-10-25T21:54:50.690+0000] {processor.py:186} INFO - Started process (PID=48926) to work on /Users/komidoveneymissiamenou/Documents/Master 1 DIT/DataEnge/spark_airflow/airflow_env/lib/python3.12/site-packages/airflow/example_dags/example_task_group_decorator.py
[2025-10-25T21:54:50.693+0000] {processor.py:914} INFO - Processing file /Users/komidoveneymissiamenou/Documents/Master 1 DIT/DataEnge/spark_airflow/airflow_env/lib/python3.12/site-packages/airflow/example_dags/example_task_group_decorator.py for tasks to queue
[2025-10-25T21:54:50.695+0000] {logging_mixin.py:190} INFO - [2025-10-25T21:54:50.695+0000] {dagbag.py:588} INFO - Filling up the DagBag from /Users/komidoveneymissiamenou/Documents/Master 1 DIT/DataEnge/spark_airflow/airflow_env/lib/python3.12/site-packages/airflow/example_dags/example_task_group_decorator.py
[2025-10-25T21:54:50.857+0000] {processor.py:925} INFO - DAG(s) 'example_task_group_decorator' retrieved from /Users/komidoveneymissiamenou/Documents/Master 1 DIT/DataEnge/spark_airflow/airflow_env/lib/python3.12/site-packages/airflow/example_dags/example_task_group_decorator.py
[2025-10-25T21:54:50.966+0000] {logging_mixin.py:190} INFO - [2025-10-25T21:54:50.965+0000] {dag.py:3239} INFO - Sync 1 DAGs
[2025-10-25T21:54:50.978+0000] {logging_mixin.py:190} INFO - [2025-10-25T21:54:50.978+0000] {dag.py:4180} INFO - Setting next_dagrun for example_task_group_decorator to None, run_after=None
[2025-10-25T21:54:51.016+0000] {processor.py:208} INFO - Processing /Users/komidoveneymissiamenou/Documents/Master 1 DIT/DataEnge/spark_airflow/airflow_env/lib/python3.12/site-packages/airflow/example_dags/example_task_group_decorator.py took 0.331 seconds
[2025-10-25T21:57:01.678+0000] {processor.py:186} INFO - Started process (PID=50478) to work on /Users/komidoveneymissiamenou/Documents/Master 1 DIT/DataEnge/spark_airflow/airflow_env/lib/python3.12/site-packages/airflow/example_dags/example_task_group_decorator.py
[2025-10-25T21:57:01.678+0000] {processor.py:914} INFO - Processing file /Users/komidoveneymissiamenou/Documents/Master 1 DIT/DataEnge/spark_airflow/airflow_env/lib/python3.12/site-packages/airflow/example_dags/example_task_group_decorator.py for tasks to queue
[2025-10-25T21:57:01.679+0000] {logging_mixin.py:190} INFO - [2025-10-25T21:57:01.679+0000] {dagbag.py:588} INFO - Filling up the DagBag from /Users/komidoveneymissiamenou/Documents/Master 1 DIT/DataEnge/spark_airflow/airflow_env/lib/python3.12/site-packages/airflow/example_dags/example_task_group_decorator.py
[2025-10-25T21:57:01.704+0000] {processor.py:925} INFO - DAG(s) 'example_task_group_decorator' retrieved from /Users/komidoveneymissiamenou/Documents/Master 1 DIT/DataEnge/spark_airflow/airflow_env/lib/python3.12/site-packages/airflow/example_dags/example_task_group_decorator.py
[2025-10-25T21:57:01.743+0000] {logging_mixin.py:190} INFO - [2025-10-25T21:57:01.743+0000] {dag.py:3239} INFO - Sync 1 DAGs
[2025-10-25T21:57:01.747+0000] {logging_mixin.py:190} INFO - [2025-10-25T21:57:01.747+0000] {dag.py:4180} INFO - Setting next_dagrun for example_task_group_decorator to None, run_after=None
[2025-10-25T21:57:01.755+0000] {processor.py:208} INFO - Processing /Users/komidoveneymissiamenou/Documents/Master 1 DIT/DataEnge/spark_airflow/airflow_env/lib/python3.12/site-packages/airflow/example_dags/example_task_group_decorator.py took 0.079 seconds
[2025-10-25T21:58:26.682+0000] {processor.py:186} INFO - Started process (PID=51489) to work on /Users/komidoveneymissiamenou/Documents/Master 1 DIT/DataEnge/spark_airflow/airflow_env/lib/python3.12/site-packages/airflow/example_dags/example_task_group_decorator.py
[2025-10-25T21:58:26.683+0000] {processor.py:914} INFO - Processing file /Users/komidoveneymissiamenou/Documents/Master 1 DIT/DataEnge/spark_airflow/airflow_env/lib/python3.12/site-packages/airflow/example_dags/example_task_group_decorator.py for tasks to queue
[2025-10-25T21:58:26.684+0000] {logging_mixin.py:190} INFO - [2025-10-25T21:58:26.684+0000] {dagbag.py:588} INFO - Filling up the DagBag from /Users/komidoveneymissiamenou/Documents/Master 1 DIT/DataEnge/spark_airflow/airflow_env/lib/python3.12/site-packages/airflow/example_dags/example_task_group_decorator.py
[2025-10-25T21:58:26.716+0000] {processor.py:925} INFO - DAG(s) 'example_task_group_decorator' retrieved from /Users/komidoveneymissiamenou/Documents/Master 1 DIT/DataEnge/spark_airflow/airflow_env/lib/python3.12/site-packages/airflow/example_dags/example_task_group_decorator.py
[2025-10-25T21:58:26.756+0000] {logging_mixin.py:190} INFO - [2025-10-25T21:58:26.756+0000] {dag.py:3239} INFO - Sync 1 DAGs
[2025-10-25T21:58:26.760+0000] {logging_mixin.py:190} INFO - [2025-10-25T21:58:26.760+0000] {dag.py:4180} INFO - Setting next_dagrun for example_task_group_decorator to None, run_after=None
[2025-10-25T21:58:26.767+0000] {processor.py:208} INFO - Processing /Users/komidoveneymissiamenou/Documents/Master 1 DIT/DataEnge/spark_airflow/airflow_env/lib/python3.12/site-packages/airflow/example_dags/example_task_group_decorator.py took 0.086 seconds
