[2025-10-25T21:40:30.001+0000] {processor.py:186} INFO - Started process (PID=33357) to work on /Users/komidoveneymissiamenou/Documents/Master 1 DIT/DataEnge/spark_airflow/airflow_env/lib/python3.12/site-packages/airflow/example_dags/example_complex.py
[2025-10-25T21:40:30.002+0000] {processor.py:914} INFO - Processing file /Users/komidoveneymissiamenou/Documents/Master 1 DIT/DataEnge/spark_airflow/airflow_env/lib/python3.12/site-packages/airflow/example_dags/example_complex.py for tasks to queue
[2025-10-25T21:40:30.003+0000] {logging_mixin.py:190} INFO - [2025-10-25T21:40:30.003+0000] {dagbag.py:588} INFO - Filling up the DagBag from /Users/komidoveneymissiamenou/Documents/Master 1 DIT/DataEnge/spark_airflow/airflow_env/lib/python3.12/site-packages/airflow/example_dags/example_complex.py
[2025-10-25T21:40:30.016+0000] {processor.py:925} INFO - DAG(s) 'example_complex' retrieved from /Users/komidoveneymissiamenou/Documents/Master 1 DIT/DataEnge/spark_airflow/airflow_env/lib/python3.12/site-packages/airflow/example_dags/example_complex.py
[2025-10-25T21:40:30.138+0000] {logging_mixin.py:190} INFO - [2025-10-25T21:40:30.138+0000] {override.py:1900} INFO - Created Permission View: can delete on DAG:example_complex
[2025-10-25T21:40:30.144+0000] {logging_mixin.py:190} INFO - [2025-10-25T21:40:30.144+0000] {override.py:1900} INFO - Created Permission View: can edit on DAG:example_complex
[2025-10-25T21:40:30.149+0000] {logging_mixin.py:190} INFO - [2025-10-25T21:40:30.148+0000] {override.py:1900} INFO - Created Permission View: can read on DAG:example_complex
[2025-10-25T21:40:30.158+0000] {logging_mixin.py:190} INFO - [2025-10-25T21:40:30.158+0000] {override.py:1900} INFO - Created Permission View: can create on DAG Run:example_complex
[2025-10-25T21:40:30.163+0000] {logging_mixin.py:190} INFO - [2025-10-25T21:40:30.163+0000] {override.py:1900} INFO - Created Permission View: can delete on DAG Run:example_complex
[2025-10-25T21:40:30.166+0000] {logging_mixin.py:190} INFO - [2025-10-25T21:40:30.166+0000] {override.py:1900} INFO - Created Permission View: menu access on DAG Run:example_complex
[2025-10-25T21:40:30.169+0000] {logging_mixin.py:190} INFO - [2025-10-25T21:40:30.169+0000] {override.py:1900} INFO - Created Permission View: can read on DAG Run:example_complex
[2025-10-25T21:40:30.169+0000] {logging_mixin.py:190} INFO - [2025-10-25T21:40:30.169+0000] {dag.py:3239} INFO - Sync 1 DAGs
[2025-10-25T21:40:30.213+0000] {logging_mixin.py:190} INFO - [2025-10-25T21:40:30.213+0000] {dag.py:3262} INFO - Creating ORM DAG for example_complex
[2025-10-25T21:40:30.214+0000] {logging_mixin.py:190} INFO - [2025-10-25T21:40:30.214+0000] {dag.py:4180} INFO - Setting next_dagrun for example_complex to None, run_after=None
[2025-10-25T21:40:30.227+0000] {processor.py:208} INFO - Processing /Users/komidoveneymissiamenou/Documents/Master 1 DIT/DataEnge/spark_airflow/airflow_env/lib/python3.12/site-packages/airflow/example_dags/example_complex.py took 0.229 seconds
[2025-10-25T21:43:11.224+0000] {processor.py:186} INFO - Started process (PID=35346) to work on /Users/komidoveneymissiamenou/Documents/Master 1 DIT/DataEnge/spark_airflow/airflow_env/lib/python3.12/site-packages/airflow/example_dags/example_complex.py
[2025-10-25T21:43:11.225+0000] {processor.py:914} INFO - Processing file /Users/komidoveneymissiamenou/Documents/Master 1 DIT/DataEnge/spark_airflow/airflow_env/lib/python3.12/site-packages/airflow/example_dags/example_complex.py for tasks to queue
[2025-10-25T21:43:11.225+0000] {logging_mixin.py:190} INFO - [2025-10-25T21:43:11.225+0000] {dagbag.py:588} INFO - Filling up the DagBag from /Users/komidoveneymissiamenou/Documents/Master 1 DIT/DataEnge/spark_airflow/airflow_env/lib/python3.12/site-packages/airflow/example_dags/example_complex.py
[2025-10-25T21:43:11.231+0000] {processor.py:925} INFO - DAG(s) 'example_complex' retrieved from /Users/komidoveneymissiamenou/Documents/Master 1 DIT/DataEnge/spark_airflow/airflow_env/lib/python3.12/site-packages/airflow/example_dags/example_complex.py
[2025-10-25T21:43:11.274+0000] {logging_mixin.py:190} INFO - [2025-10-25T21:43:11.274+0000] {dag.py:3239} INFO - Sync 1 DAGs
[2025-10-25T21:43:11.278+0000] {logging_mixin.py:190} INFO - [2025-10-25T21:43:11.278+0000] {dag.py:4180} INFO - Setting next_dagrun for example_complex to None, run_after=None
[2025-10-25T21:43:11.286+0000] {processor.py:208} INFO - Processing /Users/komidoveneymissiamenou/Documents/Master 1 DIT/DataEnge/spark_airflow/airflow_env/lib/python3.12/site-packages/airflow/example_dags/example_complex.py took 0.063 seconds
[2025-10-25T21:45:54.166+0000] {processor.py:186} INFO - Started process (PID=37648) to work on /Users/komidoveneymissiamenou/Documents/Master 1 DIT/DataEnge/spark_airflow/airflow_env/lib/python3.12/site-packages/airflow/example_dags/example_complex.py
[2025-10-25T21:45:54.166+0000] {processor.py:914} INFO - Processing file /Users/komidoveneymissiamenou/Documents/Master 1 DIT/DataEnge/spark_airflow/airflow_env/lib/python3.12/site-packages/airflow/example_dags/example_complex.py for tasks to queue
[2025-10-25T21:45:54.167+0000] {logging_mixin.py:190} INFO - [2025-10-25T21:45:54.167+0000] {dagbag.py:588} INFO - Filling up the DagBag from /Users/komidoveneymissiamenou/Documents/Master 1 DIT/DataEnge/spark_airflow/airflow_env/lib/python3.12/site-packages/airflow/example_dags/example_complex.py
[2025-10-25T21:45:54.173+0000] {processor.py:925} INFO - DAG(s) 'example_complex' retrieved from /Users/komidoveneymissiamenou/Documents/Master 1 DIT/DataEnge/spark_airflow/airflow_env/lib/python3.12/site-packages/airflow/example_dags/example_complex.py
[2025-10-25T21:45:54.216+0000] {logging_mixin.py:190} INFO - [2025-10-25T21:45:54.216+0000] {dag.py:3239} INFO - Sync 1 DAGs
[2025-10-25T21:45:54.220+0000] {logging_mixin.py:190} INFO - [2025-10-25T21:45:54.220+0000] {dag.py:4180} INFO - Setting next_dagrun for example_complex to None, run_after=None
[2025-10-25T21:45:54.228+0000] {processor.py:208} INFO - Processing /Users/komidoveneymissiamenou/Documents/Master 1 DIT/DataEnge/spark_airflow/airflow_env/lib/python3.12/site-packages/airflow/example_dags/example_complex.py took 0.064 seconds
[2025-10-25T21:50:22.350+0000] {processor.py:186} INFO - Started process (PID=43531) to work on /Users/komidoveneymissiamenou/Documents/Master 1 DIT/DataEnge/spark_airflow/airflow_env/lib/python3.12/site-packages/airflow/example_dags/example_complex.py
[2025-10-25T21:50:22.351+0000] {processor.py:914} INFO - Processing file /Users/komidoveneymissiamenou/Documents/Master 1 DIT/DataEnge/spark_airflow/airflow_env/lib/python3.12/site-packages/airflow/example_dags/example_complex.py for tasks to queue
[2025-10-25T21:50:22.352+0000] {logging_mixin.py:190} INFO - [2025-10-25T21:50:22.352+0000] {dagbag.py:588} INFO - Filling up the DagBag from /Users/komidoveneymissiamenou/Documents/Master 1 DIT/DataEnge/spark_airflow/airflow_env/lib/python3.12/site-packages/airflow/example_dags/example_complex.py
[2025-10-25T21:50:22.368+0000] {processor.py:925} INFO - DAG(s) 'example_complex' retrieved from /Users/komidoveneymissiamenou/Documents/Master 1 DIT/DataEnge/spark_airflow/airflow_env/lib/python3.12/site-packages/airflow/example_dags/example_complex.py
[2025-10-25T21:50:22.413+0000] {logging_mixin.py:190} INFO - [2025-10-25T21:50:22.413+0000] {dag.py:3239} INFO - Sync 1 DAGs
[2025-10-25T21:50:22.418+0000] {logging_mixin.py:190} INFO - [2025-10-25T21:50:22.417+0000] {dag.py:4180} INFO - Setting next_dagrun for example_complex to None, run_after=None
[2025-10-25T21:50:22.425+0000] {processor.py:208} INFO - Processing /Users/komidoveneymissiamenou/Documents/Master 1 DIT/DataEnge/spark_airflow/airflow_env/lib/python3.12/site-packages/airflow/example_dags/example_complex.py took 0.077 seconds
[2025-10-25T21:53:28.816+0000] {processor.py:186} INFO - Started process (PID=46794) to work on /Users/komidoveneymissiamenou/Documents/Master 1 DIT/DataEnge/spark_airflow/airflow_env/lib/python3.12/site-packages/airflow/example_dags/example_complex.py
[2025-10-25T21:53:28.818+0000] {processor.py:914} INFO - Processing file /Users/komidoveneymissiamenou/Documents/Master 1 DIT/DataEnge/spark_airflow/airflow_env/lib/python3.12/site-packages/airflow/example_dags/example_complex.py for tasks to queue
[2025-10-25T21:53:28.818+0000] {logging_mixin.py:190} INFO - [2025-10-25T21:53:28.818+0000] {dagbag.py:588} INFO - Filling up the DagBag from /Users/komidoveneymissiamenou/Documents/Master 1 DIT/DataEnge/spark_airflow/airflow_env/lib/python3.12/site-packages/airflow/example_dags/example_complex.py
[2025-10-25T21:53:28.832+0000] {processor.py:925} INFO - DAG(s) 'example_complex' retrieved from /Users/komidoveneymissiamenou/Documents/Master 1 DIT/DataEnge/spark_airflow/airflow_env/lib/python3.12/site-packages/airflow/example_dags/example_complex.py
[2025-10-25T21:53:28.877+0000] {logging_mixin.py:190} INFO - [2025-10-25T21:53:28.876+0000] {dag.py:3239} INFO - Sync 1 DAGs
[2025-10-25T21:53:28.880+0000] {logging_mixin.py:190} INFO - [2025-10-25T21:53:28.880+0000] {dag.py:4180} INFO - Setting next_dagrun for example_complex to None, run_after=None
[2025-10-25T21:53:28.887+0000] {processor.py:208} INFO - Processing /Users/komidoveneymissiamenou/Documents/Master 1 DIT/DataEnge/spark_airflow/airflow_env/lib/python3.12/site-packages/airflow/example_dags/example_complex.py took 0.074 seconds
[2025-10-25T21:56:02.432+0000] {processor.py:186} INFO - Started process (PID=49774) to work on /Users/komidoveneymissiamenou/Documents/Master 1 DIT/DataEnge/spark_airflow/airflow_env/lib/python3.12/site-packages/airflow/example_dags/example_complex.py
[2025-10-25T21:56:02.435+0000] {processor.py:914} INFO - Processing file /Users/komidoveneymissiamenou/Documents/Master 1 DIT/DataEnge/spark_airflow/airflow_env/lib/python3.12/site-packages/airflow/example_dags/example_complex.py for tasks to queue
[2025-10-25T21:56:02.436+0000] {logging_mixin.py:190} INFO - [2025-10-25T21:56:02.436+0000] {dagbag.py:588} INFO - Filling up the DagBag from /Users/komidoveneymissiamenou/Documents/Master 1 DIT/DataEnge/spark_airflow/airflow_env/lib/python3.12/site-packages/airflow/example_dags/example_complex.py
[2025-10-25T21:56:02.443+0000] {processor.py:925} INFO - DAG(s) 'example_complex' retrieved from /Users/komidoveneymissiamenou/Documents/Master 1 DIT/DataEnge/spark_airflow/airflow_env/lib/python3.12/site-packages/airflow/example_dags/example_complex.py
[2025-10-25T21:56:02.500+0000] {logging_mixin.py:190} INFO - [2025-10-25T21:56:02.500+0000] {dag.py:3239} INFO - Sync 1 DAGs
[2025-10-25T21:56:02.505+0000] {logging_mixin.py:190} INFO - [2025-10-25T21:56:02.504+0000] {dag.py:4180} INFO - Setting next_dagrun for example_complex to None, run_after=None
[2025-10-25T21:56:02.513+0000] {processor.py:208} INFO - Processing /Users/komidoveneymissiamenou/Documents/Master 1 DIT/DataEnge/spark_airflow/airflow_env/lib/python3.12/site-packages/airflow/example_dags/example_complex.py took 0.083 seconds
[2025-10-25T21:58:57.568+0000] {processor.py:186} INFO - Started process (PID=51848) to work on /Users/komidoveneymissiamenou/Documents/Master 1 DIT/DataEnge/spark_airflow/airflow_env/lib/python3.12/site-packages/airflow/example_dags/example_complex.py
[2025-10-25T21:58:57.569+0000] {processor.py:914} INFO - Processing file /Users/komidoveneymissiamenou/Documents/Master 1 DIT/DataEnge/spark_airflow/airflow_env/lib/python3.12/site-packages/airflow/example_dags/example_complex.py for tasks to queue
[2025-10-25T21:58:57.569+0000] {logging_mixin.py:190} INFO - [2025-10-25T21:58:57.569+0000] {dagbag.py:588} INFO - Filling up the DagBag from /Users/komidoveneymissiamenou/Documents/Master 1 DIT/DataEnge/spark_airflow/airflow_env/lib/python3.12/site-packages/airflow/example_dags/example_complex.py
[2025-10-25T21:58:57.579+0000] {processor.py:925} INFO - DAG(s) 'example_complex' retrieved from /Users/komidoveneymissiamenou/Documents/Master 1 DIT/DataEnge/spark_airflow/airflow_env/lib/python3.12/site-packages/airflow/example_dags/example_complex.py
[2025-10-25T21:58:57.656+0000] {logging_mixin.py:190} INFO - [2025-10-25T21:58:57.656+0000] {dag.py:3239} INFO - Sync 1 DAGs
[2025-10-25T21:58:57.661+0000] {logging_mixin.py:190} INFO - [2025-10-25T21:58:57.661+0000] {dag.py:4180} INFO - Setting next_dagrun for example_complex to None, run_after=None
[2025-10-25T21:58:57.671+0000] {processor.py:208} INFO - Processing /Users/komidoveneymissiamenou/Documents/Master 1 DIT/DataEnge/spark_airflow/airflow_env/lib/python3.12/site-packages/airflow/example_dags/example_complex.py took 0.105 seconds
