[2025-10-25T21:39:59.539+0000] {processor.py:186} INFO - Started process (PID=32986) to work on /Users/komidoveneymissiamenou/Documents/Master 1 DIT/DataEnge/spark_airflow/airflow_env/lib/python3.12/site-packages/airflow/example_dags/example_nested_branch_dag.py
[2025-10-25T21:39:59.540+0000] {processor.py:914} INFO - Processing file /Users/komidoveneymissiamenou/Documents/Master 1 DIT/DataEnge/spark_airflow/airflow_env/lib/python3.12/site-packages/airflow/example_dags/example_nested_branch_dag.py for tasks to queue
[2025-10-25T21:39:59.540+0000] {logging_mixin.py:190} INFO - [2025-10-25T21:39:59.540+0000] {dagbag.py:588} INFO - Filling up the DagBag from /Users/komidoveneymissiamenou/Documents/Master 1 DIT/DataEnge/spark_airflow/airflow_env/lib/python3.12/site-packages/airflow/example_dags/example_nested_branch_dag.py
[2025-10-25T21:39:59.558+0000] {processor.py:925} INFO - DAG(s) 'example_nested_branch_dag' retrieved from /Users/komidoveneymissiamenou/Documents/Master 1 DIT/DataEnge/spark_airflow/airflow_env/lib/python3.12/site-packages/airflow/example_dags/example_nested_branch_dag.py
[2025-10-25T21:39:59.659+0000] {logging_mixin.py:190} INFO - [2025-10-25T21:39:59.659+0000] {override.py:1900} INFO - Created Permission View: can delete on DAG:example_nested_branch_dag
[2025-10-25T21:39:59.662+0000] {logging_mixin.py:190} INFO - [2025-10-25T21:39:59.662+0000] {override.py:1900} INFO - Created Permission View: can edit on DAG:example_nested_branch_dag
[2025-10-25T21:39:59.665+0000] {logging_mixin.py:190} INFO - [2025-10-25T21:39:59.665+0000] {override.py:1900} INFO - Created Permission View: can read on DAG:example_nested_branch_dag
[2025-10-25T21:39:59.668+0000] {logging_mixin.py:190} INFO - [2025-10-25T21:39:59.668+0000] {override.py:1900} INFO - Created Permission View: can delete on DAG Run:example_nested_branch_dag
[2025-10-25T21:39:59.670+0000] {logging_mixin.py:190} INFO - [2025-10-25T21:39:59.670+0000] {override.py:1900} INFO - Created Permission View: can create on DAG Run:example_nested_branch_dag
[2025-10-25T21:39:59.672+0000] {logging_mixin.py:190} INFO - [2025-10-25T21:39:59.672+0000] {override.py:1900} INFO - Created Permission View: can read on DAG Run:example_nested_branch_dag
[2025-10-25T21:39:59.674+0000] {logging_mixin.py:190} INFO - [2025-10-25T21:39:59.674+0000] {override.py:1900} INFO - Created Permission View: menu access on DAG Run:example_nested_branch_dag
[2025-10-25T21:39:59.674+0000] {logging_mixin.py:190} INFO - [2025-10-25T21:39:59.674+0000] {dag.py:3239} INFO - Sync 1 DAGs
[2025-10-25T21:39:59.678+0000] {logging_mixin.py:190} INFO - [2025-10-25T21:39:59.678+0000] {dag.py:3262} INFO - Creating ORM DAG for example_nested_branch_dag
[2025-10-25T21:39:59.681+0000] {logging_mixin.py:190} INFO - [2025-10-25T21:39:59.681+0000] {dag.py:4180} INFO - Setting next_dagrun for example_nested_branch_dag to 2025-10-24 00:00:00+00:00, run_after=2025-10-25 00:00:00+00:00
[2025-10-25T21:39:59.688+0000] {processor.py:208} INFO - Processing /Users/komidoveneymissiamenou/Documents/Master 1 DIT/DataEnge/spark_airflow/airflow_env/lib/python3.12/site-packages/airflow/example_dags/example_nested_branch_dag.py took 0.150 seconds
[2025-10-25T21:41:54.525+0000] {processor.py:186} INFO - Started process (PID=34414) to work on /Users/komidoveneymissiamenou/Documents/Master 1 DIT/DataEnge/spark_airflow/airflow_env/lib/python3.12/site-packages/airflow/example_dags/example_nested_branch_dag.py
[2025-10-25T21:41:54.526+0000] {processor.py:914} INFO - Processing file /Users/komidoveneymissiamenou/Documents/Master 1 DIT/DataEnge/spark_airflow/airflow_env/lib/python3.12/site-packages/airflow/example_dags/example_nested_branch_dag.py for tasks to queue
[2025-10-25T21:41:54.527+0000] {logging_mixin.py:190} INFO - [2025-10-25T21:41:54.526+0000] {dagbag.py:588} INFO - Filling up the DagBag from /Users/komidoveneymissiamenou/Documents/Master 1 DIT/DataEnge/spark_airflow/airflow_env/lib/python3.12/site-packages/airflow/example_dags/example_nested_branch_dag.py
[2025-10-25T21:41:54.545+0000] {processor.py:925} INFO - DAG(s) 'example_nested_branch_dag' retrieved from /Users/komidoveneymissiamenou/Documents/Master 1 DIT/DataEnge/spark_airflow/airflow_env/lib/python3.12/site-packages/airflow/example_dags/example_nested_branch_dag.py
[2025-10-25T21:41:54.581+0000] {logging_mixin.py:190} INFO - [2025-10-25T21:41:54.581+0000] {dag.py:3239} INFO - Sync 1 DAGs
[2025-10-25T21:41:54.587+0000] {logging_mixin.py:190} INFO - [2025-10-25T21:41:54.587+0000] {dag.py:4180} INFO - Setting next_dagrun for example_nested_branch_dag to 2025-10-24 00:00:00+00:00, run_after=2025-10-25 00:00:00+00:00
[2025-10-25T21:41:54.594+0000] {processor.py:208} INFO - Processing /Users/komidoveneymissiamenou/Documents/Master 1 DIT/DataEnge/spark_airflow/airflow_env/lib/python3.12/site-packages/airflow/example_dags/example_nested_branch_dag.py took 0.071 seconds
[2025-10-25T21:44:28.621+0000] {processor.py:186} INFO - Started process (PID=36279) to work on /Users/komidoveneymissiamenou/Documents/Master 1 DIT/DataEnge/spark_airflow/airflow_env/lib/python3.12/site-packages/airflow/example_dags/example_nested_branch_dag.py
[2025-10-25T21:44:28.623+0000] {processor.py:914} INFO - Processing file /Users/komidoveneymissiamenou/Documents/Master 1 DIT/DataEnge/spark_airflow/airflow_env/lib/python3.12/site-packages/airflow/example_dags/example_nested_branch_dag.py for tasks to queue
[2025-10-25T21:44:28.624+0000] {logging_mixin.py:190} INFO - [2025-10-25T21:44:28.623+0000] {dagbag.py:588} INFO - Filling up the DagBag from /Users/komidoveneymissiamenou/Documents/Master 1 DIT/DataEnge/spark_airflow/airflow_env/lib/python3.12/site-packages/airflow/example_dags/example_nested_branch_dag.py
[2025-10-25T21:44:28.660+0000] {processor.py:925} INFO - DAG(s) 'example_nested_branch_dag' retrieved from /Users/komidoveneymissiamenou/Documents/Master 1 DIT/DataEnge/spark_airflow/airflow_env/lib/python3.12/site-packages/airflow/example_dags/example_nested_branch_dag.py
[2025-10-25T21:44:28.702+0000] {logging_mixin.py:190} INFO - [2025-10-25T21:44:28.702+0000] {dag.py:3239} INFO - Sync 1 DAGs
[2025-10-25T21:44:28.709+0000] {logging_mixin.py:190} INFO - [2025-10-25T21:44:28.709+0000] {dag.py:4180} INFO - Setting next_dagrun for example_nested_branch_dag to 2025-10-24 00:00:00+00:00, run_after=2025-10-25 00:00:00+00:00
[2025-10-25T21:44:28.716+0000] {processor.py:208} INFO - Processing /Users/komidoveneymissiamenou/Documents/Master 1 DIT/DataEnge/spark_airflow/airflow_env/lib/python3.12/site-packages/airflow/example_dags/example_nested_branch_dag.py took 0.097 seconds
[2025-10-25T21:47:31.042+0000] {processor.py:186} INFO - Started process (PID=39165) to work on /Users/komidoveneymissiamenou/Documents/Master 1 DIT/DataEnge/spark_airflow/airflow_env/lib/python3.12/site-packages/airflow/example_dags/example_nested_branch_dag.py
[2025-10-25T21:47:31.046+0000] {processor.py:914} INFO - Processing file /Users/komidoveneymissiamenou/Documents/Master 1 DIT/DataEnge/spark_airflow/airflow_env/lib/python3.12/site-packages/airflow/example_dags/example_nested_branch_dag.py for tasks to queue
[2025-10-25T21:47:31.047+0000] {logging_mixin.py:190} INFO - [2025-10-25T21:47:31.046+0000] {dagbag.py:588} INFO - Filling up the DagBag from /Users/komidoveneymissiamenou/Documents/Master 1 DIT/DataEnge/spark_airflow/airflow_env/lib/python3.12/site-packages/airflow/example_dags/example_nested_branch_dag.py
[2025-10-25T21:47:31.083+0000] {processor.py:925} INFO - DAG(s) 'example_nested_branch_dag' retrieved from /Users/komidoveneymissiamenou/Documents/Master 1 DIT/DataEnge/spark_airflow/airflow_env/lib/python3.12/site-packages/airflow/example_dags/example_nested_branch_dag.py
[2025-10-25T21:47:31.126+0000] {logging_mixin.py:190} INFO - [2025-10-25T21:47:31.126+0000] {dag.py:3239} INFO - Sync 1 DAGs
[2025-10-25T21:47:31.134+0000] {logging_mixin.py:190} INFO - [2025-10-25T21:47:31.133+0000] {dag.py:4180} INFO - Setting next_dagrun for example_nested_branch_dag to 2025-10-24 00:00:00+00:00, run_after=2025-10-25 00:00:00+00:00
[2025-10-25T21:47:31.143+0000] {processor.py:208} INFO - Processing /Users/komidoveneymissiamenou/Documents/Master 1 DIT/DataEnge/spark_airflow/airflow_env/lib/python3.12/site-packages/airflow/example_dags/example_nested_branch_dag.py took 0.103 seconds
[2025-10-25T21:49:51.262+0000] {processor.py:186} INFO - Started process (PID=42924) to work on /Users/komidoveneymissiamenou/Documents/Master 1 DIT/DataEnge/spark_airflow/airflow_env/lib/python3.12/site-packages/airflow/example_dags/example_nested_branch_dag.py
[2025-10-25T21:49:51.264+0000] {processor.py:914} INFO - Processing file /Users/komidoveneymissiamenou/Documents/Master 1 DIT/DataEnge/spark_airflow/airflow_env/lib/python3.12/site-packages/airflow/example_dags/example_nested_branch_dag.py for tasks to queue
[2025-10-25T21:49:51.264+0000] {logging_mixin.py:190} INFO - [2025-10-25T21:49:51.264+0000] {dagbag.py:588} INFO - Filling up the DagBag from /Users/komidoveneymissiamenou/Documents/Master 1 DIT/DataEnge/spark_airflow/airflow_env/lib/python3.12/site-packages/airflow/example_dags/example_nested_branch_dag.py
[2025-10-25T21:49:51.289+0000] {processor.py:925} INFO - DAG(s) 'example_nested_branch_dag' retrieved from /Users/komidoveneymissiamenou/Documents/Master 1 DIT/DataEnge/spark_airflow/airflow_env/lib/python3.12/site-packages/airflow/example_dags/example_nested_branch_dag.py
[2025-10-25T21:49:51.331+0000] {logging_mixin.py:190} INFO - [2025-10-25T21:49:51.330+0000] {dag.py:3239} INFO - Sync 1 DAGs
[2025-10-25T21:49:51.338+0000] {logging_mixin.py:190} INFO - [2025-10-25T21:49:51.338+0000] {dag.py:4180} INFO - Setting next_dagrun for example_nested_branch_dag to 2025-10-24 00:00:00+00:00, run_after=2025-10-25 00:00:00+00:00
[2025-10-25T21:49:51.345+0000] {processor.py:208} INFO - Processing /Users/komidoveneymissiamenou/Documents/Master 1 DIT/DataEnge/spark_airflow/airflow_env/lib/python3.12/site-packages/airflow/example_dags/example_nested_branch_dag.py took 0.085 seconds
[2025-10-25T21:51:58.626+0000] {processor.py:186} INFO - Started process (PID=45021) to work on /Users/komidoveneymissiamenou/Documents/Master 1 DIT/DataEnge/spark_airflow/airflow_env/lib/python3.12/site-packages/airflow/example_dags/example_nested_branch_dag.py
[2025-10-25T21:51:58.627+0000] {processor.py:914} INFO - Processing file /Users/komidoveneymissiamenou/Documents/Master 1 DIT/DataEnge/spark_airflow/airflow_env/lib/python3.12/site-packages/airflow/example_dags/example_nested_branch_dag.py for tasks to queue
[2025-10-25T21:51:58.627+0000] {logging_mixin.py:190} INFO - [2025-10-25T21:51:58.627+0000] {dagbag.py:588} INFO - Filling up the DagBag from /Users/komidoveneymissiamenou/Documents/Master 1 DIT/DataEnge/spark_airflow/airflow_env/lib/python3.12/site-packages/airflow/example_dags/example_nested_branch_dag.py
[2025-10-25T21:51:58.645+0000] {processor.py:925} INFO - DAG(s) 'example_nested_branch_dag' retrieved from /Users/komidoveneymissiamenou/Documents/Master 1 DIT/DataEnge/spark_airflow/airflow_env/lib/python3.12/site-packages/airflow/example_dags/example_nested_branch_dag.py
[2025-10-25T21:51:58.681+0000] {logging_mixin.py:190} INFO - [2025-10-25T21:51:58.681+0000] {dag.py:3239} INFO - Sync 1 DAGs
[2025-10-25T21:51:58.688+0000] {logging_mixin.py:190} INFO - [2025-10-25T21:51:58.688+0000] {dag.py:4180} INFO - Setting next_dagrun for example_nested_branch_dag to 2025-10-24 00:00:00+00:00, run_after=2025-10-25 00:00:00+00:00
[2025-10-25T21:51:58.696+0000] {processor.py:208} INFO - Processing /Users/komidoveneymissiamenou/Documents/Master 1 DIT/DataEnge/spark_airflow/airflow_env/lib/python3.12/site-packages/airflow/example_dags/example_nested_branch_dag.py took 0.071 seconds
[2025-10-25T21:55:34.383+0000] {processor.py:186} INFO - Started process (PID=49424) to work on /Users/komidoveneymissiamenou/Documents/Master 1 DIT/DataEnge/spark_airflow/airflow_env/lib/python3.12/site-packages/airflow/example_dags/example_nested_branch_dag.py
[2025-10-25T21:55:34.386+0000] {processor.py:914} INFO - Processing file /Users/komidoveneymissiamenou/Documents/Master 1 DIT/DataEnge/spark_airflow/airflow_env/lib/python3.12/site-packages/airflow/example_dags/example_nested_branch_dag.py for tasks to queue
[2025-10-25T21:55:34.387+0000] {logging_mixin.py:190} INFO - [2025-10-25T21:55:34.387+0000] {dagbag.py:588} INFO - Filling up the DagBag from /Users/komidoveneymissiamenou/Documents/Master 1 DIT/DataEnge/spark_airflow/airflow_env/lib/python3.12/site-packages/airflow/example_dags/example_nested_branch_dag.py
[2025-10-25T21:55:34.449+0000] {processor.py:925} INFO - DAG(s) 'example_nested_branch_dag' retrieved from /Users/komidoveneymissiamenou/Documents/Master 1 DIT/DataEnge/spark_airflow/airflow_env/lib/python3.12/site-packages/airflow/example_dags/example_nested_branch_dag.py
[2025-10-25T21:55:34.555+0000] {logging_mixin.py:190} INFO - [2025-10-25T21:55:34.555+0000] {dag.py:3239} INFO - Sync 1 DAGs
[2025-10-25T21:55:34.577+0000] {logging_mixin.py:190} INFO - [2025-10-25T21:55:34.577+0000] {dag.py:4180} INFO - Setting next_dagrun for example_nested_branch_dag to 2025-10-24 00:00:00+00:00, run_after=2025-10-25 00:00:00+00:00
[2025-10-25T21:55:34.594+0000] {processor.py:208} INFO - Processing /Users/komidoveneymissiamenou/Documents/Master 1 DIT/DataEnge/spark_airflow/airflow_env/lib/python3.12/site-packages/airflow/example_dags/example_nested_branch_dag.py took 0.215 seconds
[2025-10-25T21:57:33.474+0000] {processor.py:186} INFO - Started process (PID=50856) to work on /Users/komidoveneymissiamenou/Documents/Master 1 DIT/DataEnge/spark_airflow/airflow_env/lib/python3.12/site-packages/airflow/example_dags/example_nested_branch_dag.py
[2025-10-25T21:57:33.474+0000] {processor.py:914} INFO - Processing file /Users/komidoveneymissiamenou/Documents/Master 1 DIT/DataEnge/spark_airflow/airflow_env/lib/python3.12/site-packages/airflow/example_dags/example_nested_branch_dag.py for tasks to queue
[2025-10-25T21:57:33.475+0000] {logging_mixin.py:190} INFO - [2025-10-25T21:57:33.475+0000] {dagbag.py:588} INFO - Filling up the DagBag from /Users/komidoveneymissiamenou/Documents/Master 1 DIT/DataEnge/spark_airflow/airflow_env/lib/python3.12/site-packages/airflow/example_dags/example_nested_branch_dag.py
[2025-10-25T21:57:33.496+0000] {processor.py:925} INFO - DAG(s) 'example_nested_branch_dag' retrieved from /Users/komidoveneymissiamenou/Documents/Master 1 DIT/DataEnge/spark_airflow/airflow_env/lib/python3.12/site-packages/airflow/example_dags/example_nested_branch_dag.py
[2025-10-25T21:57:33.533+0000] {logging_mixin.py:190} INFO - [2025-10-25T21:57:33.533+0000] {dag.py:3239} INFO - Sync 1 DAGs
[2025-10-25T21:57:33.540+0000] {logging_mixin.py:190} INFO - [2025-10-25T21:57:33.540+0000] {dag.py:4180} INFO - Setting next_dagrun for example_nested_branch_dag to 2025-10-24 00:00:00+00:00, run_after=2025-10-25 00:00:00+00:00
[2025-10-25T21:57:33.548+0000] {processor.py:208} INFO - Processing /Users/komidoveneymissiamenou/Documents/Master 1 DIT/DataEnge/spark_airflow/airflow_env/lib/python3.12/site-packages/airflow/example_dags/example_nested_branch_dag.py took 0.076 seconds
