[2025-10-25T21:39:13.809+0000] {processor.py:186} INFO - Started process (PID=32433) to work on /Users/komidoveneymissiamenou/Documents/Master 1 DIT/DataEnge/spark_airflow/airflow_env/lib/python3.12/site-packages/airflow/example_dags/example_xcomargs.py
[2025-10-25T21:39:13.810+0000] {processor.py:914} INFO - Processing file /Users/komidoveneymissiamenou/Documents/Master 1 DIT/DataEnge/spark_airflow/airflow_env/lib/python3.12/site-packages/airflow/example_dags/example_xcomargs.py for tasks to queue
[2025-10-25T21:39:13.810+0000] {logging_mixin.py:190} INFO - [2025-10-25T21:39:13.810+0000] {dagbag.py:588} INFO - Filling up the DagBag from /Users/komidoveneymissiamenou/Documents/Master 1 DIT/DataEnge/spark_airflow/airflow_env/lib/python3.12/site-packages/airflow/example_dags/example_xcomargs.py
[2025-10-25T21:39:13.828+0000] {processor.py:925} INFO - DAG(s) 'example_xcom_args_with_operators', 'example_xcom_args' retrieved from /Users/komidoveneymissiamenou/Documents/Master 1 DIT/DataEnge/spark_airflow/airflow_env/lib/python3.12/site-packages/airflow/example_dags/example_xcomargs.py
[2025-10-25T21:39:13.929+0000] {logging_mixin.py:190} INFO - [2025-10-25T21:39:13.928+0000] {override.py:1900} INFO - Created Permission View: can edit on DAG:example_xcom_args_with_operators
[2025-10-25T21:39:13.932+0000] {logging_mixin.py:190} INFO - [2025-10-25T21:39:13.932+0000] {override.py:1900} INFO - Created Permission View: can delete on DAG:example_xcom_args_with_operators
[2025-10-25T21:39:13.934+0000] {logging_mixin.py:190} INFO - [2025-10-25T21:39:13.934+0000] {override.py:1900} INFO - Created Permission View: can read on DAG:example_xcom_args_with_operators
[2025-10-25T21:39:13.937+0000] {logging_mixin.py:190} INFO - [2025-10-25T21:39:13.937+0000] {override.py:1900} INFO - Created Permission View: can delete on DAG Run:example_xcom_args_with_operators
[2025-10-25T21:39:13.939+0000] {logging_mixin.py:190} INFO - [2025-10-25T21:39:13.939+0000] {override.py:1900} INFO - Created Permission View: menu access on DAG Run:example_xcom_args_with_operators
[2025-10-25T21:39:13.942+0000] {logging_mixin.py:190} INFO - [2025-10-25T21:39:13.941+0000] {override.py:1900} INFO - Created Permission View: can create on DAG Run:example_xcom_args_with_operators
[2025-10-25T21:39:13.944+0000] {logging_mixin.py:190} INFO - [2025-10-25T21:39:13.944+0000] {override.py:1900} INFO - Created Permission View: can read on DAG Run:example_xcom_args_with_operators
[2025-10-25T21:39:13.948+0000] {logging_mixin.py:190} INFO - [2025-10-25T21:39:13.948+0000] {override.py:1900} INFO - Created Permission View: can edit on DAG:example_xcom_args
[2025-10-25T21:39:13.950+0000] {logging_mixin.py:190} INFO - [2025-10-25T21:39:13.950+0000] {override.py:1900} INFO - Created Permission View: can delete on DAG:example_xcom_args
[2025-10-25T21:39:13.952+0000] {logging_mixin.py:190} INFO - [2025-10-25T21:39:13.952+0000] {override.py:1900} INFO - Created Permission View: can read on DAG:example_xcom_args
[2025-10-25T21:39:13.955+0000] {logging_mixin.py:190} INFO - [2025-10-25T21:39:13.955+0000] {override.py:1900} INFO - Created Permission View: can delete on DAG Run:example_xcom_args
[2025-10-25T21:39:13.957+0000] {logging_mixin.py:190} INFO - [2025-10-25T21:39:13.957+0000] {override.py:1900} INFO - Created Permission View: menu access on DAG Run:example_xcom_args
[2025-10-25T21:39:13.959+0000] {logging_mixin.py:190} INFO - [2025-10-25T21:39:13.959+0000] {override.py:1900} INFO - Created Permission View: can create on DAG Run:example_xcom_args
[2025-10-25T21:39:13.961+0000] {logging_mixin.py:190} INFO - [2025-10-25T21:39:13.960+0000] {override.py:1900} INFO - Created Permission View: can read on DAG Run:example_xcom_args
[2025-10-25T21:39:13.961+0000] {logging_mixin.py:190} INFO - [2025-10-25T21:39:13.961+0000] {dag.py:3239} INFO - Sync 2 DAGs
[2025-10-25T21:39:13.965+0000] {logging_mixin.py:190} INFO - [2025-10-25T21:39:13.965+0000] {dag.py:3262} INFO - Creating ORM DAG for example_xcom_args_with_operators
[2025-10-25T21:39:13.965+0000] {logging_mixin.py:190} INFO - [2025-10-25T21:39:13.965+0000] {dag.py:3262} INFO - Creating ORM DAG for example_xcom_args
[2025-10-25T21:39:13.965+0000] {logging_mixin.py:190} INFO - [2025-10-25T21:39:13.965+0000] {dag.py:4180} INFO - Setting next_dagrun for example_xcom_args to None, run_after=None
[2025-10-25T21:39:13.965+0000] {logging_mixin.py:190} INFO - [2025-10-25T21:39:13.965+0000] {dag.py:4180} INFO - Setting next_dagrun for example_xcom_args_with_operators to None, run_after=None
[2025-10-25T21:39:13.971+0000] {processor.py:208} INFO - Processing /Users/komidoveneymissiamenou/Documents/Master 1 DIT/DataEnge/spark_airflow/airflow_env/lib/python3.12/site-packages/airflow/example_dags/example_xcomargs.py took 0.164 seconds
[2025-10-25T21:41:15.974+0000] {processor.py:186} INFO - Started process (PID=33937) to work on /Users/komidoveneymissiamenou/Documents/Master 1 DIT/DataEnge/spark_airflow/airflow_env/lib/python3.12/site-packages/airflow/example_dags/example_xcomargs.py
[2025-10-25T21:41:15.975+0000] {processor.py:914} INFO - Processing file /Users/komidoveneymissiamenou/Documents/Master 1 DIT/DataEnge/spark_airflow/airflow_env/lib/python3.12/site-packages/airflow/example_dags/example_xcomargs.py for tasks to queue
[2025-10-25T21:41:15.975+0000] {logging_mixin.py:190} INFO - [2025-10-25T21:41:15.975+0000] {dagbag.py:588} INFO - Filling up the DagBag from /Users/komidoveneymissiamenou/Documents/Master 1 DIT/DataEnge/spark_airflow/airflow_env/lib/python3.12/site-packages/airflow/example_dags/example_xcomargs.py
[2025-10-25T21:41:15.994+0000] {processor.py:925} INFO - DAG(s) 'example_xcom_args_with_operators', 'example_xcom_args' retrieved from /Users/komidoveneymissiamenou/Documents/Master 1 DIT/DataEnge/spark_airflow/airflow_env/lib/python3.12/site-packages/airflow/example_dags/example_xcomargs.py
[2025-10-25T21:41:16.029+0000] {logging_mixin.py:190} INFO - [2025-10-25T21:41:16.029+0000] {dag.py:3239} INFO - Sync 2 DAGs
[2025-10-25T21:41:16.033+0000] {logging_mixin.py:190} INFO - [2025-10-25T21:41:16.033+0000] {dag.py:4180} INFO - Setting next_dagrun for example_xcom_args to None, run_after=None
[2025-10-25T21:41:16.034+0000] {logging_mixin.py:190} INFO - [2025-10-25T21:41:16.034+0000] {dag.py:4180} INFO - Setting next_dagrun for example_xcom_args_with_operators to None, run_after=None
[2025-10-25T21:41:16.040+0000] {processor.py:208} INFO - Processing /Users/komidoveneymissiamenou/Documents/Master 1 DIT/DataEnge/spark_airflow/airflow_env/lib/python3.12/site-packages/airflow/example_dags/example_xcomargs.py took 0.068 seconds
[2025-10-25T21:42:33.879+0000] {processor.py:186} INFO - Started process (PID=34894) to work on /Users/komidoveneymissiamenou/Documents/Master 1 DIT/DataEnge/spark_airflow/airflow_env/lib/python3.12/site-packages/airflow/example_dags/example_xcomargs.py
[2025-10-25T21:42:33.880+0000] {processor.py:914} INFO - Processing file /Users/komidoveneymissiamenou/Documents/Master 1 DIT/DataEnge/spark_airflow/airflow_env/lib/python3.12/site-packages/airflow/example_dags/example_xcomargs.py for tasks to queue
[2025-10-25T21:42:33.881+0000] {logging_mixin.py:190} INFO - [2025-10-25T21:42:33.881+0000] {dagbag.py:588} INFO - Filling up the DagBag from /Users/komidoveneymissiamenou/Documents/Master 1 DIT/DataEnge/spark_airflow/airflow_env/lib/python3.12/site-packages/airflow/example_dags/example_xcomargs.py
[2025-10-25T21:42:33.902+0000] {processor.py:925} INFO - DAG(s) 'example_xcom_args_with_operators', 'example_xcom_args' retrieved from /Users/komidoveneymissiamenou/Documents/Master 1 DIT/DataEnge/spark_airflow/airflow_env/lib/python3.12/site-packages/airflow/example_dags/example_xcomargs.py
[2025-10-25T21:42:33.938+0000] {logging_mixin.py:190} INFO - [2025-10-25T21:42:33.938+0000] {dag.py:3239} INFO - Sync 2 DAGs
[2025-10-25T21:42:33.941+0000] {logging_mixin.py:190} INFO - [2025-10-25T21:42:33.941+0000] {dag.py:4180} INFO - Setting next_dagrun for example_xcom_args to None, run_after=None
[2025-10-25T21:42:33.943+0000] {logging_mixin.py:190} INFO - [2025-10-25T21:42:33.942+0000] {dag.py:4180} INFO - Setting next_dagrun for example_xcom_args_with_operators to None, run_after=None
[2025-10-25T21:42:33.948+0000] {processor.py:208} INFO - Processing /Users/komidoveneymissiamenou/Documents/Master 1 DIT/DataEnge/spark_airflow/airflow_env/lib/python3.12/site-packages/airflow/example_dags/example_xcomargs.py took 0.071 seconds
[2025-10-25T21:43:49.425+0000] {processor.py:186} INFO - Started process (PID=35803) to work on /Users/komidoveneymissiamenou/Documents/Master 1 DIT/DataEnge/spark_airflow/airflow_env/lib/python3.12/site-packages/airflow/example_dags/example_xcomargs.py
[2025-10-25T21:43:49.426+0000] {processor.py:914} INFO - Processing file /Users/komidoveneymissiamenou/Documents/Master 1 DIT/DataEnge/spark_airflow/airflow_env/lib/python3.12/site-packages/airflow/example_dags/example_xcomargs.py for tasks to queue
[2025-10-25T21:43:49.426+0000] {logging_mixin.py:190} INFO - [2025-10-25T21:43:49.426+0000] {dagbag.py:588} INFO - Filling up the DagBag from /Users/komidoveneymissiamenou/Documents/Master 1 DIT/DataEnge/spark_airflow/airflow_env/lib/python3.12/site-packages/airflow/example_dags/example_xcomargs.py
[2025-10-25T21:43:49.443+0000] {processor.py:925} INFO - DAG(s) 'example_xcom_args_with_operators', 'example_xcom_args' retrieved from /Users/komidoveneymissiamenou/Documents/Master 1 DIT/DataEnge/spark_airflow/airflow_env/lib/python3.12/site-packages/airflow/example_dags/example_xcomargs.py
[2025-10-25T21:43:49.479+0000] {logging_mixin.py:190} INFO - [2025-10-25T21:43:49.479+0000] {dag.py:3239} INFO - Sync 2 DAGs
[2025-10-25T21:43:49.483+0000] {logging_mixin.py:190} INFO - [2025-10-25T21:43:49.483+0000] {dag.py:4180} INFO - Setting next_dagrun for example_xcom_args to None, run_after=None
[2025-10-25T21:43:49.484+0000] {logging_mixin.py:190} INFO - [2025-10-25T21:43:49.484+0000] {dag.py:4180} INFO - Setting next_dagrun for example_xcom_args_with_operators to None, run_after=None
[2025-10-25T21:43:49.491+0000] {processor.py:208} INFO - Processing /Users/komidoveneymissiamenou/Documents/Master 1 DIT/DataEnge/spark_airflow/airflow_env/lib/python3.12/site-packages/airflow/example_dags/example_xcomargs.py took 0.067 seconds
[2025-10-25T21:45:10.599+0000] {processor.py:186} INFO - Started process (PID=36785) to work on /Users/komidoveneymissiamenou/Documents/Master 1 DIT/DataEnge/spark_airflow/airflow_env/lib/python3.12/site-packages/airflow/example_dags/example_xcomargs.py
[2025-10-25T21:45:10.600+0000] {processor.py:914} INFO - Processing file /Users/komidoveneymissiamenou/Documents/Master 1 DIT/DataEnge/spark_airflow/airflow_env/lib/python3.12/site-packages/airflow/example_dags/example_xcomargs.py for tasks to queue
[2025-10-25T21:45:10.600+0000] {logging_mixin.py:190} INFO - [2025-10-25T21:45:10.600+0000] {dagbag.py:588} INFO - Filling up the DagBag from /Users/komidoveneymissiamenou/Documents/Master 1 DIT/DataEnge/spark_airflow/airflow_env/lib/python3.12/site-packages/airflow/example_dags/example_xcomargs.py
[2025-10-25T21:45:10.619+0000] {processor.py:925} INFO - DAG(s) 'example_xcom_args', 'example_xcom_args_with_operators' retrieved from /Users/komidoveneymissiamenou/Documents/Master 1 DIT/DataEnge/spark_airflow/airflow_env/lib/python3.12/site-packages/airflow/example_dags/example_xcomargs.py
[2025-10-25T21:45:10.656+0000] {logging_mixin.py:190} INFO - [2025-10-25T21:45:10.656+0000] {dag.py:3239} INFO - Sync 2 DAGs
[2025-10-25T21:45:10.660+0000] {logging_mixin.py:190} INFO - [2025-10-25T21:45:10.660+0000] {dag.py:4180} INFO - Setting next_dagrun for example_xcom_args to None, run_after=None
[2025-10-25T21:45:10.661+0000] {logging_mixin.py:190} INFO - [2025-10-25T21:45:10.661+0000] {dag.py:4180} INFO - Setting next_dagrun for example_xcom_args_with_operators to None, run_after=None
[2025-10-25T21:45:10.667+0000] {processor.py:208} INFO - Processing /Users/komidoveneymissiamenou/Documents/Master 1 DIT/DataEnge/spark_airflow/airflow_env/lib/python3.12/site-packages/airflow/example_dags/example_xcomargs.py took 0.069 seconds
[2025-10-25T21:46:45.191+0000] {processor.py:186} INFO - Started process (PID=38415) to work on /Users/komidoveneymissiamenou/Documents/Master 1 DIT/DataEnge/spark_airflow/airflow_env/lib/python3.12/site-packages/airflow/example_dags/example_xcomargs.py
[2025-10-25T21:46:45.193+0000] {processor.py:914} INFO - Processing file /Users/komidoveneymissiamenou/Documents/Master 1 DIT/DataEnge/spark_airflow/airflow_env/lib/python3.12/site-packages/airflow/example_dags/example_xcomargs.py for tasks to queue
[2025-10-25T21:46:45.194+0000] {logging_mixin.py:190} INFO - [2025-10-25T21:46:45.194+0000] {dagbag.py:588} INFO - Filling up the DagBag from /Users/komidoveneymissiamenou/Documents/Master 1 DIT/DataEnge/spark_airflow/airflow_env/lib/python3.12/site-packages/airflow/example_dags/example_xcomargs.py
[2025-10-25T21:46:45.225+0000] {processor.py:925} INFO - DAG(s) 'example_xcom_args', 'example_xcom_args_with_operators' retrieved from /Users/komidoveneymissiamenou/Documents/Master 1 DIT/DataEnge/spark_airflow/airflow_env/lib/python3.12/site-packages/airflow/example_dags/example_xcomargs.py
[2025-10-25T21:46:45.264+0000] {logging_mixin.py:190} INFO - [2025-10-25T21:46:45.264+0000] {dag.py:3239} INFO - Sync 2 DAGs
[2025-10-25T21:46:45.271+0000] {logging_mixin.py:190} INFO - [2025-10-25T21:46:45.271+0000] {dag.py:4180} INFO - Setting next_dagrun for example_xcom_args to None, run_after=None
[2025-10-25T21:46:45.273+0000] {logging_mixin.py:190} INFO - [2025-10-25T21:46:45.273+0000] {dag.py:4180} INFO - Setting next_dagrun for example_xcom_args_with_operators to None, run_after=None
[2025-10-25T21:46:45.286+0000] {processor.py:208} INFO - Processing /Users/komidoveneymissiamenou/Documents/Master 1 DIT/DataEnge/spark_airflow/airflow_env/lib/python3.12/site-packages/airflow/example_dags/example_xcomargs.py took 0.097 seconds
[2025-10-25T21:48:14.557+0000] {processor.py:186} INFO - Started process (PID=39880) to work on /Users/komidoveneymissiamenou/Documents/Master 1 DIT/DataEnge/spark_airflow/airflow_env/lib/python3.12/site-packages/airflow/example_dags/example_xcomargs.py
[2025-10-25T21:48:14.557+0000] {processor.py:914} INFO - Processing file /Users/komidoveneymissiamenou/Documents/Master 1 DIT/DataEnge/spark_airflow/airflow_env/lib/python3.12/site-packages/airflow/example_dags/example_xcomargs.py for tasks to queue
[2025-10-25T21:48:14.558+0000] {logging_mixin.py:190} INFO - [2025-10-25T21:48:14.558+0000] {dagbag.py:588} INFO - Filling up the DagBag from /Users/komidoveneymissiamenou/Documents/Master 1 DIT/DataEnge/spark_airflow/airflow_env/lib/python3.12/site-packages/airflow/example_dags/example_xcomargs.py
[2025-10-25T21:48:14.575+0000] {processor.py:925} INFO - DAG(s) 'example_xcom_args_with_operators', 'example_xcom_args' retrieved from /Users/komidoveneymissiamenou/Documents/Master 1 DIT/DataEnge/spark_airflow/airflow_env/lib/python3.12/site-packages/airflow/example_dags/example_xcomargs.py
[2025-10-25T21:48:14.613+0000] {logging_mixin.py:190} INFO - [2025-10-25T21:48:14.613+0000] {dag.py:3239} INFO - Sync 2 DAGs
[2025-10-25T21:48:14.617+0000] {logging_mixin.py:190} INFO - [2025-10-25T21:48:14.617+0000] {dag.py:4180} INFO - Setting next_dagrun for example_xcom_args to None, run_after=None
[2025-10-25T21:48:14.619+0000] {logging_mixin.py:190} INFO - [2025-10-25T21:48:14.619+0000] {dag.py:4180} INFO - Setting next_dagrun for example_xcom_args_with_operators to None, run_after=None
[2025-10-25T21:48:14.627+0000] {processor.py:208} INFO - Processing /Users/komidoveneymissiamenou/Documents/Master 1 DIT/DataEnge/spark_airflow/airflow_env/lib/python3.12/site-packages/airflow/example_dags/example_xcomargs.py took 0.071 seconds
[2025-10-25T21:49:06.062+0000] {processor.py:186} INFO - Started process (PID=42015) to work on /Users/komidoveneymissiamenou/Documents/Master 1 DIT/DataEnge/spark_airflow/airflow_env/lib/python3.12/site-packages/airflow/example_dags/example_xcomargs.py
[2025-10-25T21:49:06.063+0000] {processor.py:914} INFO - Processing file /Users/komidoveneymissiamenou/Documents/Master 1 DIT/DataEnge/spark_airflow/airflow_env/lib/python3.12/site-packages/airflow/example_dags/example_xcomargs.py for tasks to queue
[2025-10-25T21:49:06.063+0000] {logging_mixin.py:190} INFO - [2025-10-25T21:49:06.063+0000] {dagbag.py:588} INFO - Filling up the DagBag from /Users/komidoveneymissiamenou/Documents/Master 1 DIT/DataEnge/spark_airflow/airflow_env/lib/python3.12/site-packages/airflow/example_dags/example_xcomargs.py
[2025-10-25T21:49:06.081+0000] {processor.py:925} INFO - DAG(s) 'example_xcom_args_with_operators', 'example_xcom_args' retrieved from /Users/komidoveneymissiamenou/Documents/Master 1 DIT/DataEnge/spark_airflow/airflow_env/lib/python3.12/site-packages/airflow/example_dags/example_xcomargs.py
[2025-10-25T21:49:06.120+0000] {logging_mixin.py:190} INFO - [2025-10-25T21:49:06.119+0000] {dag.py:3239} INFO - Sync 2 DAGs
[2025-10-25T21:49:06.124+0000] {logging_mixin.py:190} INFO - [2025-10-25T21:49:06.124+0000] {dag.py:4180} INFO - Setting next_dagrun for example_xcom_args to None, run_after=None
[2025-10-25T21:49:06.125+0000] {logging_mixin.py:190} INFO - [2025-10-25T21:49:06.125+0000] {dag.py:4180} INFO - Setting next_dagrun for example_xcom_args_with_operators to None, run_after=None
[2025-10-25T21:49:06.131+0000] {processor.py:208} INFO - Processing /Users/komidoveneymissiamenou/Documents/Master 1 DIT/DataEnge/spark_airflow/airflow_env/lib/python3.12/site-packages/airflow/example_dags/example_xcomargs.py took 0.070 seconds
[2025-10-25T21:51:12.542+0000] {processor.py:186} INFO - Started process (PID=44244) to work on /Users/komidoveneymissiamenou/Documents/Master 1 DIT/DataEnge/spark_airflow/airflow_env/lib/python3.12/site-packages/airflow/example_dags/example_xcomargs.py
[2025-10-25T21:51:12.544+0000] {processor.py:914} INFO - Processing file /Users/komidoveneymissiamenou/Documents/Master 1 DIT/DataEnge/spark_airflow/airflow_env/lib/python3.12/site-packages/airflow/example_dags/example_xcomargs.py for tasks to queue
[2025-10-25T21:51:12.545+0000] {logging_mixin.py:190} INFO - [2025-10-25T21:51:12.544+0000] {dagbag.py:588} INFO - Filling up the DagBag from /Users/komidoveneymissiamenou/Documents/Master 1 DIT/DataEnge/spark_airflow/airflow_env/lib/python3.12/site-packages/airflow/example_dags/example_xcomargs.py
[2025-10-25T21:51:12.575+0000] {processor.py:925} INFO - DAG(s) 'example_xcom_args_with_operators', 'example_xcom_args' retrieved from /Users/komidoveneymissiamenou/Documents/Master 1 DIT/DataEnge/spark_airflow/airflow_env/lib/python3.12/site-packages/airflow/example_dags/example_xcomargs.py
[2025-10-25T21:51:12.615+0000] {logging_mixin.py:190} INFO - [2025-10-25T21:51:12.615+0000] {dag.py:3239} INFO - Sync 2 DAGs
[2025-10-25T21:51:12.620+0000] {logging_mixin.py:190} INFO - [2025-10-25T21:51:12.620+0000] {dag.py:4180} INFO - Setting next_dagrun for example_xcom_args to None, run_after=None
[2025-10-25T21:51:12.622+0000] {logging_mixin.py:190} INFO - [2025-10-25T21:51:12.622+0000] {dag.py:4180} INFO - Setting next_dagrun for example_xcom_args_with_operators to None, run_after=None
[2025-10-25T21:51:12.632+0000] {processor.py:208} INFO - Processing /Users/komidoveneymissiamenou/Documents/Master 1 DIT/DataEnge/spark_airflow/airflow_env/lib/python3.12/site-packages/airflow/example_dags/example_xcomargs.py took 0.093 seconds
[2025-10-25T21:52:37.996+0000] {processor.py:186} INFO - Started process (PID=46054) to work on /Users/komidoveneymissiamenou/Documents/Master 1 DIT/DataEnge/spark_airflow/airflow_env/lib/python3.12/site-packages/airflow/example_dags/example_xcomargs.py
[2025-10-25T21:52:37.998+0000] {processor.py:914} INFO - Processing file /Users/komidoveneymissiamenou/Documents/Master 1 DIT/DataEnge/spark_airflow/airflow_env/lib/python3.12/site-packages/airflow/example_dags/example_xcomargs.py for tasks to queue
[2025-10-25T21:52:37.998+0000] {logging_mixin.py:190} INFO - [2025-10-25T21:52:37.998+0000] {dagbag.py:588} INFO - Filling up the DagBag from /Users/komidoveneymissiamenou/Documents/Master 1 DIT/DataEnge/spark_airflow/airflow_env/lib/python3.12/site-packages/airflow/example_dags/example_xcomargs.py
[2025-10-25T21:52:38.023+0000] {processor.py:925} INFO - DAG(s) 'example_xcom_args_with_operators', 'example_xcom_args' retrieved from /Users/komidoveneymissiamenou/Documents/Master 1 DIT/DataEnge/spark_airflow/airflow_env/lib/python3.12/site-packages/airflow/example_dags/example_xcomargs.py
[2025-10-25T21:52:38.063+0000] {logging_mixin.py:190} INFO - [2025-10-25T21:52:38.063+0000] {dag.py:3239} INFO - Sync 2 DAGs
[2025-10-25T21:52:38.068+0000] {logging_mixin.py:190} INFO - [2025-10-25T21:52:38.067+0000] {dag.py:4180} INFO - Setting next_dagrun for example_xcom_args to None, run_after=None
[2025-10-25T21:52:38.069+0000] {logging_mixin.py:190} INFO - [2025-10-25T21:52:38.069+0000] {dag.py:4180} INFO - Setting next_dagrun for example_xcom_args_with_operators to None, run_after=None
[2025-10-25T21:52:38.075+0000] {processor.py:208} INFO - Processing /Users/komidoveneymissiamenou/Documents/Master 1 DIT/DataEnge/spark_airflow/airflow_env/lib/python3.12/site-packages/airflow/example_dags/example_xcomargs.py took 0.080 seconds
[2025-10-25T21:54:37.396+0000] {processor.py:186} INFO - Started process (PID=48693) to work on /Users/komidoveneymissiamenou/Documents/Master 1 DIT/DataEnge/spark_airflow/airflow_env/lib/python3.12/site-packages/airflow/example_dags/example_xcomargs.py
[2025-10-25T21:54:37.397+0000] {processor.py:914} INFO - Processing file /Users/komidoveneymissiamenou/Documents/Master 1 DIT/DataEnge/spark_airflow/airflow_env/lib/python3.12/site-packages/airflow/example_dags/example_xcomargs.py for tasks to queue
[2025-10-25T21:54:37.399+0000] {logging_mixin.py:190} INFO - [2025-10-25T21:54:37.398+0000] {dagbag.py:588} INFO - Filling up the DagBag from /Users/komidoveneymissiamenou/Documents/Master 1 DIT/DataEnge/spark_airflow/airflow_env/lib/python3.12/site-packages/airflow/example_dags/example_xcomargs.py
[2025-10-25T21:54:37.441+0000] {processor.py:925} INFO - DAG(s) 'example_xcom_args_with_operators', 'example_xcom_args' retrieved from /Users/komidoveneymissiamenou/Documents/Master 1 DIT/DataEnge/spark_airflow/airflow_env/lib/python3.12/site-packages/airflow/example_dags/example_xcomargs.py
[2025-10-25T21:54:37.511+0000] {logging_mixin.py:190} INFO - [2025-10-25T21:54:37.511+0000] {dag.py:3239} INFO - Sync 2 DAGs
[2025-10-25T21:54:37.520+0000] {logging_mixin.py:190} INFO - [2025-10-25T21:54:37.520+0000] {dag.py:4180} INFO - Setting next_dagrun for example_xcom_args to None, run_after=None
[2025-10-25T21:54:37.522+0000] {logging_mixin.py:190} INFO - [2025-10-25T21:54:37.521+0000] {dag.py:4180} INFO - Setting next_dagrun for example_xcom_args_with_operators to None, run_after=None
[2025-10-25T21:54:37.529+0000] {processor.py:208} INFO - Processing /Users/komidoveneymissiamenou/Documents/Master 1 DIT/DataEnge/spark_airflow/airflow_env/lib/python3.12/site-packages/airflow/example_dags/example_xcomargs.py took 0.135 seconds
[2025-10-25T21:56:50.594+0000] {processor.py:186} INFO - Started process (PID=50347) to work on /Users/komidoveneymissiamenou/Documents/Master 1 DIT/DataEnge/spark_airflow/airflow_env/lib/python3.12/site-packages/airflow/example_dags/example_xcomargs.py
[2025-10-25T21:56:50.594+0000] {processor.py:914} INFO - Processing file /Users/komidoveneymissiamenou/Documents/Master 1 DIT/DataEnge/spark_airflow/airflow_env/lib/python3.12/site-packages/airflow/example_dags/example_xcomargs.py for tasks to queue
[2025-10-25T21:56:50.595+0000] {logging_mixin.py:190} INFO - [2025-10-25T21:56:50.595+0000] {dagbag.py:588} INFO - Filling up the DagBag from /Users/komidoveneymissiamenou/Documents/Master 1 DIT/DataEnge/spark_airflow/airflow_env/lib/python3.12/site-packages/airflow/example_dags/example_xcomargs.py
[2025-10-25T21:56:50.627+0000] {processor.py:925} INFO - DAG(s) 'example_xcom_args_with_operators', 'example_xcom_args' retrieved from /Users/komidoveneymissiamenou/Documents/Master 1 DIT/DataEnge/spark_airflow/airflow_env/lib/python3.12/site-packages/airflow/example_dags/example_xcomargs.py
[2025-10-25T21:56:50.669+0000] {logging_mixin.py:190} INFO - [2025-10-25T21:56:50.669+0000] {dag.py:3239} INFO - Sync 2 DAGs
[2025-10-25T21:56:50.674+0000] {logging_mixin.py:190} INFO - [2025-10-25T21:56:50.674+0000] {dag.py:4180} INFO - Setting next_dagrun for example_xcom_args to None, run_after=None
[2025-10-25T21:56:50.676+0000] {logging_mixin.py:190} INFO - [2025-10-25T21:56:50.675+0000] {dag.py:4180} INFO - Setting next_dagrun for example_xcom_args_with_operators to None, run_after=None
[2025-10-25T21:56:50.683+0000] {processor.py:208} INFO - Processing /Users/komidoveneymissiamenou/Documents/Master 1 DIT/DataEnge/spark_airflow/airflow_env/lib/python3.12/site-packages/airflow/example_dags/example_xcomargs.py took 0.090 seconds
[2025-10-25T21:58:13.306+0000] {processor.py:186} INFO - Started process (PID=51339) to work on /Users/komidoveneymissiamenou/Documents/Master 1 DIT/DataEnge/spark_airflow/airflow_env/lib/python3.12/site-packages/airflow/example_dags/example_xcomargs.py
[2025-10-25T21:58:13.306+0000] {processor.py:914} INFO - Processing file /Users/komidoveneymissiamenou/Documents/Master 1 DIT/DataEnge/spark_airflow/airflow_env/lib/python3.12/site-packages/airflow/example_dags/example_xcomargs.py for tasks to queue
[2025-10-25T21:58:13.307+0000] {logging_mixin.py:190} INFO - [2025-10-25T21:58:13.307+0000] {dagbag.py:588} INFO - Filling up the DagBag from /Users/komidoveneymissiamenou/Documents/Master 1 DIT/DataEnge/spark_airflow/airflow_env/lib/python3.12/site-packages/airflow/example_dags/example_xcomargs.py
[2025-10-25T21:58:13.330+0000] {processor.py:925} INFO - DAG(s) 'example_xcom_args_with_operators', 'example_xcom_args' retrieved from /Users/komidoveneymissiamenou/Documents/Master 1 DIT/DataEnge/spark_airflow/airflow_env/lib/python3.12/site-packages/airflow/example_dags/example_xcomargs.py
[2025-10-25T21:58:13.369+0000] {logging_mixin.py:190} INFO - [2025-10-25T21:58:13.369+0000] {dag.py:3239} INFO - Sync 2 DAGs
[2025-10-25T21:58:13.373+0000] {logging_mixin.py:190} INFO - [2025-10-25T21:58:13.373+0000] {dag.py:4180} INFO - Setting next_dagrun for example_xcom_args to None, run_after=None
[2025-10-25T21:58:13.374+0000] {logging_mixin.py:190} INFO - [2025-10-25T21:58:13.374+0000] {dag.py:4180} INFO - Setting next_dagrun for example_xcom_args_with_operators to None, run_after=None
[2025-10-25T21:58:13.381+0000] {processor.py:208} INFO - Processing /Users/komidoveneymissiamenou/Documents/Master 1 DIT/DataEnge/spark_airflow/airflow_env/lib/python3.12/site-packages/airflow/example_dags/example_xcomargs.py took 0.076 seconds
[2025-10-25T21:59:40.761+0000] {processor.py:186} INFO - Started process (PID=52345) to work on /Users/komidoveneymissiamenou/Documents/Master 1 DIT/DataEnge/spark_airflow/airflow_env/lib/python3.12/site-packages/airflow/example_dags/example_xcomargs.py
[2025-10-25T21:59:40.762+0000] {processor.py:914} INFO - Processing file /Users/komidoveneymissiamenou/Documents/Master 1 DIT/DataEnge/spark_airflow/airflow_env/lib/python3.12/site-packages/airflow/example_dags/example_xcomargs.py for tasks to queue
[2025-10-25T21:59:40.763+0000] {logging_mixin.py:190} INFO - [2025-10-25T21:59:40.763+0000] {dagbag.py:588} INFO - Filling up the DagBag from /Users/komidoveneymissiamenou/Documents/Master 1 DIT/DataEnge/spark_airflow/airflow_env/lib/python3.12/site-packages/airflow/example_dags/example_xcomargs.py
[2025-10-25T21:59:40.795+0000] {processor.py:925} INFO - DAG(s) 'example_xcom_args', 'example_xcom_args_with_operators' retrieved from /Users/komidoveneymissiamenou/Documents/Master 1 DIT/DataEnge/spark_airflow/airflow_env/lib/python3.12/site-packages/airflow/example_dags/example_xcomargs.py
[2025-10-25T21:59:40.878+0000] {logging_mixin.py:190} INFO - [2025-10-25T21:59:40.878+0000] {dag.py:3239} INFO - Sync 2 DAGs
[2025-10-25T21:59:40.887+0000] {logging_mixin.py:190} INFO - [2025-10-25T21:59:40.887+0000] {dag.py:4180} INFO - Setting next_dagrun for example_xcom_args to None, run_after=None
[2025-10-25T21:59:40.889+0000] {logging_mixin.py:190} INFO - [2025-10-25T21:59:40.889+0000] {dag.py:4180} INFO - Setting next_dagrun for example_xcom_args_with_operators to None, run_after=None
[2025-10-25T21:59:40.904+0000] {processor.py:208} INFO - Processing /Users/komidoveneymissiamenou/Documents/Master 1 DIT/DataEnge/spark_airflow/airflow_env/lib/python3.12/site-packages/airflow/example_dags/example_xcomargs.py took 0.145 seconds
