[2025-10-25T21:39:28.092+0000] {processor.py:186} INFO - Started process (PID=32603) to work on /Users/komidoveneymissiamenou/Documents/Master 1 DIT/DataEnge/spark_airflow/airflow_env/lib/python3.12/site-packages/airflow/example_dags/example_task_group.py
[2025-10-25T21:39:28.093+0000] {processor.py:914} INFO - Processing file /Users/komidoveneymissiamenou/Documents/Master 1 DIT/DataEnge/spark_airflow/airflow_env/lib/python3.12/site-packages/airflow/example_dags/example_task_group.py for tasks to queue
[2025-10-25T21:39:28.094+0000] {logging_mixin.py:190} INFO - [2025-10-25T21:39:28.094+0000] {dagbag.py:588} INFO - Filling up the DagBag from /Users/komidoveneymissiamenou/Documents/Master 1 DIT/DataEnge/spark_airflow/airflow_env/lib/python3.12/site-packages/airflow/example_dags/example_task_group.py
[2025-10-25T21:39:28.105+0000] {processor.py:925} INFO - DAG(s) 'example_task_group' retrieved from /Users/komidoveneymissiamenou/Documents/Master 1 DIT/DataEnge/spark_airflow/airflow_env/lib/python3.12/site-packages/airflow/example_dags/example_task_group.py
[2025-10-25T21:39:28.190+0000] {logging_mixin.py:190} INFO - [2025-10-25T21:39:28.190+0000] {override.py:1900} INFO - Created Permission View: can edit on DAG:example_task_group
[2025-10-25T21:39:28.194+0000] {logging_mixin.py:190} INFO - [2025-10-25T21:39:28.194+0000] {override.py:1900} INFO - Created Permission View: can read on DAG:example_task_group
[2025-10-25T21:39:28.196+0000] {logging_mixin.py:190} INFO - [2025-10-25T21:39:28.196+0000] {override.py:1900} INFO - Created Permission View: can delete on DAG:example_task_group
[2025-10-25T21:39:28.200+0000] {logging_mixin.py:190} INFO - [2025-10-25T21:39:28.199+0000] {override.py:1900} INFO - Created Permission View: can read on DAG Run:example_task_group
[2025-10-25T21:39:28.202+0000] {logging_mixin.py:190} INFO - [2025-10-25T21:39:28.202+0000] {override.py:1900} INFO - Created Permission View: can delete on DAG Run:example_task_group
[2025-10-25T21:39:28.204+0000] {logging_mixin.py:190} INFO - [2025-10-25T21:39:28.204+0000] {override.py:1900} INFO - Created Permission View: can create on DAG Run:example_task_group
[2025-10-25T21:39:28.207+0000] {logging_mixin.py:190} INFO - [2025-10-25T21:39:28.206+0000] {override.py:1900} INFO - Created Permission View: menu access on DAG Run:example_task_group
[2025-10-25T21:39:28.207+0000] {logging_mixin.py:190} INFO - [2025-10-25T21:39:28.207+0000] {dag.py:3239} INFO - Sync 1 DAGs
[2025-10-25T21:39:28.240+0000] {logging_mixin.py:190} INFO - [2025-10-25T21:39:28.240+0000] {dag.py:3262} INFO - Creating ORM DAG for example_task_group
[2025-10-25T21:39:28.241+0000] {logging_mixin.py:190} INFO - [2025-10-25T21:39:28.241+0000] {dag.py:4180} INFO - Setting next_dagrun for example_task_group to None, run_after=None
[2025-10-25T21:39:28.248+0000] {processor.py:208} INFO - Processing /Users/komidoveneymissiamenou/Documents/Master 1 DIT/DataEnge/spark_airflow/airflow_env/lib/python3.12/site-packages/airflow/example_dags/example_task_group.py took 0.160 seconds
[2025-10-25T21:41:26.950+0000] {processor.py:186} INFO - Started process (PID=34072) to work on /Users/komidoveneymissiamenou/Documents/Master 1 DIT/DataEnge/spark_airflow/airflow_env/lib/python3.12/site-packages/airflow/example_dags/example_task_group.py
[2025-10-25T21:41:26.951+0000] {processor.py:914} INFO - Processing file /Users/komidoveneymissiamenou/Documents/Master 1 DIT/DataEnge/spark_airflow/airflow_env/lib/python3.12/site-packages/airflow/example_dags/example_task_group.py for tasks to queue
[2025-10-25T21:41:26.951+0000] {logging_mixin.py:190} INFO - [2025-10-25T21:41:26.951+0000] {dagbag.py:588} INFO - Filling up the DagBag from /Users/komidoveneymissiamenou/Documents/Master 1 DIT/DataEnge/spark_airflow/airflow_env/lib/python3.12/site-packages/airflow/example_dags/example_task_group.py
[2025-10-25T21:41:26.955+0000] {processor.py:925} INFO - DAG(s) 'example_task_group' retrieved from /Users/komidoveneymissiamenou/Documents/Master 1 DIT/DataEnge/spark_airflow/airflow_env/lib/python3.12/site-packages/airflow/example_dags/example_task_group.py
[2025-10-25T21:41:26.992+0000] {logging_mixin.py:190} INFO - [2025-10-25T21:41:26.992+0000] {dag.py:3239} INFO - Sync 1 DAGs
[2025-10-25T21:41:26.996+0000] {logging_mixin.py:190} INFO - [2025-10-25T21:41:26.996+0000] {dag.py:4180} INFO - Setting next_dagrun for example_task_group to None, run_after=None
[2025-10-25T21:41:27.003+0000] {processor.py:208} INFO - Processing /Users/komidoveneymissiamenou/Documents/Master 1 DIT/DataEnge/spark_airflow/airflow_env/lib/python3.12/site-packages/airflow/example_dags/example_task_group.py took 0.054 seconds
[2025-10-25T21:42:47.238+0000] {processor.py:186} INFO - Started process (PID=35055) to work on /Users/komidoveneymissiamenou/Documents/Master 1 DIT/DataEnge/spark_airflow/airflow_env/lib/python3.12/site-packages/airflow/example_dags/example_task_group.py
[2025-10-25T21:42:47.239+0000] {processor.py:914} INFO - Processing file /Users/komidoveneymissiamenou/Documents/Master 1 DIT/DataEnge/spark_airflow/airflow_env/lib/python3.12/site-packages/airflow/example_dags/example_task_group.py for tasks to queue
[2025-10-25T21:42:47.240+0000] {logging_mixin.py:190} INFO - [2025-10-25T21:42:47.240+0000] {dagbag.py:588} INFO - Filling up the DagBag from /Users/komidoveneymissiamenou/Documents/Master 1 DIT/DataEnge/spark_airflow/airflow_env/lib/python3.12/site-packages/airflow/example_dags/example_task_group.py
[2025-10-25T21:42:47.245+0000] {processor.py:925} INFO - DAG(s) 'example_task_group' retrieved from /Users/komidoveneymissiamenou/Documents/Master 1 DIT/DataEnge/spark_airflow/airflow_env/lib/python3.12/site-packages/airflow/example_dags/example_task_group.py
[2025-10-25T21:42:47.283+0000] {logging_mixin.py:190} INFO - [2025-10-25T21:42:47.283+0000] {dag.py:3239} INFO - Sync 1 DAGs
[2025-10-25T21:42:47.287+0000] {logging_mixin.py:190} INFO - [2025-10-25T21:42:47.287+0000] {dag.py:4180} INFO - Setting next_dagrun for example_task_group to None, run_after=None
[2025-10-25T21:42:47.294+0000] {processor.py:208} INFO - Processing /Users/komidoveneymissiamenou/Documents/Master 1 DIT/DataEnge/spark_airflow/airflow_env/lib/python3.12/site-packages/airflow/example_dags/example_task_group.py took 0.057 seconds
[2025-10-25T21:44:03.008+0000] {processor.py:186} INFO - Started process (PID=35965) to work on /Users/komidoveneymissiamenou/Documents/Master 1 DIT/DataEnge/spark_airflow/airflow_env/lib/python3.12/site-packages/airflow/example_dags/example_task_group.py
[2025-10-25T21:44:03.009+0000] {processor.py:914} INFO - Processing file /Users/komidoveneymissiamenou/Documents/Master 1 DIT/DataEnge/spark_airflow/airflow_env/lib/python3.12/site-packages/airflow/example_dags/example_task_group.py for tasks to queue
[2025-10-25T21:44:03.010+0000] {logging_mixin.py:190} INFO - [2025-10-25T21:44:03.010+0000] {dagbag.py:588} INFO - Filling up the DagBag from /Users/komidoveneymissiamenou/Documents/Master 1 DIT/DataEnge/spark_airflow/airflow_env/lib/python3.12/site-packages/airflow/example_dags/example_task_group.py
[2025-10-25T21:44:03.017+0000] {processor.py:925} INFO - DAG(s) 'example_task_group' retrieved from /Users/komidoveneymissiamenou/Documents/Master 1 DIT/DataEnge/spark_airflow/airflow_env/lib/python3.12/site-packages/airflow/example_dags/example_task_group.py
[2025-10-25T21:44:03.065+0000] {logging_mixin.py:190} INFO - [2025-10-25T21:44:03.065+0000] {dag.py:3239} INFO - Sync 1 DAGs
[2025-10-25T21:44:03.069+0000] {logging_mixin.py:190} INFO - [2025-10-25T21:44:03.069+0000] {dag.py:4180} INFO - Setting next_dagrun for example_task_group to None, run_after=None
[2025-10-25T21:44:03.076+0000] {processor.py:208} INFO - Processing /Users/komidoveneymissiamenou/Documents/Master 1 DIT/DataEnge/spark_airflow/airflow_env/lib/python3.12/site-packages/airflow/example_dags/example_task_group.py took 0.069 seconds
[2025-10-25T21:45:23.724+0000] {processor.py:186} INFO - Started process (PID=36935) to work on /Users/komidoveneymissiamenou/Documents/Master 1 DIT/DataEnge/spark_airflow/airflow_env/lib/python3.12/site-packages/airflow/example_dags/example_task_group.py
[2025-10-25T21:45:23.724+0000] {processor.py:914} INFO - Processing file /Users/komidoveneymissiamenou/Documents/Master 1 DIT/DataEnge/spark_airflow/airflow_env/lib/python3.12/site-packages/airflow/example_dags/example_task_group.py for tasks to queue
[2025-10-25T21:45:23.725+0000] {logging_mixin.py:190} INFO - [2025-10-25T21:45:23.725+0000] {dagbag.py:588} INFO - Filling up the DagBag from /Users/komidoveneymissiamenou/Documents/Master 1 DIT/DataEnge/spark_airflow/airflow_env/lib/python3.12/site-packages/airflow/example_dags/example_task_group.py
[2025-10-25T21:45:23.730+0000] {processor.py:925} INFO - DAG(s) 'example_task_group' retrieved from /Users/komidoveneymissiamenou/Documents/Master 1 DIT/DataEnge/spark_airflow/airflow_env/lib/python3.12/site-packages/airflow/example_dags/example_task_group.py
[2025-10-25T21:45:23.769+0000] {logging_mixin.py:190} INFO - [2025-10-25T21:45:23.769+0000] {dag.py:3239} INFO - Sync 1 DAGs
[2025-10-25T21:45:23.774+0000] {logging_mixin.py:190} INFO - [2025-10-25T21:45:23.774+0000] {dag.py:4180} INFO - Setting next_dagrun for example_task_group to None, run_after=None
[2025-10-25T21:45:23.783+0000] {processor.py:208} INFO - Processing /Users/komidoveneymissiamenou/Documents/Master 1 DIT/DataEnge/spark_airflow/airflow_env/lib/python3.12/site-packages/airflow/example_dags/example_task_group.py took 0.062 seconds
[2025-10-25T21:46:58.945+0000] {processor.py:186} INFO - Started process (PID=38593) to work on /Users/komidoveneymissiamenou/Documents/Master 1 DIT/DataEnge/spark_airflow/airflow_env/lib/python3.12/site-packages/airflow/example_dags/example_task_group.py
[2025-10-25T21:46:58.946+0000] {processor.py:914} INFO - Processing file /Users/komidoveneymissiamenou/Documents/Master 1 DIT/DataEnge/spark_airflow/airflow_env/lib/python3.12/site-packages/airflow/example_dags/example_task_group.py for tasks to queue
[2025-10-25T21:46:58.946+0000] {logging_mixin.py:190} INFO - [2025-10-25T21:46:58.946+0000] {dagbag.py:588} INFO - Filling up the DagBag from /Users/komidoveneymissiamenou/Documents/Master 1 DIT/DataEnge/spark_airflow/airflow_env/lib/python3.12/site-packages/airflow/example_dags/example_task_group.py
[2025-10-25T21:46:58.954+0000] {processor.py:925} INFO - DAG(s) 'example_task_group' retrieved from /Users/komidoveneymissiamenou/Documents/Master 1 DIT/DataEnge/spark_airflow/airflow_env/lib/python3.12/site-packages/airflow/example_dags/example_task_group.py
[2025-10-25T21:46:58.999+0000] {logging_mixin.py:190} INFO - [2025-10-25T21:46:58.999+0000] {dag.py:3239} INFO - Sync 1 DAGs
[2025-10-25T21:46:59.004+0000] {logging_mixin.py:190} INFO - [2025-10-25T21:46:59.004+0000] {dag.py:4180} INFO - Setting next_dagrun for example_task_group to None, run_after=None
[2025-10-25T21:46:59.014+0000] {processor.py:208} INFO - Processing /Users/komidoveneymissiamenou/Documents/Master 1 DIT/DataEnge/spark_airflow/airflow_env/lib/python3.12/site-packages/airflow/example_dags/example_task_group.py took 0.072 seconds
[2025-10-25T21:49:19.129+0000] {processor.py:186} INFO - Started process (PID=42326) to work on /Users/komidoveneymissiamenou/Documents/Master 1 DIT/DataEnge/spark_airflow/airflow_env/lib/python3.12/site-packages/airflow/example_dags/example_task_group.py
[2025-10-25T21:49:19.132+0000] {processor.py:914} INFO - Processing file /Users/komidoveneymissiamenou/Documents/Master 1 DIT/DataEnge/spark_airflow/airflow_env/lib/python3.12/site-packages/airflow/example_dags/example_task_group.py for tasks to queue
[2025-10-25T21:49:19.132+0000] {logging_mixin.py:190} INFO - [2025-10-25T21:49:19.132+0000] {dagbag.py:588} INFO - Filling up the DagBag from /Users/komidoveneymissiamenou/Documents/Master 1 DIT/DataEnge/spark_airflow/airflow_env/lib/python3.12/site-packages/airflow/example_dags/example_task_group.py
[2025-10-25T21:49:19.138+0000] {processor.py:925} INFO - DAG(s) 'example_task_group' retrieved from /Users/komidoveneymissiamenou/Documents/Master 1 DIT/DataEnge/spark_airflow/airflow_env/lib/python3.12/site-packages/airflow/example_dags/example_task_group.py
[2025-10-25T21:49:19.177+0000] {logging_mixin.py:190} INFO - [2025-10-25T21:49:19.177+0000] {dag.py:3239} INFO - Sync 1 DAGs
[2025-10-25T21:49:19.181+0000] {logging_mixin.py:190} INFO - [2025-10-25T21:49:19.181+0000] {dag.py:4180} INFO - Setting next_dagrun for example_task_group to None, run_after=None
[2025-10-25T21:49:19.189+0000] {processor.py:208} INFO - Processing /Users/komidoveneymissiamenou/Documents/Master 1 DIT/DataEnge/spark_airflow/airflow_env/lib/python3.12/site-packages/airflow/example_dags/example_task_group.py took 0.063 seconds
[2025-10-25T21:51:26.616+0000] {processor.py:186} INFO - Started process (PID=44397) to work on /Users/komidoveneymissiamenou/Documents/Master 1 DIT/DataEnge/spark_airflow/airflow_env/lib/python3.12/site-packages/airflow/example_dags/example_task_group.py
[2025-10-25T21:51:26.618+0000] {processor.py:914} INFO - Processing file /Users/komidoveneymissiamenou/Documents/Master 1 DIT/DataEnge/spark_airflow/airflow_env/lib/python3.12/site-packages/airflow/example_dags/example_task_group.py for tasks to queue
[2025-10-25T21:51:26.618+0000] {logging_mixin.py:190} INFO - [2025-10-25T21:51:26.618+0000] {dagbag.py:588} INFO - Filling up the DagBag from /Users/komidoveneymissiamenou/Documents/Master 1 DIT/DataEnge/spark_airflow/airflow_env/lib/python3.12/site-packages/airflow/example_dags/example_task_group.py
[2025-10-25T21:51:26.626+0000] {processor.py:925} INFO - DAG(s) 'example_task_group' retrieved from /Users/komidoveneymissiamenou/Documents/Master 1 DIT/DataEnge/spark_airflow/airflow_env/lib/python3.12/site-packages/airflow/example_dags/example_task_group.py
[2025-10-25T21:51:26.670+0000] {logging_mixin.py:190} INFO - [2025-10-25T21:51:26.670+0000] {dag.py:3239} INFO - Sync 1 DAGs
[2025-10-25T21:51:26.674+0000] {logging_mixin.py:190} INFO - [2025-10-25T21:51:26.674+0000] {dag.py:4180} INFO - Setting next_dagrun for example_task_group to None, run_after=None
[2025-10-25T21:51:26.682+0000] {processor.py:208} INFO - Processing /Users/komidoveneymissiamenou/Documents/Master 1 DIT/DataEnge/spark_airflow/airflow_env/lib/python3.12/site-packages/airflow/example_dags/example_task_group.py took 0.073 seconds
[2025-10-25T21:52:52.399+0000] {processor.py:186} INFO - Started process (PID=46368) to work on /Users/komidoveneymissiamenou/Documents/Master 1 DIT/DataEnge/spark_airflow/airflow_env/lib/python3.12/site-packages/airflow/example_dags/example_task_group.py
[2025-10-25T21:52:52.401+0000] {processor.py:914} INFO - Processing file /Users/komidoveneymissiamenou/Documents/Master 1 DIT/DataEnge/spark_airflow/airflow_env/lib/python3.12/site-packages/airflow/example_dags/example_task_group.py for tasks to queue
[2025-10-25T21:52:52.401+0000] {logging_mixin.py:190} INFO - [2025-10-25T21:52:52.401+0000] {dagbag.py:588} INFO - Filling up the DagBag from /Users/komidoveneymissiamenou/Documents/Master 1 DIT/DataEnge/spark_airflow/airflow_env/lib/python3.12/site-packages/airflow/example_dags/example_task_group.py
[2025-10-25T21:52:52.408+0000] {processor.py:925} INFO - DAG(s) 'example_task_group' retrieved from /Users/komidoveneymissiamenou/Documents/Master 1 DIT/DataEnge/spark_airflow/airflow_env/lib/python3.12/site-packages/airflow/example_dags/example_task_group.py
[2025-10-25T21:52:52.451+0000] {logging_mixin.py:190} INFO - [2025-10-25T21:52:52.451+0000] {dag.py:3239} INFO - Sync 1 DAGs
[2025-10-25T21:52:52.456+0000] {logging_mixin.py:190} INFO - [2025-10-25T21:52:52.456+0000] {dag.py:4180} INFO - Setting next_dagrun for example_task_group to None, run_after=None
[2025-10-25T21:52:52.464+0000] {processor.py:208} INFO - Processing /Users/komidoveneymissiamenou/Documents/Master 1 DIT/DataEnge/spark_airflow/airflow_env/lib/python3.12/site-packages/airflow/example_dags/example_task_group.py took 0.069 seconds
[2025-10-25T21:54:54.614+0000] {processor.py:186} INFO - Started process (PID=48953) to work on /Users/komidoveneymissiamenou/Documents/Master 1 DIT/DataEnge/spark_airflow/airflow_env/lib/python3.12/site-packages/airflow/example_dags/example_task_group.py
[2025-10-25T21:54:54.617+0000] {processor.py:914} INFO - Processing file /Users/komidoveneymissiamenou/Documents/Master 1 DIT/DataEnge/spark_airflow/airflow_env/lib/python3.12/site-packages/airflow/example_dags/example_task_group.py for tasks to queue
[2025-10-25T21:54:54.618+0000] {logging_mixin.py:190} INFO - [2025-10-25T21:54:54.617+0000] {dagbag.py:588} INFO - Filling up the DagBag from /Users/komidoveneymissiamenou/Documents/Master 1 DIT/DataEnge/spark_airflow/airflow_env/lib/python3.12/site-packages/airflow/example_dags/example_task_group.py
[2025-10-25T21:54:54.632+0000] {processor.py:925} INFO - DAG(s) 'example_task_group' retrieved from /Users/komidoveneymissiamenou/Documents/Master 1 DIT/DataEnge/spark_airflow/airflow_env/lib/python3.12/site-packages/airflow/example_dags/example_task_group.py
[2025-10-25T21:54:54.728+0000] {logging_mixin.py:190} INFO - [2025-10-25T21:54:54.727+0000] {dag.py:3239} INFO - Sync 1 DAGs
[2025-10-25T21:54:54.739+0000] {logging_mixin.py:190} INFO - [2025-10-25T21:54:54.738+0000] {dag.py:4180} INFO - Setting next_dagrun for example_task_group to None, run_after=None
[2025-10-25T21:54:54.750+0000] {processor.py:208} INFO - Processing /Users/komidoveneymissiamenou/Documents/Master 1 DIT/DataEnge/spark_airflow/airflow_env/lib/python3.12/site-packages/airflow/example_dags/example_task_group.py took 0.141 seconds
[2025-10-25T21:57:03.672+0000] {processor.py:186} INFO - Started process (PID=50498) to work on /Users/komidoveneymissiamenou/Documents/Master 1 DIT/DataEnge/spark_airflow/airflow_env/lib/python3.12/site-packages/airflow/example_dags/example_task_group.py
[2025-10-25T21:57:03.675+0000] {processor.py:914} INFO - Processing file /Users/komidoveneymissiamenou/Documents/Master 1 DIT/DataEnge/spark_airflow/airflow_env/lib/python3.12/site-packages/airflow/example_dags/example_task_group.py for tasks to queue
[2025-10-25T21:57:03.676+0000] {logging_mixin.py:190} INFO - [2025-10-25T21:57:03.676+0000] {dagbag.py:588} INFO - Filling up the DagBag from /Users/komidoveneymissiamenou/Documents/Master 1 DIT/DataEnge/spark_airflow/airflow_env/lib/python3.12/site-packages/airflow/example_dags/example_task_group.py
[2025-10-25T21:57:03.684+0000] {processor.py:925} INFO - DAG(s) 'example_task_group' retrieved from /Users/komidoveneymissiamenou/Documents/Master 1 DIT/DataEnge/spark_airflow/airflow_env/lib/python3.12/site-packages/airflow/example_dags/example_task_group.py
[2025-10-25T21:57:03.723+0000] {logging_mixin.py:190} INFO - [2025-10-25T21:57:03.723+0000] {dag.py:3239} INFO - Sync 1 DAGs
[2025-10-25T21:57:03.727+0000] {logging_mixin.py:190} INFO - [2025-10-25T21:57:03.727+0000] {dag.py:4180} INFO - Setting next_dagrun for example_task_group to None, run_after=None
[2025-10-25T21:57:03.733+0000] {processor.py:208} INFO - Processing /Users/komidoveneymissiamenou/Documents/Master 1 DIT/DataEnge/spark_airflow/airflow_env/lib/python3.12/site-packages/airflow/example_dags/example_task_group.py took 0.063 seconds
[2025-10-25T21:58:29.280+0000] {processor.py:186} INFO - Started process (PID=51517) to work on /Users/komidoveneymissiamenou/Documents/Master 1 DIT/DataEnge/spark_airflow/airflow_env/lib/python3.12/site-packages/airflow/example_dags/example_task_group.py
[2025-10-25T21:58:29.282+0000] {processor.py:914} INFO - Processing file /Users/komidoveneymissiamenou/Documents/Master 1 DIT/DataEnge/spark_airflow/airflow_env/lib/python3.12/site-packages/airflow/example_dags/example_task_group.py for tasks to queue
[2025-10-25T21:58:29.284+0000] {logging_mixin.py:190} INFO - [2025-10-25T21:58:29.284+0000] {dagbag.py:588} INFO - Filling up the DagBag from /Users/komidoveneymissiamenou/Documents/Master 1 DIT/DataEnge/spark_airflow/airflow_env/lib/python3.12/site-packages/airflow/example_dags/example_task_group.py
[2025-10-25T21:58:29.297+0000] {processor.py:925} INFO - DAG(s) 'example_task_group' retrieved from /Users/komidoveneymissiamenou/Documents/Master 1 DIT/DataEnge/spark_airflow/airflow_env/lib/python3.12/site-packages/airflow/example_dags/example_task_group.py
[2025-10-25T21:58:29.347+0000] {logging_mixin.py:190} INFO - [2025-10-25T21:58:29.347+0000] {dag.py:3239} INFO - Sync 1 DAGs
[2025-10-25T21:58:29.352+0000] {logging_mixin.py:190} INFO - [2025-10-25T21:58:29.352+0000] {dag.py:4180} INFO - Setting next_dagrun for example_task_group to None, run_after=None
[2025-10-25T21:58:29.362+0000] {processor.py:208} INFO - Processing /Users/komidoveneymissiamenou/Documents/Master 1 DIT/DataEnge/spark_airflow/airflow_env/lib/python3.12/site-packages/airflow/example_dags/example_task_group.py took 0.086 seconds
