[2025-10-25T21:39:17.941+0000] {processor.py:186} INFO - Started process (PID=32483) to work on /Users/komidoveneymissiamenou/Documents/Master 1 DIT/DataEnge/spark_airflow/airflow_env/lib/python3.12/site-packages/airflow/example_dags/example_workday_timetable.py
[2025-10-25T21:39:17.942+0000] {processor.py:914} INFO - Processing file /Users/komidoveneymissiamenou/Documents/Master 1 DIT/DataEnge/spark_airflow/airflow_env/lib/python3.12/site-packages/airflow/example_dags/example_workday_timetable.py for tasks to queue
[2025-10-25T21:39:17.942+0000] {logging_mixin.py:190} INFO - [2025-10-25T21:39:17.942+0000] {dagbag.py:588} INFO - Filling up the DagBag from /Users/komidoveneymissiamenou/Documents/Master 1 DIT/DataEnge/spark_airflow/airflow_env/lib/python3.12/site-packages/airflow/example_dags/example_workday_timetable.py
[2025-10-25T21:39:17.945+0000] {logging_mixin.py:190} INFO - [2025-10-25T21:39:17.945+0000] {workday.py:41} WARNING - Could not import pandas. Holidays will not be considered.
[2025-10-25T21:39:17.948+0000] {processor.py:925} INFO - DAG(s) 'example_workday_timetable' retrieved from /Users/komidoveneymissiamenou/Documents/Master 1 DIT/DataEnge/spark_airflow/airflow_env/lib/python3.12/site-packages/airflow/example_dags/example_workday_timetable.py
[2025-10-25T21:39:17.981+0000] {logging_mixin.py:190} INFO - [2025-10-25T21:39:17.981+0000] {workday.py:41} WARNING - Could not import pandas. Holidays will not be considered.
[2025-10-25T21:39:18.031+0000] {logging_mixin.py:190} INFO - [2025-10-25T21:39:18.031+0000] {override.py:1900} INFO - Created Permission View: can edit on DAG:example_workday_timetable
[2025-10-25T21:39:18.037+0000] {logging_mixin.py:190} INFO - [2025-10-25T21:39:18.037+0000] {override.py:1900} INFO - Created Permission View: can delete on DAG:example_workday_timetable
[2025-10-25T21:39:18.041+0000] {logging_mixin.py:190} INFO - [2025-10-25T21:39:18.041+0000] {override.py:1900} INFO - Created Permission View: can read on DAG:example_workday_timetable
[2025-10-25T21:39:18.052+0000] {logging_mixin.py:190} INFO - [2025-10-25T21:39:18.052+0000] {override.py:1900} INFO - Created Permission View: can create on DAG Run:example_workday_timetable
[2025-10-25T21:39:18.056+0000] {logging_mixin.py:190} INFO - [2025-10-25T21:39:18.055+0000] {override.py:1900} INFO - Created Permission View: can delete on DAG Run:example_workday_timetable
[2025-10-25T21:39:18.060+0000] {logging_mixin.py:190} INFO - [2025-10-25T21:39:18.059+0000] {override.py:1900} INFO - Created Permission View: menu access on DAG Run:example_workday_timetable
[2025-10-25T21:39:18.065+0000] {logging_mixin.py:190} INFO - [2025-10-25T21:39:18.064+0000] {override.py:1900} INFO - Created Permission View: can read on DAG Run:example_workday_timetable
[2025-10-25T21:39:18.065+0000] {logging_mixin.py:190} INFO - [2025-10-25T21:39:18.065+0000] {dag.py:3239} INFO - Sync 1 DAGs
[2025-10-25T21:39:18.124+0000] {logging_mixin.py:190} INFO - [2025-10-25T21:39:18.124+0000] {dag.py:3262} INFO - Creating ORM DAG for example_workday_timetable
[2025-10-25T21:39:18.128+0000] {logging_mixin.py:190} INFO - [2025-10-25T21:39:18.127+0000] {dag.py:4180} INFO - Setting next_dagrun for example_workday_timetable to 2021-01-01 00:00:00+00:00, run_after=2021-01-02 00:00:00+00:00
[2025-10-25T21:39:18.136+0000] {processor.py:208} INFO - Processing /Users/komidoveneymissiamenou/Documents/Master 1 DIT/DataEnge/spark_airflow/airflow_env/lib/python3.12/site-packages/airflow/example_dags/example_workday_timetable.py took 0.196 seconds
[2025-10-25T21:41:18.891+0000] {processor.py:186} INFO - Started process (PID=33977) to work on /Users/komidoveneymissiamenou/Documents/Master 1 DIT/DataEnge/spark_airflow/airflow_env/lib/python3.12/site-packages/airflow/example_dags/example_workday_timetable.py
[2025-10-25T21:41:18.892+0000] {processor.py:914} INFO - Processing file /Users/komidoveneymissiamenou/Documents/Master 1 DIT/DataEnge/spark_airflow/airflow_env/lib/python3.12/site-packages/airflow/example_dags/example_workday_timetable.py for tasks to queue
[2025-10-25T21:41:18.893+0000] {logging_mixin.py:190} INFO - [2025-10-25T21:41:18.893+0000] {dagbag.py:588} INFO - Filling up the DagBag from /Users/komidoveneymissiamenou/Documents/Master 1 DIT/DataEnge/spark_airflow/airflow_env/lib/python3.12/site-packages/airflow/example_dags/example_workday_timetable.py
[2025-10-25T21:41:18.897+0000] {logging_mixin.py:190} INFO - [2025-10-25T21:41:18.897+0000] {workday.py:41} WARNING - Could not import pandas. Holidays will not be considered.
[2025-10-25T21:41:18.901+0000] {processor.py:925} INFO - DAG(s) 'example_workday_timetable' retrieved from /Users/komidoveneymissiamenou/Documents/Master 1 DIT/DataEnge/spark_airflow/airflow_env/lib/python3.12/site-packages/airflow/example_dags/example_workday_timetable.py
[2025-10-25T21:41:18.937+0000] {logging_mixin.py:190} INFO - [2025-10-25T21:41:18.937+0000] {workday.py:41} WARNING - Could not import pandas. Holidays will not be considered.
[2025-10-25T21:41:18.947+0000] {logging_mixin.py:190} INFO - [2025-10-25T21:41:18.947+0000] {dag.py:3239} INFO - Sync 1 DAGs
[2025-10-25T21:41:18.953+0000] {logging_mixin.py:190} INFO - [2025-10-25T21:41:18.953+0000] {dag.py:4180} INFO - Setting next_dagrun for example_workday_timetable to 2021-01-01 00:00:00+00:00, run_after=2021-01-02 00:00:00+00:00
[2025-10-25T21:41:18.961+0000] {processor.py:208} INFO - Processing /Users/komidoveneymissiamenou/Documents/Master 1 DIT/DataEnge/spark_airflow/airflow_env/lib/python3.12/site-packages/airflow/example_dags/example_workday_timetable.py took 0.073 seconds
[2025-10-25T21:42:37.780+0000] {processor.py:186} INFO - Started process (PID=34942) to work on /Users/komidoveneymissiamenou/Documents/Master 1 DIT/DataEnge/spark_airflow/airflow_env/lib/python3.12/site-packages/airflow/example_dags/example_workday_timetable.py
[2025-10-25T21:42:37.781+0000] {processor.py:914} INFO - Processing file /Users/komidoveneymissiamenou/Documents/Master 1 DIT/DataEnge/spark_airflow/airflow_env/lib/python3.12/site-packages/airflow/example_dags/example_workday_timetable.py for tasks to queue
[2025-10-25T21:42:37.782+0000] {logging_mixin.py:190} INFO - [2025-10-25T21:42:37.782+0000] {dagbag.py:588} INFO - Filling up the DagBag from /Users/komidoveneymissiamenou/Documents/Master 1 DIT/DataEnge/spark_airflow/airflow_env/lib/python3.12/site-packages/airflow/example_dags/example_workday_timetable.py
[2025-10-25T21:42:37.784+0000] {logging_mixin.py:190} INFO - [2025-10-25T21:42:37.784+0000] {workday.py:41} WARNING - Could not import pandas. Holidays will not be considered.
[2025-10-25T21:42:37.787+0000] {processor.py:925} INFO - DAG(s) 'example_workday_timetable' retrieved from /Users/komidoveneymissiamenou/Documents/Master 1 DIT/DataEnge/spark_airflow/airflow_env/lib/python3.12/site-packages/airflow/example_dags/example_workday_timetable.py
[2025-10-25T21:42:37.820+0000] {logging_mixin.py:190} INFO - [2025-10-25T21:42:37.819+0000] {workday.py:41} WARNING - Could not import pandas. Holidays will not be considered.
[2025-10-25T21:42:37.829+0000] {logging_mixin.py:190} INFO - [2025-10-25T21:42:37.829+0000] {dag.py:3239} INFO - Sync 1 DAGs
[2025-10-25T21:42:37.836+0000] {logging_mixin.py:190} INFO - [2025-10-25T21:42:37.836+0000] {dag.py:4180} INFO - Setting next_dagrun for example_workday_timetable to 2021-01-01 00:00:00+00:00, run_after=2021-01-02 00:00:00+00:00
[2025-10-25T21:42:37.844+0000] {processor.py:208} INFO - Processing /Users/komidoveneymissiamenou/Documents/Master 1 DIT/DataEnge/spark_airflow/airflow_env/lib/python3.12/site-packages/airflow/example_dags/example_workday_timetable.py took 0.065 seconds
[2025-10-25T21:43:53.357+0000] {processor.py:186} INFO - Started process (PID=35853) to work on /Users/komidoveneymissiamenou/Documents/Master 1 DIT/DataEnge/spark_airflow/airflow_env/lib/python3.12/site-packages/airflow/example_dags/example_workday_timetable.py
[2025-10-25T21:43:53.358+0000] {processor.py:914} INFO - Processing file /Users/komidoveneymissiamenou/Documents/Master 1 DIT/DataEnge/spark_airflow/airflow_env/lib/python3.12/site-packages/airflow/example_dags/example_workday_timetable.py for tasks to queue
[2025-10-25T21:43:53.359+0000] {logging_mixin.py:190} INFO - [2025-10-25T21:43:53.359+0000] {dagbag.py:588} INFO - Filling up the DagBag from /Users/komidoveneymissiamenou/Documents/Master 1 DIT/DataEnge/spark_airflow/airflow_env/lib/python3.12/site-packages/airflow/example_dags/example_workday_timetable.py
[2025-10-25T21:43:53.361+0000] {logging_mixin.py:190} INFO - [2025-10-25T21:43:53.360+0000] {workday.py:41} WARNING - Could not import pandas. Holidays will not be considered.
[2025-10-25T21:43:53.363+0000] {processor.py:925} INFO - DAG(s) 'example_workday_timetable' retrieved from /Users/komidoveneymissiamenou/Documents/Master 1 DIT/DataEnge/spark_airflow/airflow_env/lib/python3.12/site-packages/airflow/example_dags/example_workday_timetable.py
[2025-10-25T21:43:53.396+0000] {logging_mixin.py:190} INFO - [2025-10-25T21:43:53.396+0000] {workday.py:41} WARNING - Could not import pandas. Holidays will not be considered.
[2025-10-25T21:43:53.405+0000] {logging_mixin.py:190} INFO - [2025-10-25T21:43:53.405+0000] {dag.py:3239} INFO - Sync 1 DAGs
[2025-10-25T21:43:53.411+0000] {logging_mixin.py:190} INFO - [2025-10-25T21:43:53.411+0000] {dag.py:4180} INFO - Setting next_dagrun for example_workday_timetable to 2021-01-01 00:00:00+00:00, run_after=2021-01-02 00:00:00+00:00
[2025-10-25T21:43:53.418+0000] {processor.py:208} INFO - Processing /Users/komidoveneymissiamenou/Documents/Master 1 DIT/DataEnge/spark_airflow/airflow_env/lib/python3.12/site-packages/airflow/example_dags/example_workday_timetable.py took 0.063 seconds
[2025-10-25T21:45:14.615+0000] {processor.py:186} INFO - Started process (PID=36825) to work on /Users/komidoveneymissiamenou/Documents/Master 1 DIT/DataEnge/spark_airflow/airflow_env/lib/python3.12/site-packages/airflow/example_dags/example_workday_timetable.py
[2025-10-25T21:45:14.616+0000] {processor.py:914} INFO - Processing file /Users/komidoveneymissiamenou/Documents/Master 1 DIT/DataEnge/spark_airflow/airflow_env/lib/python3.12/site-packages/airflow/example_dags/example_workday_timetable.py for tasks to queue
[2025-10-25T21:45:14.616+0000] {logging_mixin.py:190} INFO - [2025-10-25T21:45:14.616+0000] {dagbag.py:588} INFO - Filling up the DagBag from /Users/komidoveneymissiamenou/Documents/Master 1 DIT/DataEnge/spark_airflow/airflow_env/lib/python3.12/site-packages/airflow/example_dags/example_workday_timetable.py
[2025-10-25T21:45:14.619+0000] {logging_mixin.py:190} INFO - [2025-10-25T21:45:14.619+0000] {workday.py:41} WARNING - Could not import pandas. Holidays will not be considered.
[2025-10-25T21:45:14.622+0000] {processor.py:925} INFO - DAG(s) 'example_workday_timetable' retrieved from /Users/komidoveneymissiamenou/Documents/Master 1 DIT/DataEnge/spark_airflow/airflow_env/lib/python3.12/site-packages/airflow/example_dags/example_workday_timetable.py
[2025-10-25T21:45:14.656+0000] {logging_mixin.py:190} INFO - [2025-10-25T21:45:14.656+0000] {workday.py:41} WARNING - Could not import pandas. Holidays will not be considered.
[2025-10-25T21:45:14.665+0000] {logging_mixin.py:190} INFO - [2025-10-25T21:45:14.665+0000] {dag.py:3239} INFO - Sync 1 DAGs
[2025-10-25T21:45:14.672+0000] {logging_mixin.py:190} INFO - [2025-10-25T21:45:14.672+0000] {dag.py:4180} INFO - Setting next_dagrun for example_workday_timetable to 2021-01-01 00:00:00+00:00, run_after=2021-01-02 00:00:00+00:00
[2025-10-25T21:45:14.679+0000] {processor.py:208} INFO - Processing /Users/komidoveneymissiamenou/Documents/Master 1 DIT/DataEnge/spark_airflow/airflow_env/lib/python3.12/site-packages/airflow/example_dags/example_workday_timetable.py took 0.066 seconds
[2025-10-25T21:46:48.924+0000] {processor.py:186} INFO - Started process (PID=38457) to work on /Users/komidoveneymissiamenou/Documents/Master 1 DIT/DataEnge/spark_airflow/airflow_env/lib/python3.12/site-packages/airflow/example_dags/example_workday_timetable.py
[2025-10-25T21:46:48.924+0000] {processor.py:914} INFO - Processing file /Users/komidoveneymissiamenou/Documents/Master 1 DIT/DataEnge/spark_airflow/airflow_env/lib/python3.12/site-packages/airflow/example_dags/example_workday_timetable.py for tasks to queue
[2025-10-25T21:46:48.925+0000] {logging_mixin.py:190} INFO - [2025-10-25T21:46:48.925+0000] {dagbag.py:588} INFO - Filling up the DagBag from /Users/komidoveneymissiamenou/Documents/Master 1 DIT/DataEnge/spark_airflow/airflow_env/lib/python3.12/site-packages/airflow/example_dags/example_workday_timetable.py
[2025-10-25T21:46:48.929+0000] {logging_mixin.py:190} INFO - [2025-10-25T21:46:48.929+0000] {workday.py:41} WARNING - Could not import pandas. Holidays will not be considered.
[2025-10-25T21:46:48.939+0000] {processor.py:925} INFO - DAG(s) 'example_workday_timetable' retrieved from /Users/komidoveneymissiamenou/Documents/Master 1 DIT/DataEnge/spark_airflow/airflow_env/lib/python3.12/site-packages/airflow/example_dags/example_workday_timetable.py
[2025-10-25T21:46:48.987+0000] {logging_mixin.py:190} INFO - [2025-10-25T21:46:48.986+0000] {workday.py:41} WARNING - Could not import pandas. Holidays will not be considered.
[2025-10-25T21:46:48.998+0000] {logging_mixin.py:190} INFO - [2025-10-25T21:46:48.998+0000] {dag.py:3239} INFO - Sync 1 DAGs
[2025-10-25T21:46:49.006+0000] {logging_mixin.py:190} INFO - [2025-10-25T21:46:49.006+0000] {dag.py:4180} INFO - Setting next_dagrun for example_workday_timetable to 2021-01-01 00:00:00+00:00, run_after=2021-01-02 00:00:00+00:00
[2025-10-25T21:46:49.017+0000] {processor.py:208} INFO - Processing /Users/komidoveneymissiamenou/Documents/Master 1 DIT/DataEnge/spark_airflow/airflow_env/lib/python3.12/site-packages/airflow/example_dags/example_workday_timetable.py took 0.095 seconds
[2025-10-25T21:48:18.579+0000] {processor.py:186} INFO - Started process (PID=39926) to work on /Users/komidoveneymissiamenou/Documents/Master 1 DIT/DataEnge/spark_airflow/airflow_env/lib/python3.12/site-packages/airflow/example_dags/example_workday_timetable.py
[2025-10-25T21:48:18.580+0000] {processor.py:914} INFO - Processing file /Users/komidoveneymissiamenou/Documents/Master 1 DIT/DataEnge/spark_airflow/airflow_env/lib/python3.12/site-packages/airflow/example_dags/example_workday_timetable.py for tasks to queue
[2025-10-25T21:48:18.581+0000] {logging_mixin.py:190} INFO - [2025-10-25T21:48:18.581+0000] {dagbag.py:588} INFO - Filling up the DagBag from /Users/komidoveneymissiamenou/Documents/Master 1 DIT/DataEnge/spark_airflow/airflow_env/lib/python3.12/site-packages/airflow/example_dags/example_workday_timetable.py
[2025-10-25T21:48:18.583+0000] {logging_mixin.py:190} INFO - [2025-10-25T21:48:18.583+0000] {workday.py:41} WARNING - Could not import pandas. Holidays will not be considered.
[2025-10-25T21:48:18.586+0000] {processor.py:925} INFO - DAG(s) 'example_workday_timetable' retrieved from /Users/komidoveneymissiamenou/Documents/Master 1 DIT/DataEnge/spark_airflow/airflow_env/lib/python3.12/site-packages/airflow/example_dags/example_workday_timetable.py
[2025-10-25T21:48:18.623+0000] {logging_mixin.py:190} INFO - [2025-10-25T21:48:18.623+0000] {workday.py:41} WARNING - Could not import pandas. Holidays will not be considered.
[2025-10-25T21:48:18.633+0000] {logging_mixin.py:190} INFO - [2025-10-25T21:48:18.633+0000] {dag.py:3239} INFO - Sync 1 DAGs
[2025-10-25T21:48:18.640+0000] {logging_mixin.py:190} INFO - [2025-10-25T21:48:18.640+0000] {dag.py:4180} INFO - Setting next_dagrun for example_workday_timetable to 2021-01-01 00:00:00+00:00, run_after=2021-01-02 00:00:00+00:00
[2025-10-25T21:48:18.647+0000] {processor.py:208} INFO - Processing /Users/komidoveneymissiamenou/Documents/Master 1 DIT/DataEnge/spark_airflow/airflow_env/lib/python3.12/site-packages/airflow/example_dags/example_workday_timetable.py took 0.070 seconds
[2025-10-25T21:49:10.171+0000] {processor.py:186} INFO - Started process (PID=42064) to work on /Users/komidoveneymissiamenou/Documents/Master 1 DIT/DataEnge/spark_airflow/airflow_env/lib/python3.12/site-packages/airflow/example_dags/example_workday_timetable.py
[2025-10-25T21:49:10.172+0000] {processor.py:914} INFO - Processing file /Users/komidoveneymissiamenou/Documents/Master 1 DIT/DataEnge/spark_airflow/airflow_env/lib/python3.12/site-packages/airflow/example_dags/example_workday_timetable.py for tasks to queue
[2025-10-25T21:49:10.173+0000] {logging_mixin.py:190} INFO - [2025-10-25T21:49:10.172+0000] {dagbag.py:588} INFO - Filling up the DagBag from /Users/komidoveneymissiamenou/Documents/Master 1 DIT/DataEnge/spark_airflow/airflow_env/lib/python3.12/site-packages/airflow/example_dags/example_workday_timetable.py
[2025-10-25T21:49:10.175+0000] {logging_mixin.py:190} INFO - [2025-10-25T21:49:10.175+0000] {workday.py:41} WARNING - Could not import pandas. Holidays will not be considered.
[2025-10-25T21:49:10.177+0000] {processor.py:925} INFO - DAG(s) 'example_workday_timetable' retrieved from /Users/komidoveneymissiamenou/Documents/Master 1 DIT/DataEnge/spark_airflow/airflow_env/lib/python3.12/site-packages/airflow/example_dags/example_workday_timetable.py
[2025-10-25T21:49:10.214+0000] {logging_mixin.py:190} INFO - [2025-10-25T21:49:10.214+0000] {workday.py:41} WARNING - Could not import pandas. Holidays will not be considered.
[2025-10-25T21:49:10.225+0000] {logging_mixin.py:190} INFO - [2025-10-25T21:49:10.225+0000] {dag.py:3239} INFO - Sync 1 DAGs
[2025-10-25T21:49:10.232+0000] {logging_mixin.py:190} INFO - [2025-10-25T21:49:10.231+0000] {dag.py:4180} INFO - Setting next_dagrun for example_workday_timetable to 2021-01-01 00:00:00+00:00, run_after=2021-01-02 00:00:00+00:00
[2025-10-25T21:49:10.240+0000] {processor.py:208} INFO - Processing /Users/komidoveneymissiamenou/Documents/Master 1 DIT/DataEnge/spark_airflow/airflow_env/lib/python3.12/site-packages/airflow/example_dags/example_workday_timetable.py took 0.071 seconds
[2025-10-25T21:51:16.654+0000] {processor.py:186} INFO - Started process (PID=44291) to work on /Users/komidoveneymissiamenou/Documents/Master 1 DIT/DataEnge/spark_airflow/airflow_env/lib/python3.12/site-packages/airflow/example_dags/example_workday_timetable.py
[2025-10-25T21:51:16.655+0000] {processor.py:914} INFO - Processing file /Users/komidoveneymissiamenou/Documents/Master 1 DIT/DataEnge/spark_airflow/airflow_env/lib/python3.12/site-packages/airflow/example_dags/example_workday_timetable.py for tasks to queue
[2025-10-25T21:51:16.656+0000] {logging_mixin.py:190} INFO - [2025-10-25T21:51:16.656+0000] {dagbag.py:588} INFO - Filling up the DagBag from /Users/komidoveneymissiamenou/Documents/Master 1 DIT/DataEnge/spark_airflow/airflow_env/lib/python3.12/site-packages/airflow/example_dags/example_workday_timetable.py
[2025-10-25T21:51:17.041+0000] {processor.py:925} INFO - DAG(s) 'example_workday_timetable' retrieved from /Users/komidoveneymissiamenou/Documents/Master 1 DIT/DataEnge/spark_airflow/airflow_env/lib/python3.12/site-packages/airflow/example_dags/example_workday_timetable.py
[2025-10-25T21:51:17.085+0000] {logging_mixin.py:190} INFO - [2025-10-25T21:51:17.084+0000] {dag.py:3239} INFO - Sync 1 DAGs
[2025-10-25T21:51:17.110+0000] {logging_mixin.py:190} INFO - [2025-10-25T21:51:17.110+0000] {dag.py:4180} INFO - Setting next_dagrun for example_workday_timetable to 2021-01-04 00:00:00+00:00, run_after=2021-01-05 00:00:00+00:00
[2025-10-25T21:51:17.118+0000] {processor.py:208} INFO - Processing /Users/komidoveneymissiamenou/Documents/Master 1 DIT/DataEnge/spark_airflow/airflow_env/lib/python3.12/site-packages/airflow/example_dags/example_workday_timetable.py took 0.466 seconds
[2025-10-25T21:52:41.974+0000] {processor.py:186} INFO - Started process (PID=46104) to work on /Users/komidoveneymissiamenou/Documents/Master 1 DIT/DataEnge/spark_airflow/airflow_env/lib/python3.12/site-packages/airflow/example_dags/example_workday_timetable.py
[2025-10-25T21:52:41.974+0000] {processor.py:914} INFO - Processing file /Users/komidoveneymissiamenou/Documents/Master 1 DIT/DataEnge/spark_airflow/airflow_env/lib/python3.12/site-packages/airflow/example_dags/example_workday_timetable.py for tasks to queue
[2025-10-25T21:52:41.975+0000] {logging_mixin.py:190} INFO - [2025-10-25T21:52:41.975+0000] {dagbag.py:588} INFO - Filling up the DagBag from /Users/komidoveneymissiamenou/Documents/Master 1 DIT/DataEnge/spark_airflow/airflow_env/lib/python3.12/site-packages/airflow/example_dags/example_workday_timetable.py
[2025-10-25T21:52:42.239+0000] {processor.py:925} INFO - DAG(s) 'example_workday_timetable' retrieved from /Users/komidoveneymissiamenou/Documents/Master 1 DIT/DataEnge/spark_airflow/airflow_env/lib/python3.12/site-packages/airflow/example_dags/example_workday_timetable.py
[2025-10-25T21:52:42.282+0000] {logging_mixin.py:190} INFO - [2025-10-25T21:52:42.282+0000] {dag.py:3239} INFO - Sync 1 DAGs
[2025-10-25T21:52:42.309+0000] {logging_mixin.py:190} INFO - [2025-10-25T21:52:42.309+0000] {dag.py:4180} INFO - Setting next_dagrun for example_workday_timetable to 2021-01-04 00:00:00+00:00, run_after=2021-01-05 00:00:00+00:00
[2025-10-25T21:52:42.317+0000] {processor.py:208} INFO - Processing /Users/komidoveneymissiamenou/Documents/Master 1 DIT/DataEnge/spark_airflow/airflow_env/lib/python3.12/site-packages/airflow/example_dags/example_workday_timetable.py took 0.345 seconds
[2025-10-25T21:54:42.114+0000] {processor.py:186} INFO - Started process (PID=48827) to work on /Users/komidoveneymissiamenou/Documents/Master 1 DIT/DataEnge/spark_airflow/airflow_env/lib/python3.12/site-packages/airflow/example_dags/example_workday_timetable.py
[2025-10-25T21:54:42.118+0000] {processor.py:914} INFO - Processing file /Users/komidoveneymissiamenou/Documents/Master 1 DIT/DataEnge/spark_airflow/airflow_env/lib/python3.12/site-packages/airflow/example_dags/example_workday_timetable.py for tasks to queue
[2025-10-25T21:54:42.120+0000] {logging_mixin.py:190} INFO - [2025-10-25T21:54:42.119+0000] {dagbag.py:588} INFO - Filling up the DagBag from /Users/komidoveneymissiamenou/Documents/Master 1 DIT/DataEnge/spark_airflow/airflow_env/lib/python3.12/site-packages/airflow/example_dags/example_workday_timetable.py
[2025-10-25T21:54:42.357+0000] {processor.py:925} INFO - DAG(s) 'example_workday_timetable' retrieved from /Users/komidoveneymissiamenou/Documents/Master 1 DIT/DataEnge/spark_airflow/airflow_env/lib/python3.12/site-packages/airflow/example_dags/example_workday_timetable.py
[2025-10-25T21:54:42.401+0000] {logging_mixin.py:190} INFO - [2025-10-25T21:54:42.400+0000] {dag.py:3239} INFO - Sync 1 DAGs
[2025-10-25T21:54:42.539+0000] {logging_mixin.py:190} INFO - [2025-10-25T21:54:42.538+0000] {dag.py:4180} INFO - Setting next_dagrun for example_workday_timetable to 2021-01-04 00:00:00+00:00, run_after=2021-01-05 00:00:00+00:00
[2025-10-25T21:54:42.552+0000] {processor.py:208} INFO - Processing /Users/komidoveneymissiamenou/Documents/Master 1 DIT/DataEnge/spark_airflow/airflow_env/lib/python3.12/site-packages/airflow/example_dags/example_workday_timetable.py took 0.441 seconds
[2025-10-25T21:56:54.199+0000] {processor.py:186} INFO - Started process (PID=50393) to work on /Users/komidoveneymissiamenou/Documents/Master 1 DIT/DataEnge/spark_airflow/airflow_env/lib/python3.12/site-packages/airflow/example_dags/example_workday_timetable.py
[2025-10-25T21:56:54.200+0000] {processor.py:914} INFO - Processing file /Users/komidoveneymissiamenou/Documents/Master 1 DIT/DataEnge/spark_airflow/airflow_env/lib/python3.12/site-packages/airflow/example_dags/example_workday_timetable.py for tasks to queue
[2025-10-25T21:56:54.200+0000] {logging_mixin.py:190} INFO - [2025-10-25T21:56:54.200+0000] {dagbag.py:588} INFO - Filling up the DagBag from /Users/komidoveneymissiamenou/Documents/Master 1 DIT/DataEnge/spark_airflow/airflow_env/lib/python3.12/site-packages/airflow/example_dags/example_workday_timetable.py
[2025-10-25T21:56:54.456+0000] {processor.py:925} INFO - DAG(s) 'example_workday_timetable' retrieved from /Users/komidoveneymissiamenou/Documents/Master 1 DIT/DataEnge/spark_airflow/airflow_env/lib/python3.12/site-packages/airflow/example_dags/example_workday_timetable.py
[2025-10-25T21:56:54.498+0000] {logging_mixin.py:190} INFO - [2025-10-25T21:56:54.498+0000] {dag.py:3239} INFO - Sync 1 DAGs
[2025-10-25T21:56:54.524+0000] {logging_mixin.py:190} INFO - [2025-10-25T21:56:54.524+0000] {dag.py:4180} INFO - Setting next_dagrun for example_workday_timetable to 2021-01-04 00:00:00+00:00, run_after=2021-01-05 00:00:00+00:00
[2025-10-25T21:56:54.533+0000] {processor.py:208} INFO - Processing /Users/komidoveneymissiamenou/Documents/Master 1 DIT/DataEnge/spark_airflow/airflow_env/lib/python3.12/site-packages/airflow/example_dags/example_workday_timetable.py took 0.335 seconds
[2025-10-25T21:58:16.520+0000] {processor.py:186} INFO - Started process (PID=51368) to work on /Users/komidoveneymissiamenou/Documents/Master 1 DIT/DataEnge/spark_airflow/airflow_env/lib/python3.12/site-packages/airflow/example_dags/example_workday_timetable.py
[2025-10-25T21:58:16.521+0000] {processor.py:914} INFO - Processing file /Users/komidoveneymissiamenou/Documents/Master 1 DIT/DataEnge/spark_airflow/airflow_env/lib/python3.12/site-packages/airflow/example_dags/example_workday_timetable.py for tasks to queue
[2025-10-25T21:58:16.522+0000] {logging_mixin.py:190} INFO - [2025-10-25T21:58:16.522+0000] {dagbag.py:588} INFO - Filling up the DagBag from /Users/komidoveneymissiamenou/Documents/Master 1 DIT/DataEnge/spark_airflow/airflow_env/lib/python3.12/site-packages/airflow/example_dags/example_workday_timetable.py
[2025-10-25T21:58:16.945+0000] {processor.py:925} INFO - DAG(s) 'example_workday_timetable' retrieved from /Users/komidoveneymissiamenou/Documents/Master 1 DIT/DataEnge/spark_airflow/airflow_env/lib/python3.12/site-packages/airflow/example_dags/example_workday_timetable.py
[2025-10-25T21:58:16.997+0000] {logging_mixin.py:190} INFO - [2025-10-25T21:58:16.997+0000] {dag.py:3239} INFO - Sync 1 DAGs
[2025-10-25T21:58:17.053+0000] {logging_mixin.py:190} INFO - [2025-10-25T21:58:17.053+0000] {dag.py:4180} INFO - Setting next_dagrun for example_workday_timetable to 2021-01-04 00:00:00+00:00, run_after=2021-01-05 00:00:00+00:00
[2025-10-25T21:58:17.064+0000] {processor.py:208} INFO - Processing /Users/komidoveneymissiamenou/Documents/Master 1 DIT/DataEnge/spark_airflow/airflow_env/lib/python3.12/site-packages/airflow/example_dags/example_workday_timetable.py took 0.546 seconds
[2025-10-25T21:59:44.447+0000] {processor.py:186} INFO - Started process (PID=52400) to work on /Users/komidoveneymissiamenou/Documents/Master 1 DIT/DataEnge/spark_airflow/airflow_env/lib/python3.12/site-packages/airflow/example_dags/example_workday_timetable.py
[2025-10-25T21:59:44.448+0000] {processor.py:914} INFO - Processing file /Users/komidoveneymissiamenou/Documents/Master 1 DIT/DataEnge/spark_airflow/airflow_env/lib/python3.12/site-packages/airflow/example_dags/example_workday_timetable.py for tasks to queue
[2025-10-25T21:59:44.449+0000] {logging_mixin.py:190} INFO - [2025-10-25T21:59:44.449+0000] {dagbag.py:588} INFO - Filling up the DagBag from /Users/komidoveneymissiamenou/Documents/Master 1 DIT/DataEnge/spark_airflow/airflow_env/lib/python3.12/site-packages/airflow/example_dags/example_workday_timetable.py
[2025-10-25T21:59:44.713+0000] {processor.py:925} INFO - DAG(s) 'example_workday_timetable' retrieved from /Users/komidoveneymissiamenou/Documents/Master 1 DIT/DataEnge/spark_airflow/airflow_env/lib/python3.12/site-packages/airflow/example_dags/example_workday_timetable.py
[2025-10-25T21:59:44.755+0000] {logging_mixin.py:190} INFO - [2025-10-25T21:59:44.755+0000] {dag.py:3239} INFO - Sync 1 DAGs
[2025-10-25T21:59:44.782+0000] {logging_mixin.py:190} INFO - [2025-10-25T21:59:44.782+0000] {dag.py:4180} INFO - Setting next_dagrun for example_workday_timetable to 2021-01-04 00:00:00+00:00, run_after=2021-01-05 00:00:00+00:00
[2025-10-25T21:59:44.789+0000] {processor.py:208} INFO - Processing /Users/komidoveneymissiamenou/Documents/Master 1 DIT/DataEnge/spark_airflow/airflow_env/lib/python3.12/site-packages/airflow/example_dags/example_workday_timetable.py took 0.343 seconds
