[2025-10-25T21:40:03.528+0000] {processor.py:186} INFO - Started process (PID=33034) to work on /Users/komidoveneymissiamenou/Documents/Master 1 DIT/DataEnge/spark_airflow/airflow_env/lib/python3.12/site-packages/airflow/example_dags/example_latest_only_with_trigger.py
[2025-10-25T21:40:03.529+0000] {processor.py:914} INFO - Processing file /Users/komidoveneymissiamenou/Documents/Master 1 DIT/DataEnge/spark_airflow/airflow_env/lib/python3.12/site-packages/airflow/example_dags/example_latest_only_with_trigger.py for tasks to queue
[2025-10-25T21:40:03.529+0000] {logging_mixin.py:190} INFO - [2025-10-25T21:40:03.529+0000] {dagbag.py:588} INFO - Filling up the DagBag from /Users/komidoveneymissiamenou/Documents/Master 1 DIT/DataEnge/spark_airflow/airflow_env/lib/python3.12/site-packages/airflow/example_dags/example_latest_only_with_trigger.py
[2025-10-25T21:40:03.533+0000] {processor.py:925} INFO - DAG(s) 'latest_only_with_trigger' retrieved from /Users/komidoveneymissiamenou/Documents/Master 1 DIT/DataEnge/spark_airflow/airflow_env/lib/python3.12/site-packages/airflow/example_dags/example_latest_only_with_trigger.py
[2025-10-25T21:40:03.609+0000] {logging_mixin.py:190} INFO - [2025-10-25T21:40:03.609+0000] {override.py:1900} INFO - Created Permission View: can read on DAG:latest_only_with_trigger
[2025-10-25T21:40:03.613+0000] {logging_mixin.py:190} INFO - [2025-10-25T21:40:03.613+0000] {override.py:1900} INFO - Created Permission View: can edit on DAG:latest_only_with_trigger
[2025-10-25T21:40:03.615+0000] {logging_mixin.py:190} INFO - [2025-10-25T21:40:03.615+0000] {override.py:1900} INFO - Created Permission View: can delete on DAG:latest_only_with_trigger
[2025-10-25T21:40:03.619+0000] {logging_mixin.py:190} INFO - [2025-10-25T21:40:03.619+0000] {override.py:1900} INFO - Created Permission View: can read on DAG Run:latest_only_with_trigger
[2025-10-25T21:40:03.621+0000] {logging_mixin.py:190} INFO - [2025-10-25T21:40:03.621+0000] {override.py:1900} INFO - Created Permission View: can create on DAG Run:latest_only_with_trigger
[2025-10-25T21:40:03.623+0000] {logging_mixin.py:190} INFO - [2025-10-25T21:40:03.623+0000] {override.py:1900} INFO - Created Permission View: menu access on DAG Run:latest_only_with_trigger
[2025-10-25T21:40:03.626+0000] {logging_mixin.py:190} INFO - [2025-10-25T21:40:03.626+0000] {override.py:1900} INFO - Created Permission View: can delete on DAG Run:latest_only_with_trigger
[2025-10-25T21:40:03.626+0000] {logging_mixin.py:190} INFO - [2025-10-25T21:40:03.626+0000] {dag.py:3239} INFO - Sync 1 DAGs
[2025-10-25T21:40:03.660+0000] {logging_mixin.py:190} INFO - [2025-10-25T21:40:03.660+0000] {dag.py:3262} INFO - Creating ORM DAG for latest_only_with_trigger
[2025-10-25T21:40:03.663+0000] {logging_mixin.py:190} INFO - [2025-10-25T21:40:03.663+0000] {dag.py:4180} INFO - Setting next_dagrun for latest_only_with_trigger to 2025-10-25 16:00:00+00:00, run_after=2025-10-25 20:00:00+00:00
[2025-10-25T21:40:03.669+0000] {processor.py:208} INFO - Processing /Users/komidoveneymissiamenou/Documents/Master 1 DIT/DataEnge/spark_airflow/airflow_env/lib/python3.12/site-packages/airflow/example_dags/example_latest_only_with_trigger.py took 0.143 seconds
[2025-10-25T21:41:56.442+0000] {processor.py:186} INFO - Started process (PID=34445) to work on /Users/komidoveneymissiamenou/Documents/Master 1 DIT/DataEnge/spark_airflow/airflow_env/lib/python3.12/site-packages/airflow/example_dags/example_latest_only_with_trigger.py
[2025-10-25T21:41:56.444+0000] {processor.py:914} INFO - Processing file /Users/komidoveneymissiamenou/Documents/Master 1 DIT/DataEnge/spark_airflow/airflow_env/lib/python3.12/site-packages/airflow/example_dags/example_latest_only_with_trigger.py for tasks to queue
[2025-10-25T21:41:56.444+0000] {logging_mixin.py:190} INFO - [2025-10-25T21:41:56.444+0000] {dagbag.py:588} INFO - Filling up the DagBag from /Users/komidoveneymissiamenou/Documents/Master 1 DIT/DataEnge/spark_airflow/airflow_env/lib/python3.12/site-packages/airflow/example_dags/example_latest_only_with_trigger.py
[2025-10-25T21:41:56.448+0000] {processor.py:925} INFO - DAG(s) 'latest_only_with_trigger' retrieved from /Users/komidoveneymissiamenou/Documents/Master 1 DIT/DataEnge/spark_airflow/airflow_env/lib/python3.12/site-packages/airflow/example_dags/example_latest_only_with_trigger.py
[2025-10-25T21:41:56.483+0000] {logging_mixin.py:190} INFO - [2025-10-25T21:41:56.483+0000] {dag.py:3239} INFO - Sync 1 DAGs
[2025-10-25T21:41:56.489+0000] {logging_mixin.py:190} INFO - [2025-10-25T21:41:56.489+0000] {dag.py:4180} INFO - Setting next_dagrun for latest_only_with_trigger to 2025-10-25 16:00:00+00:00, run_after=2025-10-25 20:00:00+00:00
[2025-10-25T21:41:56.497+0000] {processor.py:208} INFO - Processing /Users/komidoveneymissiamenou/Documents/Master 1 DIT/DataEnge/spark_airflow/airflow_env/lib/python3.12/site-packages/airflow/example_dags/example_latest_only_with_trigger.py took 0.055 seconds
[2025-10-25T21:44:32.586+0000] {processor.py:186} INFO - Started process (PID=36318) to work on /Users/komidoveneymissiamenou/Documents/Master 1 DIT/DataEnge/spark_airflow/airflow_env/lib/python3.12/site-packages/airflow/example_dags/example_latest_only_with_trigger.py
[2025-10-25T21:44:32.587+0000] {processor.py:914} INFO - Processing file /Users/komidoveneymissiamenou/Documents/Master 1 DIT/DataEnge/spark_airflow/airflow_env/lib/python3.12/site-packages/airflow/example_dags/example_latest_only_with_trigger.py for tasks to queue
[2025-10-25T21:44:32.588+0000] {logging_mixin.py:190} INFO - [2025-10-25T21:44:32.588+0000] {dagbag.py:588} INFO - Filling up the DagBag from /Users/komidoveneymissiamenou/Documents/Master 1 DIT/DataEnge/spark_airflow/airflow_env/lib/python3.12/site-packages/airflow/example_dags/example_latest_only_with_trigger.py
[2025-10-25T21:44:32.595+0000] {processor.py:925} INFO - DAG(s) 'latest_only_with_trigger' retrieved from /Users/komidoveneymissiamenou/Documents/Master 1 DIT/DataEnge/spark_airflow/airflow_env/lib/python3.12/site-packages/airflow/example_dags/example_latest_only_with_trigger.py
[2025-10-25T21:44:32.643+0000] {logging_mixin.py:190} INFO - [2025-10-25T21:44:32.643+0000] {dag.py:3239} INFO - Sync 1 DAGs
[2025-10-25T21:44:32.650+0000] {logging_mixin.py:190} INFO - [2025-10-25T21:44:32.650+0000] {dag.py:4180} INFO - Setting next_dagrun for latest_only_with_trigger to 2025-10-25 16:00:00+00:00, run_after=2025-10-25 20:00:00+00:00
[2025-10-25T21:44:32.659+0000] {processor.py:208} INFO - Processing /Users/komidoveneymissiamenou/Documents/Master 1 DIT/DataEnge/spark_airflow/airflow_env/lib/python3.12/site-packages/airflow/example_dags/example_latest_only_with_trigger.py took 0.074 seconds
[2025-10-25T21:47:35.750+0000] {processor.py:186} INFO - Started process (PID=39216) to work on /Users/komidoveneymissiamenou/Documents/Master 1 DIT/DataEnge/spark_airflow/airflow_env/lib/python3.12/site-packages/airflow/example_dags/example_latest_only_with_trigger.py
[2025-10-25T21:47:35.757+0000] {processor.py:914} INFO - Processing file /Users/komidoveneymissiamenou/Documents/Master 1 DIT/DataEnge/spark_airflow/airflow_env/lib/python3.12/site-packages/airflow/example_dags/example_latest_only_with_trigger.py for tasks to queue
[2025-10-25T21:47:35.761+0000] {logging_mixin.py:190} INFO - [2025-10-25T21:47:35.760+0000] {dagbag.py:588} INFO - Filling up the DagBag from /Users/komidoveneymissiamenou/Documents/Master 1 DIT/DataEnge/spark_airflow/airflow_env/lib/python3.12/site-packages/airflow/example_dags/example_latest_only_with_trigger.py
[2025-10-25T21:47:35.787+0000] {processor.py:925} INFO - DAG(s) 'latest_only_with_trigger' retrieved from /Users/komidoveneymissiamenou/Documents/Master 1 DIT/DataEnge/spark_airflow/airflow_env/lib/python3.12/site-packages/airflow/example_dags/example_latest_only_with_trigger.py
[2025-10-25T21:47:36.006+0000] {logging_mixin.py:190} INFO - [2025-10-25T21:47:36.005+0000] {dag.py:3239} INFO - Sync 1 DAGs
[2025-10-25T21:47:36.033+0000] {logging_mixin.py:190} INFO - [2025-10-25T21:47:36.033+0000] {dag.py:4180} INFO - Setting next_dagrun for latest_only_with_trigger to 2025-10-25 16:00:00+00:00, run_after=2025-10-25 20:00:00+00:00
[2025-10-25T21:47:36.483+0000] {processor.py:208} INFO - Processing /Users/komidoveneymissiamenou/Documents/Master 1 DIT/DataEnge/spark_airflow/airflow_env/lib/python3.12/site-packages/airflow/example_dags/example_latest_only_with_trigger.py took 0.743 seconds
[2025-10-25T21:49:57.032+0000] {processor.py:186} INFO - Started process (PID=42998) to work on /Users/komidoveneymissiamenou/Documents/Master 1 DIT/DataEnge/spark_airflow/airflow_env/lib/python3.12/site-packages/airflow/example_dags/example_latest_only_with_trigger.py
[2025-10-25T21:49:57.032+0000] {processor.py:914} INFO - Processing file /Users/komidoveneymissiamenou/Documents/Master 1 DIT/DataEnge/spark_airflow/airflow_env/lib/python3.12/site-packages/airflow/example_dags/example_latest_only_with_trigger.py for tasks to queue
[2025-10-25T21:49:57.033+0000] {logging_mixin.py:190} INFO - [2025-10-25T21:49:57.033+0000] {dagbag.py:588} INFO - Filling up the DagBag from /Users/komidoveneymissiamenou/Documents/Master 1 DIT/DataEnge/spark_airflow/airflow_env/lib/python3.12/site-packages/airflow/example_dags/example_latest_only_with_trigger.py
[2025-10-25T21:49:57.041+0000] {processor.py:925} INFO - DAG(s) 'latest_only_with_trigger' retrieved from /Users/komidoveneymissiamenou/Documents/Master 1 DIT/DataEnge/spark_airflow/airflow_env/lib/python3.12/site-packages/airflow/example_dags/example_latest_only_with_trigger.py
[2025-10-25T21:49:57.090+0000] {logging_mixin.py:190} INFO - [2025-10-25T21:49:57.089+0000] {dag.py:3239} INFO - Sync 1 DAGs
[2025-10-25T21:49:57.106+0000] {logging_mixin.py:190} INFO - [2025-10-25T21:49:57.106+0000] {dag.py:4180} INFO - Setting next_dagrun for latest_only_with_trigger to 2025-10-25 16:00:00+00:00, run_after=2025-10-25 20:00:00+00:00
[2025-10-25T21:49:57.122+0000] {processor.py:208} INFO - Processing /Users/komidoveneymissiamenou/Documents/Master 1 DIT/DataEnge/spark_airflow/airflow_env/lib/python3.12/site-packages/airflow/example_dags/example_latest_only_with_trigger.py took 0.092 seconds
[2025-10-25T21:52:02.978+0000] {processor.py:186} INFO - Started process (PID=45067) to work on /Users/komidoveneymissiamenou/Documents/Master 1 DIT/DataEnge/spark_airflow/airflow_env/lib/python3.12/site-packages/airflow/example_dags/example_latest_only_with_trigger.py
[2025-10-25T21:52:02.979+0000] {processor.py:914} INFO - Processing file /Users/komidoveneymissiamenou/Documents/Master 1 DIT/DataEnge/spark_airflow/airflow_env/lib/python3.12/site-packages/airflow/example_dags/example_latest_only_with_trigger.py for tasks to queue
[2025-10-25T21:52:02.979+0000] {logging_mixin.py:190} INFO - [2025-10-25T21:52:02.979+0000] {dagbag.py:588} INFO - Filling up the DagBag from /Users/komidoveneymissiamenou/Documents/Master 1 DIT/DataEnge/spark_airflow/airflow_env/lib/python3.12/site-packages/airflow/example_dags/example_latest_only_with_trigger.py
[2025-10-25T21:52:02.986+0000] {processor.py:925} INFO - DAG(s) 'latest_only_with_trigger' retrieved from /Users/komidoveneymissiamenou/Documents/Master 1 DIT/DataEnge/spark_airflow/airflow_env/lib/python3.12/site-packages/airflow/example_dags/example_latest_only_with_trigger.py
[2025-10-25T21:52:03.027+0000] {logging_mixin.py:190} INFO - [2025-10-25T21:52:03.027+0000] {dag.py:3239} INFO - Sync 1 DAGs
[2025-10-25T21:52:03.035+0000] {logging_mixin.py:190} INFO - [2025-10-25T21:52:03.035+0000] {dag.py:4180} INFO - Setting next_dagrun for latest_only_with_trigger to 2025-10-25 16:00:00+00:00, run_after=2025-10-25 20:00:00+00:00
[2025-10-25T21:52:03.043+0000] {processor.py:208} INFO - Processing /Users/komidoveneymissiamenou/Documents/Master 1 DIT/DataEnge/spark_airflow/airflow_env/lib/python3.12/site-packages/airflow/example_dags/example_latest_only_with_trigger.py took 0.068 seconds
[2025-10-25T21:55:38.014+0000] {processor.py:186} INFO - Started process (PID=49493) to work on /Users/komidoveneymissiamenou/Documents/Master 1 DIT/DataEnge/spark_airflow/airflow_env/lib/python3.12/site-packages/airflow/example_dags/example_latest_only_with_trigger.py
[2025-10-25T21:55:38.014+0000] {processor.py:914} INFO - Processing file /Users/komidoveneymissiamenou/Documents/Master 1 DIT/DataEnge/spark_airflow/airflow_env/lib/python3.12/site-packages/airflow/example_dags/example_latest_only_with_trigger.py for tasks to queue
[2025-10-25T21:55:38.015+0000] {logging_mixin.py:190} INFO - [2025-10-25T21:55:38.014+0000] {dagbag.py:588} INFO - Filling up the DagBag from /Users/komidoveneymissiamenou/Documents/Master 1 DIT/DataEnge/spark_airflow/airflow_env/lib/python3.12/site-packages/airflow/example_dags/example_latest_only_with_trigger.py
[2025-10-25T21:55:38.019+0000] {processor.py:925} INFO - DAG(s) 'latest_only_with_trigger' retrieved from /Users/komidoveneymissiamenou/Documents/Master 1 DIT/DataEnge/spark_airflow/airflow_env/lib/python3.12/site-packages/airflow/example_dags/example_latest_only_with_trigger.py
[2025-10-25T21:55:38.058+0000] {logging_mixin.py:190} INFO - [2025-10-25T21:55:38.057+0000] {dag.py:3239} INFO - Sync 1 DAGs
[2025-10-25T21:55:38.065+0000] {logging_mixin.py:190} INFO - [2025-10-25T21:55:38.065+0000] {dag.py:4180} INFO - Setting next_dagrun for latest_only_with_trigger to 2025-10-25 16:00:00+00:00, run_after=2025-10-25 20:00:00+00:00
[2025-10-25T21:55:38.073+0000] {processor.py:208} INFO - Processing /Users/komidoveneymissiamenou/Documents/Master 1 DIT/DataEnge/spark_airflow/airflow_env/lib/python3.12/site-packages/airflow/example_dags/example_latest_only_with_trigger.py took 0.061 seconds
[2025-10-25T21:57:36.427+0000] {processor.py:186} INFO - Started process (PID=50887) to work on /Users/komidoveneymissiamenou/Documents/Master 1 DIT/DataEnge/spark_airflow/airflow_env/lib/python3.12/site-packages/airflow/example_dags/example_latest_only_with_trigger.py
[2025-10-25T21:57:36.428+0000] {processor.py:914} INFO - Processing file /Users/komidoveneymissiamenou/Documents/Master 1 DIT/DataEnge/spark_airflow/airflow_env/lib/python3.12/site-packages/airflow/example_dags/example_latest_only_with_trigger.py for tasks to queue
[2025-10-25T21:57:36.428+0000] {logging_mixin.py:190} INFO - [2025-10-25T21:57:36.428+0000] {dagbag.py:588} INFO - Filling up the DagBag from /Users/komidoveneymissiamenou/Documents/Master 1 DIT/DataEnge/spark_airflow/airflow_env/lib/python3.12/site-packages/airflow/example_dags/example_latest_only_with_trigger.py
[2025-10-25T21:57:36.432+0000] {processor.py:925} INFO - DAG(s) 'latest_only_with_trigger' retrieved from /Users/komidoveneymissiamenou/Documents/Master 1 DIT/DataEnge/spark_airflow/airflow_env/lib/python3.12/site-packages/airflow/example_dags/example_latest_only_with_trigger.py
[2025-10-25T21:57:36.469+0000] {logging_mixin.py:190} INFO - [2025-10-25T21:57:36.469+0000] {dag.py:3239} INFO - Sync 1 DAGs
[2025-10-25T21:57:36.476+0000] {logging_mixin.py:190} INFO - [2025-10-25T21:57:36.475+0000] {dag.py:4180} INFO - Setting next_dagrun for latest_only_with_trigger to 2025-10-25 16:00:00+00:00, run_after=2025-10-25 20:00:00+00:00
[2025-10-25T21:57:36.483+0000] {processor.py:208} INFO - Processing /Users/komidoveneymissiamenou/Documents/Master 1 DIT/DataEnge/spark_airflow/airflow_env/lib/python3.12/site-packages/airflow/example_dags/example_latest_only_with_trigger.py took 0.058 seconds
