[2025-10-25T21:40:22.516+0000] {processor.py:186} INFO - Started process (PID=33260) to work on /Users/komidoveneymissiamenou/Documents/Master 1 DIT/DataEnge/spark_airflow/airflow_env/lib/python3.12/site-packages/airflow/example_dags/example_dataset_alias_with_no_taskflow.py
[2025-10-25T21:40:22.517+0000] {processor.py:914} INFO - Processing file /Users/komidoveneymissiamenou/Documents/Master 1 DIT/DataEnge/spark_airflow/airflow_env/lib/python3.12/site-packages/airflow/example_dags/example_dataset_alias_with_no_taskflow.py for tasks to queue
[2025-10-25T21:40:22.517+0000] {logging_mixin.py:190} INFO - [2025-10-25T21:40:22.517+0000] {dagbag.py:588} INFO - Filling up the DagBag from /Users/komidoveneymissiamenou/Documents/Master 1 DIT/DataEnge/spark_airflow/airflow_env/lib/python3.12/site-packages/airflow/example_dags/example_dataset_alias_with_no_taskflow.py
[2025-10-25T21:40:22.578+0000] {processor.py:925} INFO - DAG(s) 'dataset_alias_example_alias_consumer_with_no_taskflow', 'dataset_s3_bucket_consumer_with_no_taskflow', 'dataset_s3_bucket_producer_with_no_taskflow', 'dataset_alias_example_alias_producer_with_no_taskflow' retrieved from /Users/komidoveneymissiamenou/Documents/Master 1 DIT/DataEnge/spark_airflow/airflow_env/lib/python3.12/site-packages/airflow/example_dags/example_dataset_alias_with_no_taskflow.py
[2025-10-25T21:40:22.652+0000] {logging_mixin.py:190} INFO - [2025-10-25T21:40:22.651+0000] {override.py:1900} INFO - Created Permission View: can read on DAG:dataset_alias_example_alias_consumer_with_no_taskflow
[2025-10-25T21:40:22.655+0000] {logging_mixin.py:190} INFO - [2025-10-25T21:40:22.655+0000] {override.py:1900} INFO - Created Permission View: can edit on DAG:dataset_alias_example_alias_consumer_with_no_taskflow
[2025-10-25T21:40:22.658+0000] {logging_mixin.py:190} INFO - [2025-10-25T21:40:22.658+0000] {override.py:1900} INFO - Created Permission View: can delete on DAG:dataset_alias_example_alias_consumer_with_no_taskflow
[2025-10-25T21:40:22.661+0000] {logging_mixin.py:190} INFO - [2025-10-25T21:40:22.661+0000] {override.py:1900} INFO - Created Permission View: can read on DAG Run:dataset_alias_example_alias_consumer_with_no_taskflow
[2025-10-25T21:40:22.664+0000] {logging_mixin.py:190} INFO - [2025-10-25T21:40:22.664+0000] {override.py:1900} INFO - Created Permission View: menu access on DAG Run:dataset_alias_example_alias_consumer_with_no_taskflow
[2025-10-25T21:40:22.666+0000] {logging_mixin.py:190} INFO - [2025-10-25T21:40:22.666+0000] {override.py:1900} INFO - Created Permission View: can create on DAG Run:dataset_alias_example_alias_consumer_with_no_taskflow
[2025-10-25T21:40:22.669+0000] {logging_mixin.py:190} INFO - [2025-10-25T21:40:22.669+0000] {override.py:1900} INFO - Created Permission View: can delete on DAG Run:dataset_alias_example_alias_consumer_with_no_taskflow
[2025-10-25T21:40:22.673+0000] {logging_mixin.py:190} INFO - [2025-10-25T21:40:22.673+0000] {override.py:1900} INFO - Created Permission View: can read on DAG:dataset_s3_bucket_consumer_with_no_taskflow
[2025-10-25T21:40:22.675+0000] {logging_mixin.py:190} INFO - [2025-10-25T21:40:22.675+0000] {override.py:1900} INFO - Created Permission View: can edit on DAG:dataset_s3_bucket_consumer_with_no_taskflow
[2025-10-25T21:40:22.677+0000] {logging_mixin.py:190} INFO - [2025-10-25T21:40:22.677+0000] {override.py:1900} INFO - Created Permission View: can delete on DAG:dataset_s3_bucket_consumer_with_no_taskflow
[2025-10-25T21:40:22.680+0000] {logging_mixin.py:190} INFO - [2025-10-25T21:40:22.680+0000] {override.py:1900} INFO - Created Permission View: can read on DAG Run:dataset_s3_bucket_consumer_with_no_taskflow
[2025-10-25T21:40:22.682+0000] {logging_mixin.py:190} INFO - [2025-10-25T21:40:22.682+0000] {override.py:1900} INFO - Created Permission View: menu access on DAG Run:dataset_s3_bucket_consumer_with_no_taskflow
[2025-10-25T21:40:22.684+0000] {logging_mixin.py:190} INFO - [2025-10-25T21:40:22.684+0000] {override.py:1900} INFO - Created Permission View: can create on DAG Run:dataset_s3_bucket_consumer_with_no_taskflow
[2025-10-25T21:40:22.686+0000] {logging_mixin.py:190} INFO - [2025-10-25T21:40:22.686+0000] {override.py:1900} INFO - Created Permission View: can delete on DAG Run:dataset_s3_bucket_consumer_with_no_taskflow
[2025-10-25T21:40:22.690+0000] {logging_mixin.py:190} INFO - [2025-10-25T21:40:22.690+0000] {override.py:1900} INFO - Created Permission View: can read on DAG:dataset_s3_bucket_producer_with_no_taskflow
[2025-10-25T21:40:22.692+0000] {logging_mixin.py:190} INFO - [2025-10-25T21:40:22.692+0000] {override.py:1900} INFO - Created Permission View: can edit on DAG:dataset_s3_bucket_producer_with_no_taskflow
[2025-10-25T21:40:22.694+0000] {logging_mixin.py:190} INFO - [2025-10-25T21:40:22.694+0000] {override.py:1900} INFO - Created Permission View: can delete on DAG:dataset_s3_bucket_producer_with_no_taskflow
[2025-10-25T21:40:22.697+0000] {logging_mixin.py:190} INFO - [2025-10-25T21:40:22.697+0000] {override.py:1900} INFO - Created Permission View: can read on DAG Run:dataset_s3_bucket_producer_with_no_taskflow
[2025-10-25T21:40:22.699+0000] {logging_mixin.py:190} INFO - [2025-10-25T21:40:22.698+0000] {override.py:1900} INFO - Created Permission View: menu access on DAG Run:dataset_s3_bucket_producer_with_no_taskflow
[2025-10-25T21:40:22.700+0000] {logging_mixin.py:190} INFO - [2025-10-25T21:40:22.700+0000] {override.py:1900} INFO - Created Permission View: can create on DAG Run:dataset_s3_bucket_producer_with_no_taskflow
[2025-10-25T21:40:22.702+0000] {logging_mixin.py:190} INFO - [2025-10-25T21:40:22.702+0000] {override.py:1900} INFO - Created Permission View: can delete on DAG Run:dataset_s3_bucket_producer_with_no_taskflow
[2025-10-25T21:40:22.708+0000] {logging_mixin.py:190} INFO - [2025-10-25T21:40:22.708+0000] {override.py:1900} INFO - Created Permission View: can read on DAG:dataset_alias_example_alias_producer_with_no_taskflow
[2025-10-25T21:40:22.710+0000] {logging_mixin.py:190} INFO - [2025-10-25T21:40:22.710+0000] {override.py:1900} INFO - Created Permission View: can edit on DAG:dataset_alias_example_alias_producer_with_no_taskflow
[2025-10-25T21:40:22.712+0000] {logging_mixin.py:190} INFO - [2025-10-25T21:40:22.712+0000] {override.py:1900} INFO - Created Permission View: can delete on DAG:dataset_alias_example_alias_producer_with_no_taskflow
[2025-10-25T21:40:22.715+0000] {logging_mixin.py:190} INFO - [2025-10-25T21:40:22.715+0000] {override.py:1900} INFO - Created Permission View: can read on DAG Run:dataset_alias_example_alias_producer_with_no_taskflow
[2025-10-25T21:40:22.717+0000] {logging_mixin.py:190} INFO - [2025-10-25T21:40:22.717+0000] {override.py:1900} INFO - Created Permission View: menu access on DAG Run:dataset_alias_example_alias_producer_with_no_taskflow
[2025-10-25T21:40:22.719+0000] {logging_mixin.py:190} INFO - [2025-10-25T21:40:22.719+0000] {override.py:1900} INFO - Created Permission View: can create on DAG Run:dataset_alias_example_alias_producer_with_no_taskflow
[2025-10-25T21:40:22.721+0000] {logging_mixin.py:190} INFO - [2025-10-25T21:40:22.720+0000] {override.py:1900} INFO - Created Permission View: can delete on DAG Run:dataset_alias_example_alias_producer_with_no_taskflow
[2025-10-25T21:40:22.721+0000] {logging_mixin.py:190} INFO - [2025-10-25T21:40:22.721+0000] {dag.py:3239} INFO - Sync 4 DAGs
[2025-10-25T21:40:22.725+0000] {logging_mixin.py:190} INFO - [2025-10-25T21:40:22.725+0000] {dag.py:3262} INFO - Creating ORM DAG for dataset_s3_bucket_consumer_with_no_taskflow
[2025-10-25T21:40:22.725+0000] {logging_mixin.py:190} INFO - [2025-10-25T21:40:22.725+0000] {dag.py:3262} INFO - Creating ORM DAG for dataset_alias_example_alias_consumer_with_no_taskflow
[2025-10-25T21:40:22.725+0000] {logging_mixin.py:190} INFO - [2025-10-25T21:40:22.725+0000] {dag.py:3262} INFO - Creating ORM DAG for dataset_s3_bucket_producer_with_no_taskflow
[2025-10-25T21:40:22.725+0000] {logging_mixin.py:190} INFO - [2025-10-25T21:40:22.725+0000] {dag.py:3262} INFO - Creating ORM DAG for dataset_alias_example_alias_producer_with_no_taskflow
[2025-10-25T21:40:22.728+0000] {logging_mixin.py:190} INFO - [2025-10-25T21:40:22.728+0000] {dag.py:4180} INFO - Setting next_dagrun for dataset_alias_example_alias_consumer_with_no_taskflow to None, run_after=None
[2025-10-25T21:40:22.728+0000] {logging_mixin.py:190} INFO - [2025-10-25T21:40:22.728+0000] {dag.py:4180} INFO - Setting next_dagrun for dataset_alias_example_alias_producer_with_no_taskflow to None, run_after=None
[2025-10-25T21:40:22.729+0000] {logging_mixin.py:190} INFO - [2025-10-25T21:40:22.729+0000] {dag.py:4180} INFO - Setting next_dagrun for dataset_s3_bucket_consumer_with_no_taskflow to None, run_after=None
[2025-10-25T21:40:22.729+0000] {logging_mixin.py:190} INFO - [2025-10-25T21:40:22.729+0000] {dag.py:4180} INFO - Setting next_dagrun for dataset_s3_bucket_producer_with_no_taskflow to None, run_after=None
[2025-10-25T21:40:22.734+0000] {logging_mixin.py:190} INFO - [2025-10-25T21:40:22.734+0000] {workday.py:41} WARNING - Could not import pandas. Holidays will not be considered.
[2025-10-25T21:40:22.741+0000] {processor.py:208} INFO - Processing /Users/komidoveneymissiamenou/Documents/Master 1 DIT/DataEnge/spark_airflow/airflow_env/lib/python3.12/site-packages/airflow/example_dags/example_dataset_alias_with_no_taskflow.py took 0.226 seconds
[2025-10-25T21:42:14.199+0000] {processor.py:186} INFO - Started process (PID=34663) to work on /Users/komidoveneymissiamenou/Documents/Master 1 DIT/DataEnge/spark_airflow/airflow_env/lib/python3.12/site-packages/airflow/example_dags/example_dataset_alias_with_no_taskflow.py
[2025-10-25T21:42:14.200+0000] {processor.py:914} INFO - Processing file /Users/komidoveneymissiamenou/Documents/Master 1 DIT/DataEnge/spark_airflow/airflow_env/lib/python3.12/site-packages/airflow/example_dags/example_dataset_alias_with_no_taskflow.py for tasks to queue
[2025-10-25T21:42:14.200+0000] {logging_mixin.py:190} INFO - [2025-10-25T21:42:14.200+0000] {dagbag.py:588} INFO - Filling up the DagBag from /Users/komidoveneymissiamenou/Documents/Master 1 DIT/DataEnge/spark_airflow/airflow_env/lib/python3.12/site-packages/airflow/example_dags/example_dataset_alias_with_no_taskflow.py
[2025-10-25T21:42:14.282+0000] {processor.py:925} INFO - DAG(s) 'dataset_alias_example_alias_consumer_with_no_taskflow', 'dataset_s3_bucket_consumer_with_no_taskflow', 'dataset_s3_bucket_producer_with_no_taskflow', 'dataset_alias_example_alias_producer_with_no_taskflow' retrieved from /Users/komidoveneymissiamenou/Documents/Master 1 DIT/DataEnge/spark_airflow/airflow_env/lib/python3.12/site-packages/airflow/example_dags/example_dataset_alias_with_no_taskflow.py
[2025-10-25T21:42:14.293+0000] {logging_mixin.py:190} INFO - [2025-10-25T21:42:14.293+0000] {dag.py:3239} INFO - Sync 4 DAGs
[2025-10-25T21:42:14.300+0000] {logging_mixin.py:190} INFO - [2025-10-25T21:42:14.300+0000] {dag.py:4180} INFO - Setting next_dagrun for dataset_alias_example_alias_consumer_with_no_taskflow to None, run_after=None
[2025-10-25T21:42:14.301+0000] {logging_mixin.py:190} INFO - [2025-10-25T21:42:14.301+0000] {dag.py:4180} INFO - Setting next_dagrun for dataset_alias_example_alias_producer_with_no_taskflow to None, run_after=None
[2025-10-25T21:42:14.301+0000] {logging_mixin.py:190} INFO - [2025-10-25T21:42:14.301+0000] {dag.py:4180} INFO - Setting next_dagrun for dataset_s3_bucket_consumer_with_no_taskflow to None, run_after=None
[2025-10-25T21:42:14.301+0000] {logging_mixin.py:190} INFO - [2025-10-25T21:42:14.301+0000] {dag.py:4180} INFO - Setting next_dagrun for dataset_s3_bucket_producer_with_no_taskflow to None, run_after=None
[2025-10-25T21:42:14.309+0000] {processor.py:208} INFO - Processing /Users/komidoveneymissiamenou/Documents/Master 1 DIT/DataEnge/spark_airflow/airflow_env/lib/python3.12/site-packages/airflow/example_dags/example_dataset_alias_with_no_taskflow.py took 0.112 seconds
[2025-10-25T21:44:50.919+0000] {processor.py:186} INFO - Started process (PID=36540) to work on /Users/komidoveneymissiamenou/Documents/Master 1 DIT/DataEnge/spark_airflow/airflow_env/lib/python3.12/site-packages/airflow/example_dags/example_dataset_alias_with_no_taskflow.py
[2025-10-25T21:44:50.920+0000] {processor.py:914} INFO - Processing file /Users/komidoveneymissiamenou/Documents/Master 1 DIT/DataEnge/spark_airflow/airflow_env/lib/python3.12/site-packages/airflow/example_dags/example_dataset_alias_with_no_taskflow.py for tasks to queue
[2025-10-25T21:44:50.921+0000] {logging_mixin.py:190} INFO - [2025-10-25T21:44:50.920+0000] {dagbag.py:588} INFO - Filling up the DagBag from /Users/komidoveneymissiamenou/Documents/Master 1 DIT/DataEnge/spark_airflow/airflow_env/lib/python3.12/site-packages/airflow/example_dags/example_dataset_alias_with_no_taskflow.py
[2025-10-25T21:44:51.003+0000] {processor.py:925} INFO - DAG(s) 'dataset_alias_example_alias_consumer_with_no_taskflow', 'dataset_s3_bucket_producer_with_no_taskflow', 'dataset_alias_example_alias_producer_with_no_taskflow', 'dataset_s3_bucket_consumer_with_no_taskflow' retrieved from /Users/komidoveneymissiamenou/Documents/Master 1 DIT/DataEnge/spark_airflow/airflow_env/lib/python3.12/site-packages/airflow/example_dags/example_dataset_alias_with_no_taskflow.py
[2025-10-25T21:44:51.014+0000] {logging_mixin.py:190} INFO - [2025-10-25T21:44:51.014+0000] {dag.py:3239} INFO - Sync 4 DAGs
[2025-10-25T21:44:51.021+0000] {logging_mixin.py:190} INFO - [2025-10-25T21:44:51.021+0000] {dag.py:4180} INFO - Setting next_dagrun for dataset_alias_example_alias_consumer_with_no_taskflow to None, run_after=None
[2025-10-25T21:44:51.022+0000] {logging_mixin.py:190} INFO - [2025-10-25T21:44:51.022+0000] {dag.py:4180} INFO - Setting next_dagrun for dataset_alias_example_alias_producer_with_no_taskflow to None, run_after=None
[2025-10-25T21:44:51.022+0000] {logging_mixin.py:190} INFO - [2025-10-25T21:44:51.022+0000] {dag.py:4180} INFO - Setting next_dagrun for dataset_s3_bucket_consumer_with_no_taskflow to None, run_after=None
[2025-10-25T21:44:51.022+0000] {logging_mixin.py:190} INFO - [2025-10-25T21:44:51.022+0000] {dag.py:4180} INFO - Setting next_dagrun for dataset_s3_bucket_producer_with_no_taskflow to None, run_after=None
[2025-10-25T21:44:51.030+0000] {processor.py:208} INFO - Processing /Users/komidoveneymissiamenou/Documents/Master 1 DIT/DataEnge/spark_airflow/airflow_env/lib/python3.12/site-packages/airflow/example_dags/example_dataset_alias_with_no_taskflow.py took 0.114 seconds
[2025-10-25T21:47:54.490+0000] {processor.py:186} INFO - Started process (PID=39642) to work on /Users/komidoveneymissiamenou/Documents/Master 1 DIT/DataEnge/spark_airflow/airflow_env/lib/python3.12/site-packages/airflow/example_dags/example_dataset_alias_with_no_taskflow.py
[2025-10-25T21:47:54.491+0000] {processor.py:914} INFO - Processing file /Users/komidoveneymissiamenou/Documents/Master 1 DIT/DataEnge/spark_airflow/airflow_env/lib/python3.12/site-packages/airflow/example_dags/example_dataset_alias_with_no_taskflow.py for tasks to queue
[2025-10-25T21:47:54.492+0000] {logging_mixin.py:190} INFO - [2025-10-25T21:47:54.492+0000] {dagbag.py:588} INFO - Filling up the DagBag from /Users/komidoveneymissiamenou/Documents/Master 1 DIT/DataEnge/spark_airflow/airflow_env/lib/python3.12/site-packages/airflow/example_dags/example_dataset_alias_with_no_taskflow.py
[2025-10-25T21:47:54.580+0000] {processor.py:925} INFO - DAG(s) 'dataset_alias_example_alias_consumer_with_no_taskflow', 'dataset_s3_bucket_consumer_with_no_taskflow', 'dataset_alias_example_alias_producer_with_no_taskflow', 'dataset_s3_bucket_producer_with_no_taskflow' retrieved from /Users/komidoveneymissiamenou/Documents/Master 1 DIT/DataEnge/spark_airflow/airflow_env/lib/python3.12/site-packages/airflow/example_dags/example_dataset_alias_with_no_taskflow.py
[2025-10-25T21:47:54.590+0000] {logging_mixin.py:190} INFO - [2025-10-25T21:47:54.590+0000] {dag.py:3239} INFO - Sync 4 DAGs
[2025-10-25T21:47:54.597+0000] {logging_mixin.py:190} INFO - [2025-10-25T21:47:54.597+0000] {dag.py:4180} INFO - Setting next_dagrun for dataset_alias_example_alias_consumer_with_no_taskflow to None, run_after=None
[2025-10-25T21:47:54.598+0000] {logging_mixin.py:190} INFO - [2025-10-25T21:47:54.598+0000] {dag.py:4180} INFO - Setting next_dagrun for dataset_alias_example_alias_producer_with_no_taskflow to None, run_after=None
[2025-10-25T21:47:54.598+0000] {logging_mixin.py:190} INFO - [2025-10-25T21:47:54.598+0000] {dag.py:4180} INFO - Setting next_dagrun for dataset_s3_bucket_consumer_with_no_taskflow to None, run_after=None
[2025-10-25T21:47:54.598+0000] {logging_mixin.py:190} INFO - [2025-10-25T21:47:54.598+0000] {dag.py:4180} INFO - Setting next_dagrun for dataset_s3_bucket_producer_with_no_taskflow to None, run_after=None
[2025-10-25T21:47:54.607+0000] {processor.py:208} INFO - Processing /Users/komidoveneymissiamenou/Documents/Master 1 DIT/DataEnge/spark_airflow/airflow_env/lib/python3.12/site-packages/airflow/example_dags/example_dataset_alias_with_no_taskflow.py took 0.118 seconds
[2025-10-25T21:50:16.307+0000] {processor.py:186} INFO - Started process (PID=43460) to work on /Users/komidoveneymissiamenou/Documents/Master 1 DIT/DataEnge/spark_airflow/airflow_env/lib/python3.12/site-packages/airflow/example_dags/example_dataset_alias_with_no_taskflow.py
[2025-10-25T21:50:16.308+0000] {processor.py:914} INFO - Processing file /Users/komidoveneymissiamenou/Documents/Master 1 DIT/DataEnge/spark_airflow/airflow_env/lib/python3.12/site-packages/airflow/example_dags/example_dataset_alias_with_no_taskflow.py for tasks to queue
[2025-10-25T21:50:16.308+0000] {logging_mixin.py:190} INFO - [2025-10-25T21:50:16.308+0000] {dagbag.py:588} INFO - Filling up the DagBag from /Users/komidoveneymissiamenou/Documents/Master 1 DIT/DataEnge/spark_airflow/airflow_env/lib/python3.12/site-packages/airflow/example_dags/example_dataset_alias_with_no_taskflow.py
[2025-10-25T21:50:16.374+0000] {processor.py:925} INFO - DAG(s) 'dataset_s3_bucket_consumer_with_no_taskflow', 'dataset_alias_example_alias_consumer_with_no_taskflow', 'dataset_s3_bucket_producer_with_no_taskflow', 'dataset_alias_example_alias_producer_with_no_taskflow' retrieved from /Users/komidoveneymissiamenou/Documents/Master 1 DIT/DataEnge/spark_airflow/airflow_env/lib/python3.12/site-packages/airflow/example_dags/example_dataset_alias_with_no_taskflow.py
[2025-10-25T21:50:16.384+0000] {logging_mixin.py:190} INFO - [2025-10-25T21:50:16.384+0000] {dag.py:3239} INFO - Sync 4 DAGs
[2025-10-25T21:50:16.390+0000] {logging_mixin.py:190} INFO - [2025-10-25T21:50:16.390+0000] {dag.py:4180} INFO - Setting next_dagrun for dataset_alias_example_alias_consumer_with_no_taskflow to None, run_after=None
[2025-10-25T21:50:16.391+0000] {logging_mixin.py:190} INFO - [2025-10-25T21:50:16.391+0000] {dag.py:4180} INFO - Setting next_dagrun for dataset_alias_example_alias_producer_with_no_taskflow to None, run_after=None
[2025-10-25T21:50:16.391+0000] {logging_mixin.py:190} INFO - [2025-10-25T21:50:16.391+0000] {dag.py:4180} INFO - Setting next_dagrun for dataset_s3_bucket_consumer_with_no_taskflow to None, run_after=None
[2025-10-25T21:50:16.391+0000] {logging_mixin.py:190} INFO - [2025-10-25T21:50:16.391+0000] {dag.py:4180} INFO - Setting next_dagrun for dataset_s3_bucket_producer_with_no_taskflow to None, run_after=None
[2025-10-25T21:50:16.399+0000] {processor.py:208} INFO - Processing /Users/komidoveneymissiamenou/Documents/Master 1 DIT/DataEnge/spark_airflow/airflow_env/lib/python3.12/site-packages/airflow/example_dags/example_dataset_alias_with_no_taskflow.py took 0.094 seconds
[2025-10-25T21:53:21.010+0000] {processor.py:186} INFO - Started process (PID=46707) to work on /Users/komidoveneymissiamenou/Documents/Master 1 DIT/DataEnge/spark_airflow/airflow_env/lib/python3.12/site-packages/airflow/example_dags/example_dataset_alias_with_no_taskflow.py
[2025-10-25T21:53:21.011+0000] {processor.py:914} INFO - Processing file /Users/komidoveneymissiamenou/Documents/Master 1 DIT/DataEnge/spark_airflow/airflow_env/lib/python3.12/site-packages/airflow/example_dags/example_dataset_alias_with_no_taskflow.py for tasks to queue
[2025-10-25T21:53:21.011+0000] {logging_mixin.py:190} INFO - [2025-10-25T21:53:21.011+0000] {dagbag.py:588} INFO - Filling up the DagBag from /Users/komidoveneymissiamenou/Documents/Master 1 DIT/DataEnge/spark_airflow/airflow_env/lib/python3.12/site-packages/airflow/example_dags/example_dataset_alias_with_no_taskflow.py
[2025-10-25T21:53:21.070+0000] {processor.py:925} INFO - DAG(s) 'dataset_s3_bucket_consumer_with_no_taskflow', 'dataset_s3_bucket_producer_with_no_taskflow', 'dataset_alias_example_alias_producer_with_no_taskflow', 'dataset_alias_example_alias_consumer_with_no_taskflow' retrieved from /Users/komidoveneymissiamenou/Documents/Master 1 DIT/DataEnge/spark_airflow/airflow_env/lib/python3.12/site-packages/airflow/example_dags/example_dataset_alias_with_no_taskflow.py
[2025-10-25T21:53:21.081+0000] {logging_mixin.py:190} INFO - [2025-10-25T21:53:21.080+0000] {dag.py:3239} INFO - Sync 4 DAGs
[2025-10-25T21:53:21.088+0000] {logging_mixin.py:190} INFO - [2025-10-25T21:53:21.087+0000] {dag.py:4180} INFO - Setting next_dagrun for dataset_alias_example_alias_consumer_with_no_taskflow to None, run_after=None
[2025-10-25T21:53:21.088+0000] {logging_mixin.py:190} INFO - [2025-10-25T21:53:21.088+0000] {dag.py:4180} INFO - Setting next_dagrun for dataset_alias_example_alias_producer_with_no_taskflow to None, run_after=None
[2025-10-25T21:53:21.089+0000] {logging_mixin.py:190} INFO - [2025-10-25T21:53:21.089+0000] {dag.py:4180} INFO - Setting next_dagrun for dataset_s3_bucket_consumer_with_no_taskflow to None, run_after=None
[2025-10-25T21:53:21.089+0000] {logging_mixin.py:190} INFO - [2025-10-25T21:53:21.089+0000] {dag.py:4180} INFO - Setting next_dagrun for dataset_s3_bucket_producer_with_no_taskflow to None, run_after=None
[2025-10-25T21:53:21.096+0000] {processor.py:208} INFO - Processing /Users/komidoveneymissiamenou/Documents/Master 1 DIT/DataEnge/spark_airflow/airflow_env/lib/python3.12/site-packages/airflow/example_dags/example_dataset_alias_with_no_taskflow.py took 0.088 seconds
[2025-10-25T21:55:56.093+0000] {processor.py:186} INFO - Started process (PID=49696) to work on /Users/komidoveneymissiamenou/Documents/Master 1 DIT/DataEnge/spark_airflow/airflow_env/lib/python3.12/site-packages/airflow/example_dags/example_dataset_alias_with_no_taskflow.py
[2025-10-25T21:55:56.094+0000] {processor.py:914} INFO - Processing file /Users/komidoveneymissiamenou/Documents/Master 1 DIT/DataEnge/spark_airflow/airflow_env/lib/python3.12/site-packages/airflow/example_dags/example_dataset_alias_with_no_taskflow.py for tasks to queue
[2025-10-25T21:55:56.095+0000] {logging_mixin.py:190} INFO - [2025-10-25T21:55:56.095+0000] {dagbag.py:588} INFO - Filling up the DagBag from /Users/komidoveneymissiamenou/Documents/Master 1 DIT/DataEnge/spark_airflow/airflow_env/lib/python3.12/site-packages/airflow/example_dags/example_dataset_alias_with_no_taskflow.py
[2025-10-25T21:55:56.176+0000] {processor.py:925} INFO - DAG(s) 'dataset_s3_bucket_producer_with_no_taskflow', 'dataset_alias_example_alias_consumer_with_no_taskflow', 'dataset_alias_example_alias_producer_with_no_taskflow', 'dataset_s3_bucket_consumer_with_no_taskflow' retrieved from /Users/komidoveneymissiamenou/Documents/Master 1 DIT/DataEnge/spark_airflow/airflow_env/lib/python3.12/site-packages/airflow/example_dags/example_dataset_alias_with_no_taskflow.py
[2025-10-25T21:55:56.189+0000] {logging_mixin.py:190} INFO - [2025-10-25T21:55:56.189+0000] {dag.py:3239} INFO - Sync 4 DAGs
[2025-10-25T21:55:56.199+0000] {logging_mixin.py:190} INFO - [2025-10-25T21:55:56.199+0000] {dag.py:4180} INFO - Setting next_dagrun for dataset_alias_example_alias_consumer_with_no_taskflow to None, run_after=None
[2025-10-25T21:55:56.201+0000] {logging_mixin.py:190} INFO - [2025-10-25T21:55:56.201+0000] {dag.py:4180} INFO - Setting next_dagrun for dataset_alias_example_alias_producer_with_no_taskflow to None, run_after=None
[2025-10-25T21:55:56.203+0000] {logging_mixin.py:190} INFO - [2025-10-25T21:55:56.203+0000] {dag.py:4180} INFO - Setting next_dagrun for dataset_s3_bucket_consumer_with_no_taskflow to None, run_after=None
[2025-10-25T21:55:56.204+0000] {logging_mixin.py:190} INFO - [2025-10-25T21:55:56.204+0000] {dag.py:4180} INFO - Setting next_dagrun for dataset_s3_bucket_producer_with_no_taskflow to None, run_after=None
[2025-10-25T21:55:56.221+0000] {processor.py:208} INFO - Processing /Users/komidoveneymissiamenou/Documents/Master 1 DIT/DataEnge/spark_airflow/airflow_env/lib/python3.12/site-packages/airflow/example_dags/example_dataset_alias_with_no_taskflow.py took 0.131 seconds
[2025-10-25T21:58:50.910+0000] {processor.py:186} INFO - Started process (PID=51771) to work on /Users/komidoveneymissiamenou/Documents/Master 1 DIT/DataEnge/spark_airflow/airflow_env/lib/python3.12/site-packages/airflow/example_dags/example_dataset_alias_with_no_taskflow.py
[2025-10-25T21:58:50.911+0000] {processor.py:914} INFO - Processing file /Users/komidoveneymissiamenou/Documents/Master 1 DIT/DataEnge/spark_airflow/airflow_env/lib/python3.12/site-packages/airflow/example_dags/example_dataset_alias_with_no_taskflow.py for tasks to queue
[2025-10-25T21:58:50.911+0000] {logging_mixin.py:190} INFO - [2025-10-25T21:58:50.911+0000] {dagbag.py:588} INFO - Filling up the DagBag from /Users/komidoveneymissiamenou/Documents/Master 1 DIT/DataEnge/spark_airflow/airflow_env/lib/python3.12/site-packages/airflow/example_dags/example_dataset_alias_with_no_taskflow.py
[2025-10-25T21:58:50.972+0000] {processor.py:925} INFO - DAG(s) 'dataset_alias_example_alias_consumer_with_no_taskflow', 'dataset_s3_bucket_producer_with_no_taskflow', 'dataset_s3_bucket_consumer_with_no_taskflow', 'dataset_alias_example_alias_producer_with_no_taskflow' retrieved from /Users/komidoveneymissiamenou/Documents/Master 1 DIT/DataEnge/spark_airflow/airflow_env/lib/python3.12/site-packages/airflow/example_dags/example_dataset_alias_with_no_taskflow.py
[2025-10-25T21:58:50.982+0000] {logging_mixin.py:190} INFO - [2025-10-25T21:58:50.982+0000] {dag.py:3239} INFO - Sync 4 DAGs
[2025-10-25T21:58:50.988+0000] {logging_mixin.py:190} INFO - [2025-10-25T21:58:50.988+0000] {dag.py:4180} INFO - Setting next_dagrun for dataset_alias_example_alias_consumer_with_no_taskflow to None, run_after=None
[2025-10-25T21:58:50.989+0000] {logging_mixin.py:190} INFO - [2025-10-25T21:58:50.989+0000] {dag.py:4180} INFO - Setting next_dagrun for dataset_alias_example_alias_producer_with_no_taskflow to None, run_after=None
[2025-10-25T21:58:50.989+0000] {logging_mixin.py:190} INFO - [2025-10-25T21:58:50.989+0000] {dag.py:4180} INFO - Setting next_dagrun for dataset_s3_bucket_consumer_with_no_taskflow to None, run_after=None
[2025-10-25T21:58:50.989+0000] {logging_mixin.py:190} INFO - [2025-10-25T21:58:50.989+0000] {dag.py:4180} INFO - Setting next_dagrun for dataset_s3_bucket_producer_with_no_taskflow to None, run_after=None
[2025-10-25T21:58:50.998+0000] {processor.py:208} INFO - Processing /Users/komidoveneymissiamenou/Documents/Master 1 DIT/DataEnge/spark_airflow/airflow_env/lib/python3.12/site-packages/airflow/example_dags/example_dataset_alias_with_no_taskflow.py took 0.089 seconds
