[2025-10-25T21:40:49.169+0000] {processor.py:186} INFO - Started process (PID=33590) to work on /Users/komidoveneymissiamenou/Documents/Master 1 DIT/DataEnge/spark_airflow/airflow_env/lib/python3.12/site-packages/airflow/example_dags/example_bash_operator.py
[2025-10-25T21:40:49.169+0000] {processor.py:914} INFO - Processing file /Users/komidoveneymissiamenou/Documents/Master 1 DIT/DataEnge/spark_airflow/airflow_env/lib/python3.12/site-packages/airflow/example_dags/example_bash_operator.py for tasks to queue
[2025-10-25T21:40:49.170+0000] {logging_mixin.py:190} INFO - [2025-10-25T21:40:49.169+0000] {dagbag.py:588} INFO - Filling up the DagBag from /Users/komidoveneymissiamenou/Documents/Master 1 DIT/DataEnge/spark_airflow/airflow_env/lib/python3.12/site-packages/airflow/example_dags/example_bash_operator.py
[2025-10-25T21:40:49.175+0000] {processor.py:925} INFO - DAG(s) 'example_bash_operator' retrieved from /Users/komidoveneymissiamenou/Documents/Master 1 DIT/DataEnge/spark_airflow/airflow_env/lib/python3.12/site-packages/airflow/example_dags/example_bash_operator.py
[2025-10-25T21:40:49.254+0000] {logging_mixin.py:190} INFO - [2025-10-25T21:40:49.254+0000] {override.py:1900} INFO - Created Permission View: can delete on DAG:example_bash_operator
[2025-10-25T21:40:49.258+0000] {logging_mixin.py:190} INFO - [2025-10-25T21:40:49.258+0000] {override.py:1900} INFO - Created Permission View: can read on DAG:example_bash_operator
[2025-10-25T21:40:49.261+0000] {logging_mixin.py:190} INFO - [2025-10-25T21:40:49.261+0000] {override.py:1900} INFO - Created Permission View: can edit on DAG:example_bash_operator
[2025-10-25T21:40:49.264+0000] {logging_mixin.py:190} INFO - [2025-10-25T21:40:49.264+0000] {override.py:1900} INFO - Created Permission View: can create on DAG Run:example_bash_operator
[2025-10-25T21:40:49.267+0000] {logging_mixin.py:190} INFO - [2025-10-25T21:40:49.267+0000] {override.py:1900} INFO - Created Permission View: menu access on DAG Run:example_bash_operator
[2025-10-25T21:40:49.269+0000] {logging_mixin.py:190} INFO - [2025-10-25T21:40:49.269+0000] {override.py:1900} INFO - Created Permission View: can delete on DAG Run:example_bash_operator
[2025-10-25T21:40:49.272+0000] {logging_mixin.py:190} INFO - [2025-10-25T21:40:49.271+0000] {override.py:1900} INFO - Created Permission View: can read on DAG Run:example_bash_operator
[2025-10-25T21:40:49.272+0000] {logging_mixin.py:190} INFO - [2025-10-25T21:40:49.272+0000] {dag.py:3239} INFO - Sync 1 DAGs
[2025-10-25T21:40:49.313+0000] {logging_mixin.py:190} INFO - [2025-10-25T21:40:49.313+0000] {dag.py:3262} INFO - Creating ORM DAG for example_bash_operator
[2025-10-25T21:40:49.316+0000] {logging_mixin.py:190} INFO - [2025-10-25T21:40:49.316+0000] {dag.py:4180} INFO - Setting next_dagrun for example_bash_operator to 2025-10-24 00:00:00+00:00, run_after=2025-10-25 00:00:00+00:00
[2025-10-25T21:40:49.326+0000] {processor.py:208} INFO - Processing /Users/komidoveneymissiamenou/Documents/Master 1 DIT/DataEnge/spark_airflow/airflow_env/lib/python3.12/site-packages/airflow/example_dags/example_bash_operator.py took 0.159 seconds
[2025-10-25T21:43:23.808+0000] {processor.py:186} INFO - Started process (PID=35498) to work on /Users/komidoveneymissiamenou/Documents/Master 1 DIT/DataEnge/spark_airflow/airflow_env/lib/python3.12/site-packages/airflow/example_dags/example_bash_operator.py
[2025-10-25T21:43:23.809+0000] {processor.py:914} INFO - Processing file /Users/komidoveneymissiamenou/Documents/Master 1 DIT/DataEnge/spark_airflow/airflow_env/lib/python3.12/site-packages/airflow/example_dags/example_bash_operator.py for tasks to queue
[2025-10-25T21:43:23.809+0000] {logging_mixin.py:190} INFO - [2025-10-25T21:43:23.809+0000] {dagbag.py:588} INFO - Filling up the DagBag from /Users/komidoveneymissiamenou/Documents/Master 1 DIT/DataEnge/spark_airflow/airflow_env/lib/python3.12/site-packages/airflow/example_dags/example_bash_operator.py
[2025-10-25T21:43:23.817+0000] {processor.py:925} INFO - DAG(s) 'example_bash_operator' retrieved from /Users/komidoveneymissiamenou/Documents/Master 1 DIT/DataEnge/spark_airflow/airflow_env/lib/python3.12/site-packages/airflow/example_dags/example_bash_operator.py
[2025-10-25T21:43:23.859+0000] {logging_mixin.py:190} INFO - [2025-10-25T21:43:23.859+0000] {dag.py:3239} INFO - Sync 1 DAGs
[2025-10-25T21:43:23.866+0000] {logging_mixin.py:190} INFO - [2025-10-25T21:43:23.866+0000] {dag.py:4180} INFO - Setting next_dagrun for example_bash_operator to 2025-10-24 00:00:00+00:00, run_after=2025-10-25 00:00:00+00:00
[2025-10-25T21:43:23.873+0000] {processor.py:208} INFO - Processing /Users/komidoveneymissiamenou/Documents/Master 1 DIT/DataEnge/spark_airflow/airflow_env/lib/python3.12/site-packages/airflow/example_dags/example_bash_operator.py took 0.067 seconds
[2025-10-25T21:46:08.826+0000] {processor.py:186} INFO - Started process (PID=37893) to work on /Users/komidoveneymissiamenou/Documents/Master 1 DIT/DataEnge/spark_airflow/airflow_env/lib/python3.12/site-packages/airflow/example_dags/example_bash_operator.py
[2025-10-25T21:46:08.829+0000] {processor.py:914} INFO - Processing file /Users/komidoveneymissiamenou/Documents/Master 1 DIT/DataEnge/spark_airflow/airflow_env/lib/python3.12/site-packages/airflow/example_dags/example_bash_operator.py for tasks to queue
[2025-10-25T21:46:08.830+0000] {logging_mixin.py:190} INFO - [2025-10-25T21:46:08.830+0000] {dagbag.py:588} INFO - Filling up the DagBag from /Users/komidoveneymissiamenou/Documents/Master 1 DIT/DataEnge/spark_airflow/airflow_env/lib/python3.12/site-packages/airflow/example_dags/example_bash_operator.py
[2025-10-25T21:46:08.844+0000] {processor.py:925} INFO - DAG(s) 'example_bash_operator' retrieved from /Users/komidoveneymissiamenou/Documents/Master 1 DIT/DataEnge/spark_airflow/airflow_env/lib/python3.12/site-packages/airflow/example_dags/example_bash_operator.py
[2025-10-25T21:46:08.913+0000] {logging_mixin.py:190} INFO - [2025-10-25T21:46:08.913+0000] {dag.py:3239} INFO - Sync 1 DAGs
[2025-10-25T21:46:08.925+0000] {logging_mixin.py:190} INFO - [2025-10-25T21:46:08.924+0000] {dag.py:4180} INFO - Setting next_dagrun for example_bash_operator to 2025-10-24 00:00:00+00:00, run_after=2025-10-25 00:00:00+00:00
[2025-10-25T21:46:08.935+0000] {processor.py:208} INFO - Processing /Users/komidoveneymissiamenou/Documents/Master 1 DIT/DataEnge/spark_airflow/airflow_env/lib/python3.12/site-packages/airflow/example_dags/example_bash_operator.py took 0.112 seconds
[2025-10-25T21:50:35.328+0000] {processor.py:186} INFO - Started process (PID=43723) to work on /Users/komidoveneymissiamenou/Documents/Master 1 DIT/DataEnge/spark_airflow/airflow_env/lib/python3.12/site-packages/airflow/example_dags/example_bash_operator.py
[2025-10-25T21:50:35.328+0000] {processor.py:914} INFO - Processing file /Users/komidoveneymissiamenou/Documents/Master 1 DIT/DataEnge/spark_airflow/airflow_env/lib/python3.12/site-packages/airflow/example_dags/example_bash_operator.py for tasks to queue
[2025-10-25T21:50:35.329+0000] {logging_mixin.py:190} INFO - [2025-10-25T21:50:35.329+0000] {dagbag.py:588} INFO - Filling up the DagBag from /Users/komidoveneymissiamenou/Documents/Master 1 DIT/DataEnge/spark_airflow/airflow_env/lib/python3.12/site-packages/airflow/example_dags/example_bash_operator.py
[2025-10-25T21:50:35.335+0000] {processor.py:925} INFO - DAG(s) 'example_bash_operator' retrieved from /Users/komidoveneymissiamenou/Documents/Master 1 DIT/DataEnge/spark_airflow/airflow_env/lib/python3.12/site-packages/airflow/example_dags/example_bash_operator.py
[2025-10-25T21:50:35.376+0000] {logging_mixin.py:190} INFO - [2025-10-25T21:50:35.376+0000] {dag.py:3239} INFO - Sync 1 DAGs
[2025-10-25T21:50:35.383+0000] {logging_mixin.py:190} INFO - [2025-10-25T21:50:35.383+0000] {dag.py:4180} INFO - Setting next_dagrun for example_bash_operator to 2025-10-24 00:00:00+00:00, run_after=2025-10-25 00:00:00+00:00
[2025-10-25T21:50:35.391+0000] {processor.py:208} INFO - Processing /Users/komidoveneymissiamenou/Documents/Master 1 DIT/DataEnge/spark_airflow/airflow_env/lib/python3.12/site-packages/airflow/example_dags/example_bash_operator.py took 0.064 seconds
[2025-10-25T21:53:45.844+0000] {processor.py:186} INFO - Started process (PID=47011) to work on /Users/komidoveneymissiamenou/Documents/Master 1 DIT/DataEnge/spark_airflow/airflow_env/lib/python3.12/site-packages/airflow/example_dags/example_bash_operator.py
[2025-10-25T21:53:45.845+0000] {processor.py:914} INFO - Processing file /Users/komidoveneymissiamenou/Documents/Master 1 DIT/DataEnge/spark_airflow/airflow_env/lib/python3.12/site-packages/airflow/example_dags/example_bash_operator.py for tasks to queue
[2025-10-25T21:53:45.846+0000] {logging_mixin.py:190} INFO - [2025-10-25T21:53:45.846+0000] {dagbag.py:588} INFO - Filling up the DagBag from /Users/komidoveneymissiamenou/Documents/Master 1 DIT/DataEnge/spark_airflow/airflow_env/lib/python3.12/site-packages/airflow/example_dags/example_bash_operator.py
[2025-10-25T21:53:45.858+0000] {processor.py:925} INFO - DAG(s) 'example_bash_operator' retrieved from /Users/komidoveneymissiamenou/Documents/Master 1 DIT/DataEnge/spark_airflow/airflow_env/lib/python3.12/site-packages/airflow/example_dags/example_bash_operator.py
[2025-10-25T21:53:45.912+0000] {logging_mixin.py:190} INFO - [2025-10-25T21:53:45.912+0000] {dag.py:3239} INFO - Sync 1 DAGs
[2025-10-25T21:53:45.919+0000] {logging_mixin.py:190} INFO - [2025-10-25T21:53:45.919+0000] {dag.py:4180} INFO - Setting next_dagrun for example_bash_operator to 2025-10-24 00:00:00+00:00, run_after=2025-10-25 00:00:00+00:00
[2025-10-25T21:53:45.927+0000] {processor.py:208} INFO - Processing /Users/komidoveneymissiamenou/Documents/Master 1 DIT/DataEnge/spark_airflow/airflow_env/lib/python3.12/site-packages/airflow/example_dags/example_bash_operator.py took 0.084 seconds
[2025-10-25T21:56:17.049+0000] {processor.py:186} INFO - Started process (PID=49929) to work on /Users/komidoveneymissiamenou/Documents/Master 1 DIT/DataEnge/spark_airflow/airflow_env/lib/python3.12/site-packages/airflow/example_dags/example_bash_operator.py
[2025-10-25T21:56:17.049+0000] {processor.py:914} INFO - Processing file /Users/komidoveneymissiamenou/Documents/Master 1 DIT/DataEnge/spark_airflow/airflow_env/lib/python3.12/site-packages/airflow/example_dags/example_bash_operator.py for tasks to queue
[2025-10-25T21:56:17.050+0000] {logging_mixin.py:190} INFO - [2025-10-25T21:56:17.050+0000] {dagbag.py:588} INFO - Filling up the DagBag from /Users/komidoveneymissiamenou/Documents/Master 1 DIT/DataEnge/spark_airflow/airflow_env/lib/python3.12/site-packages/airflow/example_dags/example_bash_operator.py
[2025-10-25T21:56:17.061+0000] {processor.py:925} INFO - DAG(s) 'example_bash_operator' retrieved from /Users/komidoveneymissiamenou/Documents/Master 1 DIT/DataEnge/spark_airflow/airflow_env/lib/python3.12/site-packages/airflow/example_dags/example_bash_operator.py
[2025-10-25T21:56:17.108+0000] {logging_mixin.py:190} INFO - [2025-10-25T21:56:17.108+0000] {dag.py:3239} INFO - Sync 1 DAGs
[2025-10-25T21:56:17.115+0000] {logging_mixin.py:190} INFO - [2025-10-25T21:56:17.115+0000] {dag.py:4180} INFO - Setting next_dagrun for example_bash_operator to 2025-10-24 00:00:00+00:00, run_after=2025-10-25 00:00:00+00:00
[2025-10-25T21:56:17.123+0000] {processor.py:208} INFO - Processing /Users/komidoveneymissiamenou/Documents/Master 1 DIT/DataEnge/spark_airflow/airflow_env/lib/python3.12/site-packages/airflow/example_dags/example_bash_operator.py took 0.078 seconds
[2025-10-25T21:59:11.524+0000] {processor.py:186} INFO - Started process (PID=52016) to work on /Users/komidoveneymissiamenou/Documents/Master 1 DIT/DataEnge/spark_airflow/airflow_env/lib/python3.12/site-packages/airflow/example_dags/example_bash_operator.py
[2025-10-25T21:59:11.525+0000] {processor.py:914} INFO - Processing file /Users/komidoveneymissiamenou/Documents/Master 1 DIT/DataEnge/spark_airflow/airflow_env/lib/python3.12/site-packages/airflow/example_dags/example_bash_operator.py for tasks to queue
[2025-10-25T21:59:11.526+0000] {logging_mixin.py:190} INFO - [2025-10-25T21:59:11.526+0000] {dagbag.py:588} INFO - Filling up the DagBag from /Users/komidoveneymissiamenou/Documents/Master 1 DIT/DataEnge/spark_airflow/airflow_env/lib/python3.12/site-packages/airflow/example_dags/example_bash_operator.py
[2025-10-25T21:59:11.543+0000] {processor.py:925} INFO - DAG(s) 'example_bash_operator' retrieved from /Users/komidoveneymissiamenou/Documents/Master 1 DIT/DataEnge/spark_airflow/airflow_env/lib/python3.12/site-packages/airflow/example_dags/example_bash_operator.py
[2025-10-25T21:59:11.586+0000] {logging_mixin.py:190} INFO - [2025-10-25T21:59:11.586+0000] {dag.py:3239} INFO - Sync 1 DAGs
[2025-10-25T21:59:11.593+0000] {logging_mixin.py:190} INFO - [2025-10-25T21:59:11.593+0000] {dag.py:4180} INFO - Setting next_dagrun for example_bash_operator to 2025-10-24 00:00:00+00:00, run_after=2025-10-25 00:00:00+00:00
[2025-10-25T21:59:11.600+0000] {processor.py:208} INFO - Processing /Users/komidoveneymissiamenou/Documents/Master 1 DIT/DataEnge/spark_airflow/airflow_env/lib/python3.12/site-packages/airflow/example_dags/example_bash_operator.py took 0.078 seconds
