[2025-10-25T21:40:51.838+0000] {processor.py:186} INFO - Started process (PID=33623) to work on /Users/komidoveneymissiamenou/Documents/Master 1 DIT/DataEnge/spark_airflow/airflow_env/lib/python3.12/site-packages/airflow/example_dags/example_bash_decorator.py
[2025-10-25T21:40:51.839+0000] {processor.py:914} INFO - Processing file /Users/komidoveneymissiamenou/Documents/Master 1 DIT/DataEnge/spark_airflow/airflow_env/lib/python3.12/site-packages/airflow/example_dags/example_bash_decorator.py for tasks to queue
[2025-10-25T21:40:51.840+0000] {logging_mixin.py:190} INFO - [2025-10-25T21:40:51.839+0000] {dagbag.py:588} INFO - Filling up the DagBag from /Users/komidoveneymissiamenou/Documents/Master 1 DIT/DataEnge/spark_airflow/airflow_env/lib/python3.12/site-packages/airflow/example_dags/example_bash_decorator.py
[2025-10-25T21:40:51.891+0000] {processor.py:925} INFO - DAG(s) 'example_bash_decorator' retrieved from /Users/komidoveneymissiamenou/Documents/Master 1 DIT/DataEnge/spark_airflow/airflow_env/lib/python3.12/site-packages/airflow/example_dags/example_bash_decorator.py
[2025-10-25T21:40:52.040+0000] {logging_mixin.py:190} INFO - [2025-10-25T21:40:52.040+0000] {override.py:1900} INFO - Created Permission View: can read on DAG:example_bash_decorator
[2025-10-25T21:40:52.044+0000] {logging_mixin.py:190} INFO - [2025-10-25T21:40:52.044+0000] {override.py:1900} INFO - Created Permission View: can delete on DAG:example_bash_decorator
[2025-10-25T21:40:52.047+0000] {logging_mixin.py:190} INFO - [2025-10-25T21:40:52.046+0000] {override.py:1900} INFO - Created Permission View: can edit on DAG:example_bash_decorator
[2025-10-25T21:40:52.050+0000] {logging_mixin.py:190} INFO - [2025-10-25T21:40:52.050+0000] {override.py:1900} INFO - Created Permission View: can read on DAG Run:example_bash_decorator
[2025-10-25T21:40:52.052+0000] {logging_mixin.py:190} INFO - [2025-10-25T21:40:52.052+0000] {override.py:1900} INFO - Created Permission View: can delete on DAG Run:example_bash_decorator
[2025-10-25T21:40:52.054+0000] {logging_mixin.py:190} INFO - [2025-10-25T21:40:52.054+0000] {override.py:1900} INFO - Created Permission View: menu access on DAG Run:example_bash_decorator
[2025-10-25T21:40:52.057+0000] {logging_mixin.py:190} INFO - [2025-10-25T21:40:52.057+0000] {override.py:1900} INFO - Created Permission View: can create on DAG Run:example_bash_decorator
[2025-10-25T21:40:52.057+0000] {logging_mixin.py:190} INFO - [2025-10-25T21:40:52.057+0000] {dag.py:3239} INFO - Sync 1 DAGs
[2025-10-25T21:40:52.062+0000] {logging_mixin.py:190} INFO - [2025-10-25T21:40:52.062+0000] {dag.py:3262} INFO - Creating ORM DAG for example_bash_decorator
[2025-10-25T21:40:52.062+0000] {logging_mixin.py:190} INFO - [2025-10-25T21:40:52.062+0000] {dag.py:4180} INFO - Setting next_dagrun for example_bash_decorator to None, run_after=None
[2025-10-25T21:40:52.069+0000] {processor.py:208} INFO - Processing /Users/komidoveneymissiamenou/Documents/Master 1 DIT/DataEnge/spark_airflow/airflow_env/lib/python3.12/site-packages/airflow/example_dags/example_bash_decorator.py took 0.234 seconds
[2025-10-25T21:43:25.758+0000] {processor.py:186} INFO - Started process (PID=35515) to work on /Users/komidoveneymissiamenou/Documents/Master 1 DIT/DataEnge/spark_airflow/airflow_env/lib/python3.12/site-packages/airflow/example_dags/example_bash_decorator.py
[2025-10-25T21:43:25.758+0000] {processor.py:914} INFO - Processing file /Users/komidoveneymissiamenou/Documents/Master 1 DIT/DataEnge/spark_airflow/airflow_env/lib/python3.12/site-packages/airflow/example_dags/example_bash_decorator.py for tasks to queue
[2025-10-25T21:43:25.759+0000] {logging_mixin.py:190} INFO - [2025-10-25T21:43:25.758+0000] {dagbag.py:588} INFO - Filling up the DagBag from /Users/komidoveneymissiamenou/Documents/Master 1 DIT/DataEnge/spark_airflow/airflow_env/lib/python3.12/site-packages/airflow/example_dags/example_bash_decorator.py
[2025-10-25T21:43:25.790+0000] {processor.py:925} INFO - DAG(s) 'example_bash_decorator' retrieved from /Users/komidoveneymissiamenou/Documents/Master 1 DIT/DataEnge/spark_airflow/airflow_env/lib/python3.12/site-packages/airflow/example_dags/example_bash_decorator.py
[2025-10-25T21:43:25.915+0000] {logging_mixin.py:190} INFO - [2025-10-25T21:43:25.915+0000] {dag.py:3239} INFO - Sync 1 DAGs
[2025-10-25T21:43:25.919+0000] {logging_mixin.py:190} INFO - [2025-10-25T21:43:25.919+0000] {dag.py:4180} INFO - Setting next_dagrun for example_bash_decorator to None, run_after=None
[2025-10-25T21:43:25.926+0000] {processor.py:208} INFO - Processing /Users/komidoveneymissiamenou/Documents/Master 1 DIT/DataEnge/spark_airflow/airflow_env/lib/python3.12/site-packages/airflow/example_dags/example_bash_decorator.py took 0.170 seconds
[2025-10-25T21:46:12.870+0000] {processor.py:186} INFO - Started process (PID=37953) to work on /Users/komidoveneymissiamenou/Documents/Master 1 DIT/DataEnge/spark_airflow/airflow_env/lib/python3.12/site-packages/airflow/example_dags/example_bash_decorator.py
[2025-10-25T21:46:12.872+0000] {processor.py:914} INFO - Processing file /Users/komidoveneymissiamenou/Documents/Master 1 DIT/DataEnge/spark_airflow/airflow_env/lib/python3.12/site-packages/airflow/example_dags/example_bash_decorator.py for tasks to queue
[2025-10-25T21:46:12.873+0000] {logging_mixin.py:190} INFO - [2025-10-25T21:46:12.873+0000] {dagbag.py:588} INFO - Filling up the DagBag from /Users/komidoveneymissiamenou/Documents/Master 1 DIT/DataEnge/spark_airflow/airflow_env/lib/python3.12/site-packages/airflow/example_dags/example_bash_decorator.py
[2025-10-25T21:46:12.914+0000] {processor.py:925} INFO - DAG(s) 'example_bash_decorator' retrieved from /Users/komidoveneymissiamenou/Documents/Master 1 DIT/DataEnge/spark_airflow/airflow_env/lib/python3.12/site-packages/airflow/example_dags/example_bash_decorator.py
[2025-10-25T21:46:13.077+0000] {logging_mixin.py:190} INFO - [2025-10-25T21:46:13.077+0000] {dag.py:3239} INFO - Sync 1 DAGs
[2025-10-25T21:46:13.081+0000] {logging_mixin.py:190} INFO - [2025-10-25T21:46:13.081+0000] {dag.py:4180} INFO - Setting next_dagrun for example_bash_decorator to None, run_after=None
[2025-10-25T21:46:13.091+0000] {processor.py:208} INFO - Processing /Users/komidoveneymissiamenou/Documents/Master 1 DIT/DataEnge/spark_airflow/airflow_env/lib/python3.12/site-packages/airflow/example_dags/example_bash_decorator.py took 0.224 seconds
[2025-10-25T21:50:36.415+0000] {processor.py:186} INFO - Started process (PID=43743) to work on /Users/komidoveneymissiamenou/Documents/Master 1 DIT/DataEnge/spark_airflow/airflow_env/lib/python3.12/site-packages/airflow/example_dags/example_bash_decorator.py
[2025-10-25T21:50:36.416+0000] {processor.py:914} INFO - Processing file /Users/komidoveneymissiamenou/Documents/Master 1 DIT/DataEnge/spark_airflow/airflow_env/lib/python3.12/site-packages/airflow/example_dags/example_bash_decorator.py for tasks to queue
[2025-10-25T21:50:36.417+0000] {logging_mixin.py:190} INFO - [2025-10-25T21:50:36.417+0000] {dagbag.py:588} INFO - Filling up the DagBag from /Users/komidoveneymissiamenou/Documents/Master 1 DIT/DataEnge/spark_airflow/airflow_env/lib/python3.12/site-packages/airflow/example_dags/example_bash_decorator.py
[2025-10-25T21:50:36.438+0000] {processor.py:925} INFO - DAG(s) 'example_bash_decorator' retrieved from /Users/komidoveneymissiamenou/Documents/Master 1 DIT/DataEnge/spark_airflow/airflow_env/lib/python3.12/site-packages/airflow/example_dags/example_bash_decorator.py
[2025-10-25T21:50:36.564+0000] {logging_mixin.py:190} INFO - [2025-10-25T21:50:36.564+0000] {dag.py:3239} INFO - Sync 1 DAGs
[2025-10-25T21:50:36.568+0000] {logging_mixin.py:190} INFO - [2025-10-25T21:50:36.568+0000] {dag.py:4180} INFO - Setting next_dagrun for example_bash_decorator to None, run_after=None
[2025-10-25T21:50:36.575+0000] {processor.py:208} INFO - Processing /Users/komidoveneymissiamenou/Documents/Master 1 DIT/DataEnge/spark_airflow/airflow_env/lib/python3.12/site-packages/airflow/example_dags/example_bash_decorator.py took 0.161 seconds
[2025-10-25T21:53:47.985+0000] {processor.py:186} INFO - Started process (PID=47039) to work on /Users/komidoveneymissiamenou/Documents/Master 1 DIT/DataEnge/spark_airflow/airflow_env/lib/python3.12/site-packages/airflow/example_dags/example_bash_decorator.py
[2025-10-25T21:53:47.986+0000] {processor.py:914} INFO - Processing file /Users/komidoveneymissiamenou/Documents/Master 1 DIT/DataEnge/spark_airflow/airflow_env/lib/python3.12/site-packages/airflow/example_dags/example_bash_decorator.py for tasks to queue
[2025-10-25T21:53:47.986+0000] {logging_mixin.py:190} INFO - [2025-10-25T21:53:47.986+0000] {dagbag.py:588} INFO - Filling up the DagBag from /Users/komidoveneymissiamenou/Documents/Master 1 DIT/DataEnge/spark_airflow/airflow_env/lib/python3.12/site-packages/airflow/example_dags/example_bash_decorator.py
[2025-10-25T21:53:48.025+0000] {processor.py:925} INFO - DAG(s) 'example_bash_decorator' retrieved from /Users/komidoveneymissiamenou/Documents/Master 1 DIT/DataEnge/spark_airflow/airflow_env/lib/python3.12/site-packages/airflow/example_dags/example_bash_decorator.py
[2025-10-25T21:53:48.154+0000] {logging_mixin.py:190} INFO - [2025-10-25T21:53:48.154+0000] {dag.py:3239} INFO - Sync 1 DAGs
[2025-10-25T21:53:48.158+0000] {logging_mixin.py:190} INFO - [2025-10-25T21:53:48.158+0000] {dag.py:4180} INFO - Setting next_dagrun for example_bash_decorator to None, run_after=None
[2025-10-25T21:53:48.165+0000] {processor.py:208} INFO - Processing /Users/komidoveneymissiamenou/Documents/Master 1 DIT/DataEnge/spark_airflow/airflow_env/lib/python3.12/site-packages/airflow/example_dags/example_bash_decorator.py took 0.182 seconds
[2025-10-25T21:56:18.460+0000] {processor.py:186} INFO - Started process (PID=49969) to work on /Users/komidoveneymissiamenou/Documents/Master 1 DIT/DataEnge/spark_airflow/airflow_env/lib/python3.12/site-packages/airflow/example_dags/example_bash_decorator.py
[2025-10-25T21:56:18.461+0000] {processor.py:914} INFO - Processing file /Users/komidoveneymissiamenou/Documents/Master 1 DIT/DataEnge/spark_airflow/airflow_env/lib/python3.12/site-packages/airflow/example_dags/example_bash_decorator.py for tasks to queue
[2025-10-25T21:56:18.462+0000] {logging_mixin.py:190} INFO - [2025-10-25T21:56:18.461+0000] {dagbag.py:588} INFO - Filling up the DagBag from /Users/komidoveneymissiamenou/Documents/Master 1 DIT/DataEnge/spark_airflow/airflow_env/lib/python3.12/site-packages/airflow/example_dags/example_bash_decorator.py
[2025-10-25T21:56:18.487+0000] {processor.py:925} INFO - DAG(s) 'example_bash_decorator' retrieved from /Users/komidoveneymissiamenou/Documents/Master 1 DIT/DataEnge/spark_airflow/airflow_env/lib/python3.12/site-packages/airflow/example_dags/example_bash_decorator.py
[2025-10-25T21:56:18.611+0000] {logging_mixin.py:190} INFO - [2025-10-25T21:56:18.610+0000] {dag.py:3239} INFO - Sync 1 DAGs
[2025-10-25T21:56:18.614+0000] {logging_mixin.py:190} INFO - [2025-10-25T21:56:18.614+0000] {dag.py:4180} INFO - Setting next_dagrun for example_bash_decorator to None, run_after=None
[2025-10-25T21:56:18.621+0000] {processor.py:208} INFO - Processing /Users/komidoveneymissiamenou/Documents/Master 1 DIT/DataEnge/spark_airflow/airflow_env/lib/python3.12/site-packages/airflow/example_dags/example_bash_decorator.py took 0.162 seconds
[2025-10-25T21:59:13.301+0000] {processor.py:186} INFO - Started process (PID=52039) to work on /Users/komidoveneymissiamenou/Documents/Master 1 DIT/DataEnge/spark_airflow/airflow_env/lib/python3.12/site-packages/airflow/example_dags/example_bash_decorator.py
[2025-10-25T21:59:13.302+0000] {processor.py:914} INFO - Processing file /Users/komidoveneymissiamenou/Documents/Master 1 DIT/DataEnge/spark_airflow/airflow_env/lib/python3.12/site-packages/airflow/example_dags/example_bash_decorator.py for tasks to queue
[2025-10-25T21:59:13.303+0000] {logging_mixin.py:190} INFO - [2025-10-25T21:59:13.303+0000] {dagbag.py:588} INFO - Filling up the DagBag from /Users/komidoveneymissiamenou/Documents/Master 1 DIT/DataEnge/spark_airflow/airflow_env/lib/python3.12/site-packages/airflow/example_dags/example_bash_decorator.py
[2025-10-25T21:59:13.331+0000] {processor.py:925} INFO - DAG(s) 'example_bash_decorator' retrieved from /Users/komidoveneymissiamenou/Documents/Master 1 DIT/DataEnge/spark_airflow/airflow_env/lib/python3.12/site-packages/airflow/example_dags/example_bash_decorator.py
[2025-10-25T21:59:13.458+0000] {logging_mixin.py:190} INFO - [2025-10-25T21:59:13.458+0000] {dag.py:3239} INFO - Sync 1 DAGs
[2025-10-25T21:59:13.462+0000] {logging_mixin.py:190} INFO - [2025-10-25T21:59:13.462+0000] {dag.py:4180} INFO - Setting next_dagrun for example_bash_decorator to None, run_after=None
[2025-10-25T21:59:13.469+0000] {processor.py:208} INFO - Processing /Users/komidoveneymissiamenou/Documents/Master 1 DIT/DataEnge/spark_airflow/airflow_env/lib/python3.12/site-packages/airflow/example_dags/example_bash_decorator.py took 0.169 seconds
