[2025-10-25T21:40:18.527+0000] {processor.py:186} INFO - Started process (PID=33211) to work on /Users/komidoveneymissiamenou/Documents/Master 1 DIT/DataEnge/spark_airflow/airflow_env/lib/python3.12/site-packages/airflow/example_dags/example_display_name.py
[2025-10-25T21:40:18.529+0000] {processor.py:914} INFO - Processing file /Users/komidoveneymissiamenou/Documents/Master 1 DIT/DataEnge/spark_airflow/airflow_env/lib/python3.12/site-packages/airflow/example_dags/example_display_name.py for tasks to queue
[2025-10-25T21:40:18.530+0000] {logging_mixin.py:190} INFO - [2025-10-25T21:40:18.530+0000] {dagbag.py:588} INFO - Filling up the DagBag from /Users/komidoveneymissiamenou/Documents/Master 1 DIT/DataEnge/spark_airflow/airflow_env/lib/python3.12/site-packages/airflow/example_dags/example_display_name.py
[2025-10-25T21:40:18.564+0000] {processor.py:925} INFO - DAG(s) 'example_display_name' retrieved from /Users/komidoveneymissiamenou/Documents/Master 1 DIT/DataEnge/spark_airflow/airflow_env/lib/python3.12/site-packages/airflow/example_dags/example_display_name.py
[2025-10-25T21:40:18.689+0000] {logging_mixin.py:190} INFO - [2025-10-25T21:40:18.689+0000] {override.py:1900} INFO - Created Permission View: can read on DAG:example_display_name
[2025-10-25T21:40:18.694+0000] {logging_mixin.py:190} INFO - [2025-10-25T21:40:18.693+0000] {override.py:1900} INFO - Created Permission View: can delete on DAG:example_display_name
[2025-10-25T21:40:18.697+0000] {logging_mixin.py:190} INFO - [2025-10-25T21:40:18.697+0000] {override.py:1900} INFO - Created Permission View: can edit on DAG:example_display_name
[2025-10-25T21:40:18.701+0000] {logging_mixin.py:190} INFO - [2025-10-25T21:40:18.701+0000] {override.py:1900} INFO - Created Permission View: can read on DAG Run:example_display_name
[2025-10-25T21:40:18.704+0000] {logging_mixin.py:190} INFO - [2025-10-25T21:40:18.703+0000] {override.py:1900} INFO - Created Permission View: menu access on DAG Run:example_display_name
[2025-10-25T21:40:18.706+0000] {logging_mixin.py:190} INFO - [2025-10-25T21:40:18.706+0000] {override.py:1900} INFO - Created Permission View: can delete on DAG Run:example_display_name
[2025-10-25T21:40:18.708+0000] {logging_mixin.py:190} INFO - [2025-10-25T21:40:18.708+0000] {override.py:1900} INFO - Created Permission View: can create on DAG Run:example_display_name
[2025-10-25T21:40:18.708+0000] {logging_mixin.py:190} INFO - [2025-10-25T21:40:18.708+0000] {dag.py:3239} INFO - Sync 1 DAGs
[2025-10-25T21:40:18.713+0000] {logging_mixin.py:190} INFO - [2025-10-25T21:40:18.713+0000] {dag.py:3262} INFO - Creating ORM DAG for example_display_name
[2025-10-25T21:40:18.713+0000] {logging_mixin.py:190} INFO - [2025-10-25T21:40:18.713+0000] {dag.py:4180} INFO - Setting next_dagrun for example_display_name to None, run_after=None
[2025-10-25T21:40:18.721+0000] {processor.py:208} INFO - Processing /Users/komidoveneymissiamenou/Documents/Master 1 DIT/DataEnge/spark_airflow/airflow_env/lib/python3.12/site-packages/airflow/example_dags/example_display_name.py took 0.199 seconds
[2025-10-25T21:42:10.244+0000] {processor.py:186} INFO - Started process (PID=34612) to work on /Users/komidoveneymissiamenou/Documents/Master 1 DIT/DataEnge/spark_airflow/airflow_env/lib/python3.12/site-packages/airflow/example_dags/example_display_name.py
[2025-10-25T21:42:10.245+0000] {processor.py:914} INFO - Processing file /Users/komidoveneymissiamenou/Documents/Master 1 DIT/DataEnge/spark_airflow/airflow_env/lib/python3.12/site-packages/airflow/example_dags/example_display_name.py for tasks to queue
[2025-10-25T21:42:10.246+0000] {logging_mixin.py:190} INFO - [2025-10-25T21:42:10.246+0000] {dagbag.py:588} INFO - Filling up the DagBag from /Users/komidoveneymissiamenou/Documents/Master 1 DIT/DataEnge/spark_airflow/airflow_env/lib/python3.12/site-packages/airflow/example_dags/example_display_name.py
[2025-10-25T21:42:10.266+0000] {processor.py:925} INFO - DAG(s) 'example_display_name' retrieved from /Users/komidoveneymissiamenou/Documents/Master 1 DIT/DataEnge/spark_airflow/airflow_env/lib/python3.12/site-packages/airflow/example_dags/example_display_name.py
[2025-10-25T21:42:10.301+0000] {logging_mixin.py:190} INFO - [2025-10-25T21:42:10.301+0000] {dag.py:3239} INFO - Sync 1 DAGs
[2025-10-25T21:42:10.305+0000] {logging_mixin.py:190} INFO - [2025-10-25T21:42:10.305+0000] {dag.py:4180} INFO - Setting next_dagrun for example_display_name to None, run_after=None
[2025-10-25T21:42:10.312+0000] {processor.py:208} INFO - Processing /Users/komidoveneymissiamenou/Documents/Master 1 DIT/DataEnge/spark_airflow/airflow_env/lib/python3.12/site-packages/airflow/example_dags/example_display_name.py took 0.069 seconds
[2025-10-25T21:44:46.687+0000] {processor.py:186} INFO - Started process (PID=36488) to work on /Users/komidoveneymissiamenou/Documents/Master 1 DIT/DataEnge/spark_airflow/airflow_env/lib/python3.12/site-packages/airflow/example_dags/example_display_name.py
[2025-10-25T21:44:46.688+0000] {processor.py:914} INFO - Processing file /Users/komidoveneymissiamenou/Documents/Master 1 DIT/DataEnge/spark_airflow/airflow_env/lib/python3.12/site-packages/airflow/example_dags/example_display_name.py for tasks to queue
[2025-10-25T21:44:46.688+0000] {logging_mixin.py:190} INFO - [2025-10-25T21:44:46.688+0000] {dagbag.py:588} INFO - Filling up the DagBag from /Users/komidoveneymissiamenou/Documents/Master 1 DIT/DataEnge/spark_airflow/airflow_env/lib/python3.12/site-packages/airflow/example_dags/example_display_name.py
[2025-10-25T21:44:46.714+0000] {processor.py:925} INFO - DAG(s) 'example_display_name' retrieved from /Users/komidoveneymissiamenou/Documents/Master 1 DIT/DataEnge/spark_airflow/airflow_env/lib/python3.12/site-packages/airflow/example_dags/example_display_name.py
[2025-10-25T21:44:46.750+0000] {logging_mixin.py:190} INFO - [2025-10-25T21:44:46.749+0000] {dag.py:3239} INFO - Sync 1 DAGs
[2025-10-25T21:44:46.753+0000] {logging_mixin.py:190} INFO - [2025-10-25T21:44:46.753+0000] {dag.py:4180} INFO - Setting next_dagrun for example_display_name to None, run_after=None
[2025-10-25T21:44:46.760+0000] {processor.py:208} INFO - Processing /Users/komidoveneymissiamenou/Documents/Master 1 DIT/DataEnge/spark_airflow/airflow_env/lib/python3.12/site-packages/airflow/example_dags/example_display_name.py took 0.074 seconds
[2025-10-25T21:47:51.163+0000] {processor.py:186} INFO - Started process (PID=39599) to work on /Users/komidoveneymissiamenou/Documents/Master 1 DIT/DataEnge/spark_airflow/airflow_env/lib/python3.12/site-packages/airflow/example_dags/example_display_name.py
[2025-10-25T21:47:51.168+0000] {processor.py:914} INFO - Processing file /Users/komidoveneymissiamenou/Documents/Master 1 DIT/DataEnge/spark_airflow/airflow_env/lib/python3.12/site-packages/airflow/example_dags/example_display_name.py for tasks to queue
[2025-10-25T21:47:51.170+0000] {logging_mixin.py:190} INFO - [2025-10-25T21:47:51.170+0000] {dagbag.py:588} INFO - Filling up the DagBag from /Users/komidoveneymissiamenou/Documents/Master 1 DIT/DataEnge/spark_airflow/airflow_env/lib/python3.12/site-packages/airflow/example_dags/example_display_name.py
[2025-10-25T21:47:51.195+0000] {processor.py:925} INFO - DAG(s) 'example_display_name' retrieved from /Users/komidoveneymissiamenou/Documents/Master 1 DIT/DataEnge/spark_airflow/airflow_env/lib/python3.12/site-packages/airflow/example_dags/example_display_name.py
[2025-10-25T21:47:51.235+0000] {logging_mixin.py:190} INFO - [2025-10-25T21:47:51.235+0000] {dag.py:3239} INFO - Sync 1 DAGs
[2025-10-25T21:47:51.240+0000] {logging_mixin.py:190} INFO - [2025-10-25T21:47:51.239+0000] {dag.py:4180} INFO - Setting next_dagrun for example_display_name to None, run_after=None
[2025-10-25T21:47:51.251+0000] {processor.py:208} INFO - Processing /Users/komidoveneymissiamenou/Documents/Master 1 DIT/DataEnge/spark_airflow/airflow_env/lib/python3.12/site-packages/airflow/example_dags/example_display_name.py took 0.090 seconds
[2025-10-25T21:50:12.088+0000] {processor.py:186} INFO - Started process (PID=43299) to work on /Users/komidoveneymissiamenou/Documents/Master 1 DIT/DataEnge/spark_airflow/airflow_env/lib/python3.12/site-packages/airflow/example_dags/example_display_name.py
[2025-10-25T21:50:12.088+0000] {processor.py:914} INFO - Processing file /Users/komidoveneymissiamenou/Documents/Master 1 DIT/DataEnge/spark_airflow/airflow_env/lib/python3.12/site-packages/airflow/example_dags/example_display_name.py for tasks to queue
[2025-10-25T21:50:12.089+0000] {logging_mixin.py:190} INFO - [2025-10-25T21:50:12.089+0000] {dagbag.py:588} INFO - Filling up the DagBag from /Users/komidoveneymissiamenou/Documents/Master 1 DIT/DataEnge/spark_airflow/airflow_env/lib/python3.12/site-packages/airflow/example_dags/example_display_name.py
[2025-10-25T21:50:12.114+0000] {processor.py:925} INFO - DAG(s) 'example_display_name' retrieved from /Users/komidoveneymissiamenou/Documents/Master 1 DIT/DataEnge/spark_airflow/airflow_env/lib/python3.12/site-packages/airflow/example_dags/example_display_name.py
[2025-10-25T21:50:12.150+0000] {logging_mixin.py:190} INFO - [2025-10-25T21:50:12.150+0000] {dag.py:3239} INFO - Sync 1 DAGs
[2025-10-25T21:50:12.155+0000] {logging_mixin.py:190} INFO - [2025-10-25T21:50:12.155+0000] {dag.py:4180} INFO - Setting next_dagrun for example_display_name to None, run_after=None
[2025-10-25T21:50:12.162+0000] {processor.py:208} INFO - Processing /Users/komidoveneymissiamenou/Documents/Master 1 DIT/DataEnge/spark_airflow/airflow_env/lib/python3.12/site-packages/airflow/example_dags/example_display_name.py took 0.075 seconds
[2025-10-25T21:53:17.815+0000] {processor.py:186} INFO - Started process (PID=46666) to work on /Users/komidoveneymissiamenou/Documents/Master 1 DIT/DataEnge/spark_airflow/airflow_env/lib/python3.12/site-packages/airflow/example_dags/example_display_name.py
[2025-10-25T21:53:17.816+0000] {processor.py:914} INFO - Processing file /Users/komidoveneymissiamenou/Documents/Master 1 DIT/DataEnge/spark_airflow/airflow_env/lib/python3.12/site-packages/airflow/example_dags/example_display_name.py for tasks to queue
[2025-10-25T21:53:17.817+0000] {logging_mixin.py:190} INFO - [2025-10-25T21:53:17.816+0000] {dagbag.py:588} INFO - Filling up the DagBag from /Users/komidoveneymissiamenou/Documents/Master 1 DIT/DataEnge/spark_airflow/airflow_env/lib/python3.12/site-packages/airflow/example_dags/example_display_name.py
[2025-10-25T21:53:17.852+0000] {processor.py:925} INFO - DAG(s) 'example_display_name' retrieved from /Users/komidoveneymissiamenou/Documents/Master 1 DIT/DataEnge/spark_airflow/airflow_env/lib/python3.12/site-packages/airflow/example_dags/example_display_name.py
[2025-10-25T21:53:17.891+0000] {logging_mixin.py:190} INFO - [2025-10-25T21:53:17.891+0000] {dag.py:3239} INFO - Sync 1 DAGs
[2025-10-25T21:53:17.895+0000] {logging_mixin.py:190} INFO - [2025-10-25T21:53:17.895+0000] {dag.py:4180} INFO - Setting next_dagrun for example_display_name to None, run_after=None
[2025-10-25T21:53:17.902+0000] {processor.py:208} INFO - Processing /Users/komidoveneymissiamenou/Documents/Master 1 DIT/DataEnge/spark_airflow/airflow_env/lib/python3.12/site-packages/airflow/example_dags/example_display_name.py took 0.089 seconds
[2025-10-25T21:55:51.906+0000] {processor.py:186} INFO - Started process (PID=49648) to work on /Users/komidoveneymissiamenou/Documents/Master 1 DIT/DataEnge/spark_airflow/airflow_env/lib/python3.12/site-packages/airflow/example_dags/example_display_name.py
[2025-10-25T21:55:51.907+0000] {processor.py:914} INFO - Processing file /Users/komidoveneymissiamenou/Documents/Master 1 DIT/DataEnge/spark_airflow/airflow_env/lib/python3.12/site-packages/airflow/example_dags/example_display_name.py for tasks to queue
[2025-10-25T21:55:51.907+0000] {logging_mixin.py:190} INFO - [2025-10-25T21:55:51.907+0000] {dagbag.py:588} INFO - Filling up the DagBag from /Users/komidoveneymissiamenou/Documents/Master 1 DIT/DataEnge/spark_airflow/airflow_env/lib/python3.12/site-packages/airflow/example_dags/example_display_name.py
[2025-10-25T21:55:51.937+0000] {processor.py:925} INFO - DAG(s) 'example_display_name' retrieved from /Users/komidoveneymissiamenou/Documents/Master 1 DIT/DataEnge/spark_airflow/airflow_env/lib/python3.12/site-packages/airflow/example_dags/example_display_name.py
[2025-10-25T21:55:51.989+0000] {logging_mixin.py:190} INFO - [2025-10-25T21:55:51.988+0000] {dag.py:3239} INFO - Sync 1 DAGs
[2025-10-25T21:55:51.993+0000] {logging_mixin.py:190} INFO - [2025-10-25T21:55:51.992+0000] {dag.py:4180} INFO - Setting next_dagrun for example_display_name to None, run_after=None
[2025-10-25T21:55:52.000+0000] {processor.py:208} INFO - Processing /Users/komidoveneymissiamenou/Documents/Master 1 DIT/DataEnge/spark_airflow/airflow_env/lib/python3.12/site-packages/airflow/example_dags/example_display_name.py took 0.096 seconds
[2025-10-25T21:57:49.619+0000] {processor.py:186} INFO - Started process (PID=51056) to work on /Users/komidoveneymissiamenou/Documents/Master 1 DIT/DataEnge/spark_airflow/airflow_env/lib/python3.12/site-packages/airflow/example_dags/example_display_name.py
[2025-10-25T21:57:49.621+0000] {processor.py:914} INFO - Processing file /Users/komidoveneymissiamenou/Documents/Master 1 DIT/DataEnge/spark_airflow/airflow_env/lib/python3.12/site-packages/airflow/example_dags/example_display_name.py for tasks to queue
[2025-10-25T21:57:49.623+0000] {logging_mixin.py:190} INFO - [2025-10-25T21:57:49.622+0000] {dagbag.py:588} INFO - Filling up the DagBag from /Users/komidoveneymissiamenou/Documents/Master 1 DIT/DataEnge/spark_airflow/airflow_env/lib/python3.12/site-packages/airflow/example_dags/example_display_name.py
[2025-10-25T21:57:49.657+0000] {processor.py:925} INFO - DAG(s) 'example_display_name' retrieved from /Users/komidoveneymissiamenou/Documents/Master 1 DIT/DataEnge/spark_airflow/airflow_env/lib/python3.12/site-packages/airflow/example_dags/example_display_name.py
[2025-10-25T21:57:49.715+0000] {logging_mixin.py:190} INFO - [2025-10-25T21:57:49.715+0000] {dag.py:3239} INFO - Sync 1 DAGs
[2025-10-25T21:57:49.719+0000] {logging_mixin.py:190} INFO - [2025-10-25T21:57:49.719+0000] {dag.py:4180} INFO - Setting next_dagrun for example_display_name to None, run_after=None
[2025-10-25T21:57:49.726+0000] {processor.py:208} INFO - Processing /Users/komidoveneymissiamenou/Documents/Master 1 DIT/DataEnge/spark_airflow/airflow_env/lib/python3.12/site-packages/airflow/example_dags/example_display_name.py took 0.110 seconds
