[2025-10-25T21:39:09.815+0000] {processor.py:186} INFO - Started process (PID=32393) to work on /Users/komidoveneymissiamenou/Documents/Master 1 DIT/DataEnge/spark_airflow/airflow_env/lib/python3.12/site-packages/airflow/example_dags/tutorial_dag.py
[2025-10-25T21:39:09.816+0000] {processor.py:914} INFO - Processing file /Users/komidoveneymissiamenou/Documents/Master 1 DIT/DataEnge/spark_airflow/airflow_env/lib/python3.12/site-packages/airflow/example_dags/tutorial_dag.py for tasks to queue
[2025-10-25T21:39:09.817+0000] {logging_mixin.py:190} INFO - [2025-10-25T21:39:09.817+0000] {dagbag.py:588} INFO - Filling up the DagBag from /Users/komidoveneymissiamenou/Documents/Master 1 DIT/DataEnge/spark_airflow/airflow_env/lib/python3.12/site-packages/airflow/example_dags/tutorial_dag.py
[2025-10-25T21:39:09.828+0000] {processor.py:925} INFO - DAG(s) 'tutorial_dag' retrieved from /Users/komidoveneymissiamenou/Documents/Master 1 DIT/DataEnge/spark_airflow/airflow_env/lib/python3.12/site-packages/airflow/example_dags/tutorial_dag.py
[2025-10-25T21:39:09.925+0000] {logging_mixin.py:190} INFO - [2025-10-25T21:39:09.924+0000] {override.py:1900} INFO - Created Permission View: can edit on DAG:tutorial_dag
[2025-10-25T21:39:09.928+0000] {logging_mixin.py:190} INFO - [2025-10-25T21:39:09.928+0000] {override.py:1900} INFO - Created Permission View: can read on DAG:tutorial_dag
[2025-10-25T21:39:09.930+0000] {logging_mixin.py:190} INFO - [2025-10-25T21:39:09.930+0000] {override.py:1900} INFO - Created Permission View: can delete on DAG:tutorial_dag
[2025-10-25T21:39:09.933+0000] {logging_mixin.py:190} INFO - [2025-10-25T21:39:09.933+0000] {override.py:1900} INFO - Created Permission View: menu access on DAG Run:tutorial_dag
[2025-10-25T21:39:09.936+0000] {logging_mixin.py:190} INFO - [2025-10-25T21:39:09.935+0000] {override.py:1900} INFO - Created Permission View: can create on DAG Run:tutorial_dag
[2025-10-25T21:39:09.938+0000] {logging_mixin.py:190} INFO - [2025-10-25T21:39:09.937+0000] {override.py:1900} INFO - Created Permission View: can read on DAG Run:tutorial_dag
[2025-10-25T21:39:09.939+0000] {logging_mixin.py:190} INFO - [2025-10-25T21:39:09.939+0000] {override.py:1900} INFO - Created Permission View: can delete on DAG Run:tutorial_dag
[2025-10-25T21:39:09.940+0000] {logging_mixin.py:190} INFO - [2025-10-25T21:39:09.940+0000] {dag.py:3239} INFO - Sync 1 DAGs
[2025-10-25T21:39:09.944+0000] {logging_mixin.py:190} INFO - [2025-10-25T21:39:09.944+0000] {dag.py:3262} INFO - Creating ORM DAG for tutorial_dag
[2025-10-25T21:39:09.944+0000] {logging_mixin.py:190} INFO - [2025-10-25T21:39:09.944+0000] {dag.py:4180} INFO - Setting next_dagrun for tutorial_dag to None, run_after=None
[2025-10-25T21:39:09.950+0000] {processor.py:208} INFO - Processing /Users/komidoveneymissiamenou/Documents/Master 1 DIT/DataEnge/spark_airflow/airflow_env/lib/python3.12/site-packages/airflow/example_dags/tutorial_dag.py took 0.136 seconds
[2025-10-25T21:41:12.029+0000] {processor.py:186} INFO - Started process (PID=33886) to work on /Users/komidoveneymissiamenou/Documents/Master 1 DIT/DataEnge/spark_airflow/airflow_env/lib/python3.12/site-packages/airflow/example_dags/tutorial_dag.py
[2025-10-25T21:41:12.030+0000] {processor.py:914} INFO - Processing file /Users/komidoveneymissiamenou/Documents/Master 1 DIT/DataEnge/spark_airflow/airflow_env/lib/python3.12/site-packages/airflow/example_dags/tutorial_dag.py for tasks to queue
[2025-10-25T21:41:12.030+0000] {logging_mixin.py:190} INFO - [2025-10-25T21:41:12.030+0000] {dagbag.py:588} INFO - Filling up the DagBag from /Users/komidoveneymissiamenou/Documents/Master 1 DIT/DataEnge/spark_airflow/airflow_env/lib/python3.12/site-packages/airflow/example_dags/tutorial_dag.py
[2025-10-25T21:41:12.044+0000] {processor.py:925} INFO - DAG(s) 'tutorial_dag' retrieved from /Users/komidoveneymissiamenou/Documents/Master 1 DIT/DataEnge/spark_airflow/airflow_env/lib/python3.12/site-packages/airflow/example_dags/tutorial_dag.py
[2025-10-25T21:41:12.083+0000] {logging_mixin.py:190} INFO - [2025-10-25T21:41:12.082+0000] {dag.py:3239} INFO - Sync 1 DAGs
[2025-10-25T21:41:12.088+0000] {logging_mixin.py:190} INFO - [2025-10-25T21:41:12.087+0000] {dag.py:4180} INFO - Setting next_dagrun for tutorial_dag to None, run_after=None
[2025-10-25T21:41:12.094+0000] {processor.py:208} INFO - Processing /Users/komidoveneymissiamenou/Documents/Master 1 DIT/DataEnge/spark_airflow/airflow_env/lib/python3.12/site-packages/airflow/example_dags/tutorial_dag.py took 0.067 seconds
[2025-10-25T21:42:29.830+0000] {processor.py:186} INFO - Started process (PID=34851) to work on /Users/komidoveneymissiamenou/Documents/Master 1 DIT/DataEnge/spark_airflow/airflow_env/lib/python3.12/site-packages/airflow/example_dags/tutorial_dag.py
[2025-10-25T21:42:29.831+0000] {processor.py:914} INFO - Processing file /Users/komidoveneymissiamenou/Documents/Master 1 DIT/DataEnge/spark_airflow/airflow_env/lib/python3.12/site-packages/airflow/example_dags/tutorial_dag.py for tasks to queue
[2025-10-25T21:42:29.832+0000] {logging_mixin.py:190} INFO - [2025-10-25T21:42:29.831+0000] {dagbag.py:588} INFO - Filling up the DagBag from /Users/komidoveneymissiamenou/Documents/Master 1 DIT/DataEnge/spark_airflow/airflow_env/lib/python3.12/site-packages/airflow/example_dags/tutorial_dag.py
[2025-10-25T21:42:29.842+0000] {processor.py:925} INFO - DAG(s) 'tutorial_dag' retrieved from /Users/komidoveneymissiamenou/Documents/Master 1 DIT/DataEnge/spark_airflow/airflow_env/lib/python3.12/site-packages/airflow/example_dags/tutorial_dag.py
[2025-10-25T21:42:29.878+0000] {logging_mixin.py:190} INFO - [2025-10-25T21:42:29.878+0000] {dag.py:3239} INFO - Sync 1 DAGs
[2025-10-25T21:42:29.883+0000] {logging_mixin.py:190} INFO - [2025-10-25T21:42:29.883+0000] {dag.py:4180} INFO - Setting next_dagrun for tutorial_dag to None, run_after=None
[2025-10-25T21:42:29.889+0000] {processor.py:208} INFO - Processing /Users/komidoveneymissiamenou/Documents/Master 1 DIT/DataEnge/spark_airflow/airflow_env/lib/python3.12/site-packages/airflow/example_dags/tutorial_dag.py took 0.061 seconds
[2025-10-25T21:43:45.831+0000] {processor.py:186} INFO - Started process (PID=35763) to work on /Users/komidoveneymissiamenou/Documents/Master 1 DIT/DataEnge/spark_airflow/airflow_env/lib/python3.12/site-packages/airflow/example_dags/tutorial_dag.py
[2025-10-25T21:43:45.832+0000] {processor.py:914} INFO - Processing file /Users/komidoveneymissiamenou/Documents/Master 1 DIT/DataEnge/spark_airflow/airflow_env/lib/python3.12/site-packages/airflow/example_dags/tutorial_dag.py for tasks to queue
[2025-10-25T21:43:45.832+0000] {logging_mixin.py:190} INFO - [2025-10-25T21:43:45.832+0000] {dagbag.py:588} INFO - Filling up the DagBag from /Users/komidoveneymissiamenou/Documents/Master 1 DIT/DataEnge/spark_airflow/airflow_env/lib/python3.12/site-packages/airflow/example_dags/tutorial_dag.py
[2025-10-25T21:43:45.843+0000] {processor.py:925} INFO - DAG(s) 'tutorial_dag' retrieved from /Users/komidoveneymissiamenou/Documents/Master 1 DIT/DataEnge/spark_airflow/airflow_env/lib/python3.12/site-packages/airflow/example_dags/tutorial_dag.py
[2025-10-25T21:43:45.880+0000] {logging_mixin.py:190} INFO - [2025-10-25T21:43:45.880+0000] {dag.py:3239} INFO - Sync 1 DAGs
[2025-10-25T21:43:45.885+0000] {logging_mixin.py:190} INFO - [2025-10-25T21:43:45.885+0000] {dag.py:4180} INFO - Setting next_dagrun for tutorial_dag to None, run_after=None
[2025-10-25T21:43:45.891+0000] {processor.py:208} INFO - Processing /Users/komidoveneymissiamenou/Documents/Master 1 DIT/DataEnge/spark_airflow/airflow_env/lib/python3.12/site-packages/airflow/example_dags/tutorial_dag.py took 0.061 seconds
[2025-10-25T21:45:07.218+0000] {processor.py:186} INFO - Started process (PID=36740) to work on /Users/komidoveneymissiamenou/Documents/Master 1 DIT/DataEnge/spark_airflow/airflow_env/lib/python3.12/site-packages/airflow/example_dags/tutorial_dag.py
[2025-10-25T21:45:07.218+0000] {processor.py:914} INFO - Processing file /Users/komidoveneymissiamenou/Documents/Master 1 DIT/DataEnge/spark_airflow/airflow_env/lib/python3.12/site-packages/airflow/example_dags/tutorial_dag.py for tasks to queue
[2025-10-25T21:45:07.219+0000] {logging_mixin.py:190} INFO - [2025-10-25T21:45:07.219+0000] {dagbag.py:588} INFO - Filling up the DagBag from /Users/komidoveneymissiamenou/Documents/Master 1 DIT/DataEnge/spark_airflow/airflow_env/lib/python3.12/site-packages/airflow/example_dags/tutorial_dag.py
[2025-10-25T21:45:07.234+0000] {processor.py:925} INFO - DAG(s) 'tutorial_dag' retrieved from /Users/komidoveneymissiamenou/Documents/Master 1 DIT/DataEnge/spark_airflow/airflow_env/lib/python3.12/site-packages/airflow/example_dags/tutorial_dag.py
[2025-10-25T21:45:07.272+0000] {logging_mixin.py:190} INFO - [2025-10-25T21:45:07.272+0000] {dag.py:3239} INFO - Sync 1 DAGs
[2025-10-25T21:45:07.277+0000] {logging_mixin.py:190} INFO - [2025-10-25T21:45:07.277+0000] {dag.py:4180} INFO - Setting next_dagrun for tutorial_dag to None, run_after=None
[2025-10-25T21:45:07.284+0000] {processor.py:208} INFO - Processing /Users/komidoveneymissiamenou/Documents/Master 1 DIT/DataEnge/spark_airflow/airflow_env/lib/python3.12/site-packages/airflow/example_dags/tutorial_dag.py took 0.068 seconds
[2025-10-25T21:46:40.251+0000] {processor.py:186} INFO - Started process (PID=38356) to work on /Users/komidoveneymissiamenou/Documents/Master 1 DIT/DataEnge/spark_airflow/airflow_env/lib/python3.12/site-packages/airflow/example_dags/tutorial_dag.py
[2025-10-25T21:46:40.251+0000] {processor.py:914} INFO - Processing file /Users/komidoveneymissiamenou/Documents/Master 1 DIT/DataEnge/spark_airflow/airflow_env/lib/python3.12/site-packages/airflow/example_dags/tutorial_dag.py for tasks to queue
[2025-10-25T21:46:40.252+0000] {logging_mixin.py:190} INFO - [2025-10-25T21:46:40.252+0000] {dagbag.py:588} INFO - Filling up the DagBag from /Users/komidoveneymissiamenou/Documents/Master 1 DIT/DataEnge/spark_airflow/airflow_env/lib/python3.12/site-packages/airflow/example_dags/tutorial_dag.py
[2025-10-25T21:46:40.275+0000] {processor.py:925} INFO - DAG(s) 'tutorial_dag' retrieved from /Users/komidoveneymissiamenou/Documents/Master 1 DIT/DataEnge/spark_airflow/airflow_env/lib/python3.12/site-packages/airflow/example_dags/tutorial_dag.py
[2025-10-25T21:46:40.326+0000] {logging_mixin.py:190} INFO - [2025-10-25T21:46:40.325+0000] {dag.py:3239} INFO - Sync 1 DAGs
[2025-10-25T21:46:40.331+0000] {logging_mixin.py:190} INFO - [2025-10-25T21:46:40.331+0000] {dag.py:4180} INFO - Setting next_dagrun for tutorial_dag to None, run_after=None
[2025-10-25T21:46:40.340+0000] {processor.py:208} INFO - Processing /Users/komidoveneymissiamenou/Documents/Master 1 DIT/DataEnge/spark_airflow/airflow_env/lib/python3.12/site-packages/airflow/example_dags/tutorial_dag.py took 0.093 seconds
[2025-10-25T21:48:11.531+0000] {processor.py:186} INFO - Started process (PID=39838) to work on /Users/komidoveneymissiamenou/Documents/Master 1 DIT/DataEnge/spark_airflow/airflow_env/lib/python3.12/site-packages/airflow/example_dags/tutorial_dag.py
[2025-10-25T21:48:11.532+0000] {processor.py:914} INFO - Processing file /Users/komidoveneymissiamenou/Documents/Master 1 DIT/DataEnge/spark_airflow/airflow_env/lib/python3.12/site-packages/airflow/example_dags/tutorial_dag.py for tasks to queue
[2025-10-25T21:48:11.532+0000] {logging_mixin.py:190} INFO - [2025-10-25T21:48:11.532+0000] {dagbag.py:588} INFO - Filling up the DagBag from /Users/komidoveneymissiamenou/Documents/Master 1 DIT/DataEnge/spark_airflow/airflow_env/lib/python3.12/site-packages/airflow/example_dags/tutorial_dag.py
[2025-10-25T21:48:11.547+0000] {processor.py:925} INFO - DAG(s) 'tutorial_dag' retrieved from /Users/komidoveneymissiamenou/Documents/Master 1 DIT/DataEnge/spark_airflow/airflow_env/lib/python3.12/site-packages/airflow/example_dags/tutorial_dag.py
[2025-10-25T21:48:11.588+0000] {logging_mixin.py:190} INFO - [2025-10-25T21:48:11.588+0000] {dag.py:3239} INFO - Sync 1 DAGs
[2025-10-25T21:48:11.592+0000] {logging_mixin.py:190} INFO - [2025-10-25T21:48:11.592+0000] {dag.py:4180} INFO - Setting next_dagrun for tutorial_dag to None, run_after=None
[2025-10-25T21:48:11.600+0000] {processor.py:208} INFO - Processing /Users/komidoveneymissiamenou/Documents/Master 1 DIT/DataEnge/spark_airflow/airflow_env/lib/python3.12/site-packages/airflow/example_dags/tutorial_dag.py took 0.071 seconds
[2025-10-25T21:49:02.785+0000] {processor.py:186} INFO - Started process (PID=41976) to work on /Users/komidoveneymissiamenou/Documents/Master 1 DIT/DataEnge/spark_airflow/airflow_env/lib/python3.12/site-packages/airflow/example_dags/tutorial_dag.py
[2025-10-25T21:49:02.786+0000] {processor.py:914} INFO - Processing file /Users/komidoveneymissiamenou/Documents/Master 1 DIT/DataEnge/spark_airflow/airflow_env/lib/python3.12/site-packages/airflow/example_dags/tutorial_dag.py for tasks to queue
[2025-10-25T21:49:02.787+0000] {logging_mixin.py:190} INFO - [2025-10-25T21:49:02.786+0000] {dagbag.py:588} INFO - Filling up the DagBag from /Users/komidoveneymissiamenou/Documents/Master 1 DIT/DataEnge/spark_airflow/airflow_env/lib/python3.12/site-packages/airflow/example_dags/tutorial_dag.py
[2025-10-25T21:49:02.801+0000] {processor.py:925} INFO - DAG(s) 'tutorial_dag' retrieved from /Users/komidoveneymissiamenou/Documents/Master 1 DIT/DataEnge/spark_airflow/airflow_env/lib/python3.12/site-packages/airflow/example_dags/tutorial_dag.py
[2025-10-25T21:49:02.839+0000] {logging_mixin.py:190} INFO - [2025-10-25T21:49:02.839+0000] {dag.py:3239} INFO - Sync 1 DAGs
[2025-10-25T21:49:02.844+0000] {logging_mixin.py:190} INFO - [2025-10-25T21:49:02.844+0000] {dag.py:4180} INFO - Setting next_dagrun for tutorial_dag to None, run_after=None
[2025-10-25T21:49:02.851+0000] {processor.py:208} INFO - Processing /Users/komidoveneymissiamenou/Documents/Master 1 DIT/DataEnge/spark_airflow/airflow_env/lib/python3.12/site-packages/airflow/example_dags/tutorial_dag.py took 0.067 seconds
[2025-10-25T21:51:08.492+0000] {processor.py:186} INFO - Started process (PID=44198) to work on /Users/komidoveneymissiamenou/Documents/Master 1 DIT/DataEnge/spark_airflow/airflow_env/lib/python3.12/site-packages/airflow/example_dags/tutorial_dag.py
[2025-10-25T21:51:08.493+0000] {processor.py:914} INFO - Processing file /Users/komidoveneymissiamenou/Documents/Master 1 DIT/DataEnge/spark_airflow/airflow_env/lib/python3.12/site-packages/airflow/example_dags/tutorial_dag.py for tasks to queue
[2025-10-25T21:51:08.493+0000] {logging_mixin.py:190} INFO - [2025-10-25T21:51:08.493+0000] {dagbag.py:588} INFO - Filling up the DagBag from /Users/komidoveneymissiamenou/Documents/Master 1 DIT/DataEnge/spark_airflow/airflow_env/lib/python3.12/site-packages/airflow/example_dags/tutorial_dag.py
[2025-10-25T21:51:08.504+0000] {processor.py:925} INFO - DAG(s) 'tutorial_dag' retrieved from /Users/komidoveneymissiamenou/Documents/Master 1 DIT/DataEnge/spark_airflow/airflow_env/lib/python3.12/site-packages/airflow/example_dags/tutorial_dag.py
[2025-10-25T21:51:08.539+0000] {logging_mixin.py:190} INFO - [2025-10-25T21:51:08.539+0000] {dag.py:3239} INFO - Sync 1 DAGs
[2025-10-25T21:51:08.543+0000] {logging_mixin.py:190} INFO - [2025-10-25T21:51:08.543+0000] {dag.py:4180} INFO - Setting next_dagrun for tutorial_dag to None, run_after=None
[2025-10-25T21:51:08.550+0000] {processor.py:208} INFO - Processing /Users/komidoveneymissiamenou/Documents/Master 1 DIT/DataEnge/spark_airflow/airflow_env/lib/python3.12/site-packages/airflow/example_dags/tutorial_dag.py took 0.060 seconds
[2025-10-25T21:52:33.858+0000] {processor.py:186} INFO - Started process (PID=45926) to work on /Users/komidoveneymissiamenou/Documents/Master 1 DIT/DataEnge/spark_airflow/airflow_env/lib/python3.12/site-packages/airflow/example_dags/tutorial_dag.py
[2025-10-25T21:52:33.860+0000] {processor.py:914} INFO - Processing file /Users/komidoveneymissiamenou/Documents/Master 1 DIT/DataEnge/spark_airflow/airflow_env/lib/python3.12/site-packages/airflow/example_dags/tutorial_dag.py for tasks to queue
[2025-10-25T21:52:33.860+0000] {logging_mixin.py:190} INFO - [2025-10-25T21:52:33.860+0000] {dagbag.py:588} INFO - Filling up the DagBag from /Users/komidoveneymissiamenou/Documents/Master 1 DIT/DataEnge/spark_airflow/airflow_env/lib/python3.12/site-packages/airflow/example_dags/tutorial_dag.py
[2025-10-25T21:52:33.875+0000] {processor.py:925} INFO - DAG(s) 'tutorial_dag' retrieved from /Users/komidoveneymissiamenou/Documents/Master 1 DIT/DataEnge/spark_airflow/airflow_env/lib/python3.12/site-packages/airflow/example_dags/tutorial_dag.py
[2025-10-25T21:52:33.911+0000] {logging_mixin.py:190} INFO - [2025-10-25T21:52:33.911+0000] {dag.py:3239} INFO - Sync 1 DAGs
[2025-10-25T21:52:33.916+0000] {logging_mixin.py:190} INFO - [2025-10-25T21:52:33.916+0000] {dag.py:4180} INFO - Setting next_dagrun for tutorial_dag to None, run_after=None
[2025-10-25T21:52:33.923+0000] {processor.py:208} INFO - Processing /Users/komidoveneymissiamenou/Documents/Master 1 DIT/DataEnge/spark_airflow/airflow_env/lib/python3.12/site-packages/airflow/example_dags/tutorial_dag.py took 0.067 seconds
[2025-10-25T21:54:33.885+0000] {processor.py:186} INFO - Started process (PID=48604) to work on /Users/komidoveneymissiamenou/Documents/Master 1 DIT/DataEnge/spark_airflow/airflow_env/lib/python3.12/site-packages/airflow/example_dags/tutorial_dag.py
[2025-10-25T21:54:33.887+0000] {processor.py:914} INFO - Processing file /Users/komidoveneymissiamenou/Documents/Master 1 DIT/DataEnge/spark_airflow/airflow_env/lib/python3.12/site-packages/airflow/example_dags/tutorial_dag.py for tasks to queue
[2025-10-25T21:54:33.887+0000] {logging_mixin.py:190} INFO - [2025-10-25T21:54:33.887+0000] {dagbag.py:588} INFO - Filling up the DagBag from /Users/komidoveneymissiamenou/Documents/Master 1 DIT/DataEnge/spark_airflow/airflow_env/lib/python3.12/site-packages/airflow/example_dags/tutorial_dag.py
[2025-10-25T21:54:33.907+0000] {processor.py:925} INFO - DAG(s) 'tutorial_dag' retrieved from /Users/komidoveneymissiamenou/Documents/Master 1 DIT/DataEnge/spark_airflow/airflow_env/lib/python3.12/site-packages/airflow/example_dags/tutorial_dag.py
[2025-10-25T21:54:33.944+0000] {logging_mixin.py:190} INFO - [2025-10-25T21:54:33.944+0000] {dag.py:3239} INFO - Sync 1 DAGs
[2025-10-25T21:54:33.949+0000] {logging_mixin.py:190} INFO - [2025-10-25T21:54:33.949+0000] {dag.py:4180} INFO - Setting next_dagrun for tutorial_dag to None, run_after=None
[2025-10-25T21:54:33.957+0000] {processor.py:208} INFO - Processing /Users/komidoveneymissiamenou/Documents/Master 1 DIT/DataEnge/spark_airflow/airflow_env/lib/python3.12/site-packages/airflow/example_dags/tutorial_dag.py took 0.073 seconds
[2025-10-25T21:56:46.579+0000] {processor.py:186} INFO - Started process (PID=50286) to work on /Users/komidoveneymissiamenou/Documents/Master 1 DIT/DataEnge/spark_airflow/airflow_env/lib/python3.12/site-packages/airflow/example_dags/tutorial_dag.py
[2025-10-25T21:56:46.580+0000] {processor.py:914} INFO - Processing file /Users/komidoveneymissiamenou/Documents/Master 1 DIT/DataEnge/spark_airflow/airflow_env/lib/python3.12/site-packages/airflow/example_dags/tutorial_dag.py for tasks to queue
[2025-10-25T21:56:46.581+0000] {logging_mixin.py:190} INFO - [2025-10-25T21:56:46.580+0000] {dagbag.py:588} INFO - Filling up the DagBag from /Users/komidoveneymissiamenou/Documents/Master 1 DIT/DataEnge/spark_airflow/airflow_env/lib/python3.12/site-packages/airflow/example_dags/tutorial_dag.py
[2025-10-25T21:56:46.594+0000] {processor.py:925} INFO - DAG(s) 'tutorial_dag' retrieved from /Users/komidoveneymissiamenou/Documents/Master 1 DIT/DataEnge/spark_airflow/airflow_env/lib/python3.12/site-packages/airflow/example_dags/tutorial_dag.py
[2025-10-25T21:56:46.637+0000] {logging_mixin.py:190} INFO - [2025-10-25T21:56:46.637+0000] {dag.py:3239} INFO - Sync 1 DAGs
[2025-10-25T21:56:46.643+0000] {logging_mixin.py:190} INFO - [2025-10-25T21:56:46.643+0000] {dag.py:4180} INFO - Setting next_dagrun for tutorial_dag to None, run_after=None
[2025-10-25T21:56:46.652+0000] {processor.py:208} INFO - Processing /Users/komidoveneymissiamenou/Documents/Master 1 DIT/DataEnge/spark_airflow/airflow_env/lib/python3.12/site-packages/airflow/example_dags/tutorial_dag.py took 0.074 seconds
[2025-10-25T21:58:09.620+0000] {processor.py:186} INFO - Started process (PID=51290) to work on /Users/komidoveneymissiamenou/Documents/Master 1 DIT/DataEnge/spark_airflow/airflow_env/lib/python3.12/site-packages/airflow/example_dags/tutorial_dag.py
[2025-10-25T21:58:09.622+0000] {processor.py:914} INFO - Processing file /Users/komidoveneymissiamenou/Documents/Master 1 DIT/DataEnge/spark_airflow/airflow_env/lib/python3.12/site-packages/airflow/example_dags/tutorial_dag.py for tasks to queue
[2025-10-25T21:58:09.624+0000] {logging_mixin.py:190} INFO - [2025-10-25T21:58:09.623+0000] {dagbag.py:588} INFO - Filling up the DagBag from /Users/komidoveneymissiamenou/Documents/Master 1 DIT/DataEnge/spark_airflow/airflow_env/lib/python3.12/site-packages/airflow/example_dags/tutorial_dag.py
[2025-10-25T21:58:09.647+0000] {processor.py:925} INFO - DAG(s) 'tutorial_dag' retrieved from /Users/komidoveneymissiamenou/Documents/Master 1 DIT/DataEnge/spark_airflow/airflow_env/lib/python3.12/site-packages/airflow/example_dags/tutorial_dag.py
[2025-10-25T21:58:09.700+0000] {logging_mixin.py:190} INFO - [2025-10-25T21:58:09.700+0000] {dag.py:3239} INFO - Sync 1 DAGs
[2025-10-25T21:58:09.709+0000] {logging_mixin.py:190} INFO - [2025-10-25T21:58:09.709+0000] {dag.py:4180} INFO - Setting next_dagrun for tutorial_dag to None, run_after=None
[2025-10-25T21:58:09.719+0000] {processor.py:208} INFO - Processing /Users/komidoveneymissiamenou/Documents/Master 1 DIT/DataEnge/spark_airflow/airflow_env/lib/python3.12/site-packages/airflow/example_dags/tutorial_dag.py took 0.101 seconds
[2025-10-25T21:59:36.388+0000] {processor.py:186} INFO - Started process (PID=52305) to work on /Users/komidoveneymissiamenou/Documents/Master 1 DIT/DataEnge/spark_airflow/airflow_env/lib/python3.12/site-packages/airflow/example_dags/tutorial_dag.py
[2025-10-25T21:59:36.388+0000] {processor.py:914} INFO - Processing file /Users/komidoveneymissiamenou/Documents/Master 1 DIT/DataEnge/spark_airflow/airflow_env/lib/python3.12/site-packages/airflow/example_dags/tutorial_dag.py for tasks to queue
[2025-10-25T21:59:36.389+0000] {logging_mixin.py:190} INFO - [2025-10-25T21:59:36.389+0000] {dagbag.py:588} INFO - Filling up the DagBag from /Users/komidoveneymissiamenou/Documents/Master 1 DIT/DataEnge/spark_airflow/airflow_env/lib/python3.12/site-packages/airflow/example_dags/tutorial_dag.py
[2025-10-25T21:59:36.400+0000] {processor.py:925} INFO - DAG(s) 'tutorial_dag' retrieved from /Users/komidoveneymissiamenou/Documents/Master 1 DIT/DataEnge/spark_airflow/airflow_env/lib/python3.12/site-packages/airflow/example_dags/tutorial_dag.py
[2025-10-25T21:59:36.434+0000] {logging_mixin.py:190} INFO - [2025-10-25T21:59:36.434+0000] {dag.py:3239} INFO - Sync 1 DAGs
[2025-10-25T21:59:36.439+0000] {logging_mixin.py:190} INFO - [2025-10-25T21:59:36.438+0000] {dag.py:4180} INFO - Setting next_dagrun for tutorial_dag to None, run_after=None
[2025-10-25T21:59:36.446+0000] {processor.py:208} INFO - Processing /Users/komidoveneymissiamenou/Documents/Master 1 DIT/DataEnge/spark_airflow/airflow_env/lib/python3.12/site-packages/airflow/example_dags/tutorial_dag.py took 0.060 seconds
