[2025-10-25T21:39:08.027+0000] {processor.py:186} INFO - Started process (PID=32363) to work on /Users/komidoveneymissiamenou/Documents/Master 1 DIT/DataEnge/spark_airflow/airflow_env/lib/python3.12/site-packages/airflow/example_dags/tutorial_objectstorage.py
[2025-10-25T21:39:08.027+0000] {processor.py:914} INFO - Processing file /Users/komidoveneymissiamenou/Documents/Master 1 DIT/DataEnge/spark_airflow/airflow_env/lib/python3.12/site-packages/airflow/example_dags/tutorial_objectstorage.py for tasks to queue
[2025-10-25T21:39:08.028+0000] {logging_mixin.py:190} INFO - [2025-10-25T21:39:08.027+0000] {dagbag.py:588} INFO - Filling up the DagBag from /Users/komidoveneymissiamenou/Documents/Master 1 DIT/DataEnge/spark_airflow/airflow_env/lib/python3.12/site-packages/airflow/example_dags/tutorial_objectstorage.py
[2025-10-25T21:39:08.048+0000] {processor.py:925} INFO - DAG(s) 'tutorial_objectstorage' retrieved from /Users/komidoveneymissiamenou/Documents/Master 1 DIT/DataEnge/spark_airflow/airflow_env/lib/python3.12/site-packages/airflow/example_dags/tutorial_objectstorage.py
[2025-10-25T21:39:08.154+0000] {logging_mixin.py:190} INFO - [2025-10-25T21:39:08.153+0000] {override.py:1900} INFO - Created Permission View: can read on DAG:tutorial_objectstorage
[2025-10-25T21:39:08.157+0000] {logging_mixin.py:190} INFO - [2025-10-25T21:39:08.157+0000] {override.py:1900} INFO - Created Permission View: can delete on DAG:tutorial_objectstorage
[2025-10-25T21:39:08.159+0000] {logging_mixin.py:190} INFO - [2025-10-25T21:39:08.159+0000] {override.py:1900} INFO - Created Permission View: can edit on DAG:tutorial_objectstorage
[2025-10-25T21:39:08.163+0000] {logging_mixin.py:190} INFO - [2025-10-25T21:39:08.162+0000] {override.py:1900} INFO - Created Permission View: can read on DAG Run:tutorial_objectstorage
[2025-10-25T21:39:08.165+0000] {logging_mixin.py:190} INFO - [2025-10-25T21:39:08.165+0000] {override.py:1900} INFO - Created Permission View: menu access on DAG Run:tutorial_objectstorage
[2025-10-25T21:39:08.167+0000] {logging_mixin.py:190} INFO - [2025-10-25T21:39:08.167+0000] {override.py:1900} INFO - Created Permission View: can delete on DAG Run:tutorial_objectstorage
[2025-10-25T21:39:08.170+0000] {logging_mixin.py:190} INFO - [2025-10-25T21:39:08.170+0000] {override.py:1900} INFO - Created Permission View: can create on DAG Run:tutorial_objectstorage
[2025-10-25T21:39:08.170+0000] {logging_mixin.py:190} INFO - [2025-10-25T21:39:08.170+0000] {dag.py:3239} INFO - Sync 1 DAGs
[2025-10-25T21:39:08.174+0000] {logging_mixin.py:190} INFO - [2025-10-25T21:39:08.174+0000] {dag.py:3262} INFO - Creating ORM DAG for tutorial_objectstorage
[2025-10-25T21:39:08.174+0000] {logging_mixin.py:190} INFO - [2025-10-25T21:39:08.174+0000] {dag.py:4180} INFO - Setting next_dagrun for tutorial_objectstorage to None, run_after=None
[2025-10-25T21:39:08.180+0000] {processor.py:208} INFO - Processing /Users/komidoveneymissiamenou/Documents/Master 1 DIT/DataEnge/spark_airflow/airflow_env/lib/python3.12/site-packages/airflow/example_dags/tutorial_objectstorage.py took 0.155 seconds
[2025-10-25T21:41:10.753+0000] {processor.py:186} INFO - Started process (PID=33874) to work on /Users/komidoveneymissiamenou/Documents/Master 1 DIT/DataEnge/spark_airflow/airflow_env/lib/python3.12/site-packages/airflow/example_dags/tutorial_objectstorage.py
[2025-10-25T21:41:10.755+0000] {processor.py:914} INFO - Processing file /Users/komidoveneymissiamenou/Documents/Master 1 DIT/DataEnge/spark_airflow/airflow_env/lib/python3.12/site-packages/airflow/example_dags/tutorial_objectstorage.py for tasks to queue
[2025-10-25T21:41:10.755+0000] {logging_mixin.py:190} INFO - [2025-10-25T21:41:10.755+0000] {dagbag.py:588} INFO - Filling up the DagBag from /Users/komidoveneymissiamenou/Documents/Master 1 DIT/DataEnge/spark_airflow/airflow_env/lib/python3.12/site-packages/airflow/example_dags/tutorial_objectstorage.py
[2025-10-25T21:41:10.783+0000] {processor.py:925} INFO - DAG(s) 'tutorial_objectstorage' retrieved from /Users/komidoveneymissiamenou/Documents/Master 1 DIT/DataEnge/spark_airflow/airflow_env/lib/python3.12/site-packages/airflow/example_dags/tutorial_objectstorage.py
[2025-10-25T21:41:10.822+0000] {logging_mixin.py:190} INFO - [2025-10-25T21:41:10.822+0000] {dag.py:3239} INFO - Sync 1 DAGs
[2025-10-25T21:41:10.826+0000] {logging_mixin.py:190} INFO - [2025-10-25T21:41:10.826+0000] {dag.py:4180} INFO - Setting next_dagrun for tutorial_objectstorage to None, run_after=None
[2025-10-25T21:41:10.835+0000] {processor.py:208} INFO - Processing /Users/komidoveneymissiamenou/Documents/Master 1 DIT/DataEnge/spark_airflow/airflow_env/lib/python3.12/site-packages/airflow/example_dags/tutorial_objectstorage.py took 0.083 seconds
[2025-10-25T21:42:27.921+0000] {processor.py:186} INFO - Started process (PID=34822) to work on /Users/komidoveneymissiamenou/Documents/Master 1 DIT/DataEnge/spark_airflow/airflow_env/lib/python3.12/site-packages/airflow/example_dags/tutorial_objectstorage.py
[2025-10-25T21:42:27.924+0000] {processor.py:914} INFO - Processing file /Users/komidoveneymissiamenou/Documents/Master 1 DIT/DataEnge/spark_airflow/airflow_env/lib/python3.12/site-packages/airflow/example_dags/tutorial_objectstorage.py for tasks to queue
[2025-10-25T21:42:27.925+0000] {logging_mixin.py:190} INFO - [2025-10-25T21:42:27.925+0000] {dagbag.py:588} INFO - Filling up the DagBag from /Users/komidoveneymissiamenou/Documents/Master 1 DIT/DataEnge/spark_airflow/airflow_env/lib/python3.12/site-packages/airflow/example_dags/tutorial_objectstorage.py
[2025-10-25T21:42:27.947+0000] {processor.py:925} INFO - DAG(s) 'tutorial_objectstorage' retrieved from /Users/komidoveneymissiamenou/Documents/Master 1 DIT/DataEnge/spark_airflow/airflow_env/lib/python3.12/site-packages/airflow/example_dags/tutorial_objectstorage.py
[2025-10-25T21:42:27.982+0000] {logging_mixin.py:190} INFO - [2025-10-25T21:42:27.981+0000] {dag.py:3239} INFO - Sync 1 DAGs
[2025-10-25T21:42:27.985+0000] {logging_mixin.py:190} INFO - [2025-10-25T21:42:27.985+0000] {dag.py:4180} INFO - Setting next_dagrun for tutorial_objectstorage to None, run_after=None
[2025-10-25T21:42:27.992+0000] {processor.py:208} INFO - Processing /Users/komidoveneymissiamenou/Documents/Master 1 DIT/DataEnge/spark_airflow/airflow_env/lib/python3.12/site-packages/airflow/example_dags/tutorial_objectstorage.py took 0.073 seconds
[2025-10-25T21:43:43.836+0000] {processor.py:186} INFO - Started process (PID=35731) to work on /Users/komidoveneymissiamenou/Documents/Master 1 DIT/DataEnge/spark_airflow/airflow_env/lib/python3.12/site-packages/airflow/example_dags/tutorial_objectstorage.py
[2025-10-25T21:43:43.837+0000] {processor.py:914} INFO - Processing file /Users/komidoveneymissiamenou/Documents/Master 1 DIT/DataEnge/spark_airflow/airflow_env/lib/python3.12/site-packages/airflow/example_dags/tutorial_objectstorage.py for tasks to queue
[2025-10-25T21:43:43.837+0000] {logging_mixin.py:190} INFO - [2025-10-25T21:43:43.837+0000] {dagbag.py:588} INFO - Filling up the DagBag from /Users/komidoveneymissiamenou/Documents/Master 1 DIT/DataEnge/spark_airflow/airflow_env/lib/python3.12/site-packages/airflow/example_dags/tutorial_objectstorage.py
[2025-10-25T21:43:43.861+0000] {processor.py:925} INFO - DAG(s) 'tutorial_objectstorage' retrieved from /Users/komidoveneymissiamenou/Documents/Master 1 DIT/DataEnge/spark_airflow/airflow_env/lib/python3.12/site-packages/airflow/example_dags/tutorial_objectstorage.py
[2025-10-25T21:43:43.898+0000] {logging_mixin.py:190} INFO - [2025-10-25T21:43:43.898+0000] {dag.py:3239} INFO - Sync 1 DAGs
[2025-10-25T21:43:43.903+0000] {logging_mixin.py:190} INFO - [2025-10-25T21:43:43.902+0000] {dag.py:4180} INFO - Setting next_dagrun for tutorial_objectstorage to None, run_after=None
[2025-10-25T21:43:43.910+0000] {processor.py:208} INFO - Processing /Users/komidoveneymissiamenou/Documents/Master 1 DIT/DataEnge/spark_airflow/airflow_env/lib/python3.12/site-packages/airflow/example_dags/tutorial_objectstorage.py took 0.075 seconds
[2025-10-25T21:45:05.015+0000] {processor.py:186} INFO - Started process (PID=36709) to work on /Users/komidoveneymissiamenou/Documents/Master 1 DIT/DataEnge/spark_airflow/airflow_env/lib/python3.12/site-packages/airflow/example_dags/tutorial_objectstorage.py
[2025-10-25T21:45:05.016+0000] {processor.py:914} INFO - Processing file /Users/komidoveneymissiamenou/Documents/Master 1 DIT/DataEnge/spark_airflow/airflow_env/lib/python3.12/site-packages/airflow/example_dags/tutorial_objectstorage.py for tasks to queue
[2025-10-25T21:45:05.018+0000] {logging_mixin.py:190} INFO - [2025-10-25T21:45:05.017+0000] {dagbag.py:588} INFO - Filling up the DagBag from /Users/komidoveneymissiamenou/Documents/Master 1 DIT/DataEnge/spark_airflow/airflow_env/lib/python3.12/site-packages/airflow/example_dags/tutorial_objectstorage.py
[2025-10-25T21:45:05.064+0000] {processor.py:925} INFO - DAG(s) 'tutorial_objectstorage' retrieved from /Users/komidoveneymissiamenou/Documents/Master 1 DIT/DataEnge/spark_airflow/airflow_env/lib/python3.12/site-packages/airflow/example_dags/tutorial_objectstorage.py
[2025-10-25T21:45:05.121+0000] {logging_mixin.py:190} INFO - [2025-10-25T21:45:05.121+0000] {dag.py:3239} INFO - Sync 1 DAGs
[2025-10-25T21:45:05.146+0000] {logging_mixin.py:190} INFO - [2025-10-25T21:45:05.146+0000] {dag.py:4180} INFO - Setting next_dagrun for tutorial_objectstorage to None, run_after=None
[2025-10-25T21:45:05.159+0000] {processor.py:208} INFO - Processing /Users/komidoveneymissiamenou/Documents/Master 1 DIT/DataEnge/spark_airflow/airflow_env/lib/python3.12/site-packages/airflow/example_dags/tutorial_objectstorage.py took 0.146 seconds
[2025-10-25T21:46:37.976+0000] {processor.py:186} INFO - Started process (PID=38305) to work on /Users/komidoveneymissiamenou/Documents/Master 1 DIT/DataEnge/spark_airflow/airflow_env/lib/python3.12/site-packages/airflow/example_dags/tutorial_objectstorage.py
[2025-10-25T21:46:37.976+0000] {processor.py:914} INFO - Processing file /Users/komidoveneymissiamenou/Documents/Master 1 DIT/DataEnge/spark_airflow/airflow_env/lib/python3.12/site-packages/airflow/example_dags/tutorial_objectstorage.py for tasks to queue
[2025-10-25T21:46:37.977+0000] {logging_mixin.py:190} INFO - [2025-10-25T21:46:37.977+0000] {dagbag.py:588} INFO - Filling up the DagBag from /Users/komidoveneymissiamenou/Documents/Master 1 DIT/DataEnge/spark_airflow/airflow_env/lib/python3.12/site-packages/airflow/example_dags/tutorial_objectstorage.py
[2025-10-25T21:46:38.007+0000] {processor.py:925} INFO - DAG(s) 'tutorial_objectstorage' retrieved from /Users/komidoveneymissiamenou/Documents/Master 1 DIT/DataEnge/spark_airflow/airflow_env/lib/python3.12/site-packages/airflow/example_dags/tutorial_objectstorage.py
[2025-10-25T21:46:38.052+0000] {logging_mixin.py:190} INFO - [2025-10-25T21:46:38.051+0000] {dag.py:3239} INFO - Sync 1 DAGs
[2025-10-25T21:46:38.056+0000] {logging_mixin.py:190} INFO - [2025-10-25T21:46:38.056+0000] {dag.py:4180} INFO - Setting next_dagrun for tutorial_objectstorage to None, run_after=None
[2025-10-25T21:46:38.065+0000] {processor.py:208} INFO - Processing /Users/komidoveneymissiamenou/Documents/Master 1 DIT/DataEnge/spark_airflow/airflow_env/lib/python3.12/site-packages/airflow/example_dags/tutorial_objectstorage.py took 0.091 seconds
[2025-10-25T21:48:09.588+0000] {processor.py:186} INFO - Started process (PID=39820) to work on /Users/komidoveneymissiamenou/Documents/Master 1 DIT/DataEnge/spark_airflow/airflow_env/lib/python3.12/site-packages/airflow/example_dags/tutorial_objectstorage.py
[2025-10-25T21:48:09.590+0000] {processor.py:914} INFO - Processing file /Users/komidoveneymissiamenou/Documents/Master 1 DIT/DataEnge/spark_airflow/airflow_env/lib/python3.12/site-packages/airflow/example_dags/tutorial_objectstorage.py for tasks to queue
[2025-10-25T21:48:09.590+0000] {logging_mixin.py:190} INFO - [2025-10-25T21:48:09.590+0000] {dagbag.py:588} INFO - Filling up the DagBag from /Users/komidoveneymissiamenou/Documents/Master 1 DIT/DataEnge/spark_airflow/airflow_env/lib/python3.12/site-packages/airflow/example_dags/tutorial_objectstorage.py
[2025-10-25T21:48:09.622+0000] {processor.py:925} INFO - DAG(s) 'tutorial_objectstorage' retrieved from /Users/komidoveneymissiamenou/Documents/Master 1 DIT/DataEnge/spark_airflow/airflow_env/lib/python3.12/site-packages/airflow/example_dags/tutorial_objectstorage.py
[2025-10-25T21:48:09.660+0000] {logging_mixin.py:190} INFO - [2025-10-25T21:48:09.660+0000] {dag.py:3239} INFO - Sync 1 DAGs
[2025-10-25T21:48:09.664+0000] {logging_mixin.py:190} INFO - [2025-10-25T21:48:09.664+0000] {dag.py:4180} INFO - Setting next_dagrun for tutorial_objectstorage to None, run_after=None
[2025-10-25T21:48:09.672+0000] {processor.py:208} INFO - Processing /Users/komidoveneymissiamenou/Documents/Master 1 DIT/DataEnge/spark_airflow/airflow_env/lib/python3.12/site-packages/airflow/example_dags/tutorial_objectstorage.py took 0.087 seconds
[2025-10-25T21:49:00.773+0000] {processor.py:186} INFO - Started process (PID=41954) to work on /Users/komidoveneymissiamenou/Documents/Master 1 DIT/DataEnge/spark_airflow/airflow_env/lib/python3.12/site-packages/airflow/example_dags/tutorial_objectstorage.py
[2025-10-25T21:49:00.774+0000] {processor.py:914} INFO - Processing file /Users/komidoveneymissiamenou/Documents/Master 1 DIT/DataEnge/spark_airflow/airflow_env/lib/python3.12/site-packages/airflow/example_dags/tutorial_objectstorage.py for tasks to queue
[2025-10-25T21:49:00.775+0000] {logging_mixin.py:190} INFO - [2025-10-25T21:49:00.775+0000] {dagbag.py:588} INFO - Filling up the DagBag from /Users/komidoveneymissiamenou/Documents/Master 1 DIT/DataEnge/spark_airflow/airflow_env/lib/python3.12/site-packages/airflow/example_dags/tutorial_objectstorage.py
[2025-10-25T21:49:00.791+0000] {processor.py:925} INFO - DAG(s) 'tutorial_objectstorage' retrieved from /Users/komidoveneymissiamenou/Documents/Master 1 DIT/DataEnge/spark_airflow/airflow_env/lib/python3.12/site-packages/airflow/example_dags/tutorial_objectstorage.py
[2025-10-25T21:49:00.826+0000] {logging_mixin.py:190} INFO - [2025-10-25T21:49:00.826+0000] {dag.py:3239} INFO - Sync 1 DAGs
[2025-10-25T21:49:00.830+0000] {logging_mixin.py:190} INFO - [2025-10-25T21:49:00.830+0000] {dag.py:4180} INFO - Setting next_dagrun for tutorial_objectstorage to None, run_after=None
[2025-10-25T21:49:00.837+0000] {processor.py:208} INFO - Processing /Users/komidoveneymissiamenou/Documents/Master 1 DIT/DataEnge/spark_airflow/airflow_env/lib/python3.12/site-packages/airflow/example_dags/tutorial_objectstorage.py took 0.065 seconds
[2025-10-25T21:51:06.410+0000] {processor.py:186} INFO - Started process (PID=44175) to work on /Users/komidoveneymissiamenou/Documents/Master 1 DIT/DataEnge/spark_airflow/airflow_env/lib/python3.12/site-packages/airflow/example_dags/tutorial_objectstorage.py
[2025-10-25T21:51:06.411+0000] {processor.py:914} INFO - Processing file /Users/komidoveneymissiamenou/Documents/Master 1 DIT/DataEnge/spark_airflow/airflow_env/lib/python3.12/site-packages/airflow/example_dags/tutorial_objectstorage.py for tasks to queue
[2025-10-25T21:51:06.412+0000] {logging_mixin.py:190} INFO - [2025-10-25T21:51:06.412+0000] {dagbag.py:588} INFO - Filling up the DagBag from /Users/komidoveneymissiamenou/Documents/Master 1 DIT/DataEnge/spark_airflow/airflow_env/lib/python3.12/site-packages/airflow/example_dags/tutorial_objectstorage.py
[2025-10-25T21:51:06.444+0000] {processor.py:925} INFO - DAG(s) 'tutorial_objectstorage' retrieved from /Users/komidoveneymissiamenou/Documents/Master 1 DIT/DataEnge/spark_airflow/airflow_env/lib/python3.12/site-packages/airflow/example_dags/tutorial_objectstorage.py
[2025-10-25T21:51:06.485+0000] {logging_mixin.py:190} INFO - [2025-10-25T21:51:06.485+0000] {dag.py:3239} INFO - Sync 1 DAGs
[2025-10-25T21:51:06.489+0000] {logging_mixin.py:190} INFO - [2025-10-25T21:51:06.489+0000] {dag.py:4180} INFO - Setting next_dagrun for tutorial_objectstorage to None, run_after=None
[2025-10-25T21:51:06.496+0000] {processor.py:208} INFO - Processing /Users/komidoveneymissiamenou/Documents/Master 1 DIT/DataEnge/spark_airflow/airflow_env/lib/python3.12/site-packages/airflow/example_dags/tutorial_objectstorage.py took 0.088 seconds
[2025-10-25T21:52:31.904+0000] {processor.py:186} INFO - Started process (PID=45904) to work on /Users/komidoveneymissiamenou/Documents/Master 1 DIT/DataEnge/spark_airflow/airflow_env/lib/python3.12/site-packages/airflow/example_dags/tutorial_objectstorage.py
[2025-10-25T21:52:31.906+0000] {processor.py:914} INFO - Processing file /Users/komidoveneymissiamenou/Documents/Master 1 DIT/DataEnge/spark_airflow/airflow_env/lib/python3.12/site-packages/airflow/example_dags/tutorial_objectstorage.py for tasks to queue
[2025-10-25T21:52:31.907+0000] {logging_mixin.py:190} INFO - [2025-10-25T21:52:31.907+0000] {dagbag.py:588} INFO - Filling up the DagBag from /Users/komidoveneymissiamenou/Documents/Master 1 DIT/DataEnge/spark_airflow/airflow_env/lib/python3.12/site-packages/airflow/example_dags/tutorial_objectstorage.py
[2025-10-25T21:52:31.930+0000] {processor.py:925} INFO - DAG(s) 'tutorial_objectstorage' retrieved from /Users/komidoveneymissiamenou/Documents/Master 1 DIT/DataEnge/spark_airflow/airflow_env/lib/python3.12/site-packages/airflow/example_dags/tutorial_objectstorage.py
[2025-10-25T21:52:31.965+0000] {logging_mixin.py:190} INFO - [2025-10-25T21:52:31.965+0000] {dag.py:3239} INFO - Sync 1 DAGs
[2025-10-25T21:52:31.969+0000] {logging_mixin.py:190} INFO - [2025-10-25T21:52:31.969+0000] {dag.py:4180} INFO - Setting next_dagrun for tutorial_objectstorage to None, run_after=None
[2025-10-25T21:52:31.976+0000] {processor.py:208} INFO - Processing /Users/komidoveneymissiamenou/Documents/Master 1 DIT/DataEnge/spark_airflow/airflow_env/lib/python3.12/site-packages/airflow/example_dags/tutorial_objectstorage.py took 0.073 seconds
[2025-10-25T21:54:31.768+0000] {processor.py:186} INFO - Started process (PID=48580) to work on /Users/komidoveneymissiamenou/Documents/Master 1 DIT/DataEnge/spark_airflow/airflow_env/lib/python3.12/site-packages/airflow/example_dags/tutorial_objectstorage.py
[2025-10-25T21:54:31.770+0000] {processor.py:914} INFO - Processing file /Users/komidoveneymissiamenou/Documents/Master 1 DIT/DataEnge/spark_airflow/airflow_env/lib/python3.12/site-packages/airflow/example_dags/tutorial_objectstorage.py for tasks to queue
[2025-10-25T21:54:31.770+0000] {logging_mixin.py:190} INFO - [2025-10-25T21:54:31.770+0000] {dagbag.py:588} INFO - Filling up the DagBag from /Users/komidoveneymissiamenou/Documents/Master 1 DIT/DataEnge/spark_airflow/airflow_env/lib/python3.12/site-packages/airflow/example_dags/tutorial_objectstorage.py
[2025-10-25T21:54:31.790+0000] {processor.py:925} INFO - DAG(s) 'tutorial_objectstorage' retrieved from /Users/komidoveneymissiamenou/Documents/Master 1 DIT/DataEnge/spark_airflow/airflow_env/lib/python3.12/site-packages/airflow/example_dags/tutorial_objectstorage.py
[2025-10-25T21:54:31.828+0000] {logging_mixin.py:190} INFO - [2025-10-25T21:54:31.827+0000] {dag.py:3239} INFO - Sync 1 DAGs
[2025-10-25T21:54:31.832+0000] {logging_mixin.py:190} INFO - [2025-10-25T21:54:31.832+0000] {dag.py:4180} INFO - Setting next_dagrun for tutorial_objectstorage to None, run_after=None
[2025-10-25T21:54:31.839+0000] {processor.py:208} INFO - Processing /Users/komidoveneymissiamenou/Documents/Master 1 DIT/DataEnge/spark_airflow/airflow_env/lib/python3.12/site-packages/airflow/example_dags/tutorial_objectstorage.py took 0.072 seconds
[2025-10-25T21:56:44.924+0000] {processor.py:186} INFO - Started process (PID=50266) to work on /Users/komidoveneymissiamenou/Documents/Master 1 DIT/DataEnge/spark_airflow/airflow_env/lib/python3.12/site-packages/airflow/example_dags/tutorial_objectstorage.py
[2025-10-25T21:56:44.930+0000] {processor.py:914} INFO - Processing file /Users/komidoveneymissiamenou/Documents/Master 1 DIT/DataEnge/spark_airflow/airflow_env/lib/python3.12/site-packages/airflow/example_dags/tutorial_objectstorage.py for tasks to queue
[2025-10-25T21:56:44.930+0000] {logging_mixin.py:190} INFO - [2025-10-25T21:56:44.930+0000] {dagbag.py:588} INFO - Filling up the DagBag from /Users/komidoveneymissiamenou/Documents/Master 1 DIT/DataEnge/spark_airflow/airflow_env/lib/python3.12/site-packages/airflow/example_dags/tutorial_objectstorage.py
[2025-10-25T21:56:44.965+0000] {processor.py:925} INFO - DAG(s) 'tutorial_objectstorage' retrieved from /Users/komidoveneymissiamenou/Documents/Master 1 DIT/DataEnge/spark_airflow/airflow_env/lib/python3.12/site-packages/airflow/example_dags/tutorial_objectstorage.py
[2025-10-25T21:56:45.020+0000] {logging_mixin.py:190} INFO - [2025-10-25T21:56:45.020+0000] {dag.py:3239} INFO - Sync 1 DAGs
[2025-10-25T21:56:45.026+0000] {logging_mixin.py:190} INFO - [2025-10-25T21:56:45.026+0000] {dag.py:4180} INFO - Setting next_dagrun for tutorial_objectstorage to None, run_after=None
[2025-10-25T21:56:45.037+0000] {processor.py:208} INFO - Processing /Users/komidoveneymissiamenou/Documents/Master 1 DIT/DataEnge/spark_airflow/airflow_env/lib/python3.12/site-packages/airflow/example_dags/tutorial_objectstorage.py took 0.117 seconds
[2025-10-25T21:58:07.811+0000] {processor.py:186} INFO - Started process (PID=51255) to work on /Users/komidoveneymissiamenou/Documents/Master 1 DIT/DataEnge/spark_airflow/airflow_env/lib/python3.12/site-packages/airflow/example_dags/tutorial_objectstorage.py
[2025-10-25T21:58:07.812+0000] {processor.py:914} INFO - Processing file /Users/komidoveneymissiamenou/Documents/Master 1 DIT/DataEnge/spark_airflow/airflow_env/lib/python3.12/site-packages/airflow/example_dags/tutorial_objectstorage.py for tasks to queue
[2025-10-25T21:58:07.813+0000] {logging_mixin.py:190} INFO - [2025-10-25T21:58:07.813+0000] {dagbag.py:588} INFO - Filling up the DagBag from /Users/komidoveneymissiamenou/Documents/Master 1 DIT/DataEnge/spark_airflow/airflow_env/lib/python3.12/site-packages/airflow/example_dags/tutorial_objectstorage.py
[2025-10-25T21:58:07.842+0000] {processor.py:925} INFO - DAG(s) 'tutorial_objectstorage' retrieved from /Users/komidoveneymissiamenou/Documents/Master 1 DIT/DataEnge/spark_airflow/airflow_env/lib/python3.12/site-packages/airflow/example_dags/tutorial_objectstorage.py
[2025-10-25T21:58:07.882+0000] {logging_mixin.py:190} INFO - [2025-10-25T21:58:07.881+0000] {dag.py:3239} INFO - Sync 1 DAGs
[2025-10-25T21:58:07.886+0000] {logging_mixin.py:190} INFO - [2025-10-25T21:58:07.886+0000] {dag.py:4180} INFO - Setting next_dagrun for tutorial_objectstorage to None, run_after=None
[2025-10-25T21:58:07.895+0000] {processor.py:208} INFO - Processing /Users/komidoveneymissiamenou/Documents/Master 1 DIT/DataEnge/spark_airflow/airflow_env/lib/python3.12/site-packages/airflow/example_dags/tutorial_objectstorage.py took 0.088 seconds
[2025-10-25T21:59:34.414+0000] {processor.py:186} INFO - Started process (PID=52276) to work on /Users/komidoveneymissiamenou/Documents/Master 1 DIT/DataEnge/spark_airflow/airflow_env/lib/python3.12/site-packages/airflow/example_dags/tutorial_objectstorage.py
[2025-10-25T21:59:34.415+0000] {processor.py:914} INFO - Processing file /Users/komidoveneymissiamenou/Documents/Master 1 DIT/DataEnge/spark_airflow/airflow_env/lib/python3.12/site-packages/airflow/example_dags/tutorial_objectstorage.py for tasks to queue
[2025-10-25T21:59:34.415+0000] {logging_mixin.py:190} INFO - [2025-10-25T21:59:34.415+0000] {dagbag.py:588} INFO - Filling up the DagBag from /Users/komidoveneymissiamenou/Documents/Master 1 DIT/DataEnge/spark_airflow/airflow_env/lib/python3.12/site-packages/airflow/example_dags/tutorial_objectstorage.py
[2025-10-25T21:59:34.432+0000] {processor.py:925} INFO - DAG(s) 'tutorial_objectstorage' retrieved from /Users/komidoveneymissiamenou/Documents/Master 1 DIT/DataEnge/spark_airflow/airflow_env/lib/python3.12/site-packages/airflow/example_dags/tutorial_objectstorage.py
[2025-10-25T21:59:34.468+0000] {logging_mixin.py:190} INFO - [2025-10-25T21:59:34.468+0000] {dag.py:3239} INFO - Sync 1 DAGs
[2025-10-25T21:59:34.473+0000] {logging_mixin.py:190} INFO - [2025-10-25T21:59:34.473+0000] {dag.py:4180} INFO - Setting next_dagrun for tutorial_objectstorage to None, run_after=None
[2025-10-25T21:59:34.480+0000] {processor.py:208} INFO - Processing /Users/komidoveneymissiamenou/Documents/Master 1 DIT/DataEnge/spark_airflow/airflow_env/lib/python3.12/site-packages/airflow/example_dags/tutorial_objectstorage.py took 0.068 seconds
