[2025-10-25T21:39:05.883+0000] {processor.py:186} INFO - Started process (PID=32341) to work on /Users/komidoveneymissiamenou/Documents/Master 1 DIT/DataEnge/spark_airflow/airflow_env/lib/python3.12/site-packages/airflow/example_dags/tutorial_taskflow_api.py
[2025-10-25T21:39:05.884+0000] {processor.py:914} INFO - Processing file /Users/komidoveneymissiamenou/Documents/Master 1 DIT/DataEnge/spark_airflow/airflow_env/lib/python3.12/site-packages/airflow/example_dags/tutorial_taskflow_api.py for tasks to queue
[2025-10-25T21:39:05.885+0000] {logging_mixin.py:190} INFO - [2025-10-25T21:39:05.885+0000] {dagbag.py:588} INFO - Filling up the DagBag from /Users/komidoveneymissiamenou/Documents/Master 1 DIT/DataEnge/spark_airflow/airflow_env/lib/python3.12/site-packages/airflow/example_dags/tutorial_taskflow_api.py
[2025-10-25T21:39:05.909+0000] {processor.py:925} INFO - DAG(s) 'tutorial_taskflow_api' retrieved from /Users/komidoveneymissiamenou/Documents/Master 1 DIT/DataEnge/spark_airflow/airflow_env/lib/python3.12/site-packages/airflow/example_dags/tutorial_taskflow_api.py
[2025-10-25T21:39:06.034+0000] {logging_mixin.py:190} INFO - [2025-10-25T21:39:06.033+0000] {override.py:1900} INFO - Created Permission View: can read on DAG:tutorial_taskflow_api
[2025-10-25T21:39:06.037+0000] {logging_mixin.py:190} INFO - [2025-10-25T21:39:06.037+0000] {override.py:1900} INFO - Created Permission View: can delete on DAG:tutorial_taskflow_api
[2025-10-25T21:39:06.039+0000] {logging_mixin.py:190} INFO - [2025-10-25T21:39:06.039+0000] {override.py:1900} INFO - Created Permission View: can edit on DAG:tutorial_taskflow_api
[2025-10-25T21:39:06.042+0000] {logging_mixin.py:190} INFO - [2025-10-25T21:39:06.042+0000] {override.py:1900} INFO - Created Permission View: can read on DAG Run:tutorial_taskflow_api
[2025-10-25T21:39:06.045+0000] {logging_mixin.py:190} INFO - [2025-10-25T21:39:06.044+0000] {override.py:1900} INFO - Created Permission View: can delete on DAG Run:tutorial_taskflow_api
[2025-10-25T21:39:06.047+0000] {logging_mixin.py:190} INFO - [2025-10-25T21:39:06.047+0000] {override.py:1900} INFO - Created Permission View: can create on DAG Run:tutorial_taskflow_api
[2025-10-25T21:39:06.050+0000] {logging_mixin.py:190} INFO - [2025-10-25T21:39:06.050+0000] {override.py:1900} INFO - Created Permission View: menu access on DAG Run:tutorial_taskflow_api
[2025-10-25T21:39:06.050+0000] {logging_mixin.py:190} INFO - [2025-10-25T21:39:06.050+0000] {dag.py:3239} INFO - Sync 1 DAGs
[2025-10-25T21:39:06.055+0000] {logging_mixin.py:190} INFO - [2025-10-25T21:39:06.055+0000] {dag.py:3262} INFO - Creating ORM DAG for tutorial_taskflow_api
[2025-10-25T21:39:06.055+0000] {logging_mixin.py:190} INFO - [2025-10-25T21:39:06.055+0000] {dag.py:4180} INFO - Setting next_dagrun for tutorial_taskflow_api to None, run_after=None
[2025-10-25T21:39:06.061+0000] {processor.py:208} INFO - Processing /Users/komidoveneymissiamenou/Documents/Master 1 DIT/DataEnge/spark_airflow/airflow_env/lib/python3.12/site-packages/airflow/example_dags/tutorial_taskflow_api.py took 0.180 seconds
[2025-10-25T21:41:09.135+0000] {processor.py:186} INFO - Started process (PID=33854) to work on /Users/komidoveneymissiamenou/Documents/Master 1 DIT/DataEnge/spark_airflow/airflow_env/lib/python3.12/site-packages/airflow/example_dags/tutorial_taskflow_api.py
[2025-10-25T21:41:09.136+0000] {processor.py:914} INFO - Processing file /Users/komidoveneymissiamenou/Documents/Master 1 DIT/DataEnge/spark_airflow/airflow_env/lib/python3.12/site-packages/airflow/example_dags/tutorial_taskflow_api.py for tasks to queue
[2025-10-25T21:41:09.137+0000] {logging_mixin.py:190} INFO - [2025-10-25T21:41:09.136+0000] {dagbag.py:588} INFO - Filling up the DagBag from /Users/komidoveneymissiamenou/Documents/Master 1 DIT/DataEnge/spark_airflow/airflow_env/lib/python3.12/site-packages/airflow/example_dags/tutorial_taskflow_api.py
[2025-10-25T21:41:09.169+0000] {processor.py:925} INFO - DAG(s) 'tutorial_taskflow_api' retrieved from /Users/komidoveneymissiamenou/Documents/Master 1 DIT/DataEnge/spark_airflow/airflow_env/lib/python3.12/site-packages/airflow/example_dags/tutorial_taskflow_api.py
[2025-10-25T21:41:09.214+0000] {logging_mixin.py:190} INFO - [2025-10-25T21:41:09.214+0000] {dag.py:3239} INFO - Sync 1 DAGs
[2025-10-25T21:41:09.219+0000] {logging_mixin.py:190} INFO - [2025-10-25T21:41:09.219+0000] {dag.py:4180} INFO - Setting next_dagrun for tutorial_taskflow_api to None, run_after=None
[2025-10-25T21:41:09.229+0000] {processor.py:208} INFO - Processing /Users/komidoveneymissiamenou/Documents/Master 1 DIT/DataEnge/spark_airflow/airflow_env/lib/python3.12/site-packages/airflow/example_dags/tutorial_taskflow_api.py took 0.096 seconds
[2025-10-25T21:42:25.984+0000] {processor.py:186} INFO - Started process (PID=34803) to work on /Users/komidoveneymissiamenou/Documents/Master 1 DIT/DataEnge/spark_airflow/airflow_env/lib/python3.12/site-packages/airflow/example_dags/tutorial_taskflow_api.py
[2025-10-25T21:42:25.985+0000] {processor.py:914} INFO - Processing file /Users/komidoveneymissiamenou/Documents/Master 1 DIT/DataEnge/spark_airflow/airflow_env/lib/python3.12/site-packages/airflow/example_dags/tutorial_taskflow_api.py for tasks to queue
[2025-10-25T21:42:25.985+0000] {logging_mixin.py:190} INFO - [2025-10-25T21:42:25.985+0000] {dagbag.py:588} INFO - Filling up the DagBag from /Users/komidoveneymissiamenou/Documents/Master 1 DIT/DataEnge/spark_airflow/airflow_env/lib/python3.12/site-packages/airflow/example_dags/tutorial_taskflow_api.py
[2025-10-25T21:42:26.002+0000] {processor.py:925} INFO - DAG(s) 'tutorial_taskflow_api' retrieved from /Users/komidoveneymissiamenou/Documents/Master 1 DIT/DataEnge/spark_airflow/airflow_env/lib/python3.12/site-packages/airflow/example_dags/tutorial_taskflow_api.py
[2025-10-25T21:42:26.038+0000] {logging_mixin.py:190} INFO - [2025-10-25T21:42:26.038+0000] {dag.py:3239} INFO - Sync 1 DAGs
[2025-10-25T21:42:26.042+0000] {logging_mixin.py:190} INFO - [2025-10-25T21:42:26.042+0000] {dag.py:4180} INFO - Setting next_dagrun for tutorial_taskflow_api to None, run_after=None
[2025-10-25T21:42:26.048+0000] {processor.py:208} INFO - Processing /Users/komidoveneymissiamenou/Documents/Master 1 DIT/DataEnge/spark_airflow/airflow_env/lib/python3.12/site-packages/airflow/example_dags/tutorial_taskflow_api.py took 0.066 seconds
[2025-10-25T21:43:41.450+0000] {processor.py:186} INFO - Started process (PID=35708) to work on /Users/komidoveneymissiamenou/Documents/Master 1 DIT/DataEnge/spark_airflow/airflow_env/lib/python3.12/site-packages/airflow/example_dags/tutorial_taskflow_api.py
[2025-10-25T21:43:41.451+0000] {processor.py:914} INFO - Processing file /Users/komidoveneymissiamenou/Documents/Master 1 DIT/DataEnge/spark_airflow/airflow_env/lib/python3.12/site-packages/airflow/example_dags/tutorial_taskflow_api.py for tasks to queue
[2025-10-25T21:43:41.452+0000] {logging_mixin.py:190} INFO - [2025-10-25T21:43:41.451+0000] {dagbag.py:588} INFO - Filling up the DagBag from /Users/komidoveneymissiamenou/Documents/Master 1 DIT/DataEnge/spark_airflow/airflow_env/lib/python3.12/site-packages/airflow/example_dags/tutorial_taskflow_api.py
[2025-10-25T21:43:41.470+0000] {processor.py:925} INFO - DAG(s) 'tutorial_taskflow_api' retrieved from /Users/komidoveneymissiamenou/Documents/Master 1 DIT/DataEnge/spark_airflow/airflow_env/lib/python3.12/site-packages/airflow/example_dags/tutorial_taskflow_api.py
[2025-10-25T21:43:41.509+0000] {logging_mixin.py:190} INFO - [2025-10-25T21:43:41.509+0000] {dag.py:3239} INFO - Sync 1 DAGs
[2025-10-25T21:43:41.513+0000] {logging_mixin.py:190} INFO - [2025-10-25T21:43:41.513+0000] {dag.py:4180} INFO - Setting next_dagrun for tutorial_taskflow_api to None, run_after=None
[2025-10-25T21:43:41.520+0000] {processor.py:208} INFO - Processing /Users/komidoveneymissiamenou/Documents/Master 1 DIT/DataEnge/spark_airflow/airflow_env/lib/python3.12/site-packages/airflow/example_dags/tutorial_taskflow_api.py took 0.071 seconds
[2025-10-25T21:45:02.874+0000] {processor.py:186} INFO - Started process (PID=36687) to work on /Users/komidoveneymissiamenou/Documents/Master 1 DIT/DataEnge/spark_airflow/airflow_env/lib/python3.12/site-packages/airflow/example_dags/tutorial_taskflow_api.py
[2025-10-25T21:45:02.875+0000] {processor.py:914} INFO - Processing file /Users/komidoveneymissiamenou/Documents/Master 1 DIT/DataEnge/spark_airflow/airflow_env/lib/python3.12/site-packages/airflow/example_dags/tutorial_taskflow_api.py for tasks to queue
[2025-10-25T21:45:02.875+0000] {logging_mixin.py:190} INFO - [2025-10-25T21:45:02.875+0000] {dagbag.py:588} INFO - Filling up the DagBag from /Users/komidoveneymissiamenou/Documents/Master 1 DIT/DataEnge/spark_airflow/airflow_env/lib/python3.12/site-packages/airflow/example_dags/tutorial_taskflow_api.py
[2025-10-25T21:45:02.904+0000] {processor.py:925} INFO - DAG(s) 'tutorial_taskflow_api' retrieved from /Users/komidoveneymissiamenou/Documents/Master 1 DIT/DataEnge/spark_airflow/airflow_env/lib/python3.12/site-packages/airflow/example_dags/tutorial_taskflow_api.py
[2025-10-25T21:45:02.944+0000] {logging_mixin.py:190} INFO - [2025-10-25T21:45:02.944+0000] {dag.py:3239} INFO - Sync 1 DAGs
[2025-10-25T21:45:02.948+0000] {logging_mixin.py:190} INFO - [2025-10-25T21:45:02.948+0000] {dag.py:4180} INFO - Setting next_dagrun for tutorial_taskflow_api to None, run_after=None
[2025-10-25T21:45:02.955+0000] {processor.py:208} INFO - Processing /Users/komidoveneymissiamenou/Documents/Master 1 DIT/DataEnge/spark_airflow/airflow_env/lib/python3.12/site-packages/airflow/example_dags/tutorial_taskflow_api.py took 0.082 seconds
[2025-10-25T21:46:34.623+0000] {processor.py:186} INFO - Started process (PID=38268) to work on /Users/komidoveneymissiamenou/Documents/Master 1 DIT/DataEnge/spark_airflow/airflow_env/lib/python3.12/site-packages/airflow/example_dags/tutorial_taskflow_api.py
[2025-10-25T21:46:34.623+0000] {processor.py:914} INFO - Processing file /Users/komidoveneymissiamenou/Documents/Master 1 DIT/DataEnge/spark_airflow/airflow_env/lib/python3.12/site-packages/airflow/example_dags/tutorial_taskflow_api.py for tasks to queue
[2025-10-25T21:46:34.624+0000] {logging_mixin.py:190} INFO - [2025-10-25T21:46:34.624+0000] {dagbag.py:588} INFO - Filling up the DagBag from /Users/komidoveneymissiamenou/Documents/Master 1 DIT/DataEnge/spark_airflow/airflow_env/lib/python3.12/site-packages/airflow/example_dags/tutorial_taskflow_api.py
[2025-10-25T21:46:34.653+0000] {processor.py:925} INFO - DAG(s) 'tutorial_taskflow_api' retrieved from /Users/komidoveneymissiamenou/Documents/Master 1 DIT/DataEnge/spark_airflow/airflow_env/lib/python3.12/site-packages/airflow/example_dags/tutorial_taskflow_api.py
[2025-10-25T21:46:34.696+0000] {logging_mixin.py:190} INFO - [2025-10-25T21:46:34.695+0000] {dag.py:3239} INFO - Sync 1 DAGs
[2025-10-25T21:46:34.700+0000] {logging_mixin.py:190} INFO - [2025-10-25T21:46:34.700+0000] {dag.py:4180} INFO - Setting next_dagrun for tutorial_taskflow_api to None, run_after=None
[2025-10-25T21:46:34.708+0000] {processor.py:208} INFO - Processing /Users/komidoveneymissiamenou/Documents/Master 1 DIT/DataEnge/spark_airflow/airflow_env/lib/python3.12/site-packages/airflow/example_dags/tutorial_taskflow_api.py took 0.087 seconds
[2025-10-25T21:48:07.505+0000] {processor.py:186} INFO - Started process (PID=39786) to work on /Users/komidoveneymissiamenou/Documents/Master 1 DIT/DataEnge/spark_airflow/airflow_env/lib/python3.12/site-packages/airflow/example_dags/tutorial_taskflow_api.py
[2025-10-25T21:48:07.506+0000] {processor.py:914} INFO - Processing file /Users/komidoveneymissiamenou/Documents/Master 1 DIT/DataEnge/spark_airflow/airflow_env/lib/python3.12/site-packages/airflow/example_dags/tutorial_taskflow_api.py for tasks to queue
[2025-10-25T21:48:07.507+0000] {logging_mixin.py:190} INFO - [2025-10-25T21:48:07.507+0000] {dagbag.py:588} INFO - Filling up the DagBag from /Users/komidoveneymissiamenou/Documents/Master 1 DIT/DataEnge/spark_airflow/airflow_env/lib/python3.12/site-packages/airflow/example_dags/tutorial_taskflow_api.py
[2025-10-25T21:48:07.524+0000] {processor.py:925} INFO - DAG(s) 'tutorial_taskflow_api' retrieved from /Users/komidoveneymissiamenou/Documents/Master 1 DIT/DataEnge/spark_airflow/airflow_env/lib/python3.12/site-packages/airflow/example_dags/tutorial_taskflow_api.py
[2025-10-25T21:48:07.564+0000] {logging_mixin.py:190} INFO - [2025-10-25T21:48:07.563+0000] {dag.py:3239} INFO - Sync 1 DAGs
[2025-10-25T21:48:07.569+0000] {logging_mixin.py:190} INFO - [2025-10-25T21:48:07.569+0000] {dag.py:4180} INFO - Setting next_dagrun for tutorial_taskflow_api to None, run_after=None
[2025-10-25T21:48:07.581+0000] {processor.py:208} INFO - Processing /Users/komidoveneymissiamenou/Documents/Master 1 DIT/DataEnge/spark_airflow/airflow_env/lib/python3.12/site-packages/airflow/example_dags/tutorial_taskflow_api.py took 0.077 seconds
[2025-10-25T21:48:58.818+0000] {processor.py:186} INFO - Started process (PID=41929) to work on /Users/komidoveneymissiamenou/Documents/Master 1 DIT/DataEnge/spark_airflow/airflow_env/lib/python3.12/site-packages/airflow/example_dags/tutorial_taskflow_api.py
[2025-10-25T21:48:58.818+0000] {processor.py:914} INFO - Processing file /Users/komidoveneymissiamenou/Documents/Master 1 DIT/DataEnge/spark_airflow/airflow_env/lib/python3.12/site-packages/airflow/example_dags/tutorial_taskflow_api.py for tasks to queue
[2025-10-25T21:48:58.819+0000] {logging_mixin.py:190} INFO - [2025-10-25T21:48:58.819+0000] {dagbag.py:588} INFO - Filling up the DagBag from /Users/komidoveneymissiamenou/Documents/Master 1 DIT/DataEnge/spark_airflow/airflow_env/lib/python3.12/site-packages/airflow/example_dags/tutorial_taskflow_api.py
[2025-10-25T21:48:58.839+0000] {processor.py:925} INFO - DAG(s) 'tutorial_taskflow_api' retrieved from /Users/komidoveneymissiamenou/Documents/Master 1 DIT/DataEnge/spark_airflow/airflow_env/lib/python3.12/site-packages/airflow/example_dags/tutorial_taskflow_api.py
[2025-10-25T21:48:58.876+0000] {logging_mixin.py:190} INFO - [2025-10-25T21:48:58.876+0000] {dag.py:3239} INFO - Sync 1 DAGs
[2025-10-25T21:48:58.880+0000] {logging_mixin.py:190} INFO - [2025-10-25T21:48:58.880+0000] {dag.py:4180} INFO - Setting next_dagrun for tutorial_taskflow_api to None, run_after=None
[2025-10-25T21:48:58.887+0000] {processor.py:208} INFO - Processing /Users/komidoveneymissiamenou/Documents/Master 1 DIT/DataEnge/spark_airflow/airflow_env/lib/python3.12/site-packages/airflow/example_dags/tutorial_taskflow_api.py took 0.071 seconds
[2025-10-25T21:51:04.392+0000] {processor.py:186} INFO - Started process (PID=44147) to work on /Users/komidoveneymissiamenou/Documents/Master 1 DIT/DataEnge/spark_airflow/airflow_env/lib/python3.12/site-packages/airflow/example_dags/tutorial_taskflow_api.py
[2025-10-25T21:51:04.393+0000] {processor.py:914} INFO - Processing file /Users/komidoveneymissiamenou/Documents/Master 1 DIT/DataEnge/spark_airflow/airflow_env/lib/python3.12/site-packages/airflow/example_dags/tutorial_taskflow_api.py for tasks to queue
[2025-10-25T21:51:04.394+0000] {logging_mixin.py:190} INFO - [2025-10-25T21:51:04.394+0000] {dagbag.py:588} INFO - Filling up the DagBag from /Users/komidoveneymissiamenou/Documents/Master 1 DIT/DataEnge/spark_airflow/airflow_env/lib/python3.12/site-packages/airflow/example_dags/tutorial_taskflow_api.py
[2025-10-25T21:51:04.413+0000] {processor.py:925} INFO - DAG(s) 'tutorial_taskflow_api' retrieved from /Users/komidoveneymissiamenou/Documents/Master 1 DIT/DataEnge/spark_airflow/airflow_env/lib/python3.12/site-packages/airflow/example_dags/tutorial_taskflow_api.py
[2025-10-25T21:51:04.451+0000] {logging_mixin.py:190} INFO - [2025-10-25T21:51:04.450+0000] {dag.py:3239} INFO - Sync 1 DAGs
[2025-10-25T21:51:04.454+0000] {logging_mixin.py:190} INFO - [2025-10-25T21:51:04.454+0000] {dag.py:4180} INFO - Setting next_dagrun for tutorial_taskflow_api to None, run_after=None
[2025-10-25T21:51:04.461+0000] {processor.py:208} INFO - Processing /Users/komidoveneymissiamenou/Documents/Master 1 DIT/DataEnge/spark_airflow/airflow_env/lib/python3.12/site-packages/airflow/example_dags/tutorial_taskflow_api.py took 0.070 seconds
[2025-10-25T21:52:29.929+0000] {processor.py:186} INFO - Started process (PID=45783) to work on /Users/komidoveneymissiamenou/Documents/Master 1 DIT/DataEnge/spark_airflow/airflow_env/lib/python3.12/site-packages/airflow/example_dags/tutorial_taskflow_api.py
[2025-10-25T21:52:29.930+0000] {processor.py:914} INFO - Processing file /Users/komidoveneymissiamenou/Documents/Master 1 DIT/DataEnge/spark_airflow/airflow_env/lib/python3.12/site-packages/airflow/example_dags/tutorial_taskflow_api.py for tasks to queue
[2025-10-25T21:52:29.930+0000] {logging_mixin.py:190} INFO - [2025-10-25T21:52:29.930+0000] {dagbag.py:588} INFO - Filling up the DagBag from /Users/komidoveneymissiamenou/Documents/Master 1 DIT/DataEnge/spark_airflow/airflow_env/lib/python3.12/site-packages/airflow/example_dags/tutorial_taskflow_api.py
[2025-10-25T21:52:29.950+0000] {processor.py:925} INFO - DAG(s) 'tutorial_taskflow_api' retrieved from /Users/komidoveneymissiamenou/Documents/Master 1 DIT/DataEnge/spark_airflow/airflow_env/lib/python3.12/site-packages/airflow/example_dags/tutorial_taskflow_api.py
[2025-10-25T21:52:29.988+0000] {logging_mixin.py:190} INFO - [2025-10-25T21:52:29.988+0000] {dag.py:3239} INFO - Sync 1 DAGs
[2025-10-25T21:52:29.992+0000] {logging_mixin.py:190} INFO - [2025-10-25T21:52:29.992+0000] {dag.py:4180} INFO - Setting next_dagrun for tutorial_taskflow_api to None, run_after=None
[2025-10-25T21:52:29.999+0000] {processor.py:208} INFO - Processing /Users/komidoveneymissiamenou/Documents/Master 1 DIT/DataEnge/spark_airflow/airflow_env/lib/python3.12/site-packages/airflow/example_dags/tutorial_taskflow_api.py took 0.071 seconds
[2025-10-25T21:54:29.648+0000] {processor.py:186} INFO - Started process (PID=48469) to work on /Users/komidoveneymissiamenou/Documents/Master 1 DIT/DataEnge/spark_airflow/airflow_env/lib/python3.12/site-packages/airflow/example_dags/tutorial_taskflow_api.py
[2025-10-25T21:54:29.649+0000] {processor.py:914} INFO - Processing file /Users/komidoveneymissiamenou/Documents/Master 1 DIT/DataEnge/spark_airflow/airflow_env/lib/python3.12/site-packages/airflow/example_dags/tutorial_taskflow_api.py for tasks to queue
[2025-10-25T21:54:29.649+0000] {logging_mixin.py:190} INFO - [2025-10-25T21:54:29.649+0000] {dagbag.py:588} INFO - Filling up the DagBag from /Users/komidoveneymissiamenou/Documents/Master 1 DIT/DataEnge/spark_airflow/airflow_env/lib/python3.12/site-packages/airflow/example_dags/tutorial_taskflow_api.py
[2025-10-25T21:54:29.670+0000] {processor.py:925} INFO - DAG(s) 'tutorial_taskflow_api' retrieved from /Users/komidoveneymissiamenou/Documents/Master 1 DIT/DataEnge/spark_airflow/airflow_env/lib/python3.12/site-packages/airflow/example_dags/tutorial_taskflow_api.py
[2025-10-25T21:54:29.714+0000] {logging_mixin.py:190} INFO - [2025-10-25T21:54:29.714+0000] {dag.py:3239} INFO - Sync 1 DAGs
[2025-10-25T21:54:29.720+0000] {logging_mixin.py:190} INFO - [2025-10-25T21:54:29.720+0000] {dag.py:4180} INFO - Setting next_dagrun for tutorial_taskflow_api to None, run_after=None
[2025-10-25T21:54:29.732+0000] {processor.py:208} INFO - Processing /Users/komidoveneymissiamenou/Documents/Master 1 DIT/DataEnge/spark_airflow/airflow_env/lib/python3.12/site-packages/airflow/example_dags/tutorial_taskflow_api.py took 0.086 seconds
[2025-10-25T21:56:42.505+0000] {processor.py:186} INFO - Started process (PID=50247) to work on /Users/komidoveneymissiamenou/Documents/Master 1 DIT/DataEnge/spark_airflow/airflow_env/lib/python3.12/site-packages/airflow/example_dags/tutorial_taskflow_api.py
[2025-10-25T21:56:42.506+0000] {processor.py:914} INFO - Processing file /Users/komidoveneymissiamenou/Documents/Master 1 DIT/DataEnge/spark_airflow/airflow_env/lib/python3.12/site-packages/airflow/example_dags/tutorial_taskflow_api.py for tasks to queue
[2025-10-25T21:56:42.507+0000] {logging_mixin.py:190} INFO - [2025-10-25T21:56:42.507+0000] {dagbag.py:588} INFO - Filling up the DagBag from /Users/komidoveneymissiamenou/Documents/Master 1 DIT/DataEnge/spark_airflow/airflow_env/lib/python3.12/site-packages/airflow/example_dags/tutorial_taskflow_api.py
[2025-10-25T21:56:42.571+0000] {processor.py:925} INFO - DAG(s) 'tutorial_taskflow_api' retrieved from /Users/komidoveneymissiamenou/Documents/Master 1 DIT/DataEnge/spark_airflow/airflow_env/lib/python3.12/site-packages/airflow/example_dags/tutorial_taskflow_api.py
[2025-10-25T21:56:42.687+0000] {logging_mixin.py:190} INFO - [2025-10-25T21:56:42.686+0000] {dag.py:3239} INFO - Sync 1 DAGs
[2025-10-25T21:56:42.691+0000] {logging_mixin.py:190} INFO - [2025-10-25T21:56:42.691+0000] {dag.py:4180} INFO - Setting next_dagrun for tutorial_taskflow_api to None, run_after=None
[2025-10-25T21:56:42.700+0000] {processor.py:208} INFO - Processing /Users/komidoveneymissiamenou/Documents/Master 1 DIT/DataEnge/spark_airflow/airflow_env/lib/python3.12/site-packages/airflow/example_dags/tutorial_taskflow_api.py took 0.198 seconds
[2025-10-25T21:58:05.389+0000] {processor.py:186} INFO - Started process (PID=51240) to work on /Users/komidoveneymissiamenou/Documents/Master 1 DIT/DataEnge/spark_airflow/airflow_env/lib/python3.12/site-packages/airflow/example_dags/tutorial_taskflow_api.py
[2025-10-25T21:58:05.390+0000] {processor.py:914} INFO - Processing file /Users/komidoveneymissiamenou/Documents/Master 1 DIT/DataEnge/spark_airflow/airflow_env/lib/python3.12/site-packages/airflow/example_dags/tutorial_taskflow_api.py for tasks to queue
[2025-10-25T21:58:05.391+0000] {logging_mixin.py:190} INFO - [2025-10-25T21:58:05.390+0000] {dagbag.py:588} INFO - Filling up the DagBag from /Users/komidoveneymissiamenou/Documents/Master 1 DIT/DataEnge/spark_airflow/airflow_env/lib/python3.12/site-packages/airflow/example_dags/tutorial_taskflow_api.py
[2025-10-25T21:58:05.437+0000] {processor.py:925} INFO - DAG(s) 'tutorial_taskflow_api' retrieved from /Users/komidoveneymissiamenou/Documents/Master 1 DIT/DataEnge/spark_airflow/airflow_env/lib/python3.12/site-packages/airflow/example_dags/tutorial_taskflow_api.py
[2025-10-25T21:58:05.502+0000] {logging_mixin.py:190} INFO - [2025-10-25T21:58:05.502+0000] {dag.py:3239} INFO - Sync 1 DAGs
[2025-10-25T21:58:05.510+0000] {logging_mixin.py:190} INFO - [2025-10-25T21:58:05.509+0000] {dag.py:4180} INFO - Setting next_dagrun for tutorial_taskflow_api to None, run_after=None
[2025-10-25T21:58:05.520+0000] {processor.py:208} INFO - Processing /Users/komidoveneymissiamenou/Documents/Master 1 DIT/DataEnge/spark_airflow/airflow_env/lib/python3.12/site-packages/airflow/example_dags/tutorial_taskflow_api.py took 0.133 seconds
[2025-10-25T21:59:32.455+0000] {processor.py:186} INFO - Started process (PID=52257) to work on /Users/komidoveneymissiamenou/Documents/Master 1 DIT/DataEnge/spark_airflow/airflow_env/lib/python3.12/site-packages/airflow/example_dags/tutorial_taskflow_api.py
[2025-10-25T21:59:32.456+0000] {processor.py:914} INFO - Processing file /Users/komidoveneymissiamenou/Documents/Master 1 DIT/DataEnge/spark_airflow/airflow_env/lib/python3.12/site-packages/airflow/example_dags/tutorial_taskflow_api.py for tasks to queue
[2025-10-25T21:59:32.456+0000] {logging_mixin.py:190} INFO - [2025-10-25T21:59:32.456+0000] {dagbag.py:588} INFO - Filling up the DagBag from /Users/komidoveneymissiamenou/Documents/Master 1 DIT/DataEnge/spark_airflow/airflow_env/lib/python3.12/site-packages/airflow/example_dags/tutorial_taskflow_api.py
[2025-10-25T21:59:32.475+0000] {processor.py:925} INFO - DAG(s) 'tutorial_taskflow_api' retrieved from /Users/komidoveneymissiamenou/Documents/Master 1 DIT/DataEnge/spark_airflow/airflow_env/lib/python3.12/site-packages/airflow/example_dags/tutorial_taskflow_api.py
[2025-10-25T21:59:32.512+0000] {logging_mixin.py:190} INFO - [2025-10-25T21:59:32.512+0000] {dag.py:3239} INFO - Sync 1 DAGs
[2025-10-25T21:59:32.516+0000] {logging_mixin.py:190} INFO - [2025-10-25T21:59:32.516+0000] {dag.py:4180} INFO - Setting next_dagrun for tutorial_taskflow_api to None, run_after=None
[2025-10-25T21:59:32.523+0000] {processor.py:208} INFO - Processing /Users/komidoveneymissiamenou/Documents/Master 1 DIT/DataEnge/spark_airflow/airflow_env/lib/python3.12/site-packages/airflow/example_dags/tutorial_taskflow_api.py took 0.069 seconds
