[2025-10-25T21:39:11.818+0000] {processor.py:186} INFO - Started process (PID=32411) to work on /Users/komidoveneymissiamenou/Documents/Master 1 DIT/DataEnge/spark_airflow/airflow_env/lib/python3.12/site-packages/airflow/example_dags/tutorial.py
[2025-10-25T21:39:11.818+0000] {processor.py:914} INFO - Processing file /Users/komidoveneymissiamenou/Documents/Master 1 DIT/DataEnge/spark_airflow/airflow_env/lib/python3.12/site-packages/airflow/example_dags/tutorial.py for tasks to queue
[2025-10-25T21:39:11.819+0000] {logging_mixin.py:190} INFO - [2025-10-25T21:39:11.818+0000] {dagbag.py:588} INFO - Filling up the DagBag from /Users/komidoveneymissiamenou/Documents/Master 1 DIT/DataEnge/spark_airflow/airflow_env/lib/python3.12/site-packages/airflow/example_dags/tutorial.py
[2025-10-25T21:39:11.822+0000] {processor.py:925} INFO - DAG(s) 'tutorial' retrieved from /Users/komidoveneymissiamenou/Documents/Master 1 DIT/DataEnge/spark_airflow/airflow_env/lib/python3.12/site-packages/airflow/example_dags/tutorial.py
[2025-10-25T21:39:11.891+0000] {logging_mixin.py:190} INFO - [2025-10-25T21:39:11.890+0000] {override.py:1900} INFO - Created Permission View: can read on DAG:tutorial
[2025-10-25T21:39:11.894+0000] {logging_mixin.py:190} INFO - [2025-10-25T21:39:11.894+0000] {override.py:1900} INFO - Created Permission View: can delete on DAG:tutorial
[2025-10-25T21:39:11.896+0000] {logging_mixin.py:190} INFO - [2025-10-25T21:39:11.896+0000] {override.py:1900} INFO - Created Permission View: can edit on DAG:tutorial
[2025-10-25T21:39:11.899+0000] {logging_mixin.py:190} INFO - [2025-10-25T21:39:11.899+0000] {override.py:1900} INFO - Created Permission View: can read on DAG Run:tutorial
[2025-10-25T21:39:11.902+0000] {logging_mixin.py:190} INFO - [2025-10-25T21:39:11.901+0000] {override.py:1900} INFO - Created Permission View: can delete on DAG Run:tutorial
[2025-10-25T21:39:11.904+0000] {logging_mixin.py:190} INFO - [2025-10-25T21:39:11.904+0000] {override.py:1900} INFO - Created Permission View: menu access on DAG Run:tutorial
[2025-10-25T21:39:11.906+0000] {logging_mixin.py:190} INFO - [2025-10-25T21:39:11.906+0000] {override.py:1900} INFO - Created Permission View: can create on DAG Run:tutorial
[2025-10-25T21:39:11.906+0000] {logging_mixin.py:190} INFO - [2025-10-25T21:39:11.906+0000] {dag.py:3239} INFO - Sync 1 DAGs
[2025-10-25T21:39:11.939+0000] {logging_mixin.py:190} INFO - [2025-10-25T21:39:11.938+0000] {dag.py:3262} INFO - Creating ORM DAG for tutorial
[2025-10-25T21:39:11.942+0000] {logging_mixin.py:190} INFO - [2025-10-25T21:39:11.942+0000] {dag.py:4180} INFO - Setting next_dagrun for tutorial to 2025-10-24 00:00:00+00:00, run_after=2025-10-25 00:00:00+00:00
[2025-10-25T21:39:11.949+0000] {processor.py:208} INFO - Processing /Users/komidoveneymissiamenou/Documents/Master 1 DIT/DataEnge/spark_airflow/airflow_env/lib/python3.12/site-packages/airflow/example_dags/tutorial.py took 0.133 seconds
[2025-10-25T21:41:14.004+0000] {processor.py:186} INFO - Started process (PID=33920) to work on /Users/komidoveneymissiamenou/Documents/Master 1 DIT/DataEnge/spark_airflow/airflow_env/lib/python3.12/site-packages/airflow/example_dags/tutorial.py
[2025-10-25T21:41:14.005+0000] {processor.py:914} INFO - Processing file /Users/komidoveneymissiamenou/Documents/Master 1 DIT/DataEnge/spark_airflow/airflow_env/lib/python3.12/site-packages/airflow/example_dags/tutorial.py for tasks to queue
[2025-10-25T21:41:14.005+0000] {logging_mixin.py:190} INFO - [2025-10-25T21:41:14.005+0000] {dagbag.py:588} INFO - Filling up the DagBag from /Users/komidoveneymissiamenou/Documents/Master 1 DIT/DataEnge/spark_airflow/airflow_env/lib/python3.12/site-packages/airflow/example_dags/tutorial.py
[2025-10-25T21:41:14.010+0000] {processor.py:925} INFO - DAG(s) 'tutorial' retrieved from /Users/komidoveneymissiamenou/Documents/Master 1 DIT/DataEnge/spark_airflow/airflow_env/lib/python3.12/site-packages/airflow/example_dags/tutorial.py
[2025-10-25T21:41:14.047+0000] {logging_mixin.py:190} INFO - [2025-10-25T21:41:14.047+0000] {dag.py:3239} INFO - Sync 1 DAGs
[2025-10-25T21:41:14.053+0000] {logging_mixin.py:190} INFO - [2025-10-25T21:41:14.053+0000] {dag.py:4180} INFO - Setting next_dagrun for tutorial to 2025-10-24 00:00:00+00:00, run_after=2025-10-25 00:00:00+00:00
[2025-10-25T21:41:14.061+0000] {processor.py:208} INFO - Processing /Users/komidoveneymissiamenou/Documents/Master 1 DIT/DataEnge/spark_airflow/airflow_env/lib/python3.12/site-packages/airflow/example_dags/tutorial.py took 0.058 seconds
[2025-10-25T21:42:31.782+0000] {processor.py:186} INFO - Started process (PID=34869) to work on /Users/komidoveneymissiamenou/Documents/Master 1 DIT/DataEnge/spark_airflow/airflow_env/lib/python3.12/site-packages/airflow/example_dags/tutorial.py
[2025-10-25T21:42:31.785+0000] {processor.py:914} INFO - Processing file /Users/komidoveneymissiamenou/Documents/Master 1 DIT/DataEnge/spark_airflow/airflow_env/lib/python3.12/site-packages/airflow/example_dags/tutorial.py for tasks to queue
[2025-10-25T21:42:31.786+0000] {logging_mixin.py:190} INFO - [2025-10-25T21:42:31.786+0000] {dagbag.py:588} INFO - Filling up the DagBag from /Users/komidoveneymissiamenou/Documents/Master 1 DIT/DataEnge/spark_airflow/airflow_env/lib/python3.12/site-packages/airflow/example_dags/tutorial.py
[2025-10-25T21:42:31.791+0000] {processor.py:925} INFO - DAG(s) 'tutorial' retrieved from /Users/komidoveneymissiamenou/Documents/Master 1 DIT/DataEnge/spark_airflow/airflow_env/lib/python3.12/site-packages/airflow/example_dags/tutorial.py
[2025-10-25T21:42:31.830+0000] {logging_mixin.py:190} INFO - [2025-10-25T21:42:31.830+0000] {dag.py:3239} INFO - Sync 1 DAGs
[2025-10-25T21:42:31.838+0000] {logging_mixin.py:190} INFO - [2025-10-25T21:42:31.837+0000] {dag.py:4180} INFO - Setting next_dagrun for tutorial to 2025-10-24 00:00:00+00:00, run_after=2025-10-25 00:00:00+00:00
[2025-10-25T21:42:31.845+0000] {processor.py:208} INFO - Processing /Users/komidoveneymissiamenou/Documents/Master 1 DIT/DataEnge/spark_airflow/airflow_env/lib/python3.12/site-packages/airflow/example_dags/tutorial.py took 0.064 seconds
[2025-10-25T21:43:47.464+0000] {processor.py:186} INFO - Started process (PID=35781) to work on /Users/komidoveneymissiamenou/Documents/Master 1 DIT/DataEnge/spark_airflow/airflow_env/lib/python3.12/site-packages/airflow/example_dags/tutorial.py
[2025-10-25T21:43:47.465+0000] {processor.py:914} INFO - Processing file /Users/komidoveneymissiamenou/Documents/Master 1 DIT/DataEnge/spark_airflow/airflow_env/lib/python3.12/site-packages/airflow/example_dags/tutorial.py for tasks to queue
[2025-10-25T21:43:47.466+0000] {logging_mixin.py:190} INFO - [2025-10-25T21:43:47.466+0000] {dagbag.py:588} INFO - Filling up the DagBag from /Users/komidoveneymissiamenou/Documents/Master 1 DIT/DataEnge/spark_airflow/airflow_env/lib/python3.12/site-packages/airflow/example_dags/tutorial.py
[2025-10-25T21:43:47.471+0000] {processor.py:925} INFO - DAG(s) 'tutorial' retrieved from /Users/komidoveneymissiamenou/Documents/Master 1 DIT/DataEnge/spark_airflow/airflow_env/lib/python3.12/site-packages/airflow/example_dags/tutorial.py
[2025-10-25T21:43:47.514+0000] {logging_mixin.py:190} INFO - [2025-10-25T21:43:47.514+0000] {dag.py:3239} INFO - Sync 1 DAGs
[2025-10-25T21:43:47.524+0000] {logging_mixin.py:190} INFO - [2025-10-25T21:43:47.523+0000] {dag.py:4180} INFO - Setting next_dagrun for tutorial to 2025-10-24 00:00:00+00:00, run_after=2025-10-25 00:00:00+00:00
[2025-10-25T21:43:47.533+0000] {processor.py:208} INFO - Processing /Users/komidoveneymissiamenou/Documents/Master 1 DIT/DataEnge/spark_airflow/airflow_env/lib/python3.12/site-packages/airflow/example_dags/tutorial.py took 0.071 seconds
[2025-10-25T21:45:08.654+0000] {processor.py:186} INFO - Started process (PID=36757) to work on /Users/komidoveneymissiamenou/Documents/Master 1 DIT/DataEnge/spark_airflow/airflow_env/lib/python3.12/site-packages/airflow/example_dags/tutorial.py
[2025-10-25T21:45:08.654+0000] {processor.py:914} INFO - Processing file /Users/komidoveneymissiamenou/Documents/Master 1 DIT/DataEnge/spark_airflow/airflow_env/lib/python3.12/site-packages/airflow/example_dags/tutorial.py for tasks to queue
[2025-10-25T21:45:08.655+0000] {logging_mixin.py:190} INFO - [2025-10-25T21:45:08.655+0000] {dagbag.py:588} INFO - Filling up the DagBag from /Users/komidoveneymissiamenou/Documents/Master 1 DIT/DataEnge/spark_airflow/airflow_env/lib/python3.12/site-packages/airflow/example_dags/tutorial.py
[2025-10-25T21:45:08.659+0000] {processor.py:925} INFO - DAG(s) 'tutorial' retrieved from /Users/komidoveneymissiamenou/Documents/Master 1 DIT/DataEnge/spark_airflow/airflow_env/lib/python3.12/site-packages/airflow/example_dags/tutorial.py
[2025-10-25T21:45:08.698+0000] {logging_mixin.py:190} INFO - [2025-10-25T21:45:08.698+0000] {dag.py:3239} INFO - Sync 1 DAGs
[2025-10-25T21:45:08.705+0000] {logging_mixin.py:190} INFO - [2025-10-25T21:45:08.705+0000] {dag.py:4180} INFO - Setting next_dagrun for tutorial to 2025-10-24 00:00:00+00:00, run_after=2025-10-25 00:00:00+00:00
[2025-10-25T21:45:08.712+0000] {processor.py:208} INFO - Processing /Users/komidoveneymissiamenou/Documents/Master 1 DIT/DataEnge/spark_airflow/airflow_env/lib/python3.12/site-packages/airflow/example_dags/tutorial.py took 0.060 seconds
[2025-10-25T21:46:42.733+0000] {processor.py:186} INFO - Started process (PID=38384) to work on /Users/komidoveneymissiamenou/Documents/Master 1 DIT/DataEnge/spark_airflow/airflow_env/lib/python3.12/site-packages/airflow/example_dags/tutorial.py
[2025-10-25T21:46:42.734+0000] {processor.py:914} INFO - Processing file /Users/komidoveneymissiamenou/Documents/Master 1 DIT/DataEnge/spark_airflow/airflow_env/lib/python3.12/site-packages/airflow/example_dags/tutorial.py for tasks to queue
[2025-10-25T21:46:42.735+0000] {logging_mixin.py:190} INFO - [2025-10-25T21:46:42.735+0000] {dagbag.py:588} INFO - Filling up the DagBag from /Users/komidoveneymissiamenou/Documents/Master 1 DIT/DataEnge/spark_airflow/airflow_env/lib/python3.12/site-packages/airflow/example_dags/tutorial.py
[2025-10-25T21:46:42.747+0000] {processor.py:925} INFO - DAG(s) 'tutorial' retrieved from /Users/komidoveneymissiamenou/Documents/Master 1 DIT/DataEnge/spark_airflow/airflow_env/lib/python3.12/site-packages/airflow/example_dags/tutorial.py
[2025-10-25T21:46:42.806+0000] {logging_mixin.py:190} INFO - [2025-10-25T21:46:42.806+0000] {dag.py:3239} INFO - Sync 1 DAGs
[2025-10-25T21:46:42.816+0000] {logging_mixin.py:190} INFO - [2025-10-25T21:46:42.816+0000] {dag.py:4180} INFO - Setting next_dagrun for tutorial to 2025-10-24 00:00:00+00:00, run_after=2025-10-25 00:00:00+00:00
[2025-10-25T21:46:42.842+0000] {processor.py:208} INFO - Processing /Users/komidoveneymissiamenou/Documents/Master 1 DIT/DataEnge/spark_airflow/airflow_env/lib/python3.12/site-packages/airflow/example_dags/tutorial.py took 0.111 seconds
[2025-10-25T21:48:13.487+0000] {processor.py:186} INFO - Started process (PID=39862) to work on /Users/komidoveneymissiamenou/Documents/Master 1 DIT/DataEnge/spark_airflow/airflow_env/lib/python3.12/site-packages/airflow/example_dags/tutorial.py
[2025-10-25T21:48:13.488+0000] {processor.py:914} INFO - Processing file /Users/komidoveneymissiamenou/Documents/Master 1 DIT/DataEnge/spark_airflow/airflow_env/lib/python3.12/site-packages/airflow/example_dags/tutorial.py for tasks to queue
[2025-10-25T21:48:13.489+0000] {logging_mixin.py:190} INFO - [2025-10-25T21:48:13.489+0000] {dagbag.py:588} INFO - Filling up the DagBag from /Users/komidoveneymissiamenou/Documents/Master 1 DIT/DataEnge/spark_airflow/airflow_env/lib/python3.12/site-packages/airflow/example_dags/tutorial.py
[2025-10-25T21:48:13.493+0000] {processor.py:925} INFO - DAG(s) 'tutorial' retrieved from /Users/komidoveneymissiamenou/Documents/Master 1 DIT/DataEnge/spark_airflow/airflow_env/lib/python3.12/site-packages/airflow/example_dags/tutorial.py
[2025-10-25T21:48:13.531+0000] {logging_mixin.py:190} INFO - [2025-10-25T21:48:13.531+0000] {dag.py:3239} INFO - Sync 1 DAGs
[2025-10-25T21:48:13.539+0000] {logging_mixin.py:190} INFO - [2025-10-25T21:48:13.539+0000] {dag.py:4180} INFO - Setting next_dagrun for tutorial to 2025-10-24 00:00:00+00:00, run_after=2025-10-25 00:00:00+00:00
[2025-10-25T21:48:13.546+0000] {processor.py:208} INFO - Processing /Users/komidoveneymissiamenou/Documents/Master 1 DIT/DataEnge/spark_airflow/airflow_env/lib/python3.12/site-packages/airflow/example_dags/tutorial.py took 0.060 seconds
[2025-10-25T21:49:04.832+0000] {processor.py:186} INFO - Started process (PID=41997) to work on /Users/komidoveneymissiamenou/Documents/Master 1 DIT/DataEnge/spark_airflow/airflow_env/lib/python3.12/site-packages/airflow/example_dags/tutorial.py
[2025-10-25T21:49:04.833+0000] {processor.py:914} INFO - Processing file /Users/komidoveneymissiamenou/Documents/Master 1 DIT/DataEnge/spark_airflow/airflow_env/lib/python3.12/site-packages/airflow/example_dags/tutorial.py for tasks to queue
[2025-10-25T21:49:04.834+0000] {logging_mixin.py:190} INFO - [2025-10-25T21:49:04.833+0000] {dagbag.py:588} INFO - Filling up the DagBag from /Users/komidoveneymissiamenou/Documents/Master 1 DIT/DataEnge/spark_airflow/airflow_env/lib/python3.12/site-packages/airflow/example_dags/tutorial.py
[2025-10-25T21:49:04.838+0000] {processor.py:925} INFO - DAG(s) 'tutorial' retrieved from /Users/komidoveneymissiamenou/Documents/Master 1 DIT/DataEnge/spark_airflow/airflow_env/lib/python3.12/site-packages/airflow/example_dags/tutorial.py
[2025-10-25T21:49:04.880+0000] {logging_mixin.py:190} INFO - [2025-10-25T21:49:04.880+0000] {dag.py:3239} INFO - Sync 1 DAGs
[2025-10-25T21:49:04.888+0000] {logging_mixin.py:190} INFO - [2025-10-25T21:49:04.888+0000] {dag.py:4180} INFO - Setting next_dagrun for tutorial to 2025-10-24 00:00:00+00:00, run_after=2025-10-25 00:00:00+00:00
[2025-10-25T21:49:04.898+0000] {processor.py:208} INFO - Processing /Users/komidoveneymissiamenou/Documents/Master 1 DIT/DataEnge/spark_airflow/airflow_env/lib/python3.12/site-packages/airflow/example_dags/tutorial.py took 0.067 seconds
[2025-10-25T21:51:10.315+0000] {processor.py:186} INFO - Started process (PID=44218) to work on /Users/komidoveneymissiamenou/Documents/Master 1 DIT/DataEnge/spark_airflow/airflow_env/lib/python3.12/site-packages/airflow/example_dags/tutorial.py
[2025-10-25T21:51:10.316+0000] {processor.py:914} INFO - Processing file /Users/komidoveneymissiamenou/Documents/Master 1 DIT/DataEnge/spark_airflow/airflow_env/lib/python3.12/site-packages/airflow/example_dags/tutorial.py for tasks to queue
[2025-10-25T21:51:10.316+0000] {logging_mixin.py:190} INFO - [2025-10-25T21:51:10.316+0000] {dagbag.py:588} INFO - Filling up the DagBag from /Users/komidoveneymissiamenou/Documents/Master 1 DIT/DataEnge/spark_airflow/airflow_env/lib/python3.12/site-packages/airflow/example_dags/tutorial.py
[2025-10-25T21:51:10.321+0000] {processor.py:925} INFO - DAG(s) 'tutorial' retrieved from /Users/komidoveneymissiamenou/Documents/Master 1 DIT/DataEnge/spark_airflow/airflow_env/lib/python3.12/site-packages/airflow/example_dags/tutorial.py
[2025-10-25T21:51:10.369+0000] {logging_mixin.py:190} INFO - [2025-10-25T21:51:10.369+0000] {dag.py:3239} INFO - Sync 1 DAGs
[2025-10-25T21:51:10.383+0000] {logging_mixin.py:190} INFO - [2025-10-25T21:51:10.383+0000] {dag.py:4180} INFO - Setting next_dagrun for tutorial to 2025-10-24 00:00:00+00:00, run_after=2025-10-25 00:00:00+00:00
[2025-10-25T21:51:10.417+0000] {processor.py:208} INFO - Processing /Users/komidoveneymissiamenou/Documents/Master 1 DIT/DataEnge/spark_airflow/airflow_env/lib/python3.12/site-packages/airflow/example_dags/tutorial.py took 0.104 seconds
[2025-10-25T21:52:35.871+0000] {processor.py:186} INFO - Started process (PID=45954) to work on /Users/komidoveneymissiamenou/Documents/Master 1 DIT/DataEnge/spark_airflow/airflow_env/lib/python3.12/site-packages/airflow/example_dags/tutorial.py
[2025-10-25T21:52:35.872+0000] {processor.py:914} INFO - Processing file /Users/komidoveneymissiamenou/Documents/Master 1 DIT/DataEnge/spark_airflow/airflow_env/lib/python3.12/site-packages/airflow/example_dags/tutorial.py for tasks to queue
[2025-10-25T21:52:35.873+0000] {logging_mixin.py:190} INFO - [2025-10-25T21:52:35.872+0000] {dagbag.py:588} INFO - Filling up the DagBag from /Users/komidoveneymissiamenou/Documents/Master 1 DIT/DataEnge/spark_airflow/airflow_env/lib/python3.12/site-packages/airflow/example_dags/tutorial.py
[2025-10-25T21:52:35.877+0000] {processor.py:925} INFO - DAG(s) 'tutorial' retrieved from /Users/komidoveneymissiamenou/Documents/Master 1 DIT/DataEnge/spark_airflow/airflow_env/lib/python3.12/site-packages/airflow/example_dags/tutorial.py
[2025-10-25T21:52:35.918+0000] {logging_mixin.py:190} INFO - [2025-10-25T21:52:35.918+0000] {dag.py:3239} INFO - Sync 1 DAGs
[2025-10-25T21:52:35.925+0000] {logging_mixin.py:190} INFO - [2025-10-25T21:52:35.925+0000] {dag.py:4180} INFO - Setting next_dagrun for tutorial to 2025-10-24 00:00:00+00:00, run_after=2025-10-25 00:00:00+00:00
[2025-10-25T21:52:35.933+0000] {processor.py:208} INFO - Processing /Users/komidoveneymissiamenou/Documents/Master 1 DIT/DataEnge/spark_airflow/airflow_env/lib/python3.12/site-packages/airflow/example_dags/tutorial.py took 0.063 seconds
[2025-10-25T21:54:35.367+0000] {processor.py:186} INFO - Started process (PID=48622) to work on /Users/komidoveneymissiamenou/Documents/Master 1 DIT/DataEnge/spark_airflow/airflow_env/lib/python3.12/site-packages/airflow/example_dags/tutorial.py
[2025-10-25T21:54:35.369+0000] {processor.py:914} INFO - Processing file /Users/komidoveneymissiamenou/Documents/Master 1 DIT/DataEnge/spark_airflow/airflow_env/lib/python3.12/site-packages/airflow/example_dags/tutorial.py for tasks to queue
[2025-10-25T21:54:35.370+0000] {logging_mixin.py:190} INFO - [2025-10-25T21:54:35.370+0000] {dagbag.py:588} INFO - Filling up the DagBag from /Users/komidoveneymissiamenou/Documents/Master 1 DIT/DataEnge/spark_airflow/airflow_env/lib/python3.12/site-packages/airflow/example_dags/tutorial.py
[2025-10-25T21:54:35.376+0000] {processor.py:925} INFO - DAG(s) 'tutorial' retrieved from /Users/komidoveneymissiamenou/Documents/Master 1 DIT/DataEnge/spark_airflow/airflow_env/lib/python3.12/site-packages/airflow/example_dags/tutorial.py
[2025-10-25T21:54:35.417+0000] {logging_mixin.py:190} INFO - [2025-10-25T21:54:35.417+0000] {dag.py:3239} INFO - Sync 1 DAGs
[2025-10-25T21:54:35.425+0000] {logging_mixin.py:190} INFO - [2025-10-25T21:54:35.425+0000] {dag.py:4180} INFO - Setting next_dagrun for tutorial to 2025-10-24 00:00:00+00:00, run_after=2025-10-25 00:00:00+00:00
[2025-10-25T21:54:35.433+0000] {processor.py:208} INFO - Processing /Users/komidoveneymissiamenou/Documents/Master 1 DIT/DataEnge/spark_airflow/airflow_env/lib/python3.12/site-packages/airflow/example_dags/tutorial.py took 0.070 seconds
[2025-10-25T21:56:48.614+0000] {processor.py:186} INFO - Started process (PID=50327) to work on /Users/komidoveneymissiamenou/Documents/Master 1 DIT/DataEnge/spark_airflow/airflow_env/lib/python3.12/site-packages/airflow/example_dags/tutorial.py
[2025-10-25T21:56:48.614+0000] {processor.py:914} INFO - Processing file /Users/komidoveneymissiamenou/Documents/Master 1 DIT/DataEnge/spark_airflow/airflow_env/lib/python3.12/site-packages/airflow/example_dags/tutorial.py for tasks to queue
[2025-10-25T21:56:48.615+0000] {logging_mixin.py:190} INFO - [2025-10-25T21:56:48.615+0000] {dagbag.py:588} INFO - Filling up the DagBag from /Users/komidoveneymissiamenou/Documents/Master 1 DIT/DataEnge/spark_airflow/airflow_env/lib/python3.12/site-packages/airflow/example_dags/tutorial.py
[2025-10-25T21:56:48.618+0000] {processor.py:925} INFO - DAG(s) 'tutorial' retrieved from /Users/komidoveneymissiamenou/Documents/Master 1 DIT/DataEnge/spark_airflow/airflow_env/lib/python3.12/site-packages/airflow/example_dags/tutorial.py
[2025-10-25T21:56:48.656+0000] {logging_mixin.py:190} INFO - [2025-10-25T21:56:48.656+0000] {dag.py:3239} INFO - Sync 1 DAGs
[2025-10-25T21:56:48.663+0000] {logging_mixin.py:190} INFO - [2025-10-25T21:56:48.663+0000] {dag.py:4180} INFO - Setting next_dagrun for tutorial to 2025-10-24 00:00:00+00:00, run_after=2025-10-25 00:00:00+00:00
[2025-10-25T21:56:48.672+0000] {processor.py:208} INFO - Processing /Users/komidoveneymissiamenou/Documents/Master 1 DIT/DataEnge/spark_airflow/airflow_env/lib/python3.12/site-packages/airflow/example_dags/tutorial.py took 0.059 seconds
[2025-10-25T21:58:11.729+0000] {processor.py:186} INFO - Started process (PID=51321) to work on /Users/komidoveneymissiamenou/Documents/Master 1 DIT/DataEnge/spark_airflow/airflow_env/lib/python3.12/site-packages/airflow/example_dags/tutorial.py
[2025-10-25T21:58:11.730+0000] {processor.py:914} INFO - Processing file /Users/komidoveneymissiamenou/Documents/Master 1 DIT/DataEnge/spark_airflow/airflow_env/lib/python3.12/site-packages/airflow/example_dags/tutorial.py for tasks to queue
[2025-10-25T21:58:11.730+0000] {logging_mixin.py:190} INFO - [2025-10-25T21:58:11.730+0000] {dagbag.py:588} INFO - Filling up the DagBag from /Users/komidoveneymissiamenou/Documents/Master 1 DIT/DataEnge/spark_airflow/airflow_env/lib/python3.12/site-packages/airflow/example_dags/tutorial.py
[2025-10-25T21:58:11.734+0000] {processor.py:925} INFO - DAG(s) 'tutorial' retrieved from /Users/komidoveneymissiamenou/Documents/Master 1 DIT/DataEnge/spark_airflow/airflow_env/lib/python3.12/site-packages/airflow/example_dags/tutorial.py
[2025-10-25T21:58:11.773+0000] {logging_mixin.py:190} INFO - [2025-10-25T21:58:11.773+0000] {dag.py:3239} INFO - Sync 1 DAGs
[2025-10-25T21:58:11.780+0000] {logging_mixin.py:190} INFO - [2025-10-25T21:58:11.780+0000] {dag.py:4180} INFO - Setting next_dagrun for tutorial to 2025-10-24 00:00:00+00:00, run_after=2025-10-25 00:00:00+00:00
[2025-10-25T21:58:11.789+0000] {processor.py:208} INFO - Processing /Users/komidoveneymissiamenou/Documents/Master 1 DIT/DataEnge/spark_airflow/airflow_env/lib/python3.12/site-packages/airflow/example_dags/tutorial.py took 0.061 seconds
[2025-10-25T21:59:38.305+0000] {processor.py:186} INFO - Started process (PID=52325) to work on /Users/komidoveneymissiamenou/Documents/Master 1 DIT/DataEnge/spark_airflow/airflow_env/lib/python3.12/site-packages/airflow/example_dags/tutorial.py
[2025-10-25T21:59:38.306+0000] {processor.py:914} INFO - Processing file /Users/komidoveneymissiamenou/Documents/Master 1 DIT/DataEnge/spark_airflow/airflow_env/lib/python3.12/site-packages/airflow/example_dags/tutorial.py for tasks to queue
[2025-10-25T21:59:38.306+0000] {logging_mixin.py:190} INFO - [2025-10-25T21:59:38.306+0000] {dagbag.py:588} INFO - Filling up the DagBag from /Users/komidoveneymissiamenou/Documents/Master 1 DIT/DataEnge/spark_airflow/airflow_env/lib/python3.12/site-packages/airflow/example_dags/tutorial.py
[2025-10-25T21:59:38.310+0000] {processor.py:925} INFO - DAG(s) 'tutorial' retrieved from /Users/komidoveneymissiamenou/Documents/Master 1 DIT/DataEnge/spark_airflow/airflow_env/lib/python3.12/site-packages/airflow/example_dags/tutorial.py
[2025-10-25T21:59:38.350+0000] {logging_mixin.py:190} INFO - [2025-10-25T21:59:38.349+0000] {dag.py:3239} INFO - Sync 1 DAGs
[2025-10-25T21:59:38.357+0000] {logging_mixin.py:190} INFO - [2025-10-25T21:59:38.357+0000] {dag.py:4180} INFO - Setting next_dagrun for tutorial to 2025-10-24 00:00:00+00:00, run_after=2025-10-25 00:00:00+00:00
[2025-10-25T21:59:38.367+0000] {processor.py:208} INFO - Processing /Users/komidoveneymissiamenou/Documents/Master 1 DIT/DataEnge/spark_airflow/airflow_env/lib/python3.12/site-packages/airflow/example_dags/tutorial.py took 0.063 seconds
